                  Welcome to Q-Chem
     A Quantum Leap Into The Future Of Chemistry


 Q-Chem 5.4 (devel), Q-Chem, Inc., Pleasanton, CA (2021)

 E. Epifanovsky,  A. T. B. Gilbert,  Xintian Feng,  Joonho Lee,  Yuezhi Mao,  
 N. Mardirossian,  P. Pokhilko,  A. White,  M. Wormit,  M. P. Coons,  
 A. L. Dempwolff,  Zhengting Gan,  D. Hait,  P. R. Horn,  L. D. Jacobson,  
 I. Kaliman,  J. Kussmann,  A. W. Lange,  Ka Un Lao,  D. S. Levine,  Jie Liu,  
 S. C. McKenzie,  A. F. Morrison,  K. Nanda,  F. Plasser,  D. R. Rehn,  
 M. L. Vidal,  Zhi-Qiang You,  Ying Zhu,  B. Alam,  B. Albrecht,  
 A. Aldossary,  E. Alguire,  J. H. Andersen,  D. Barton,  K. Begam,  A. Behn,  
 Y. A. Bernard,  E. J. Berquist,  H. Burton,  A. Carreras,  K. Carter-Fenk,  
 R. Chakraborty,  A. D. Chien,  K. D. Closser,  V. Cofer-Shabica,  
 S. Dasgupta,  Jia Deng,  M. de Wergifosse,  M. Diedenhofen,  Hainam Do,  
 S. Ehlert,  Po-Tung Fang,  S. Fatehi,  Qingguo Feng,  T. Friedhoff,  
 J. Gayvert,  Qinghui Ge,  G. Gidofalvi,  M. Goldey,  J. Gomes,  
 C. Gonzalez-Espinoza,  S. Gulania,  A. Gunina,  M. W. D. Hanson-Heine,  
 P. H. P. Harbach,  A. W. Hauser,  M. F. Herbst,  M. Hernandez Vera,  
 M. Hodecker,  Z. C. Holden,  S. Houck,  Xunkun Huang,  Kerwin Hui,  
 B. C. Huynh,  M. Ivanov,  Hyunjun Ji,  Hanjie Jiang,  B. Kaduk,  S. Kaehler,  
 K. Khistyaev,  Jaehoon Kim,  P. Klunzinger,  Z. Koczor-Benda,  
 Joong Hoon Koh,  D. Kosenkov,  L. Koulias,  T. Kowalczyk,  C. M. Krauter,  
 K. Kue,  A. Kunitsa,  T. Kus,  A. Landau,  K. V. Lawler,  D. Lefrancois,  
 S. Lehtola,  Rain Li,  Yi-Pei Li,  Jiashu Liang,  M. Liebenthal,  
 Hung-Hsuan Lin,  You-Sheng Lin,  Fenglai Liu,  Kuan-Yu Liu,  
 M. Loipersberger,  A. Luenser,  A. Manjanath,  P. Manohar,  E. Mansoor,  
 S. F. Manzer,  Shan-Ping Mao,  A. V. Marenich,  T. Markovich,  S. Mason,  
 S. A. Maurer,  P. F. McLaughlin,  M. F. S. J. Menger,  J.-M. Mewes,  
 S. A. Mewes,  P. Morgante,  J. W. Mullinax,  K. J. Oosterbaan,  G. Paran,  
 Alexander C. Paul,  Suranjan K. Paul,  F. Pavosevic,  Zheng Pei,  S. Prager,  
 E. I. Proynov,  E. Ramos,  B. Rana,  A. E. Rask,  A. Rettig,  R. M. Richard,  
 F. Rob,  E. Rossomme,  T. Scheele,  M. Scheurer,  M. Schneider,  
 N. Sergueev,  S. M. Sharada,  W. Skomorowski,  D. W. Small,  C. J. Stein,  
 Yu-Chuan Su,  E. J. Sundstrom,  Zhen Tao,  J. Thirman,  T. Tsuchimochi,  
 N. M. Tubman,  S. P. Veccham,  O. Vydrov,  J. Wenzel,  J. Witte,  A. Yamada,  
 Kun Yao,  S. Yeganeh,  S. R. Yost,  A. Zech,  Igor Ying Zhang,  Xing Zhang,  
 Yu Zhang,  D. Zuev,  A. Aspuru-Guzik,  A. T. Bell,  N. A. Besley,  
 K. B. Bravaya,  B. R. Brooks,  D. Casanova,  Jeng-Da Chai,  S. Coriani,  
 C. J. Cramer,  A. E. DePrince, III,  R. A. DiStasio Jr.,  A. Dreuw,  
 B. D. Dunietz,  T. R. Furlani,  W. A. Goddard III,  S. Grimme,  
 S. Hammes-Schiffer,  T. Head-Gordon,  W. J. Hehre,  Chao-Ping Hsu,  
 T.-C. Jagau,  Yousung Jung,  A. Klamt,  Jing Kong,  D. S. Lambrecht,  
 WanZhen Liang,  N. J. Mayhall,  C. W. McCurdy,  J. B. Neaton,  
 C. Ochsenfeld,  J. A. Parkhill,  R. Peverati,  V. A. Rassolov,  Yihan Shao,  
 L. V. Slipchenko,  T. Stauch,  R. P. Steele,  J. E. Subotnik,  
 A. J. W. Thom,  A. Tkatchenko,  D. G. Truhlar,  T. Van Voorhis,  
 T. A. Wesolowski,  K. B. Whaley,  H. L. Woodcock III,  P. M. Zimmerman,  
 S. Faraji,  P. M. W. Gill,  M. Head-Gordon,  J. M. Herbert,  A. I. Krylov

 Additional authors for Version 5.4.1: 
 S. Kotaru,  Shaozhi Li,  Xiangyuan Li,  F. Matz,  A. Molle,  Haisheng Ren,  
 Yingli Su,  Hung-Yi Tsai,  C. Utku,  Fang Wang

 Contributors to earlier versions of Q-Chem not listed above: 
 R. D. Adamson,  B. Austin,  R. Baer,  J. Baker,  G. J. O. Beran,  
 K. Brandhorst,  S. T. Brown,  E. F. C. Byrd,  A. K. Chakraborty,  
 G. K. L. Chan,  Chun-Min Chang,  Yunqing Chen,  C.-L. Cheng,  
 Siu Hung Chien,  D. M. Chipman,  D. L. Crittenden,  H. Dachsel,  
 R. J. Doerksen,  A. D. Dutoi,  R. G. Edgar,  J. Fosso-Tande,  
 L. Fusti-Molnar,  D. Ghosh,  A. Ghysels,  A. Golubeva-Zadorozhnaya,  
 J. Gonthier,  M. S. Gordon,  S. R. Gwaltney,  G. Hawkins,  J. E. Herr,  
 A. Heyden,  S. Hirata,  E. G. Hohenstein,  G. Kedziora,  F. J. Keil,  
 C. Kelley,  Jihan Kim,  R. A. King,  R. Z. Khaliullin,  P. P. Korambath,  
 W. Kurlancheek,  A. Laurent,  A. M. Lee,  M. S. Lee,  S. V. Levchenko,  
 Ching Yeh Lin,  D. Liotard,  E. Livshits,  R. C. Lochan,  I. Lotan,  
 L. A. Martinez-Martinez,  P. E. Maslen,  N. Nair,  D. P. O'Neill,  
 D. Neuhauser,  E. Neuscamman,  C. M. Oana,  R. Olivares-Amaya,  R. Olson,  
 T. M. Perrine,  B. Peters,  P. A. Pieniazek,  A. Prociuk,  Y. M. Rhee,  
 J. Ritchie,  M. A. Rohrdanz,  E. Rosta,  N. J. Russ,  H. F. Schaefer III,  
 M. W. Schmidt,  N. E. Schultz,  S. Sharma,  N. Shenvi,  C. D. Sherrill,  
 A. C. Simmonett,  A. Sodt,  T. Stein,  D. Stuck,  K. S. Thanthiriwatte,  
 V. Vanovschi,  L. Vogt,  Tao Wang,  A. Warshel,  M. A. Watson,  
 C. F. Williams,  Q. Wu,  X. Xu,  Jun Yang,  W. Zhang,  Yan Zhao

 Please cite Q-Chem as follows:
 Y. Shao et al., Mol. Phys. 113, 184-215 (2015)
 DOI: 10.1080/00268976.2014.952696

 Q-Chem 5.4.1 for Intel X86 EM64T Linux

 Parts of Q-Chem use Armadillo 9.900.5 (Nocturnal Misbehaviour).
 http://arma.sourceforge.net/

 Q-Chem begins on Sun Apr  3 13:38:51 2022  

 Host: node01
0

     Scratch files written to /src/jdavis/qchem.scratch/qchem26686//
 Processing $rem in /src/tsommerfeld/qchem/config/preferences:
 Processing $rem in /home/jdavis/.qchemrc:
 Core orbitals will be frozen

 Checking the input file for inconsistencies... 	...done.

--------------------------------------------------------------
User input:
--------------------------------------------------------------
$molecule
-1 1
C        -0.6645000000    0.0000000000   -0.2082049804
C         0.6645000000    0.0000000000   -0.2082049804
H        -1.1590800000    0.0000000000    0.7541440196
H         1.1590800000    0.0000000000    0.7541440196
H        -1.1590800000    0.0000000000   -1.1705529804
H         1.1590800000    0.0000000000   -1.1705529804
O         10.6             0.0            -0.2082049804
H         11.6             0.0            -0.2082049804
$end

$rem
   JOBTYPE opt
   METHOD MP2
   BASIS gen
   PURECART 11
   THRESH 14
   S2THRESH 14
   THREADS 10
   MEM_TOTAL 95000
$end
$basis
C     1
cc-pvtz
****
C     2
cc-pvtz
****
H     3
cc-pvtz
****
H     4
cc-pvtz
****
H     5
cc-pvtz
****
H     6
cc-pvtz
****
O     7
aug-cc-pvtz
****
H     7
aug-cc-pvtz
****
$end

$opt
FIXED
1 xyz
2 xyz
3 xyz
4 xyz
5 xyz
6 xyz
7 yz
ENDFIXED
$end
--------------------------------------------------------------
 Atom   1: ( -0.0000001321,  0.0000000000,  4.5205000000)
         ->(  0.0000000000,  0.0000000000,  4.5205000000)
 Atom   2: ( -0.0000001168,  0.0000000000,  3.1915000000)
         ->(  0.0000000000,  0.0000000000,  3.1915000000)
 Atom   5: ( -0.9623481378,  0.0000000000,  5.0150799889)
         ->( -0.9623488622,  0.0000000000,  5.0150800111)
 Atom   6: ( -0.9623481111,  0.0000000000,  2.6969199889)
         ->( -0.9623488889,  0.0000000000,  2.6969200111)
 Atom   8: (  0.0000000093, -0.0000000000, -7.7440000000)
         ->(  0.0000000000,  0.0000000000, -7.7440000000)
 ----------------------------------------------------------------
             Standard Nuclear Orientation (Angstroms)
    I     Atom           X                Y                Z
 ----------------------------------------------------------------
    1      C       0.0000000000     0.0000000000     4.5205000000
    2      C       0.0000000000     0.0000000000     3.1915000000
    3      H       0.9623488622    -0.0000000000     5.0150800111
    4      H       0.9623488889    -0.0000000000     2.6969200111
    5      H      -0.9623488622     0.0000000000     5.0150800111
    6      H      -0.9623488889     0.0000000000     2.6969200111
    7      O      -0.0000000022     0.0000000000    -6.7440000000
    8      H       0.0000000000     0.0000000000    -7.7440000000
 ----------------------------------------------------------------
 Molecular Point Group                 C2v   NOp =  4
 Largest Abelian Subgroup              C2v   NOp =  4
 Nuclear Repulsion Energy =          44.97679647 hartrees
 There are       13 alpha and       13 beta electrons
 Requested basis set is non-standard
 There are 64 shells and 176 basis functions

 Total QAlloc Memory Limit  95000 MB
 Mega-Array Size       188 MB
 MEM_STATIC part       192 MB
 A cutoff of  1.0D-14 yielded   1299 shell pairs
 There are      9411 function pairs (     12022 Cartesian)
 Smallest overlap matrix eigenvalue = 6.98E-04

 Scale SEOQF with 1.000000e-01/1.000000e-01/1.000000e-02

 Standard Electronic Orientation quadrupole field applied
 Nucleus-field energy     =    -0.0000000071 hartrees
 ================ Generating on-the-fly SAD Guess ================
Attempting to make child job directory: /src/jdavis/qchem.scratch/qchem26686//Frg1/
Attempting to make child job directory: /src/jdavis/qchem.scratch/qchem26686//Frg2/
Attempting to make child job directory: /src/jdavis/qchem.scratch/qchem26686//Frg3/
Creating input file /src/jdavis/qchem.scratch/qchem26686/Frg1.input
using default PutDataFrgm: nothing
calling putenv with: QCSCRATCH=/src/jdavis/qchem.scratch/qchem26686/ 
Spawning Job For Fragment 0
Done Job For Fragment 0
calling putenv with: QCSCRATCH=/src/jdavis/qchem.scratch 
calling putenv with: QCTHREADS=1 
Creating input file /src/jdavis/qchem.scratch/qchem26686/Frg2.input
using default PutDataFrgm: nothing
calling putenv with: QCSCRATCH=/src/jdavis/qchem.scratch/qchem26686/ 
Spawning Job For Fragment 1
Done Job For Fragment 1
calling putenv with: QCSCRATCH=/src/jdavis/qchem.scratch 
calling putenv with: QCTHREADS=1 
Creating input file /src/jdavis/qchem.scratch/qchem26686/Frg3.input
using default PutDataFrgm: nothing
calling putenv with: QCSCRATCH=/src/jdavis/qchem.scratch/qchem26686/ 
Spawning Job For Fragment 2
Done Job For Fragment 2
calling putenv with: QCSCRATCH=/src/jdavis/qchem.scratch 
calling putenv with: QCTHREADS=1 
 Time for running child jobs:  CPU 1.75 s  wall 1.91 s
 ============= Method Specific SAD Guess Constructed =============
 Guess from on-the-fly superposition of atomic densities
 Warning: Energy on first SCF cycle will be non-variational

 -----------------------------------------------------------------------
  General SCF calculation program by
  Eric Jon Sundstrom, Paul Horn, Yuezhi Mao, Dmitri Zuev, Alec White,
  David Stuck, Shaama M.S., Shane Yost, Joonho Lee, David Small,
  Daniel Levine, Susi Lehtola, Hugh Burton, Evgeny Epifanovsky,
  Bang C. Huynh
 -----------------------------------------------------------------------
 Hartree-Fock
 using 10 threads for integral computing
 -------------------------------------------------------
 OpenMP Integral computing Module                
 Release: version 1.0, May 2013, Q-Chem Inc. Pittsburgh 
 -------------------------------------------------------
 A restricted SCF calculation will be
 performed using DIIS
 SCF converges when DIIS error is below 1.0e-08
 ---------------------------------------
  Cycle       Energy         DIIS error
 ---------------------------------------
    1    -153.5012122108      3.04e-02  
    2    -153.3153908987      6.36e-03  
    3    -153.3701352569      5.92e-03  
    4    -153.4684133124      3.45e-04  
    5    -153.4691745420      1.04e-04  
    6    -153.4692301420      2.32e-05  
    7    -153.4692334861      6.49e-06  
    8    -153.4692338685      2.35e-06  
    9    -153.4692339348      7.32e-07  
   10    -153.4692339419      3.52e-07  
   11    -153.4692339431      8.39e-08  
   12    -153.4692339432      9.94e-09  Convergence criterion met
 ---------------------------------------
 SCF time:   CPU 26.06s  wall 3.00s 
 SCF   energy in the final basis set =     -153.4692339432
 Total energy in the final basis set =     -153.4692339432
 
 Components of the MP2 correlation energy:
        aaaa  correlation energy =        -0.0729384958 au
        abab  correlation energy =        -0.4810141463 au
        bbbb  correlation energy =        -0.0729384958 au
        non-Brillouin singles    =        -0.0000000000 au

 Total  MP2   correlation energy =                    -0.62689114 au
        MP2         total energy =                  -154.09612508 au
  Entering Z-vector solver.
 Full subspace dimension requested for CIS/TDDFT
 MAX_CIS_SUBSPACE fits in available memory
   1         0           1      0.000347    0.000347
   2         0           1      0.000157    0.000157
   3         0           1      0.000071    0.000071
   4         0           1      0.000020    0.000020
   5         0           1      0.000003    0.000003
   6         1           0      0.000000    0.000000    Roots Converged
 
 --------------------------------------------------------------
             Orbital Energies (a.u.) and Symmetries
 --------------------------------------------------------------
 
 Alpha MOs, Restricted
 -- Occupied --                  
-20.193 -11.175 -11.173  -0.987  -0.894  -0.729  -0.608  -0.515
  1 A1    2 A1    3 A1    4 A1    5 A1    6 A1    1 B1    7 A1                 
 -0.463  -0.326  -0.244  -0.110  -0.110
  2 B1    1 B2    8 A1    2 B2    3 B1                                         
 -- Virtual --                   
  0.206   0.208   0.236   0.246   0.292   0.337   0.386   0.386
  3 B2    9 A1    4 B1   10 A1    5 B1   11 A1    6 B1    4 B2                 
  0.403   0.404   0.416   0.496   0.497   0.522   0.529   0.617
 12 A1   13 A1   14 A1   15 A1    5 B2    7 B1   16 A1    6 B2                 
  0.639   0.648   0.676   0.692   0.718   0.745   0.837   0.880
 17 A1    8 B1   18 A1   19 A1    1 A2    9 B1   20 A1    2 A2                 
  0.920   0.920   0.924   0.947   0.955   0.958   0.958   1.038
 10 B1    7 B2   21 A1    8 B2   11 B1    3 A2   22 A1   23 A1                 
  1.073   1.089   1.093   1.160   1.231   1.236   1.280   1.285
 12 B1   13 B1   24 A1   25 A1    9 B2   10 B2   26 A1   14 B1                 
  1.285   1.306   1.374   1.397   1.415   1.491   1.491   1.515
 11 B2    4 A2   27 A1   15 B1   12 B2   16 B1   13 B2   17 B1                 
  1.530   1.559   1.584   1.649   1.687   1.788   1.851   1.904
 28 A1   29 A1   30 A1   18 B1    5 A2   31 A1   32 A1   33 A1                 
  1.933   2.022   2.337   2.390   2.390   2.415   2.425   2.425
 34 A1   19 B1   35 A1    6 A2   36 A1   14 B2   15 B2   20 B1                 
  2.494   2.494   2.543   2.543   2.599   2.616   2.657   2.675
 21 B1   16 B2   37 A1    7 A2   38 A1   17 B2   39 A1   22 B1                 
  2.760   2.765   2.777   2.777   2.793   2.813   2.893   2.967
 23 B1   40 A1   24 B1   18 B2   41 A1   19 B2   25 B1    8 A2                 
  3.116   3.148   3.158   3.161   3.172   3.205   3.230   3.280
 26 B1   20 B2    9 A2   42 A1   27 B1   10 A2   43 A1   21 B2                 
  3.318   3.390   3.454   3.477   3.478   3.499   3.505   3.602
 44 A1   28 B1   22 B2   45 A1   11 A2   29 B1   46 A1   23 B2                 
  3.628   3.694   3.774   3.813   3.868   3.928   3.964   4.020
 47 A1   12 A2   30 B1   48 A1   31 B1   49 A1   32 B1   24 B2                 
  4.029   4.059   4.064   4.109   4.236   4.243   4.245   4.254
 13 A2   50 A1   33 B1   25 B2   51 A1   34 B1   52 A1   14 A2                 
  4.271   4.271   4.381   4.402   4.424   4.424   4.513   4.513
 15 A2   53 A1   26 B2   27 B2   35 B1   28 B2   36 B1   29 B2                 
  4.522   4.558   4.611   4.658   4.693   4.810   4.865   4.980
 37 B1   54 A1   55 A1   16 A2   56 A1   57 A1   30 B2   31 B2                 
  5.026   5.080   5.179   5.269   5.346   5.351   5.357   5.479
 58 A1   38 B1   39 B1   17 A2   59 A1   60 A1   61 A1   18 A2                 
  5.494   5.547   5.547   5.589   5.615   5.669   6.009   6.145
 40 B1   41 B1   32 B2   33 B2   62 A1   42 B1   63 A1   43 B1                 
  6.323   6.419   6.562   6.864   6.864   6.895   6.895   6.925
 44 B1   64 A1   65 A1   19 A2   66 A1   45 B1   34 B2   46 B1                 
  7.380   7.380   7.435   7.435   7.448   7.523   7.523   8.037
 47 B1   35 B2   67 A1   20 A2   68 A1   48 B1   36 B2   69 A1                 
 11.428  11.949  14.801
 70 A1   71 A1   72 A1                                                         
 
 Beta MOs, Restricted
 -- Occupied --                  
-20.193 -11.175 -11.173  -0.987  -0.894  -0.729  -0.608  -0.515
  1 A1    2 A1    3 A1    4 A1    5 A1    6 A1    1 B1    7 A1                 
 -0.463  -0.326  -0.244  -0.110  -0.110
  2 B1    1 B2    8 A1    2 B2    3 B1                                         
 -- Virtual --                   
  0.206   0.208   0.236   0.246   0.292   0.337   0.386   0.386
  3 B2    9 A1    4 B1   10 A1    5 B1   11 A1    6 B1    4 B2                 
  0.403   0.404   0.416   0.496   0.497   0.522   0.529   0.617
 12 A1   13 A1   14 A1   15 A1    5 B2    7 B1   16 A1    6 B2                 
  0.639   0.648   0.676   0.692   0.718   0.745   0.837   0.880
 17 A1    8 B1   18 A1   19 A1    1 A2    9 B1   20 A1    2 A2                 
  0.920   0.920   0.924   0.947   0.955   0.958   0.958   1.038
 10 B1    7 B2   21 A1    8 B2   11 B1    3 A2   22 A1   23 A1                 
  1.073   1.089   1.093   1.160   1.231   1.236   1.280   1.285
 12 B1   13 B1   24 A1   25 A1    9 B2   10 B2   26 A1   14 B1                 
  1.285   1.306   1.374   1.397   1.415   1.491   1.491   1.515
 11 B2    4 A2   27 A1   15 B1   12 B2   16 B1   13 B2   17 B1                 
  1.530   1.559   1.584   1.649   1.687   1.788   1.851   1.904
 28 A1   29 A1   30 A1   18 B1    5 A2   31 A1   32 A1   33 A1                 
  1.933   2.022   2.337   2.390   2.390   2.415   2.425   2.425
 34 A1   19 B1   35 A1    6 A2   36 A1   14 B2   15 B2   20 B1                 
  2.494   2.494   2.543   2.543   2.599   2.616   2.657   2.675
 21 B1   16 B2   37 A1    7 A2   38 A1   17 B2   39 A1   22 B1                 
  2.760   2.765   2.777   2.777   2.793   2.813   2.893   2.967
 23 B1   40 A1   24 B1   18 B2   41 A1   19 B2   25 B1    8 A2                 
  3.116   3.148   3.158   3.161   3.172   3.205   3.230   3.280
 26 B1   20 B2    9 A2   42 A1   27 B1   10 A2   43 A1   21 B2                 
  3.318   3.390   3.454   3.477   3.478   3.499   3.505   3.602
 44 A1   28 B1   22 B2   45 A1   11 A2   29 B1   46 A1   23 B2                 
  3.628   3.694   3.774   3.813   3.868   3.928   3.964   4.020
 47 A1   12 A2   30 B1   48 A1   31 B1   49 A1   32 B1   24 B2                 
  4.029   4.059   4.064   4.109   4.236   4.243   4.245   4.254
 13 A2   50 A1   33 B1   25 B2   51 A1   34 B1   52 A1   14 A2                 
  4.271   4.271   4.381   4.402   4.424   4.424   4.513   4.513
 15 A2   53 A1   26 B2   27 B2   35 B1   28 B2   36 B1   29 B2                 
  4.522   4.558   4.611   4.658   4.693   4.810   4.865   4.980
 37 B1   54 A1   55 A1   16 A2   56 A1   57 A1   30 B2   31 B2                 
  5.026   5.080   5.179   5.269   5.346   5.351   5.357   5.479
 58 A1   38 B1   39 B1   17 A2   59 A1   60 A1   61 A1   18 A2                 
  5.494   5.547   5.547   5.589   5.615   5.669   6.009   6.145
 40 B1   41 B1   32 B2   33 B2   62 A1   42 B1   63 A1   43 B1                 
  6.323   6.419   6.562   6.864   6.864   6.895   6.895   6.925
 44 B1   64 A1   65 A1   19 A2   66 A1   45 B1   34 B2   46 B1                 
  7.380   7.380   7.435   7.435   7.448   7.523   7.523   8.037
 47 B1   35 B2   67 A1   20 A2   68 A1   48 B1   36 B2   69 A1                 
 11.428  11.949  14.801
 70 A1   71 A1   72 A1                                                         
 --------------------------------------------------------------
 
          Ground-State Mulliken Net Atomic Charges

     Atom                 Charge (a.u.)
  ----------------------------------------
      1 C                    -0.309979
      2 C                    -0.299867
      3 H                     0.145323
      4 H                     0.159600
      5 H                     0.145323
      6 H                     0.159600
      7 O                    -1.155402
      8 H                     0.155402
  ----------------------------------------
  Sum of atomic charges =    -1.000000

 -----------------------------------------------------------------
                    Cartesian Multipole Moments
 -----------------------------------------------------------------
    Charge (ESU x 10^10)
                -4.8032
    Dipole Moment (Debye)
         X      -0.0000      Y      -0.0000      Z      31.2012
       Tot      31.2012
    Quadrupole Moments (Debye-Ang)
        XX     -23.3217     XY       0.0000     YY     -26.9833
        XZ       0.0000     YZ      -0.0000     ZZ    -227.8075
    Octopole Moments (Debye-Ang^2)
       XXX      -0.0000    XXY      -0.0000    XYY      -0.0000
       YYY      -0.0000    XXZ      30.9743    XYZ       0.0000
       YYZ      16.9229    XZZ      -0.0000    YZZ      -0.0000
       ZZZ    1344.0475
    Hexadecapole Moments (Debye-Ang^3)
      XXXX     -50.0637   XXXY       0.0000   XXYY     -16.1262
      XYYY       0.0000   YYYY     -41.2280   XXXZ       0.0000
      XXYZ      -0.0000   XYYZ       0.0000   YYYZ      -0.0000
      XXZZ    -727.1747   XYZZ       0.0000   YYZZ    -782.7505
      XZZZ       0.0000   YZZZ      -0.0000   ZZZZ  -12272.3714
 -----------------------------------------------------------------
 DrvMan is completing analytic gradient of the MP2 energy
 MP2 relaxed dipole moment
            1
    1  -0.0000000
    2  -0.0000000
    3  12.2755038
	Magnitude:	12.276 au	31.201 Debye
 MP2 energy read as -154.096125
 Full Analytical Gradient of MP2 Energy (in au.)
             1             2             3             4             5
    1   -0.00000000   -0.00000000    0.00708453    0.00749788   -0.00708453
    2    0.00000000    0.00000000   -0.00000000   -0.00000000    0.00000000
    3    0.00515958   -0.00542882   -0.00972316    0.00987352   -0.00972316
             6             7             8
    1   -0.00749788   -0.00000000    0.00000000
    2    0.00000000   -0.00000000    0.00000000
    3    0.00987352    0.02896009   -0.02899158
 Gradient time:  CPU 1.95 s  wall 0.20 s
 Geometry Optimization Parameters
   NAtoms,    NIC,     NZ,  NCons,   NDum,   NFix, NCnnct, MaxDiis
        8      63       0       0       0       7       0       0
**WARNING** Cannot use Internal Coordinates with Fixed Atoms
  Cartesian Optimization Enforced


** GEOMETRY OPTIMIZATION IN CARTESIAN COORDINATES **
   Searching for a Minimum

   Optimization Cycle:   1

                       Coordinates (Angstroms)
     ATOM                X               Y               Z
      1  C         0.0000000000    0.0000000000    4.5205000000
      2  C         0.0000000000    0.0000000000    3.1915000000
      3  H         0.9623488622    0.0000000000    5.0150800111
      4  H         0.9623488889    0.0000000000    2.6969200111
      5  H        -0.9623488622    0.0000000000    5.0150800111
      6  H        -0.9623488889    0.0000000000    2.6969200111
      7  O         0.0000000000    0.0000000000   -6.7440000000
      8  H         0.0000000000    0.0000000000   -7.7440000000
   Point Group: c2v   Number of degrees of freedom:     7


   Energy is   -154.096125081

            Atoms with "Fixed" Coordinates
                Atom    Coordinates
                     1        X  Y  Z
                     2        X  Y  Z
                     3        X  Y  Z
                     4        X  Y  Z
                     5        X  Y  Z
                     6        X  Y  Z
                     7           Y  Z

  1 Hessian modes will be used to form the next step
  Hessian Eigenvalues:
     1.000000

 Minimum search - taking simple RFO step
 Searching for Lamda that Minimizes Along All modes
 Value Taken    Lamda =  -0.00083981
 Step Taken.  Stepsize is  0.028967

                             Maximum     Tolerance    Cnvgd?
         Gradient           0.028992      0.000300      NO
         Displacement       0.025346      0.001200      NO
         Energy change     *********      0.000001      NO

 ----------------------------------------------------------------
             Standard Nuclear Orientation (Angstroms)
    I     Atom           X                Y                Z
 ----------------------------------------------------------------
    1      C       0.0000000000     0.0000000000     4.5185838986
    2      C       0.0000000000     0.0000000000     3.1895838986
    3      H       0.9623488622     0.0000000000     5.0131639097
    4      H       0.9623488889     0.0000000000     2.6950039097
    5      H      -0.9623488622     0.0000000000     5.0131639097
    6      H      -0.9623488889     0.0000000000     2.6950039097
    7      O       0.0000000000     0.0000000000    -6.7459161014
    8      H       0.0000000000     0.0000000000    -7.7305872900
 ----------------------------------------------------------------
 Molecular Point Group                 C2v   NOp =  4
 Largest Abelian Subgroup              C2v   NOp =  4
 Nuclear Repulsion Energy =          45.04367314 hartrees
 There are       13 alpha and       13 beta electrons
 Applying Cartesian multipole field
    Component          Value
    ---------          -----
     (2,0,0)        1.00000E-11
     (0,2,0)        2.00000E-11
     (0,0,2)       -3.00000E-12
 Nucleus-field energy     =    -0.0000000071 hartrees
 Read the previous MOs as SCF guess

 -----------------------------------------------------------------------
  General SCF calculation program by
  Eric Jon Sundstrom, Paul Horn, Yuezhi Mao, Dmitri Zuev, Alec White,
  David Stuck, Shaama M.S., Shane Yost, Joonho Lee, David Small,
  Daniel Levine, Susi Lehtola, Hugh Burton, Evgeny Epifanovsky,
  Bang C. Huynh
 -----------------------------------------------------------------------
 Requested basis set is non-standard
 There are 64 shells and 176 basis functions
 Hartree-Fock
 A cutoff of  1.0D-14 yielded   1299 shell pairs
 There are      9411 function pairs (     12022 Cartesian)
 Smallest overlap matrix eigenvalue = 6.98E-04
 A restricted SCF calculation will be
 performed using DIIS
 SCF converges when DIIS error is below 1.0e-08
 ---------------------------------------
  Cycle       Energy         DIIS error
 ---------------------------------------
    1    -152.8557234710      1.53e-03  
    2    -153.4693120688      5.36e-04  
    3    -153.4701725468      3.09e-04  
    4    -153.4705011674      9.96e-05  
    5    -153.4705573647      2.69e-05  
    6    -153.4705656180      1.08e-05  
    7    -153.4705672168      2.30e-06  
    8    -153.4705672847      3.26e-07  
    9    -153.4705672855      8.24e-08  
   10    -153.4705672855      3.27e-08  
   11    -153.4705672855      6.03e-09  Convergence criterion met
 ---------------------------------------
 SCF time:   CPU 29.34s  wall 3.00s 
 SCF   energy in the final basis set =     -153.4705672855
 Total energy in the final basis set =     -153.4705672855
 
 Components of the MP2 correlation energy:
        aaaa  correlation energy =        -0.0728653871 au
        abab  correlation energy =        -0.4804916292 au
        bbbb  correlation energy =        -0.0728653871 au
        non-Brillouin singles    =        -0.0000000000 au

 Total  MP2   correlation energy =                    -0.62622240 au
        MP2         total energy =                  -154.09678969 au
  Entering Z-vector solver.
 Full subspace dimension requested for CIS/TDDFT
 MAX_CIS_SUBSPACE fits in available memory
   1         0           1      0.000338    0.000338
   2         0           1      0.000150    0.000150
   3         0           1      0.000067    0.000067
   4         0           1      0.000019    0.000019
   5         0           1      0.000003    0.000003
   6         1           0      0.000000    0.000000    Roots Converged
 
 --------------------------------------------------------------
             Orbital Energies (a.u.) and Symmetries
 --------------------------------------------------------------
 
 Alpha MOs, Restricted
 -- Occupied --                  
-20.190 -11.175 -11.173  -0.987  -0.898  -0.729  -0.608  -0.515
  1 A1    2 A1    3 A1    4 A1    5 A1    6 A1    1 B1    7 A1                 
 -0.463  -0.326  -0.247  -0.110  -0.110
  2 B1    1 B2    8 A1    2 B2    3 B1                                         
 -- Virtual --                   
  0.206   0.208   0.236   0.246   0.292   0.335   0.386   0.386
  3 B2    9 A1    4 B1   10 A1    5 B1   11 A1    6 B1    4 B2                 
  0.403   0.404   0.416   0.497   0.499   0.522   0.529   0.617
 12 A1   13 A1   14 A1    5 B2   15 A1    7 B1   16 A1    6 B2                 
  0.639   0.648   0.676   0.692   0.718   0.745   0.837   0.880
 17 A1    8 B1   18 A1   19 A1    1 A2    9 B1   20 A1    2 A2                 
  0.920   0.920   0.931   0.947   0.955   0.958   0.958   1.038
 10 B1    7 B2   21 A1    8 B2   11 B1    3 A2   22 A1   23 A1                 
  1.073   1.089   1.095   1.158   1.231   1.236   1.280   1.285
 12 B1   13 B1   24 A1   25 A1    9 B2   10 B2   26 A1   14 B1                 
  1.285   1.306   1.374   1.397   1.416   1.496   1.496   1.515
 11 B2    4 A2   27 A1   15 B1   12 B2   16 B1   13 B2   17 B1                 
  1.530   1.559   1.584   1.649   1.687   1.782   1.851   1.904
 28 A1   29 A1   30 A1   18 B1    5 A2   31 A1   32 A1   33 A1                 
  1.949   2.022   2.337   2.390   2.390   2.415   2.425   2.425
 34 A1   19 B1   35 A1    6 A2   36 A1   14 B2   15 B2   20 B1                 
  2.494   2.494   2.543   2.543   2.599   2.616   2.654   2.675
 21 B1   16 B2   37 A1    7 A2   38 A1   17 B2   39 A1   22 B1                 
  2.756   2.760   2.784   2.784   2.793   2.813   2.893   2.967
 40 A1   23 B1   24 B1   18 B2   41 A1   19 B2   25 B1    8 A2                 
  3.116   3.148   3.158   3.161   3.172   3.205   3.230   3.280
 26 B1   20 B2    9 A2   42 A1   27 B1   10 A2   43 A1   21 B2                 
  3.318   3.390   3.454   3.477   3.478   3.500   3.505   3.602
 44 A1   28 B1   22 B2   45 A1   11 A2   29 B1   46 A1   23 B2                 
  3.628   3.694   3.775   3.840   3.868   3.928   3.964   4.020
 47 A1   12 A2   30 B1   48 A1   31 B1   49 A1   32 B1   24 B2                 
  4.029   4.059   4.064   4.109   4.236   4.243   4.245   4.254
 13 A2   50 A1   33 B1   25 B2   51 A1   34 B1   52 A1   14 A2                 
  4.291   4.291   4.381   4.402   4.431   4.431   4.515   4.515
 15 A2   53 A1   26 B2   27 B2   35 B1   28 B2   36 B1   29 B2                 
  4.522   4.558   4.635   4.658   4.693   4.810   4.865   4.980
 37 B1   54 A1   55 A1   16 A2   56 A1   57 A1   30 B2   31 B2                 
  5.026   5.080   5.179   5.269   5.351   5.357   5.391   5.479
 58 A1   38 B1   39 B1   17 A2   59 A1   60 A1   61 A1   18 A2                 
  5.494   5.583   5.583   5.589   5.615   5.669   6.009   6.145
 40 B1   41 B1   32 B2   33 B2   62 A1   42 B1   63 A1   43 B1                 
  6.323   6.402   6.562   6.864   6.864   6.895   6.895   6.925
 44 B1   64 A1   65 A1   19 A2   66 A1   45 B1   34 B2   46 B1                 
  7.414   7.414   7.436   7.436   7.462   7.526   7.526   8.069
 47 B1   35 B2   67 A1   20 A2   68 A1   48 B1   36 B2   69 A1                 
 11.597  11.949  14.801
 70 A1   71 A1   72 A1                                                         
 
 Beta MOs, Restricted
 -- Occupied --                  
-20.190 -11.175 -11.173  -0.987  -0.898  -0.729  -0.608  -0.515
  1 A1    2 A1    3 A1    4 A1    5 A1    6 A1    1 B1    7 A1                 
 -0.463  -0.326  -0.247  -0.110  -0.110
  2 B1    1 B2    8 A1    2 B2    3 B1                                         
 -- Virtual --                   
  0.206   0.208   0.236   0.246   0.292   0.335   0.386   0.386
  3 B2    9 A1    4 B1   10 A1    5 B1   11 A1    6 B1    4 B2                 
  0.403   0.404   0.416   0.497   0.499   0.522   0.529   0.617
 12 A1   13 A1   14 A1    5 B2   15 A1    7 B1   16 A1    6 B2                 
  0.639   0.648   0.676   0.692   0.718   0.745   0.837   0.880
 17 A1    8 B1   18 A1   19 A1    1 A2    9 B1   20 A1    2 A2                 
  0.920   0.920   0.931   0.947   0.955   0.958   0.958   1.038
 10 B1    7 B2   21 A1    8 B2   11 B1    3 A2   22 A1   23 A1                 
  1.073   1.089   1.095   1.158   1.231   1.236   1.280   1.285
 12 B1   13 B1   24 A1   25 A1    9 B2   10 B2   26 A1   14 B1                 
  1.285   1.306   1.374   1.397   1.416   1.496   1.496   1.515
 11 B2    4 A2   27 A1   15 B1   12 B2   16 B1   13 B2   17 B1                 
  1.530   1.559   1.584   1.649   1.687   1.782   1.851   1.904
 28 A1   29 A1   30 A1   18 B1    5 A2   31 A1   32 A1   33 A1                 
  1.949   2.022   2.337   2.390   2.390   2.415   2.425   2.425
 34 A1   19 B1   35 A1    6 A2   36 A1   14 B2   15 B2   20 B1                 
  2.494   2.494   2.543   2.543   2.599   2.616   2.654   2.675
 21 B1   16 B2   37 A1    7 A2   38 A1   17 B2   39 A1   22 B1                 
  2.756   2.760   2.784   2.784   2.793   2.813   2.893   2.967
 40 A1   23 B1   24 B1   18 B2   41 A1   19 B2   25 B1    8 A2                 
  3.116   3.148   3.158   3.161   3.172   3.205   3.230   3.280
 26 B1   20 B2    9 A2   42 A1   27 B1   10 A2   43 A1   21 B2                 
  3.318   3.390   3.454   3.477   3.478   3.500   3.505   3.602
 44 A1   28 B1   22 B2   45 A1   11 A2   29 B1   46 A1   23 B2                 
  3.628   3.694   3.775   3.840   3.868   3.928   3.964   4.020
 47 A1   12 A2   30 B1   48 A1   31 B1   49 A1   32 B1   24 B2                 
  4.029   4.059   4.064   4.109   4.236   4.243   4.245   4.254
 13 A2   50 A1   33 B1   25 B2   51 A1   34 B1   52 A1   14 A2                 
  4.291   4.291   4.381   4.402   4.431   4.431   4.515   4.515
 15 A2   53 A1   26 B2   27 B2   35 B1   28 B2   36 B1   29 B2                 
  4.522   4.558   4.635   4.658   4.693   4.810   4.865   4.980
 37 B1   54 A1   55 A1   16 A2   56 A1   57 A1   30 B2   31 B2                 
  5.026   5.080   5.179   5.269   5.351   5.357   5.391   5.479
 58 A1   38 B1   39 B1   17 A2   59 A1   60 A1   61 A1   18 A2                 
  5.494   5.583   5.583   5.589   5.615   5.669   6.009   6.145
 40 B1   41 B1   32 B2   33 B2   62 A1   42 B1   63 A1   43 B1                 
  6.323   6.402   6.562   6.864   6.864   6.895   6.895   6.925
 44 B1   64 A1   65 A1   19 A2   66 A1   45 B1   34 B2   46 B1                 
  7.414   7.414   7.436   7.436   7.462   7.526   7.526   8.069
 47 B1   35 B2   67 A1   20 A2   68 A1   48 B1   36 B2   69 A1                 
 11.597  11.949  14.801
 70 A1   71 A1   72 A1                                                         
 --------------------------------------------------------------
 
          Ground-State Mulliken Net Atomic Charges

     Atom                 Charge (a.u.)
  ----------------------------------------
      1 C                    -0.309985
      2 C                    -0.299867
      3 H                     0.145319
      4 H                     0.159607
      5 H                     0.145319
      6 H                     0.159607
      7 O                    -1.153777
      8 H                     0.153777
  ----------------------------------------
  Sum of atomic charges =    -1.000000

 -----------------------------------------------------------------
                    Cartesian Multipole Moments
 -----------------------------------------------------------------
    Charge (ESU x 10^10)
                -4.8032
    Dipole Moment (Debye)
         X      -0.0000      Y      -0.0000      Z      31.1940
       Tot      31.1940
    Quadrupole Moments (Debye-Ang)
        XX     -23.2956     XY       0.0000     YY     -26.9572
        XZ       0.0000     YZ      -0.0000     ZZ    -227.7032
    Octopole Moments (Debye-Ang^2)
       XXX      -0.0000    XXY      -0.0000    XYY      -0.0000
       YYY      -0.0000    XXZ      30.8051    XYZ       0.0000
       YYZ      16.7608    XZZ      -0.0000    YZZ      -0.0000
       ZZZ    1342.9422
    Hexadecapole Moments (Debye-Ang^3)
      XXXX     -49.9987   XXXY      -0.0000   XXYY     -16.1046
      XYYY      -0.0000   YYYY     -41.1630   XXXZ       0.0000
      XXYZ      -0.0000   XYYZ       0.0000   YYYZ      -0.0000
      XXZZ    -725.5369   XYZZ      -0.0000   YYZZ    -781.0586
      XZZZ       0.0000   YZZZ      -0.0000   ZZZZ  -12258.9353
 -----------------------------------------------------------------
 DrvMan is completing analytic gradient of the MP2 energy
 MP2 relaxed dipole moment
            1
    1  -0.0000000
    2  -0.0000000
    3  12.2726564
	Magnitude:	12.273 au	31.194 Debye
 MP2 energy read as -154.096790
 Full Analytical Gradient of MP2 Energy (in au.)
             1             2             3             4             5
    1    0.00000000    0.00000000    0.00708445    0.00749822   -0.00708445
    2   -0.00000000    0.00000000   -0.00000000    0.00000000   -0.00000000
    3    0.00515873   -0.00542815   -0.00972319    0.00987366   -0.00972319
             6             7             8
    1   -0.00749822    0.00000000   -0.00000000
    2    0.00000000    0.00000000   -0.00000000
    3    0.00987366    0.01629580   -0.01632733
 Gradient time:  CPU 1.47 s  wall 0.15 s
 Geometry Optimization Parameters
   NAtoms,    NIC,     NZ,  NCons,   NDum,   NFix, NCnnct, MaxDiis
        8      63       0       0       0       7       0       0

 Cartesian Hessian Update
 Hessian updated using BFGS update


** GEOMETRY OPTIMIZATION IN CARTESIAN COORDINATES **
   Searching for a Minimum

   Optimization Cycle:   2

                       Coordinates (Angstroms)
     ATOM                X               Y               Z
      1  C         0.0000000000    0.0000000000    4.5185838986
      2  C         0.0000000000    0.0000000000    3.1895838986
      3  H         0.9623488622    0.0000000000    5.0131639097
      4  H         0.9623488889    0.0000000000    2.6950039097
      5  H        -0.9623488622    0.0000000000    5.0131639097
      6  H        -0.9623488889    0.0000000000    2.6950039097
      7  O         0.0000000000    0.0000000000   -6.7459161014
      8  H         0.0000000000    0.0000000000   -7.7305872900
   Point Group: c2v   Number of degrees of freedom:     7


   Energy is   -154.096789689

            Atoms with "Fixed" Coordinates
                Atom    Coordinates
                     1        X  Y  Z
                     2        X  Y  Z
                     3        X  Y  Z
                     4        X  Y  Z
                     5        X  Y  Z
                     6        X  Y  Z
                     7           Y  Z

  1 Hessian modes will be used to form the next step
  Hessian Eigenvalues:
     0.499648

 Minimum search - taking simple RFO step
 Searching for Lamda that Minimizes Along All modes
 Value Taken    Lamda =  -0.00053297
 Step Taken.  Stepsize is  0.032643

                             Maximum     Tolerance    Cnvgd?
         Gradient           0.016327      0.000300      NO
         Displacement       0.028562      0.001200      NO
         Energy change     -0.000665      0.000001      NO

 ----------------------------------------------------------------
             Standard Nuclear Orientation (Angstroms)
    I     Atom           X                Y                Z
 ----------------------------------------------------------------
    1      C       0.0000000000     0.0000000000     4.5164246670
    2      C       0.0000000000     0.0000000000     3.1874246670
    3      H       0.9623488622     0.0000000000     5.0110046781
    4      H       0.9623488889     0.0000000000     2.6928446781
    5      H      -0.9623488622     0.0000000000     5.0110046781
    6      H      -0.9623488889     0.0000000000     2.6928446781
    7      O       0.0000000000     0.0000000000    -6.7480753330
    8      H       0.0000000000     0.0000000000    -7.7154726692
 ----------------------------------------------------------------
 Molecular Point Group                 C2v   NOp =  4
 Largest Abelian Subgroup              C2v   NOp =  4
 Nuclear Repulsion Energy =          45.12154665 hartrees
 There are       13 alpha and       13 beta electrons
 Applying Cartesian multipole field
    Component          Value
    ---------          -----
     (2,0,0)        1.00000E-11
     (0,2,0)        2.00000E-11
     (0,0,2)       -3.00000E-12
 Nucleus-field energy     =    -0.0000000071 hartrees
 Read the previous MOs as SCF guess

 -----------------------------------------------------------------------
  General SCF calculation program by
  Eric Jon Sundstrom, Paul Horn, Yuezhi Mao, Dmitri Zuev, Alec White,
  David Stuck, Shaama M.S., Shane Yost, Joonho Lee, David Small,
  Daniel Levine, Susi Lehtola, Hugh Burton, Evgeny Epifanovsky,
  Bang C. Huynh
 -----------------------------------------------------------------------
 Requested basis set is non-standard
 There are 64 shells and 176 basis functions
 Hartree-Fock
 A cutoff of  1.0D-14 yielded   1299 shell pairs
 There are      9411 function pairs (     12022 Cartesian)
 Smallest overlap matrix eigenvalue = 6.98E-04
 A restricted SCF calculation will be
 performed using DIIS
 SCF converges when DIIS error is below 1.0e-08
 ---------------------------------------
  Cycle       Energy         DIIS error
 ---------------------------------------
    1    -152.8580336434      1.54e-03  
    2    -153.4704112230      5.38e-04  
    3    -153.4712436364      3.08e-04  
    4    -153.4715638269      9.64e-05  
    5    -153.4716132310      2.50e-05  
    6    -153.4716200557      1.01e-05  
    7    -153.4716214025      2.22e-06  
    8    -153.4716214671      3.19e-07  
    9    -153.4716214678      8.00e-08  
   10    -153.4716214679      3.17e-08  
   11    -153.4716214679      6.13e-09  Convergence criterion met
 ---------------------------------------
 SCF time:   CPU 29.19s  wall 3.00s 
 SCF   energy in the final basis set =     -153.4716214679
 Total energy in the final basis set =     -153.4716214679
 
 Components of the MP2 correlation energy:
        aaaa  correlation energy =        -0.0727768276 au
        abab  correlation energy =        -0.4798930849 au
        bbbb  correlation energy =        -0.0727768276 au
        non-Brillouin singles    =        -0.0000000000 au

 Total  MP2   correlation energy =                    -0.62544674 au
        MP2         total energy =                  -154.09706821 au
  Entering Z-vector solver.
 Full subspace dimension requested for CIS/TDDFT
 MAX_CIS_SUBSPACE fits in available memory
   1         0           1      0.000328    0.000328
   2         0           1      0.000143    0.000143
   3         0           1      0.000063    0.000063
   4         0           1      0.000018    0.000018
   5         0           1      0.000003    0.000003
   6         1           0      0.000000    0.000000    Roots Converged
 
 --------------------------------------------------------------
             Orbital Energies (a.u.) and Symmetries
 --------------------------------------------------------------
 
 Alpha MOs, Restricted
 -- Occupied --                  
-20.187 -11.175 -11.173  -0.987  -0.902  -0.728  -0.608  -0.515
  1 A1    2 A1    3 A1    4 A1    5 A1    6 A1    1 B1    7 A1                 
 -0.463  -0.326  -0.251  -0.109  -0.109
  2 B1    1 B2    8 A1    2 B2    3 B1                                         
 -- Virtual --                   
  0.206   0.208   0.236   0.246   0.292   0.333   0.386   0.386
  3 B2    9 A1    4 B1   10 A1    5 B1   11 A1    6 B1    4 B2                 
  0.404   0.404   0.416   0.497   0.501   0.522   0.530   0.617
 12 A1   13 A1   14 A1    5 B2   15 A1    7 B1   16 A1    6 B2                 
  0.639   0.648   0.676   0.692   0.718   0.746   0.837   0.880
 17 A1    8 B1   18 A1   19 A1    1 A2    9 B1   20 A1    2 A2                 
  0.920   0.920   0.939   0.947   0.955   0.958   0.958   1.038
 10 B1    7 B2   21 A1    8 B2   11 B1    3 A2   22 A1   23 A1                 
  1.073   1.089   1.098   1.156   1.231   1.236   1.280   1.285
 12 B1   13 B1   24 A1   25 A1    9 B2   10 B2   26 A1   14 B1                 
  1.285   1.306   1.374   1.397   1.416   1.502   1.502   1.515
 11 B2    4 A2   27 A1   15 B1   12 B2   16 B1   13 B2   17 B1                 
  1.530   1.559   1.584   1.649   1.687   1.774   1.851   1.904
 28 A1   29 A1   30 A1   18 B1    5 A2   31 A1   32 A1   33 A1                 
  1.970   2.022   2.337   2.390   2.390   2.415   2.425   2.425
 34 A1   19 B1   35 A1    6 A2   36 A1   14 B2   15 B2   20 B1                 
  2.494   2.494   2.543   2.543   2.599   2.616   2.648   2.675
 21 B1   16 B2   37 A1    7 A2   38 A1   17 B2   39 A1   22 B1                 
  2.751   2.760   2.793   2.793   2.793   2.813   2.893   2.967
 40 A1   23 B1   24 B1   18 B2   41 A1   19 B2   25 B1    8 A2                 
  3.116   3.148   3.158   3.161   3.172   3.205   3.230   3.280
 26 B1   20 B2    9 A2   42 A1   27 B1   10 A2   43 A1   21 B2                 
  3.318   3.390   3.454   3.477   3.478   3.500   3.505   3.602
 44 A1   28 B1   22 B2   45 A1   11 A2   29 B1   46 A1   23 B2                 
  3.628   3.694   3.775   3.868   3.870   3.928   3.964   4.020
 47 A1   12 A2   30 B1   31 B1   48 A1   49 A1   32 B1   24 B2                 
  4.029   4.059   4.064   4.109   4.236   4.243   4.245   4.254
 13 A2   50 A1   33 B1   25 B2   51 A1   34 B1   52 A1   14 A2                 
  4.314   4.314   4.381   4.402   4.440   4.440   4.518   4.518
 15 A2   53 A1   26 B2   27 B2   35 B1   28 B2   36 B1   29 B2                 
  4.522   4.558   4.658   4.660   4.693   4.810   4.865   4.980
 37 B1   54 A1   16 A2   55 A1   56 A1   57 A1   30 B2   31 B2                 
  5.026   5.080   5.179   5.269   5.351   5.357   5.444   5.479
 58 A1   38 B1   39 B1   17 A2   59 A1   60 A1   61 A1   18 A2                 
  5.494   5.589   5.615   5.622   5.622   5.669   6.009   6.145
 40 B1   32 B2   62 A1   41 B1   33 B2   42 B1   63 A1   43 B1                 
  6.323   6.387   6.562   6.865   6.865   6.895   6.895   6.925
 44 B1   64 A1   65 A1   19 A2   66 A1   45 B1   34 B2   46 B1                 
  7.437   7.437   7.442   7.442   7.483   7.542   7.542   8.106
 67 A1   20 A2   47 B1   35 B2   68 A1   48 B1   36 B2   69 A1                 
 11.797  11.949  14.801
 70 A1   71 A1   72 A1                                                         
 
 Beta MOs, Restricted
 -- Occupied --                  
-20.187 -11.175 -11.173  -0.987  -0.902  -0.728  -0.608  -0.515
  1 A1    2 A1    3 A1    4 A1    5 A1    6 A1    1 B1    7 A1                 
 -0.463  -0.326  -0.251  -0.109  -0.109
  2 B1    1 B2    8 A1    2 B2    3 B1                                         
 -- Virtual --                   
  0.206   0.208   0.236   0.246   0.292   0.333   0.386   0.386
  3 B2    9 A1    4 B1   10 A1    5 B1   11 A1    6 B1    4 B2                 
  0.404   0.404   0.416   0.497   0.501   0.522   0.530   0.617
 12 A1   13 A1   14 A1    5 B2   15 A1    7 B1   16 A1    6 B2                 
  0.639   0.648   0.676   0.692   0.718   0.746   0.837   0.880
 17 A1    8 B1   18 A1   19 A1    1 A2    9 B1   20 A1    2 A2                 
  0.920   0.920   0.939   0.947   0.955   0.958   0.958   1.038
 10 B1    7 B2   21 A1    8 B2   11 B1    3 A2   22 A1   23 A1                 
  1.073   1.089   1.098   1.156   1.231   1.236   1.280   1.285
 12 B1   13 B1   24 A1   25 A1    9 B2   10 B2   26 A1   14 B1                 
  1.285   1.306   1.374   1.397   1.416   1.502   1.502   1.515
 11 B2    4 A2   27 A1   15 B1   12 B2   16 B1   13 B2   17 B1                 
  1.530   1.559   1.584   1.649   1.687   1.774   1.851   1.904
 28 A1   29 A1   30 A1   18 B1    5 A2   31 A1   32 A1   33 A1                 
  1.970   2.022   2.337   2.390   2.390   2.415   2.425   2.425
 34 A1   19 B1   35 A1    6 A2   36 A1   14 B2   15 B2   20 B1                 
  2.494   2.494   2.543   2.543   2.599   2.616   2.648   2.675
 21 B1   16 B2   37 A1    7 A2   38 A1   17 B2   39 A1   22 B1                 
  2.751   2.760   2.793   2.793   2.793   2.813   2.893   2.967
 40 A1   23 B1   24 B1   18 B2   41 A1   19 B2   25 B1    8 A2                 
  3.116   3.148   3.158   3.161   3.172   3.205   3.230   3.280
 26 B1   20 B2    9 A2   42 A1   27 B1   10 A2   43 A1   21 B2                 
  3.318   3.390   3.454   3.477   3.478   3.500   3.505   3.602
 44 A1   28 B1   22 B2   45 A1   11 A2   29 B1   46 A1   23 B2                 
  3.628   3.694   3.775   3.868   3.870   3.928   3.964   4.020
 47 A1   12 A2   30 B1   31 B1   48 A1   49 A1   32 B1   24 B2                 
  4.029   4.059   4.064   4.109   4.236   4.243   4.245   4.254
 13 A2   50 A1   33 B1   25 B2   51 A1   34 B1   52 A1   14 A2                 
  4.314   4.314   4.381   4.402   4.440   4.440   4.518   4.518
 15 A2   53 A1   26 B2   27 B2   35 B1   28 B2   36 B1   29 B2                 
  4.522   4.558   4.658   4.660   4.693   4.810   4.865   4.980
 37 B1   54 A1   16 A2   55 A1   56 A1   57 A1   30 B2   31 B2                 
  5.026   5.080   5.179   5.269   5.351   5.357   5.444   5.479
 58 A1   38 B1   39 B1   17 A2   59 A1   60 A1   61 A1   18 A2                 
  5.494   5.589   5.615   5.622   5.622   5.669   6.009   6.145
 40 B1   32 B2   62 A1   41 B1   33 B2   42 B1   63 A1   43 B1                 
  6.323   6.387   6.562   6.865   6.865   6.895   6.895   6.925
 44 B1   64 A1   65 A1   19 A2   66 A1   45 B1   34 B2   46 B1                 
  7.437   7.437   7.442   7.442   7.483   7.542   7.542   8.106
 67 A1   20 A2   47 B1   35 B2   68 A1   48 B1   36 B2   69 A1                 
 11.797  11.949  14.801
 70 A1   71 A1   72 A1                                                         
 --------------------------------------------------------------
 
          Ground-State Mulliken Net Atomic Charges

     Atom                 Charge (a.u.)
  ----------------------------------------
      1 C                    -0.309993
      2 C                    -0.299866
      3 H                     0.145315
      4 H                     0.159615
      5 H                     0.145315
      6 H                     0.159615
      7 O                    -1.151668
      8 H                     0.151668
  ----------------------------------------
  Sum of atomic charges =    -1.000000

 -----------------------------------------------------------------
                    Cartesian Multipole Moments
 -----------------------------------------------------------------
    Charge (ESU x 10^10)
                -4.8032
    Dipole Moment (Debye)
         X       0.0000      Y       0.0000      Z      31.1860
       Tot      31.1860
    Quadrupole Moments (Debye-Ang)
        XX     -23.2653     XY       0.0000     YY     -26.9269
        XZ       0.0000     YZ       0.0000     ZZ    -227.5866
    Octopole Moments (Debye-Ang^2)
       XXX      -0.0000    XXY      -0.0000    XYY       0.0000
       YYY       0.0000    XXZ      30.6085    XYZ      -0.0000
       YYZ      16.5722    XZZ       0.0000    YZZ       0.0000
       ZZZ    1341.6995
    Hexadecapole Moments (Debye-Ang^3)
      XXXX     -49.9212   XXXY       0.0000   XXYY     -16.0787
      XYYY       0.0000   YYYY     -41.0855   XXXZ      -0.0000
      XXYZ      -0.0000   XYYZ       0.0000   YYYZ      -0.0000
      XXZZ    -723.6525   XYZZ       0.0000   YYZZ    -779.1134
      XZZZ       0.0000   YZZZ       0.0000   ZZZZ  -12243.7629
 -----------------------------------------------------------------
 DrvMan is completing analytic gradient of the MP2 energy
 MP2 relaxed dipole moment
            1
    1   0.0000000
    2   0.0000000
    3  12.2694995
	Magnitude:	12.269 au	31.186 Debye
 MP2 energy read as -154.097068
 Full Analytical Gradient of MP2 Energy (in au.)
             1             2             3             4             5
    1    0.00000000   -0.00000000    0.00708437    0.00749862   -0.00708437
    2   -0.00000000   -0.00000000    0.00000000   -0.00000000   -0.00000000
    3    0.00515780   -0.00542742   -0.00972322    0.00987382   -0.00972322
             6             7             8
    1   -0.00749862    0.00000000   -0.00000000
    2    0.00000000    0.00000000   -0.00000000
    3    0.00987382    0.00034568   -0.00037726
 Gradient time:  CPU 1.45 s  wall 0.15 s
 Geometry Optimization Parameters
   NAtoms,    NIC,     NZ,  NCons,   NDum,   NFix, NCnnct, MaxDiis
        8      63       0       0       0       7       0       0

 Cartesian Hessian Update
 Hessian updated using BFGS update


** GEOMETRY OPTIMIZATION IN CARTESIAN COORDINATES **
   Searching for a Minimum

   Optimization Cycle:   3

                       Coordinates (Angstroms)
     ATOM                X               Y               Z
      1  C         0.0000000000    0.0000000000    4.5164246670
      2  C         0.0000000000    0.0000000000    3.1874246670
      3  H         0.9623488622    0.0000000000    5.0110046781
      4  H         0.9623488889    0.0000000000    2.6928446781
      5  H        -0.9623488622    0.0000000000    5.0110046781
      6  H        -0.9623488889    0.0000000000    2.6928446781
      7  O         0.0000000000    0.0000000000   -6.7480753330
      8  H         0.0000000000    0.0000000000   -7.7154726692
   Point Group: c2v   Number of degrees of freedom:     7


   Energy is   -154.097068208

            Atoms with "Fixed" Coordinates
                Atom    Coordinates
                     1        X  Y  Z
                     2        X  Y  Z
                     3        X  Y  Z
                     4        X  Y  Z
                     5        X  Y  Z
                     6        X  Y  Z
                     7           Y  Z

  1 Hessian modes will be used to form the next step
  Hessian Eigenvalues:
     0.558427

 Minimum search - taking simple RFO step
 Searching for Lamda that Minimizes Along All modes
 Value Taken    Lamda =  -0.00000025
 Step Taken.  Stepsize is  0.000676

                             Maximum     Tolerance    Cnvgd?
         Gradient           0.000377      0.000300      NO
         Displacement       0.000591      0.001200     YES
         Energy change     -0.000279      0.000001      NO

 ----------------------------------------------------------------
             Standard Nuclear Orientation (Angstroms)
    I     Atom           X                Y                Z
 ----------------------------------------------------------------
    1      C       0.0000000000     0.0000000000     4.5163799790
    2      C       0.0000000000     0.0000000000     3.1873799790
    3      H       0.9623488622     0.0000000000     5.0109599901
    4      H       0.9623488889     0.0000000000     2.6927999901
    5      H      -0.9623488622     0.0000000000     5.0109599901
    6      H      -0.9623488889     0.0000000000     2.6927999901
    7      O       0.0000000000     0.0000000000    -6.7481200210
    8      H       0.0000000000     0.0000000000    -7.7151598533
 ----------------------------------------------------------------
 Molecular Point Group                 C2v   NOp =  4
 Largest Abelian Subgroup              C2v   NOp =  4
 Nuclear Repulsion Energy =          45.12318735 hartrees
 There are       13 alpha and       13 beta electrons
 Applying Cartesian multipole field
    Component          Value
    ---------          -----
     (2,0,0)        1.00000E-11
     (0,2,0)        2.00000E-11
     (0,0,2)       -3.00000E-12
 Nucleus-field energy     =    -0.0000000071 hartrees
 Read the previous MOs as SCF guess

 -----------------------------------------------------------------------
  General SCF calculation program by
  Eric Jon Sundstrom, Paul Horn, Yuezhi Mao, Dmitri Zuev, Alec White,
  David Stuck, Shaama M.S., Shane Yost, Joonho Lee, David Small,
  Daniel Levine, Susi Lehtola, Hugh Burton, Evgeny Epifanovsky,
  Bang C. Huynh
 -----------------------------------------------------------------------
 Requested basis set is non-standard
 There are 64 shells and 176 basis functions
 Hartree-Fock
 A cutoff of  1.0D-14 yielded   1299 shell pairs
 There are      9411 function pairs (     12022 Cartesian)
 Smallest overlap matrix eigenvalue = 6.98E-04
 A restricted SCF calculation will be
 performed using DIIS
 SCF converges when DIIS error is below 1.0e-08
 ---------------------------------------
  Cycle       Energy         DIIS error
 ---------------------------------------
    1    -152.8517903549      1.48e-03  
    2    -153.4704533209      5.20e-04  
    3    -153.4712671460      3.00e-04  
    4    -153.4715766972      9.57e-05  
    5    -153.4716289733      2.61e-05  
    6    -153.4716364072      1.04e-05  
    7    -153.4716378472      2.03e-06  
    8    -153.4716379013      2.59e-07  
    9    -153.4716379018      8.31e-08  
   10    -153.4716379018      2.59e-08  
   11    -153.4716379018      4.52e-09  Convergence criterion met
 ---------------------------------------
 SCF time:   CPU 29.33s  wall 3.00s 
 SCF   energy in the final basis set =     -153.4716379018
 Total energy in the final basis set =     -153.4716379018
 
 Components of the MP2 correlation energy:
        aaaa  correlation energy =        -0.0727749295 au
        abab  correlation energy =        -0.4798806020 au
        bbbb  correlation energy =        -0.0727749295 au
        non-Brillouin singles    =        -0.0000000000 au

 Total  MP2   correlation energy =                    -0.62543046 au
        MP2         total energy =                  -154.09706836 au
  Entering Z-vector solver.
 Full subspace dimension requested for CIS/TDDFT
 MAX_CIS_SUBSPACE fits in available memory
   1         0           1      0.000328    0.000328
   2         0           1      0.000143    0.000143
   3         0           1      0.000063    0.000063
   4         0           1      0.000018    0.000018
   5         0           1      0.000003    0.000003
   6         1           0      0.000000    0.000000    Roots Converged
 
 --------------------------------------------------------------
             Orbital Energies (a.u.) and Symmetries
 --------------------------------------------------------------
 
 Alpha MOs, Restricted
 -- Occupied --                  
-20.187 -11.175 -11.173  -0.987  -0.902  -0.728  -0.608  -0.515
  1 A1    2 A1    3 A1    4 A1    5 A1    6 A1    1 B1    7 A1                 
 -0.463  -0.326  -0.251  -0.109  -0.109
  2 B1    1 B2    8 A1    2 B2    3 B1                                         
 -- Virtual --                   
  0.206   0.208   0.236   0.246   0.292   0.333   0.386   0.386
  3 B2    9 A1    4 B1   10 A1    5 B1   11 A1    6 B1    4 B2                 
  0.404   0.404   0.416   0.497   0.501   0.522   0.530   0.617
 12 A1   13 A1   14 A1    5 B2   15 A1    7 B1   16 A1    6 B2                 
  0.639   0.648   0.676   0.692   0.718   0.746   0.837   0.880
 17 A1    8 B1   18 A1   19 A1    1 A2    9 B1   20 A1    2 A2                 
  0.920   0.920   0.939   0.947   0.955   0.958   0.958   1.038
 10 B1    7 B2   21 A1    8 B2   11 B1    3 A2   22 A1   23 A1                 
  1.073   1.089   1.098   1.156   1.231   1.236   1.280   1.285
 12 B1   13 B1   24 A1   25 A1    9 B2   10 B2   26 A1   14 B1                 
  1.285   1.306   1.374   1.397   1.416   1.502   1.502   1.515
 11 B2    4 A2   27 A1   15 B1   12 B2   16 B1   13 B2   17 B1                 
  1.530   1.559   1.584   1.649   1.687   1.774   1.851   1.904
 28 A1   29 A1   30 A1   18 B1    5 A2   31 A1   32 A1   33 A1                 
  1.971   2.022   2.337   2.390   2.390   2.415   2.425   2.425
 34 A1   19 B1   35 A1    6 A2   36 A1   14 B2   15 B2   20 B1                 
  2.494   2.494   2.543   2.543   2.599   2.616   2.648   2.675
 21 B1   16 B2   37 A1    7 A2   38 A1   17 B2   39 A1   22 B1                 
  2.751   2.760   2.793   2.793   2.793   2.813   2.893   2.967
 40 A1   23 B1   41 A1   24 B1   18 B2   19 B2   25 B1    8 A2                 
  3.116   3.148   3.158   3.161   3.172   3.205   3.230   3.280
 26 B1   20 B2    9 A2   42 A1   27 B1   10 A2   43 A1   21 B2                 
  3.318   3.390   3.454   3.477   3.478   3.500   3.505   3.602
 44 A1   28 B1   22 B2   45 A1   11 A2   29 B1   46 A1   23 B2                 
  3.628   3.694   3.775   3.868   3.871   3.928   3.964   4.020
 47 A1   12 A2   30 B1   31 B1   48 A1   49 A1   32 B1   24 B2                 
  4.029   4.059   4.064   4.109   4.236   4.243   4.245   4.254
 13 A2   50 A1   33 B1   25 B2   51 A1   34 B1   52 A1   14 A2                 
  4.314   4.314   4.381   4.402   4.440   4.440   4.518   4.518
 15 A2   53 A1   26 B2   27 B2   35 B1   28 B2   36 B1   29 B2                 
  4.522   4.558   4.658   4.661   4.693   4.810   4.865   4.980
 37 B1   54 A1   16 A2   55 A1   56 A1   57 A1   30 B2   31 B2                 
  5.026   5.080   5.179   5.269   5.351   5.357   5.445   5.479
 58 A1   38 B1   39 B1   17 A2   59 A1   60 A1   61 A1   18 A2                 
  5.494   5.589   5.615   5.623   5.623   5.669   6.009   6.145
 40 B1   32 B2   62 A1   41 B1   33 B2   42 B1   63 A1   43 B1                 
  6.323   6.387   6.562   6.865   6.865   6.895   6.895   6.925
 44 B1   64 A1   65 A1   19 A2   66 A1   45 B1   34 B2   46 B1                 
  7.437   7.437   7.442   7.442   7.484   7.543   7.543   8.107
 67 A1   20 A2   47 B1   35 B2   68 A1   48 B1   36 B2   69 A1                 
 11.802  11.949  14.801
 70 A1   71 A1   72 A1                                                         
 
 Beta MOs, Restricted
 -- Occupied --                  
-20.187 -11.175 -11.173  -0.987  -0.902  -0.728  -0.608  -0.515
  1 A1    2 A1    3 A1    4 A1    5 A1    6 A1    1 B1    7 A1                 
 -0.463  -0.326  -0.251  -0.109  -0.109
  2 B1    1 B2    8 A1    2 B2    3 B1                                         
 -- Virtual --                   
  0.206   0.208   0.236   0.246   0.292   0.333   0.386   0.386
  3 B2    9 A1    4 B1   10 A1    5 B1   11 A1    6 B1    4 B2                 
  0.404   0.404   0.416   0.497   0.501   0.522   0.530   0.617
 12 A1   13 A1   14 A1    5 B2   15 A1    7 B1   16 A1    6 B2                 
  0.639   0.648   0.676   0.692   0.718   0.746   0.837   0.880
 17 A1    8 B1   18 A1   19 A1    1 A2    9 B1   20 A1    2 A2                 
  0.920   0.920   0.939   0.947   0.955   0.958   0.958   1.038
 10 B1    7 B2   21 A1    8 B2   11 B1    3 A2   22 A1   23 A1                 
  1.073   1.089   1.098   1.156   1.231   1.236   1.280   1.285
 12 B1   13 B1   24 A1   25 A1    9 B2   10 B2   26 A1   14 B1                 
  1.285   1.306   1.374   1.397   1.416   1.502   1.502   1.515
 11 B2    4 A2   27 A1   15 B1   12 B2   16 B1   13 B2   17 B1                 
  1.530   1.559   1.584   1.649   1.687   1.774   1.851   1.904
 28 A1   29 A1   30 A1   18 B1    5 A2   31 A1   32 A1   33 A1                 
  1.971   2.022   2.337   2.390   2.390   2.415   2.425   2.425
 34 A1   19 B1   35 A1    6 A2   36 A1   14 B2   15 B2   20 B1                 
  2.494   2.494   2.543   2.543   2.599   2.616   2.648   2.675
 21 B1   16 B2   37 A1    7 A2   38 A1   17 B2   39 A1   22 B1                 
  2.751   2.760   2.793   2.793   2.793   2.813   2.893   2.967
 40 A1   23 B1   41 A1   24 B1   18 B2   19 B2   25 B1    8 A2                 
  3.116   3.148   3.158   3.161   3.172   3.205   3.230   3.280
 26 B1   20 B2    9 A2   42 A1   27 B1   10 A2   43 A1   21 B2                 
  3.318   3.390   3.454   3.477   3.478   3.500   3.505   3.602
 44 A1   28 B1   22 B2   45 A1   11 A2   29 B1   46 A1   23 B2                 
  3.628   3.694   3.775   3.868   3.871   3.928   3.964   4.020
 47 A1   12 A2   30 B1   31 B1   48 A1   49 A1   32 B1   24 B2                 
  4.029   4.059   4.064   4.109   4.236   4.243   4.245   4.254
 13 A2   50 A1   33 B1   25 B2   51 A1   34 B1   52 A1   14 A2                 
  4.314   4.314   4.381   4.402   4.440   4.440   4.518   4.518
 15 A2   53 A1   26 B2   27 B2   35 B1   28 B2   36 B1   29 B2                 
  4.522   4.558   4.658   4.661   4.693   4.810   4.865   4.980
 37 B1   54 A1   16 A2   55 A1   56 A1   57 A1   30 B2   31 B2                 
  5.026   5.080   5.179   5.269   5.351   5.357   5.445   5.479
 58 A1   38 B1   39 B1   17 A2   59 A1   60 A1   61 A1   18 A2                 
  5.494   5.589   5.615   5.623   5.623   5.669   6.009   6.145
 40 B1   32 B2   62 A1   41 B1   33 B2   42 B1   63 A1   43 B1                 
  6.323   6.387   6.562   6.865   6.865   6.895   6.895   6.925
 44 B1   64 A1   65 A1   19 A2   66 A1   45 B1   34 B2   46 B1                 
  7.437   7.437   7.442   7.442   7.484   7.543   7.543   8.107
 67 A1   20 A2   47 B1   35 B2   68 A1   48 B1   36 B2   69 A1                 
 11.802  11.949  14.801
 70 A1   71 A1   72 A1                                                         
 --------------------------------------------------------------
 
          Ground-State Mulliken Net Atomic Charges

     Atom                 Charge (a.u.)
  ----------------------------------------
      1 C                    -0.309993
      2 C                    -0.299866
      3 H                     0.145315
      4 H                     0.159615
      5 H                     0.145315
      6 H                     0.159615
      7 O                    -1.151622
      8 H                     0.151622
  ----------------------------------------
  Sum of atomic charges =    -1.000000

 -----------------------------------------------------------------
                    Cartesian Multipole Moments
 -----------------------------------------------------------------
    Charge (ESU x 10^10)
                -4.8032
    Dipole Moment (Debye)
         X       0.0000      Y      -0.0000      Z      31.1858
       Tot      31.1858
    Quadrupole Moments (Debye-Ang)
        XX     -23.2646     XY      -0.0000     YY     -26.9262
        XZ       0.0000     YZ       0.0000     ZZ    -227.5843
    Octopole Moments (Debye-Ang^2)
       XXX       0.0000    XXY      -0.0000    XYY       0.0000
       YYY      -0.0000    XXZ      30.6044    XYZ       0.0000
       YYZ      16.5682    XZZ       0.0000    YZZ      -0.0000
       ZZZ    1341.6739
    Hexadecapole Moments (Debye-Ang^3)
      XXXX     -49.9195   XXXY      -0.0000   XXYY     -16.0782
      XYYY      -0.0000   YYYY     -41.0839   XXXZ       0.0000
      XXYZ       0.0000   XYYZ       0.0000   YYYZ       0.0000
      XXZZ    -723.6131   XYZZ      -0.0000   YYZZ    -779.0728
      XZZZ       0.0000   YZZZ       0.0000   ZZZZ  -12243.4497
 -----------------------------------------------------------------
 DrvMan is completing analytic gradient of the MP2 energy
 MP2 relaxed dipole moment
            1
    1   0.0000000
    2  -0.0000000
    3  12.2694351
	Magnitude:	12.269 au	31.186 Debye
 MP2 energy read as -154.097068
 Full Analytical Gradient of MP2 Energy (in au.)
             1             2             3             4             5
    1   -0.00000000    0.00000000    0.00708437    0.00749862   -0.00708437
    2    0.00000000   -0.00000000   -0.00000000   -0.00000000    0.00000000
    3    0.00515779   -0.00542740   -0.00972322    0.00987382   -0.00972322
             6             7             8
    1   -0.00749862    0.00000000   -0.00000000
    2   -0.00000000    0.00000000   -0.00000000
    3    0.00987382   -0.00000459   -0.00002699
 Gradient time:  CPU 1.46 s  wall 0.15 s
 Geometry Optimization Parameters
   NAtoms,    NIC,     NZ,  NCons,   NDum,   NFix, NCnnct, MaxDiis
        8      63       0       0       0       7       0       0

 Cartesian Hessian Update
 Hessian updated using BFGS update


** GEOMETRY OPTIMIZATION IN CARTESIAN COORDINATES **
   Searching for a Minimum

   Optimization Cycle:   4

                       Coordinates (Angstroms)
     ATOM                X               Y               Z
      1  C         0.0000000000    0.0000000000    4.5163799790
      2  C         0.0000000000    0.0000000000    3.1873799790
      3  H         0.9623488622    0.0000000000    5.0109599901
      4  H         0.9623488889    0.0000000000    2.6927999901
      5  H        -0.9623488622    0.0000000000    5.0109599901
      6  H        -0.9623488889    0.0000000000    2.6927999901
      7  O         0.0000000000    0.0000000000   -6.7481200210
      8  H         0.0000000000    0.0000000000   -7.7151598533
   Point Group: c2v   Number of degrees of freedom:     7


   Energy is   -154.097068363

            Atoms with "Fixed" Coordinates
                Atom    Coordinates
                     1        X  Y  Z
                     2        X  Y  Z
                     3        X  Y  Z
                     4        X  Y  Z
                     5        X  Y  Z
                     6        X  Y  Z
                     7           Y  Z

  1 Hessian modes will be used to form the next step
  Hessian Eigenvalues:
     0.592544

 Minimum search - taking simple RFO step
 Searching for Lamda that Minimizes Along All modes
 Value Taken    Lamda =  -0.00000000
 Step Taken.  Stepsize is  0.000046

                             Maximum     Tolerance    Cnvgd?
         Gradient           0.000027      0.000300     YES
         Displacement       0.000040      0.001200     YES
         Energy change     -0.000000      0.000001     YES


                       Distance Matrix (Angstroms)
             C (  1)   C (  2)   H (  3)   H (  4)   H (  5)   H (  6)
   C (  2)  1.329000
   H (  3)  1.082000  2.061931
   H (  4)  2.061931  1.082000  2.318160
   H (  5)  1.082000  2.061931  1.924698  3.013026
   H (  6)  2.061931  1.082000  3.013026  1.924698  2.318160
   O (  7) 11.264500  9.935500 11.798393  9.489841 11.798393  9.489841
   H (  8) 12.231540 10.902540 12.762454 10.452356 12.762454 10.452356
             O (  7)
   H (  8)  0.967040
 
 Final energy is   -154.097068362783     


 ******************************
 **  OPTIMIZATION CONVERGED  **
 ******************************

                       Coordinates (Angstroms)
     ATOM                X               Y               Z
      1  C         0.0000000000    0.0000000000    4.5163799790
      2  C         0.0000000000    0.0000000000    3.1873799790
      3  H         0.9623488622    0.0000000000    5.0109599901
      4  H         0.9623488889    0.0000000000    2.6927999901
      5  H        -0.9623488622    0.0000000000    5.0109599901
      6  H        -0.9623488889    0.0000000000    2.6927999901
      7  O         0.0000000000    0.0000000000   -6.7481200210
      8  H         0.0000000000    0.0000000000   -7.7151598533

Z-matrix Print:
$molecule
-1 1
C 
H  1 1.082000
H  1 1.082000 2 125.600015
C  1 1.329000 2 117.199992 3 -180.000000 0
H  4 1.082000 1 117.199994 2 -0.000000 0
H  4 1.082000 1 117.199994 2 -180.000000 0
O  2 9.489841 1 111.379719 3 -0.000000 0
H  7 0.967040 2 174.179726 1 -180.000000 0
$end

 
 --------------------------------------------------------------
             Orbital Energies (a.u.) and Symmetries
 --------------------------------------------------------------
 
 Alpha MOs, Restricted
 -- Occupied --                  
-20.187 -11.175 -11.173  -0.987  -0.902  -0.728  -0.608  -0.515
  1 A1    2 A1    3 A1    4 A1    5 A1    6 A1    1 B1    7 A1                 
 -0.463  -0.326  -0.251  -0.109  -0.109
  2 B1    1 B2    8 A1    2 B2    3 B1                                         
 -- Virtual --                   
  0.206   0.208   0.236   0.246   0.292   0.333   0.386   0.386
  3 B2    9 A1    4 B1   10 A1    5 B1   11 A1    6 B1    4 B2                 
  0.404   0.404   0.416   0.497   0.501   0.522   0.530   0.617
 12 A1   13 A1   14 A1    5 B2   15 A1    7 B1   16 A1    6 B2                 
  0.639   0.648   0.676   0.692   0.718   0.746   0.837   0.880
 17 A1    8 B1   18 A1   19 A1    1 A2    9 B1   20 A1    2 A2                 
  0.920   0.920   0.939   0.947   0.955   0.958   0.958   1.038
 10 B1    7 B2   21 A1    8 B2   11 B1    3 A2   22 A1   23 A1                 
  1.073   1.089   1.098   1.156   1.231   1.236   1.280   1.285
 12 B1   13 B1   24 A1   25 A1    9 B2   10 B2   26 A1   14 B1                 
  1.285   1.306   1.374   1.397   1.416   1.502   1.502   1.515
 11 B2    4 A2   27 A1   15 B1   12 B2   16 B1   13 B2   17 B1                 
  1.530   1.559   1.584   1.649   1.687   1.774   1.851   1.904
 28 A1   29 A1   30 A1   18 B1    5 A2   31 A1   32 A1   33 A1                 
  1.971   2.022   2.337   2.390   2.390   2.415   2.425   2.425
 34 A1   19 B1   35 A1    6 A2   36 A1   14 B2   15 B2   20 B1                 
  2.494   2.494   2.543   2.543   2.599   2.616   2.648   2.675
 21 B1   16 B2   37 A1    7 A2   38 A1   17 B2   39 A1   22 B1                 
  2.751   2.760   2.793   2.793   2.793   2.813   2.893   2.967
 40 A1   23 B1   41 A1   24 B1   18 B2   19 B2   25 B1    8 A2                 
  3.116   3.148   3.158   3.161   3.172   3.205   3.230   3.280
 26 B1   20 B2    9 A2   42 A1   27 B1   10 A2   43 A1   21 B2                 
  3.318   3.390   3.454   3.477   3.478   3.500   3.505   3.602
 44 A1   28 B1   22 B2   45 A1   11 A2   29 B1   46 A1   23 B2                 
  3.628   3.694   3.775   3.868   3.871   3.928   3.964   4.020
 47 A1   12 A2   30 B1   31 B1   48 A1   49 A1   32 B1   24 B2                 
  4.029   4.059   4.064   4.109   4.236   4.243   4.245   4.254
 13 A2   50 A1   33 B1   25 B2   51 A1   34 B1   52 A1   14 A2                 
  4.314   4.314   4.381   4.402   4.440   4.440   4.518   4.518
 15 A2   53 A1   26 B2   27 B2   35 B1   28 B2   36 B1   29 B2                 
  4.522   4.558   4.658   4.661   4.693   4.810   4.865   4.980
 37 B1   54 A1   16 A2   55 A1   56 A1   57 A1   30 B2   31 B2                 
  5.026   5.080   5.179   5.269   5.351   5.357   5.445   5.479
 58 A1   38 B1   39 B1   17 A2   59 A1   60 A1   61 A1   18 A2                 
  5.494   5.589   5.615   5.623   5.623   5.669   6.009   6.145
 40 B1   32 B2   62 A1   41 B1   33 B2   42 B1   63 A1   43 B1                 
  6.323   6.387   6.562   6.865   6.865   6.895   6.895   6.925
 44 B1   64 A1   65 A1   19 A2   66 A1   45 B1   34 B2   46 B1                 
  7.437   7.437   7.442   7.442   7.484   7.543   7.543   8.107
 67 A1   20 A2   47 B1   35 B2   68 A1   48 B1   36 B2   69 A1                 
 11.802  11.949  14.801
 70 A1   71 A1   72 A1                                                         
 
 Beta MOs, Restricted
 -- Occupied --                  
-20.187 -11.175 -11.173  -0.987  -0.902  -0.728  -0.608  -0.515
  1 A1    2 A1    3 A1    4 A1    5 A1    6 A1    1 B1    7 A1                 
 -0.463  -0.326  -0.251  -0.109  -0.109
  2 B1    1 B2    8 A1    2 B2    3 B1                                         
 -- Virtual --                   
  0.206   0.208   0.236   0.246   0.292   0.333   0.386   0.386
  3 B2    9 A1    4 B1   10 A1    5 B1   11 A1    6 B1    4 B2                 
  0.404   0.404   0.416   0.497   0.501   0.522   0.530   0.617
 12 A1   13 A1   14 A1    5 B2   15 A1    7 B1   16 A1    6 B2                 
  0.639   0.648   0.676   0.692   0.718   0.746   0.837   0.880
 17 A1    8 B1   18 A1   19 A1    1 A2    9 B1   20 A1    2 A2                 
  0.920   0.920   0.939   0.947   0.955   0.958   0.958   1.038
 10 B1    7 B2   21 A1    8 B2   11 B1    3 A2   22 A1   23 A1                 
  1.073   1.089   1.098   1.156   1.231   1.236   1.280   1.285
 12 B1   13 B1   24 A1   25 A1    9 B2   10 B2   26 A1   14 B1                 
  1.285   1.306   1.374   1.397   1.416   1.502   1.502   1.515
 11 B2    4 A2   27 A1   15 B1   12 B2   16 B1   13 B2   17 B1                 
  1.530   1.559   1.584   1.649   1.687   1.774   1.851   1.904
 28 A1   29 A1   30 A1   18 B1    5 A2   31 A1   32 A1   33 A1                 
  1.971   2.022   2.337   2.390   2.390   2.415   2.425   2.425
 34 A1   19 B1   35 A1    6 A2   36 A1   14 B2   15 B2   20 B1                 
  2.494   2.494   2.543   2.543   2.599   2.616   2.648   2.675
 21 B1   16 B2   37 A1    7 A2   38 A1   17 B2   39 A1   22 B1                 
  2.751   2.760   2.793   2.793   2.793   2.813   2.893   2.967
 40 A1   23 B1   41 A1   24 B1   18 B2   19 B2   25 B1    8 A2                 
  3.116   3.148   3.158   3.161   3.172   3.205   3.230   3.280
 26 B1   20 B2    9 A2   42 A1   27 B1   10 A2   43 A1   21 B2                 
  3.318   3.390   3.454   3.477   3.478   3.500   3.505   3.602
 44 A1   28 B1   22 B2   45 A1   11 A2   29 B1   46 A1   23 B2                 
  3.628   3.694   3.775   3.868   3.871   3.928   3.964   4.020
 47 A1   12 A2   30 B1   31 B1   48 A1   49 A1   32 B1   24 B2                 
  4.029   4.059   4.064   4.109   4.236   4.243   4.245   4.254
 13 A2   50 A1   33 B1   25 B2   51 A1   34 B1   52 A1   14 A2                 
  4.314   4.314   4.381   4.402   4.440   4.440   4.518   4.518
 15 A2   53 A1   26 B2   27 B2   35 B1   28 B2   36 B1   29 B2                 
  4.522   4.558   4.658   4.661   4.693   4.810   4.865   4.980
 37 B1   54 A1   16 A2   55 A1   56 A1   57 A1   30 B2   31 B2                 
  5.026   5.080   5.179   5.269   5.351   5.357   5.445   5.479
 58 A1   38 B1   39 B1   17 A2   59 A1   60 A1   61 A1   18 A2                 
  5.494   5.589   5.615   5.623   5.623   5.669   6.009   6.145
 40 B1   32 B2   62 A1   41 B1   33 B2   42 B1   63 A1   43 B1                 
  6.323   6.387   6.562   6.865   6.865   6.895   6.895   6.925
 44 B1   64 A1   65 A1   19 A2   66 A1   45 B1   34 B2   46 B1                 
  7.437   7.437   7.442   7.442   7.484   7.543   7.543   8.107
 67 A1   20 A2   47 B1   35 B2   68 A1   48 B1   36 B2   69 A1                 
 11.802  11.949  14.801
 70 A1   71 A1   72 A1                                                         
 --------------------------------------------------------------
 
          Ground-State Mulliken Net Atomic Charges

     Atom                 Charge (a.u.)
  ----------------------------------------
      1 C                    -0.309993
      2 C                    -0.299866
      3 H                     0.145315
      4 H                     0.159615
      5 H                     0.145315
      6 H                     0.159615
      7 O                    -1.151622
      8 H                     0.151622
  ----------------------------------------
  Sum of atomic charges =    -1.000000

 -----------------------------------------------------------------
                    Cartesian Multipole Moments
 -----------------------------------------------------------------
    Charge (ESU x 10^10)
                -4.8032
    Dipole Moment (Debye)
         X       0.0000      Y      -0.0000      Z      31.1858
       Tot      31.1858
    Quadrupole Moments (Debye-Ang)
        XX     -23.2646     XY      -0.0000     YY     -26.9262
        XZ       0.0000     YZ       0.0000     ZZ    -227.5843
    Octopole Moments (Debye-Ang^2)
       XXX       0.0000    XXY      -0.0000    XYY       0.0000
       YYY      -0.0000    XXZ      30.6044    XYZ       0.0000
       YYZ      16.5682    XZZ       0.0000    YZZ      -0.0000
       ZZZ    1341.6739
    Hexadecapole Moments (Debye-Ang^3)
      XXXX     -49.9195   XXXY      -0.0000   XXYY     -16.0782
      XYYY      -0.0000   YYYY     -41.0839   XXXZ       0.0000
      XXYZ       0.0000   XYYZ       0.0000   YYYZ       0.0000
      XXZZ    -723.6131   XYZZ      -0.0000   YYZZ    -779.0728
      XZZZ       0.0000   YZZZ       0.0000   ZZZZ  -12243.4497
 -----------------------------------------------------------------
 Total job time:  78.81s(wall), 438.59s(cpu) 
 Sun Apr  3 13:40:09 2022

        *************************************************************
        *                                                           *
        *  Thank you very much for using Q-Chem.  Have a nice day.  *
        *                                                           *
        *************************************************************


