                  Welcome to Q-Chem
     A Quantum Leap Into The Future Of Chemistry


 Q-Chem 5.4 (devel), Q-Chem, Inc., Pleasanton, CA (2021)

 E. Epifanovsky,  A. T. B. Gilbert,  Xintian Feng,  Joonho Lee,  Yuezhi Mao,  
 N. Mardirossian,  P. Pokhilko,  A. White,  M. Wormit,  M. P. Coons,  
 A. L. Dempwolff,  Zhengting Gan,  D. Hait,  P. R. Horn,  L. D. Jacobson,  
 I. Kaliman,  J. Kussmann,  A. W. Lange,  Ka Un Lao,  D. S. Levine,  Jie Liu,  
 S. C. McKenzie,  A. F. Morrison,  K. Nanda,  F. Plasser,  D. R. Rehn,  
 M. L. Vidal,  Zhi-Qiang You,  Ying Zhu,  B. Alam,  B. Albrecht,  
 A. Aldossary,  E. Alguire,  J. H. Andersen,  D. Barton,  K. Begam,  A. Behn,  
 Y. A. Bernard,  E. J. Berquist,  H. Burton,  A. Carreras,  K. Carter-Fenk,  
 R. Chakraborty,  A. D. Chien,  K. D. Closser,  V. Cofer-Shabica,  
 S. Dasgupta,  Jia Deng,  M. de Wergifosse,  M. Diedenhofen,  Hainam Do,  
 S. Ehlert,  Po-Tung Fang,  S. Fatehi,  Qingguo Feng,  T. Friedhoff,  
 J. Gayvert,  Qinghui Ge,  G. Gidofalvi,  M. Goldey,  J. Gomes,  
 C. Gonzalez-Espinoza,  S. Gulania,  A. Gunina,  M. W. D. Hanson-Heine,  
 P. H. P. Harbach,  A. W. Hauser,  M. F. Herbst,  M. Hernandez Vera,  
 M. Hodecker,  Z. C. Holden,  S. Houck,  Xunkun Huang,  Kerwin Hui,  
 B. C. Huynh,  M. Ivanov,  Hyunjun Ji,  Hanjie Jiang,  B. Kaduk,  S. Kaehler,  
 K. Khistyaev,  Jaehoon Kim,  P. Klunzinger,  Z. Koczor-Benda,  
 Joong Hoon Koh,  D. Kosenkov,  L. Koulias,  T. Kowalczyk,  C. M. Krauter,  
 K. Kue,  A. Kunitsa,  T. Kus,  A. Landau,  K. V. Lawler,  D. Lefrancois,  
 S. Lehtola,  Rain Li,  Yi-Pei Li,  Jiashu Liang,  M. Liebenthal,  
 Hung-Hsuan Lin,  You-Sheng Lin,  Fenglai Liu,  Kuan-Yu Liu,  
 M. Loipersberger,  A. Luenser,  A. Manjanath,  P. Manohar,  E. Mansoor,  
 S. F. Manzer,  Shan-Ping Mao,  A. V. Marenich,  T. Markovich,  S. Mason,  
 S. A. Maurer,  P. F. McLaughlin,  M. F. S. J. Menger,  J.-M. Mewes,  
 S. A. Mewes,  P. Morgante,  J. W. Mullinax,  K. J. Oosterbaan,  G. Paran,  
 Alexander C. Paul,  Suranjan K. Paul,  F. Pavosevic,  Zheng Pei,  S. Prager,  
 E. I. Proynov,  E. Ramos,  B. Rana,  A. E. Rask,  A. Rettig,  R. M. Richard,  
 F. Rob,  E. Rossomme,  T. Scheele,  M. Scheurer,  M. Schneider,  
 N. Sergueev,  S. M. Sharada,  W. Skomorowski,  D. W. Small,  C. J. Stein,  
 Yu-Chuan Su,  E. J. Sundstrom,  Zhen Tao,  J. Thirman,  T. Tsuchimochi,  
 N. M. Tubman,  S. P. Veccham,  O. Vydrov,  J. Wenzel,  J. Witte,  A. Yamada,  
 Kun Yao,  S. Yeganeh,  S. R. Yost,  A. Zech,  Igor Ying Zhang,  Xing Zhang,  
 Yu Zhang,  D. Zuev,  A. Aspuru-Guzik,  A. T. Bell,  N. A. Besley,  
 K. B. Bravaya,  B. R. Brooks,  D. Casanova,  Jeng-Da Chai,  S. Coriani,  
 C. J. Cramer,  A. E. DePrince, III,  R. A. DiStasio Jr.,  A. Dreuw,  
 B. D. Dunietz,  T. R. Furlani,  W. A. Goddard III,  S. Grimme,  
 S. Hammes-Schiffer,  T. Head-Gordon,  W. J. Hehre,  Chao-Ping Hsu,  
 T.-C. Jagau,  Yousung Jung,  A. Klamt,  Jing Kong,  D. S. Lambrecht,  
 WanZhen Liang,  N. J. Mayhall,  C. W. McCurdy,  J. B. Neaton,  
 C. Ochsenfeld,  J. A. Parkhill,  R. Peverati,  V. A. Rassolov,  Yihan Shao,  
 L. V. Slipchenko,  T. Stauch,  R. P. Steele,  J. E. Subotnik,  
 A. J. W. Thom,  A. Tkatchenko,  D. G. Truhlar,  T. Van Voorhis,  
 T. A. Wesolowski,  K. B. Whaley,  H. L. Woodcock III,  P. M. Zimmerman,  
 S. Faraji,  P. M. W. Gill,  M. Head-Gordon,  J. M. Herbert,  A. I. Krylov

 Additional authors for Version 5.4.1: 
 S. Kotaru,  Shaozhi Li,  Xiangyuan Li,  F. Matz,  A. Molle,  Haisheng Ren,  
 Yingli Su,  Hung-Yi Tsai,  C. Utku,  Fang Wang

 Contributors to earlier versions of Q-Chem not listed above: 
 R. D. Adamson,  B. Austin,  R. Baer,  J. Baker,  G. J. O. Beran,  
 K. Brandhorst,  S. T. Brown,  E. F. C. Byrd,  A. K. Chakraborty,  
 G. K. L. Chan,  Chun-Min Chang,  Yunqing Chen,  C.-L. Cheng,  
 Siu Hung Chien,  D. M. Chipman,  D. L. Crittenden,  H. Dachsel,  
 R. J. Doerksen,  A. D. Dutoi,  R. G. Edgar,  J. Fosso-Tande,  
 L. Fusti-Molnar,  D. Ghosh,  A. Ghysels,  A. Golubeva-Zadorozhnaya,  
 J. Gonthier,  M. S. Gordon,  S. R. Gwaltney,  G. Hawkins,  J. E. Herr,  
 A. Heyden,  S. Hirata,  E. G. Hohenstein,  G. Kedziora,  F. J. Keil,  
 C. Kelley,  Jihan Kim,  R. A. King,  R. Z. Khaliullin,  P. P. Korambath,  
 W. Kurlancheek,  A. Laurent,  A. M. Lee,  M. S. Lee,  S. V. Levchenko,  
 Ching Yeh Lin,  D. Liotard,  E. Livshits,  R. C. Lochan,  I. Lotan,  
 L. A. Martinez-Martinez,  P. E. Maslen,  N. Nair,  D. P. O'Neill,  
 D. Neuhauser,  E. Neuscamman,  C. M. Oana,  R. Olivares-Amaya,  R. Olson,  
 T. M. Perrine,  B. Peters,  P. A. Pieniazek,  A. Prociuk,  Y. M. Rhee,  
 J. Ritchie,  M. A. Rohrdanz,  E. Rosta,  N. J. Russ,  H. F. Schaefer III,  
 M. W. Schmidt,  N. E. Schultz,  S. Sharma,  N. Shenvi,  C. D. Sherrill,  
 A. C. Simmonett,  A. Sodt,  T. Stein,  D. Stuck,  K. S. Thanthiriwatte,  
 V. Vanovschi,  L. Vogt,  Tao Wang,  A. Warshel,  M. A. Watson,  
 C. F. Williams,  Q. Wu,  X. Xu,  Jun Yang,  W. Zhang,  Yan Zhao

 Please cite Q-Chem as follows:
 Y. Shao et al., Mol. Phys. 113, 184-215 (2015)
 DOI: 10.1080/00268976.2014.952696

 Q-Chem 5.4.1 for Intel X86 EM64T Linux

 Parts of Q-Chem use Armadillo 9.900.5 (Nocturnal Misbehaviour).
 http://arma.sourceforge.net/

 Q-Chem begins on Mon Apr  4 01:20:34 2022  

 Host: node01
0

     Scratch files written to /src/jdavis/qchem.scratch/qchem27000//
 Processing $rem in /src/tsommerfeld/qchem/config/preferences:
 Processing $rem in /home/jdavis/.qchemrc:
 Core orbitals will be frozen

 Checking the input file for inconsistencies... 	...done.

--------------------------------------------------------------
User input:
--------------------------------------------------------------
$molecule
-1 1
C        -0.6645000000    0.0000000000   -0.2082049804
C         0.6645000000    0.0000000000   -0.2082049804
H        -1.1590800000    0.0000000000    0.7541440196
H         1.1590800000    0.0000000000    0.7541440196
H        -1.1590800000    0.0000000000   -1.1705529804
H         1.1590800000    0.0000000000   -1.1705529804
O         4.6             0.0            -0.2082049804
H         3.6             0.0            -0.2082049804
$end

$rem
   JOBTYPE opt
   METHOD MP2
   BASIS gen
   PURECART 11
   THRESH 14
   S2THRESH 14
   THREADS 10
   MEM_TOTAL 95000
$end
$basis
C     1
cc-pvtz
****
C     2
cc-pvtz
****
H     3
cc-pvtz
****
H     4
cc-pvtz
****
H     5
cc-pvtz
****
H     6
cc-pvtz
****
O     7
aug-cc-pvtz
****
H     7
aug-cc-pvtz
****
$end

$opt
FIXED
1 xyz
2 xyz
3 xyz
4 xyz
5 xyz
6 xyz
7 yz
ENDFIXED
$end
--------------------------------------------------------------
 Atom   1: ( -0.0000001395, -0.0000000000,  2.2805000000)
         ->(  0.0000000000,  0.0000000000,  2.2805000000)
 Atom   2: ( -0.0000001048, -0.0000000000,  0.9515000000)
         ->(  0.0000000000,  0.0000000000,  0.9515000000)
 Atom   5: ( -0.9623481524, -0.0000000000,  2.7750799749)
         ->( -0.9623488476, -0.0000000000,  2.7750800251)
 Atom   6: ( -0.9623480919, -0.0000000000,  0.4569199749)
         ->( -0.9623489081, -0.0000000000,  0.4569200251)
 Atom   8: ( -0.0000000283, -0.0000000000, -1.9840000000)
         ->(  0.0000000000,  0.0000000000, -1.9840000000)
 ----------------------------------------------------------------
             Standard Nuclear Orientation (Angstroms)
    I     Atom           X                Y                Z
 ----------------------------------------------------------------
    1      C       0.0000000000     0.0000000000     2.2805000000
    2      C       0.0000000000     0.0000000000     0.9515000000
    3      H       0.9623488476     0.0000000000     2.7750800251
    4      H       0.9623489081     0.0000000000     0.4569200251
    5      H      -0.9623488476    -0.0000000000     2.7750800251
    6      H      -0.9623489081    -0.0000000000     0.4569200251
    7      O      -0.0000000022    -0.0000000000    -2.9840000000
    8      H       0.0000000000     0.0000000000    -1.9840000000
 ----------------------------------------------------------------
 Molecular Point Group                 C2v   NOp =  4
 Largest Abelian Subgroup              C2v   NOp =  4
 Nuclear Repulsion Energy =          55.36895189 hartrees
 There are       13 alpha and       13 beta electrons
 Requested basis set is non-standard
 There are 64 shells and 176 basis functions

 Total QAlloc Memory Limit  95000 MB
 Mega-Array Size       188 MB
 MEM_STATIC part       192 MB
 A cutoff of  1.0D-14 yielded   1905 shell pairs
 There are     14123 function pairs (     18174 Cartesian)
 Smallest overlap matrix eigenvalue = 4.84E-04

 Scale SEOQF with 1.000000e-01/1.000000e-01/1.000000e-01

 Standard Electronic Orientation quadrupole field applied
 Nucleus-field energy     =    -0.0000000135 hartrees
 ================ Generating on-the-fly SAD Guess ================
Attempting to make child job directory: /src/jdavis/qchem.scratch/qchem27000//Frg1/
Attempting to make child job directory: /src/jdavis/qchem.scratch/qchem27000//Frg2/
Attempting to make child job directory: /src/jdavis/qchem.scratch/qchem27000//Frg3/
Creating input file /src/jdavis/qchem.scratch/qchem27000/Frg1.input
using default PutDataFrgm: nothing
calling putenv with: QCSCRATCH=/src/jdavis/qchem.scratch/qchem27000/ 
Spawning Job For Fragment 0
Done Job For Fragment 0
calling putenv with: QCSCRATCH=/src/jdavis/qchem.scratch 
calling putenv with: QCTHREADS=1 
Creating input file /src/jdavis/qchem.scratch/qchem27000/Frg2.input
using default PutDataFrgm: nothing
calling putenv with: QCSCRATCH=/src/jdavis/qchem.scratch/qchem27000/ 
Spawning Job For Fragment 1
Done Job For Fragment 1
calling putenv with: QCSCRATCH=/src/jdavis/qchem.scratch 
calling putenv with: QCTHREADS=1 
Creating input file /src/jdavis/qchem.scratch/qchem27000/Frg3.input
using default PutDataFrgm: nothing
calling putenv with: QCSCRATCH=/src/jdavis/qchem.scratch/qchem27000/ 
Spawning Job For Fragment 2
Done Job For Fragment 2
calling putenv with: QCSCRATCH=/src/jdavis/qchem.scratch 
calling putenv with: QCTHREADS=1 
 Time for running child jobs:  CPU 1.74 s  wall 1.90 s
 ============= Method Specific SAD Guess Constructed =============
 Guess from on-the-fly superposition of atomic densities
 Warning: Energy on first SCF cycle will be non-variational

 -----------------------------------------------------------------------
  General SCF calculation program by
  Eric Jon Sundstrom, Paul Horn, Yuezhi Mao, Dmitri Zuev, Alec White,
  David Stuck, Shaama M.S., Shane Yost, Joonho Lee, David Small,
  Daniel Levine, Susi Lehtola, Hugh Burton, Evgeny Epifanovsky,
  Bang C. Huynh
 -----------------------------------------------------------------------
 Hartree-Fock
 using 10 threads for integral computing
 -------------------------------------------------------
 OpenMP Integral computing Module                
 Release: version 1.0, May 2013, Q-Chem Inc. Pittsburgh 
 -------------------------------------------------------
 A restricted SCF calculation will be
 performed using DIIS
 SCF converges when DIIS error is below 1.0e-08
 ---------------------------------------
  Cycle       Energy         DIIS error
 ---------------------------------------
    1    -153.5095398040      3.04e-02  
    2    -153.3145573468      6.38e-03  
    3    -153.3706758112      5.94e-03  
    4    -153.4700370315      3.67e-04  
    5    -153.4709467251      1.11e-04  
    6    -153.4710234559      3.56e-05  
    7    -153.4710319972      1.17e-05  
    8    -153.4710338190      6.19e-06  
    9    -153.4710341946      1.57e-06  
   10    -153.4710342319      4.52e-07  
   11    -153.4710342340      9.52e-08  
   12    -153.4710342340      9.82e-09  Convergence criterion met
 ---------------------------------------
 SCF time:   CPU 41.25s  wall 4.00s 
 SCF   energy in the final basis set =     -153.4710342340
 Total energy in the final basis set =     -153.4710342340
 
 Components of the MP2 correlation energy:
        aaaa  correlation energy =        -0.0732026713 au
        abab  correlation energy =        -0.4814709649 au
        bbbb  correlation energy =        -0.0732026713 au
        non-Brillouin singles    =        -0.0000000000 au

 Total  MP2   correlation energy =                    -0.62787631 au
        MP2         total energy =                  -154.09891054 au
  Entering Z-vector solver.
 Full subspace dimension requested for CIS/TDDFT
 MAX_CIS_SUBSPACE fits in available memory
   1         0           1      0.000361    0.000361
   2         0           1      0.000165    0.000165
   3         0           1      0.000074    0.000074
   4         0           1      0.000020    0.000020
   5         0           1      0.000003    0.000003
   6         1           0      0.000000    0.000000    Roots Converged
 
 --------------------------------------------------------------
             Orbital Energies (a.u.) and Symmetries
 --------------------------------------------------------------
 
 Alpha MOs, Restricted
 -- Occupied --                  
-20.198 -11.117 -11.115  -0.930  -0.900  -0.670  -0.551  -0.456
  1 A1    2 A1    3 A1    4 A1    5 A1    6 A1    1 B1    7 A1                 
 -0.405  -0.269  -0.250  -0.115  -0.115
  2 B1    1 B2    8 A1    2 B2    3 B1                                         
 -- Virtual --                   
  0.255   0.263   0.285   0.297   0.349   0.369   0.385   0.396
  9 A1    3 B2    4 B1   10 A1    5 B1   11 A1    4 B2   12 A1                 
  0.412   0.452   0.490   0.554   0.578   0.579   0.679   0.692
  6 B1   13 A1   14 A1    5 B2   15 A1    7 B1    6 B2   16 A1                 
  0.707   0.713   0.760   0.774   0.784   0.807   0.907   0.920
  8 B1   17 A1   18 A1    1 A2   19 A1    9 B1   20 A1    7 B2                 
  0.937   0.943   0.954   0.954   0.955   1.005   1.012   1.124
  2 A2   10 B1   21 A1    3 A2   22 A1    8 B2   11 B1   23 A1                 
  1.126   1.146   1.149   1.235   1.281   1.283   1.287   1.302
 12 B1   13 B1   24 A1   25 A1    9 B2   10 B2   14 B1   11 B2                 
  1.363   1.363   1.419   1.457   1.459   1.506   1.527   1.579
  4 A2   26 A1   15 B1   12 B2   27 A1   13 B2   16 B1   28 A1                 
  1.595   1.626   1.649   1.718   1.745   1.917   1.925   1.966
 17 B1   29 A1   30 A1   18 B1    5 A2   31 A1   32 A1   33 A1                 
  2.019   2.087   2.384   2.384   2.400   2.420   2.420   2.468
 34 A1   19 B1   35 A1    6 A2   36 A1   14 B2   20 B1   15 B2                 
  2.495   2.514   2.538   2.539   2.669   2.673   2.724   2.725
 16 B2   21 B1    7 A2   37 A1   38 A1   17 B2   22 B1   39 A1                 
  2.776   2.786   2.832   2.833   2.868   2.877   2.955   3.025
 18 B2   23 B1   24 B1   40 A1   41 A1   19 B2   25 B1    8 A2                 
  3.176   3.205   3.215   3.233   3.233   3.263   3.296   3.339
 26 B1   20 B2    9 A2   42 A1   27 B1   10 A2   43 A1   21 B2                 
  3.420   3.452   3.513   3.535   3.536   3.563   3.564   3.661
 44 A1   28 B1   22 B2   11 A2   45 A1   29 B1   46 A1   23 B2                 
  3.699   3.752   3.839   3.858   3.930   3.993   4.023   4.079
 47 A1   12 A2   30 B1   48 A1   31 B1   49 A1   32 B1   24 B2                 
  4.086   4.122   4.131   4.168   4.261   4.264   4.294   4.298
 13 A2   33 B1   50 A1   25 B2   51 A1   14 A2   52 A1   34 B1                 
  4.307   4.313   4.419   4.422   4.436   4.462   4.514   4.518
 53 A1   15 A2   26 B2   35 B1   27 B2   28 B2   29 B2   36 B1                 
  4.626   4.636   4.648   4.717   4.782   4.876   4.925   5.038
 37 B1   54 A1   55 A1   16 A2   56 A1   57 A1   30 B2   31 B2                 
  5.091   5.141   5.238   5.326   5.368   5.411   5.424   5.537
 58 A1   38 B1   39 B1   17 A2   59 A1   60 A1   61 A1   18 A2                 
  5.543   5.552   5.557   5.647   5.683   5.731   6.087   6.210
 32 B2   40 B1   41 B1   33 B2   62 A1   42 B1   63 A1   43 B1                 
  6.388   6.527   6.646   6.859   6.859   6.890   6.890   6.984
 44 B1   64 A1   65 A1   19 A2   66 A1   34 B2   45 B1   46 B1                 
  7.376   7.385   7.429   7.430   7.519   7.529   7.529   8.034
 35 B2   47 B1   20 A2   67 A1   36 B2   48 B1   68 A1   69 A1                 
 11.711  12.115  14.979
 70 A1   71 A1   72 A1                                                         
 
 Beta MOs, Restricted
 -- Occupied --                  
-20.198 -11.117 -11.115  -0.930  -0.900  -0.670  -0.551  -0.456
  1 A1    2 A1    3 A1    4 A1    5 A1    6 A1    1 B1    7 A1                 
 -0.405  -0.269  -0.250  -0.115  -0.115
  2 B1    1 B2    8 A1    2 B2    3 B1                                         
 -- Virtual --                   
  0.255   0.263   0.285   0.297   0.349   0.369   0.385   0.396
  9 A1    3 B2    4 B1   10 A1    5 B1   11 A1    4 B2   12 A1                 
  0.412   0.452   0.490   0.554   0.578   0.579   0.679   0.692
  6 B1   13 A1   14 A1    5 B2   15 A1    7 B1    6 B2   16 A1                 
  0.707   0.713   0.760   0.774   0.784   0.807   0.907   0.920
  8 B1   17 A1   18 A1    1 A2   19 A1    9 B1   20 A1    7 B2                 
  0.937   0.943   0.954   0.954   0.955   1.005   1.012   1.124
  2 A2   10 B1   21 A1    3 A2   22 A1    8 B2   11 B1   23 A1                 
  1.126   1.146   1.149   1.235   1.281   1.283   1.287   1.302
 12 B1   13 B1   24 A1   25 A1    9 B2   10 B2   14 B1   11 B2                 
  1.363   1.363   1.419   1.457   1.459   1.506   1.527   1.579
  4 A2   26 A1   15 B1   12 B2   27 A1   13 B2   16 B1   28 A1                 
  1.595   1.626   1.649   1.718   1.745   1.917   1.925   1.966
 17 B1   29 A1   30 A1   18 B1    5 A2   31 A1   32 A1   33 A1                 
  2.019   2.087   2.384   2.384   2.400   2.420   2.420   2.468
 34 A1   19 B1   35 A1    6 A2   36 A1   14 B2   20 B1   15 B2                 
  2.495   2.514   2.538   2.539   2.669   2.673   2.724   2.725
 16 B2   21 B1    7 A2   37 A1   38 A1   17 B2   22 B1   39 A1                 
  2.776   2.786   2.832   2.833   2.868   2.877   2.955   3.025
 18 B2   23 B1   24 B1   40 A1   41 A1   19 B2   25 B1    8 A2                 
  3.176   3.205   3.215   3.233   3.233   3.263   3.296   3.339
 26 B1   20 B2    9 A2   42 A1   27 B1   10 A2   43 A1   21 B2                 
  3.420   3.452   3.513   3.535   3.536   3.563   3.564   3.661
 44 A1   28 B1   22 B2   11 A2   45 A1   29 B1   46 A1   23 B2                 
  3.699   3.752   3.839   3.858   3.930   3.993   4.023   4.079
 47 A1   12 A2   30 B1   48 A1   31 B1   49 A1   32 B1   24 B2                 
  4.086   4.122   4.131   4.168   4.261   4.264   4.294   4.298
 13 A2   33 B1   50 A1   25 B2   51 A1   14 A2   52 A1   34 B1                 
  4.307   4.313   4.419   4.422   4.436   4.462   4.514   4.518
 53 A1   15 A2   26 B2   35 B1   27 B2   28 B2   29 B2   36 B1                 
  4.626   4.636   4.648   4.717   4.782   4.876   4.925   5.038
 37 B1   54 A1   55 A1   16 A2   56 A1   57 A1   30 B2   31 B2                 
  5.091   5.141   5.238   5.326   5.368   5.411   5.424   5.537
 58 A1   38 B1   39 B1   17 A2   59 A1   60 A1   61 A1   18 A2                 
  5.543   5.552   5.557   5.647   5.683   5.731   6.087   6.210
 32 B2   40 B1   41 B1   33 B2   62 A1   42 B1   63 A1   43 B1                 
  6.388   6.527   6.646   6.859   6.859   6.890   6.890   6.984
 44 B1   64 A1   65 A1   19 A2   66 A1   34 B2   45 B1   46 B1                 
  7.376   7.385   7.429   7.430   7.519   7.529   7.529   8.034
 35 B2   47 B1   20 A2   67 A1   36 B2   48 B1   68 A1   69 A1                 
 11.711  12.115  14.979
 70 A1   71 A1   72 A1                                                         
 --------------------------------------------------------------
 
          Ground-State Mulliken Net Atomic Charges

     Atom                 Charge (a.u.)
  ----------------------------------------
      1 C                    -0.345671
      2 C                    -0.287135
      3 H                     0.128918
      4 H                     0.180161
      5 H                     0.128918
      6 H                     0.180161
      7 O                    -1.173259
      8 H                     0.187908
  ----------------------------------------
  Sum of atomic charges =    -1.000000

 -----------------------------------------------------------------
                    Cartesian Multipole Moments
 -----------------------------------------------------------------
    Charge (ESU x 10^10)
                -4.8032
    Dipole Moment (Debye)
         X      -0.0000      Y       0.0000      Z      14.3533
       Tot      14.3533
    Quadrupole Moments (Debye-Ang)
        XX     -23.3735     XY      -0.0000     YY     -26.9918
        XZ       0.0000     YZ      -0.0000     ZZ     -71.8119
    Octopole Moments (Debye-Ang^2)
       XXX      -0.0000    XXY       0.0000    XYY      -0.0000
       YYY       0.0000    XXZ      12.4485    XYZ      -0.0000
       YYZ       6.8666    XZZ      -0.0000    YZZ       0.0000
       ZZZ     151.6989
    Hexadecapole Moments (Debye-Ang^3)
      XXXX     -50.2563   XXXY      -0.0000   XXYY     -16.1223
      XYYY      -0.0000   YYYY     -41.1505   XXXZ       0.0000
      XXYZ      -0.0000   XYYZ       0.0000   YYYZ      -0.0000
      XXZZ    -149.2437   XYZZ      -0.0000   YYZZ    -159.8072
      XZZZ       0.0000   YZZZ      -0.0000   ZZZZ   -1211.5480
 -----------------------------------------------------------------
 DrvMan is completing analytic gradient of the MP2 energy
 MP2 relaxed dipole moment
            1
    1  -0.0000000
    2   0.0000000
    3   5.6470349
	Magnitude:	 5.647 au	14.353 Debye
 MP2 energy read as -154.098911
 Full Analytical Gradient of MP2 Energy (in au.)
             1             2             3             4             5
    1    0.00000000   -0.00000000    0.00669939    0.00870292   -0.00669939
    2    0.00000000   -0.00000000    0.00000000    0.00000000   -0.00000000
    3    0.00414228   -0.00578090   -0.01022041    0.01130308   -0.01022041
             6             7             8
    1   -0.00870292   -0.00000000    0.00000000
    2   -0.00000000   -0.00000000    0.00000000
    3    0.01130308   -0.03021726    0.02969053
 Gradient time:  CPU 1.95 s  wall 0.20 s
 Geometry Optimization Parameters
   NAtoms,    NIC,     NZ,  NCons,   NDum,   NFix, NCnnct, MaxDiis
        8      47       0       0       0       7       0       0
**WARNING** Cannot use Internal Coordinates with Fixed Atoms
  Cartesian Optimization Enforced


** GEOMETRY OPTIMIZATION IN CARTESIAN COORDINATES **
   Searching for a Minimum

   Optimization Cycle:   1

                       Coordinates (Angstroms)
     ATOM                X               Y               Z
      1  C         0.0000000000    0.0000000000    2.2805000000
      2  C         0.0000000000    0.0000000000    0.9515000000
      3  H         0.9623488476    0.0000000000    2.7750800251
      4  H         0.9623489081    0.0000000000    0.4569200251
      5  H        -0.9623488476    0.0000000000    2.7750800251
      6  H        -0.9623489081    0.0000000000    0.4569200251
      7  O         0.0000000000    0.0000000000   -2.9840000000
      8  H         0.0000000000    0.0000000000   -1.9840000000
   Point Group: c2v   Number of degrees of freedom:     7


   Energy is   -154.098910541

            Atoms with "Fixed" Coordinates
                Atom    Coordinates
                     1        X  Y  Z
                     2        X  Y  Z
                     3        X  Y  Z
                     4        X  Y  Z
                     5        X  Y  Z
                     6        X  Y  Z
                     7           Y  Z

  1 Hessian modes will be used to form the next step
  Hessian Eigenvalues:
     1.000000

 Minimum search - taking simple RFO step
 Searching for Lamda that Minimizes Along All modes
 Value Taken    Lamda =  -0.00088075
 Step Taken.  Stepsize is  0.029664

                             Maximum     Tolerance    Cnvgd?
         Gradient           0.029691      0.000300      NO
         Displacement       0.025956      0.001200      NO
         Energy change     *********      0.000001      NO

 ----------------------------------------------------------------
             Standard Nuclear Orientation (Angstroms)
    I     Atom           X                Y                Z
 ----------------------------------------------------------------
    1      C       0.0000000000     0.0000000000     2.2824622160
    2      C       0.0000000000     0.0000000000     0.9534622160
    3      H       0.9623488476     0.0000000000     2.7770422411
    4      H       0.9623489081     0.0000000000     0.4588822411
    5      H      -0.9623488476     0.0000000000     2.7770422411
    6      H      -0.9623489081     0.0000000000     0.4588822411
    7      O       0.0000000000     0.0000000000    -2.9820377840
    8      H       0.0000000000     0.0000000000    -1.9977355120
 ----------------------------------------------------------------
 Molecular Point Group                 C2v   NOp =  4
 Largest Abelian Subgroup              C2v   NOp =  4
 Nuclear Repulsion Energy =          55.42505613 hartrees
 There are       13 alpha and       13 beta electrons
 Applying Cartesian multipole field
    Component          Value
    ---------          -----
     (2,0,0)        1.00000E-11
     (0,2,0)        2.00000E-11
     (0,0,2)       -3.00000E-11
 Nucleus-field energy     =    -0.0000000135 hartrees
 Read the previous MOs as SCF guess

 -----------------------------------------------------------------------
  General SCF calculation program by
  Eric Jon Sundstrom, Paul Horn, Yuezhi Mao, Dmitri Zuev, Alec White,
  David Stuck, Shaama M.S., Shane Yost, Joonho Lee, David Small,
  Daniel Levine, Susi Lehtola, Hugh Burton, Evgeny Epifanovsky,
  Bang C. Huynh
 -----------------------------------------------------------------------
 Requested basis set is non-standard
 There are 64 shells and 176 basis functions
 Hartree-Fock
 A cutoff of  1.0D-14 yielded   1905 shell pairs
 There are     14123 function pairs (     18174 Cartesian)
 Smallest overlap matrix eigenvalue = 4.83E-04
 A restricted SCF calculation will be
 performed using DIIS
 SCF converges when DIIS error is below 1.0e-08
 ---------------------------------------
  Cycle       Energy         DIIS error
 ---------------------------------------
    1    -152.8572249336      1.52e-03  
    2    -153.4711401950      5.42e-04  
    3    -153.4720463014      3.09e-04  
    4    -153.4723837019      1.03e-04  
    5    -153.4724445432      2.82e-05  
    6    -153.4724538336      1.13e-05  
    7    -153.4724556344      2.60e-06  
    8    -153.4724557146      6.04e-07  
    9    -153.4724557167      2.17e-07  
   10    -153.4724557170      5.32e-08  
   11    -153.4724557170      1.90e-08  
   12    -153.4724557170      4.37e-09  Convergence criterion met
 ---------------------------------------
 SCF time:   CPU 49.50s  wall 5.00s 
 SCF   energy in the final basis set =     -153.4724557170
 Total energy in the final basis set =     -153.4724557170
 
 Components of the MP2 correlation energy:
        aaaa  correlation energy =        -0.0731186152 au
        abab  correlation energy =        -0.4809137048 au
        bbbb  correlation energy =        -0.0731186152 au
        non-Brillouin singles    =        -0.0000000000 au

 Total  MP2   correlation energy =                    -0.62715094 au
        MP2         total energy =                  -154.09960665 au
  Entering Z-vector solver.
 Full subspace dimension requested for CIS/TDDFT
 MAX_CIS_SUBSPACE fits in available memory
   1         0           1      0.000352    0.000352
   2         0           1      0.000159    0.000159
   3         0           1      0.000070    0.000070
   4         0           1      0.000020    0.000020
   5         0           1      0.000003    0.000003
   6         1           0      0.000000    0.000000    Roots Converged
 
 --------------------------------------------------------------
             Orbital Energies (a.u.) and Symmetries
 --------------------------------------------------------------
 
 Alpha MOs, Restricted
 -- Occupied --                  
-20.196 -11.117 -11.115  -0.930  -0.904  -0.670  -0.551  -0.456
  1 A1    2 A1    3 A1    4 A1    5 A1    6 A1    1 B1    7 A1                 
 -0.405  -0.269  -0.253  -0.115  -0.115
  2 B1    1 B2    8 A1    2 B2    3 B1                                         
 -- Virtual --                   
  0.255   0.263   0.284   0.297   0.349   0.369   0.385   0.396
  9 A1    3 B2    4 B1   10 A1    5 B1   11 A1    4 B2   12 A1                 
  0.412   0.452   0.491   0.554   0.578   0.579   0.679   0.692
  6 B1   13 A1   14 A1    5 B2   15 A1    7 B1    6 B2   16 A1                 
  0.707   0.713   0.760   0.774   0.784   0.807   0.908   0.920
  8 B1   17 A1   18 A1    1 A2   19 A1    9 B1   20 A1    7 B2                 
  0.937   0.943   0.954   0.955   0.957   1.005   1.012   1.126
  2 A2   10 B1    3 A2   21 A1   22 A1    8 B2   11 B1   12 B1                 
  1.128   1.146   1.150   1.232   1.281   1.284   1.287   1.302
 23 A1   13 B1   24 A1   25 A1    9 B2   10 B2   14 B1   11 B2                 
  1.363   1.364   1.421   1.459   1.460   1.508   1.528   1.581
  4 A2   26 A1   15 B1   27 A1   12 B2   13 B2   16 B1   28 A1                 
  1.595   1.626   1.649   1.718   1.745   1.913   1.927   1.981
 17 B1   29 A1   30 A1   18 B1    5 A2   31 A1   32 A1   33 A1                 
  2.012   2.086   2.384   2.385   2.401   2.420   2.420   2.468
 34 A1   19 B1   35 A1    6 A2   36 A1   14 B2   20 B1   15 B2                 
  2.495   2.515   2.538   2.539   2.668   2.673   2.723   2.725
 16 B2   21 B1    7 A2   37 A1   38 A1   17 B2   39 A1   22 B1                 
  2.783   2.790   2.821   2.833   2.868   2.877   2.955   3.025
 18 B2   23 B1   40 A1   24 B1   41 A1   19 B2   25 B1    8 A2                 
  3.176   3.205   3.215   3.233   3.233   3.263   3.296   3.339
 26 B1   20 B2    9 A2   42 A1   27 B1   10 A2   43 A1   21 B2                 
  3.418   3.451   3.513   3.535   3.536   3.563   3.564   3.661
 44 A1   28 B1   22 B2   11 A2   45 A1   29 B1   46 A1   23 B2                 
  3.699   3.752   3.839   3.883   3.930   3.993   4.023   4.079
 47 A1   12 A2   30 B1   48 A1   31 B1   49 A1   32 B1   24 B2                 
  4.086   4.122   4.130   4.168   4.279   4.284   4.294   4.299
 13 A2   33 B1   50 A1   25 B2   51 A1   14 A2   52 A1   34 B1                 
  4.309   4.313   4.426   4.429   4.436   4.462   4.516   4.519
 53 A1   15 A2   26 B2   35 B1   27 B2   28 B2   29 B2   36 B1                 
  4.625   4.636   4.666   4.717   4.784   4.877   4.924   5.038
 37 B1   54 A1   55 A1   16 A2   56 A1   57 A1   30 B2   31 B2                 
  5.091   5.141   5.238   5.326   5.401   5.411   5.436   5.537
 58 A1   38 B1   39 B1   17 A2   59 A1   60 A1   61 A1   18 A2                 
  5.556   5.580   5.590   5.647   5.683   5.731   6.086   6.210
 40 B1   32 B2   41 B1   33 B2   62 A1   42 B1   63 A1   43 B1                 
  6.388   6.514   6.645   6.859   6.859   6.890   6.890   6.984
 44 B1   64 A1   65 A1   19 A2   66 A1   34 B2   45 B1   46 B1                 
  7.411   7.421   7.430   7.431   7.521   7.530   7.541   8.066
 35 B2   47 B1   20 A2   67 A1   36 B2   48 B1   68 A1   69 A1                 
 11.868  12.113  14.978
 70 A1   71 A1   72 A1                                                         
 
 Beta MOs, Restricted
 -- Occupied --                  
-20.196 -11.117 -11.115  -0.930  -0.904  -0.670  -0.551  -0.456
  1 A1    2 A1    3 A1    4 A1    5 A1    6 A1    1 B1    7 A1                 
 -0.405  -0.269  -0.253  -0.115  -0.115
  2 B1    1 B2    8 A1    2 B2    3 B1                                         
 -- Virtual --                   
  0.255   0.263   0.284   0.297   0.349   0.369   0.385   0.396
  9 A1    3 B2    4 B1   10 A1    5 B1   11 A1    4 B2   12 A1                 
  0.412   0.452   0.491   0.554   0.578   0.579   0.679   0.692
  6 B1   13 A1   14 A1    5 B2   15 A1    7 B1    6 B2   16 A1                 
  0.707   0.713   0.760   0.774   0.784   0.807   0.908   0.920
  8 B1   17 A1   18 A1    1 A2   19 A1    9 B1   20 A1    7 B2                 
  0.937   0.943   0.954   0.955   0.957   1.005   1.012   1.126
  2 A2   10 B1    3 A2   21 A1   22 A1    8 B2   11 B1   12 B1                 
  1.128   1.146   1.150   1.232   1.281   1.284   1.287   1.302
 23 A1   13 B1   24 A1   25 A1    9 B2   10 B2   14 B1   11 B2                 
  1.363   1.364   1.421   1.459   1.460   1.508   1.528   1.581
  4 A2   26 A1   15 B1   27 A1   12 B2   13 B2   16 B1   28 A1                 
  1.595   1.626   1.649   1.718   1.745   1.913   1.927   1.981
 17 B1   29 A1   30 A1   18 B1    5 A2   31 A1   32 A1   33 A1                 
  2.012   2.086   2.384   2.385   2.401   2.420   2.420   2.468
 34 A1   19 B1   35 A1    6 A2   36 A1   14 B2   20 B1   15 B2                 
  2.495   2.515   2.538   2.539   2.668   2.673   2.723   2.725
 16 B2   21 B1    7 A2   37 A1   38 A1   17 B2   39 A1   22 B1                 
  2.783   2.790   2.821   2.833   2.868   2.877   2.955   3.025
 18 B2   23 B1   40 A1   24 B1   41 A1   19 B2   25 B1    8 A2                 
  3.176   3.205   3.215   3.233   3.233   3.263   3.296   3.339
 26 B1   20 B2    9 A2   42 A1   27 B1   10 A2   43 A1   21 B2                 
  3.418   3.451   3.513   3.535   3.536   3.563   3.564   3.661
 44 A1   28 B1   22 B2   11 A2   45 A1   29 B1   46 A1   23 B2                 
  3.699   3.752   3.839   3.883   3.930   3.993   4.023   4.079
 47 A1   12 A2   30 B1   48 A1   31 B1   49 A1   32 B1   24 B2                 
  4.086   4.122   4.130   4.168   4.279   4.284   4.294   4.299
 13 A2   33 B1   50 A1   25 B2   51 A1   14 A2   52 A1   34 B1                 
  4.309   4.313   4.426   4.429   4.436   4.462   4.516   4.519
 53 A1   15 A2   26 B2   35 B1   27 B2   28 B2   29 B2   36 B1                 
  4.625   4.636   4.666   4.717   4.784   4.877   4.924   5.038
 37 B1   54 A1   55 A1   16 A2   56 A1   57 A1   30 B2   31 B2                 
  5.091   5.141   5.238   5.326   5.401   5.411   5.436   5.537
 58 A1   38 B1   39 B1   17 A2   59 A1   60 A1   61 A1   18 A2                 
  5.556   5.580   5.590   5.647   5.683   5.731   6.086   6.210
 40 B1   32 B2   41 B1   33 B2   62 A1   42 B1   63 A1   43 B1                 
  6.388   6.514   6.645   6.859   6.859   6.890   6.890   6.984
 44 B1   64 A1   65 A1   19 A2   66 A1   34 B2   45 B1   46 B1                 
  7.411   7.421   7.430   7.431   7.521   7.530   7.541   8.066
 35 B2   47 B1   20 A2   67 A1   36 B2   48 B1   68 A1   69 A1                 
 11.868  12.113  14.978
 70 A1   71 A1   72 A1                                                         
 --------------------------------------------------------------
 
          Ground-State Mulliken Net Atomic Charges

     Atom                 Charge (a.u.)
  ----------------------------------------
      1 C                    -0.345440
      2 C                    -0.287195
      3 H                     0.128932
      4 H                     0.180334
      5 H                     0.128932
      6 H                     0.180334
      7 O                    -1.169026
      8 H                     0.183130
  ----------------------------------------
  Sum of atomic charges =    -1.000000

 -----------------------------------------------------------------
                    Cartesian Multipole Moments
 -----------------------------------------------------------------
    Charge (ESU x 10^10)
                -4.8032
    Dipole Moment (Debye)
         X      -0.0000      Y      -0.0000      Z      14.3606
       Tot      14.3606
    Quadrupole Moments (Debye-Ang)
        XX     -23.3474     XY      -0.0000     YY     -26.9657
        XZ       0.0000     YZ       0.0000     ZZ     -71.8483
    Octopole Moments (Debye-Ang^2)
       XXX      -0.0000    XXY      -0.0000    XYY      -0.0000
       YYY      -0.0000    XXZ      12.3635    XYZ       0.0000
       YYZ       6.7739    XZZ      -0.0000    YZZ      -0.0000
       ZZZ     151.7544
    Hexadecapole Moments (Debye-Ang^3)
      XXXX     -50.1902   XXXY      -0.0000   XXYY     -16.1004
      XYYY      -0.0000   YYYY     -41.0851   XXXZ       0.0000
      XXYZ       0.0000   XYYZ       0.0000   YYYZ       0.0000
      XXZZ    -149.1254   XYZZ      -0.0000   YYZZ    -159.7104
      XZZZ       0.0000   YZZZ       0.0000   ZZZZ   -1212.5198
 -----------------------------------------------------------------
 DrvMan is completing analytic gradient of the MP2 energy
 MP2 relaxed dipole moment
            1
    1  -0.0000000
    2  -0.0000000
    3   5.6499048
	Magnitude:	 5.650 au	14.361 Debye
 MP2 energy read as -154.099607
 Full Analytical Gradient of MP2 Energy (in au.)
             1             2             3             4             5
    1   -0.00000000   -0.00000000    0.00670022    0.00870313   -0.00670022
    2   -0.00000000    0.00000000    0.00000000    0.00000000    0.00000000
    3    0.00414937   -0.00574144   -0.01021993    0.01131184   -0.01021993
             6             7             8
    1   -0.00870313    0.00000000   -0.00000000
    2    0.00000000   -0.00000000    0.00000000
    3    0.01131184   -0.01722061    0.01662886
 Gradient time:  CPU 1.53 s  wall 0.15 s
 Geometry Optimization Parameters
   NAtoms,    NIC,     NZ,  NCons,   NDum,   NFix, NCnnct, MaxDiis
        8      47       0       0       0       7       0       0

 Cartesian Hessian Update
 Hessian updated using BFGS update


** GEOMETRY OPTIMIZATION IN CARTESIAN COORDINATES **
   Searching for a Minimum

   Optimization Cycle:   2

                       Coordinates (Angstroms)
     ATOM                X               Y               Z
      1  C         0.0000000000    0.0000000000    2.2824622160
      2  C         0.0000000000    0.0000000000    0.9534622160
      3  H         0.9623488476    0.0000000000    2.7770422411
      4  H         0.9623489081    0.0000000000    0.4588822411
      5  H        -0.9623488476    0.0000000000    2.7770422411
      6  H        -0.9623489081    0.0000000000    0.4588822411
      7  O         0.0000000000    0.0000000000   -2.9820377840
      8  H         0.0000000000    0.0000000000   -1.9977355120
   Point Group: c2v   Number of degrees of freedom:     7


   Energy is   -154.099606652

            Atoms with "Fixed" Coordinates
                Atom    Coordinates
                     1        X  Y  Z
                     2        X  Y  Z
                     3        X  Y  Z
                     4        X  Y  Z
                     5        X  Y  Z
                     6        X  Y  Z
                     7           Y  Z

  1 Hessian modes will be used to form the next step
  Hessian Eigenvalues:
     0.503217

 Minimum search - taking simple RFO step
 Searching for Lamda that Minimizes Along All modes
 Value Taken    Lamda =  -0.00054890
 Step Taken.  Stepsize is  0.033009

                             Maximum     Tolerance    Cnvgd?
         Gradient           0.016629      0.000300      NO
         Displacement       0.028883      0.001200      NO
         Energy change     -0.000696      0.000001      NO

 ----------------------------------------------------------------
             Standard Nuclear Orientation (Angstroms)
    I     Atom           X                Y                Z
 ----------------------------------------------------------------
    1      C       0.0000000000     0.0000000000     2.2846456751
    2      C       0.0000000000     0.0000000000     0.9556456751
    3      H       0.9623488476     0.0000000000     2.7792257002
    4      H       0.9623489081     0.0000000000     0.4610657002
    5      H      -0.9623488476     0.0000000000     2.7792257002
    6      H      -0.9623489081     0.0000000000     0.4610657002
    7      O       0.0000000000     0.0000000000    -2.9798543249
    8      H       0.0000000000     0.0000000000    -2.0130197258
 ----------------------------------------------------------------
 Molecular Point Group                 C2v   NOp =  4
 Largest Abelian Subgroup              C2v   NOp =  4
 Nuclear Repulsion Energy =          55.49019509 hartrees
 There are       13 alpha and       13 beta electrons
 Applying Cartesian multipole field
    Component          Value
    ---------          -----
     (2,0,0)        1.00000E-11
     (0,2,0)        2.00000E-11
     (0,0,2)       -3.00000E-11
 Nucleus-field energy     =    -0.0000000136 hartrees
 Read the previous MOs as SCF guess

 -----------------------------------------------------------------------
  General SCF calculation program by
  Eric Jon Sundstrom, Paul Horn, Yuezhi Mao, Dmitri Zuev, Alec White,
  David Stuck, Shaama M.S., Shane Yost, Joonho Lee, David Small,
  Daniel Levine, Susi Lehtola, Hugh Burton, Evgeny Epifanovsky,
  Bang C. Huynh
 -----------------------------------------------------------------------
 Requested basis set is non-standard
 There are 64 shells and 176 basis functions
 Hartree-Fock
 A cutoff of  1.0D-14 yielded   1905 shell pairs
 There are     14123 function pairs (     18174 Cartesian)
 Smallest overlap matrix eigenvalue = 4.81E-04
 A restricted SCF calculation will be
 performed using DIIS
 SCF converges when DIIS error is below 1.0e-08
 ---------------------------------------
  Cycle       Energy         DIIS error
 ---------------------------------------
    1    -152.8595869091      1.53e-03  
    2    -153.4723057589      5.42e-04  
    3    -153.4731813256      3.06e-04  
    4    -153.4735071827      9.94e-05  
    5    -153.4735609006      2.63e-05  
    6    -153.4735686653      1.06e-05  
    7    -153.4735702039      2.52e-06  
    8    -153.4735702805      5.84e-07  
    9    -153.4735702826      2.15e-07  
   10    -153.4735702829      5.29e-08  
   11    -153.4735702829      1.85e-08  
   12    -153.4735702829      4.22e-09  Convergence criterion met
 ---------------------------------------
 SCF time:   CPU 49.60s  wall 5.00s 
 SCF   energy in the final basis set =     -153.4735702829
 Total energy in the final basis set =     -153.4735702829
 
 Components of the MP2 correlation energy:
        aaaa  correlation energy =        -0.0730193116 au
        abab  correlation energy =        -0.4802848131 au
        bbbb  correlation energy =        -0.0730193116 au
        non-Brillouin singles    =        -0.0000000000 au

 Total  MP2   correlation energy =                    -0.62632344 au
        MP2         total energy =                  -154.09989372 au
  Entering Z-vector solver.
 Full subspace dimension requested for CIS/TDDFT
 MAX_CIS_SUBSPACE fits in available memory
   1         0           1      0.000342    0.000342
   2         0           1      0.000151    0.000151
   3         0           1      0.000066    0.000066
   4         0           1      0.000019    0.000019
   5         0           1      0.000003    0.000003
   6         1           0      0.000000    0.000000    Roots Converged
 
 --------------------------------------------------------------
             Orbital Energies (a.u.) and Symmetries
 --------------------------------------------------------------
 
 Alpha MOs, Restricted
 -- Occupied --                  
-20.193 -11.117 -11.116  -0.930  -0.908  -0.670  -0.551  -0.456
  1 A1    2 A1    3 A1    4 A1    5 A1    6 A1    1 B1    7 A1                 
 -0.405  -0.269  -0.257  -0.115  -0.114
  2 B1    1 B2    8 A1    2 B2    3 B1                                         
 -- Virtual --                   
  0.255   0.263   0.284   0.296   0.349   0.369   0.385   0.396
  9 A1    3 B2    4 B1   10 A1    5 B1   11 A1    4 B2   12 A1                 
  0.412   0.452   0.491   0.554   0.578   0.579   0.679   0.691
  6 B1   13 A1   14 A1    5 B2   15 A1    7 B1    6 B2   16 A1                 
  0.707   0.713   0.760   0.774   0.784   0.807   0.908   0.920
  8 B1   17 A1   18 A1    1 A2   19 A1    9 B1   20 A1    7 B2                 
  0.937   0.943   0.954   0.955   0.961   1.005   1.012   1.126
  2 A2   10 B1    3 A2   21 A1   22 A1    8 B2   11 B1   12 B1                 
  1.133   1.146   1.151   1.229   1.281   1.284   1.288   1.302
 23 A1   13 B1   24 A1   25 A1    9 B2   10 B2   14 B1   11 B2                 
  1.363   1.364   1.425   1.459   1.462   1.511   1.529   1.584
  4 A2   26 A1   15 B1   27 A1   12 B2   13 B2   16 B1   28 A1                 
  1.594   1.626   1.649   1.718   1.744   1.907   1.928   2.001
 17 B1   29 A1   30 A1   18 B1    5 A2   31 A1   32 A1   33 A1                 
  2.006   2.086   2.384   2.385   2.402   2.420   2.420   2.468
 34 A1   19 B1   35 A1    6 A2   36 A1   14 B2   20 B1   15 B2                 
  2.495   2.515   2.538   2.539   2.666   2.673   2.722   2.726
 16 B2   21 B1    7 A2   37 A1   38 A1   17 B2   39 A1   22 B1                 
  2.791   2.794   2.810   2.835   2.868   2.877   2.955   3.025
 18 B2   23 B1   40 A1   24 B1   41 A1   19 B2   25 B1    8 A2                 
  3.175   3.205   3.214   3.233   3.233   3.262   3.296   3.339
 26 B1   20 B2    9 A2   42 A1   27 B1   10 A2   43 A1   21 B2                 
  3.417   3.451   3.513   3.535   3.536   3.563   3.564   3.660
 44 A1   28 B1   22 B2   11 A2   45 A1   29 B1   46 A1   23 B2                 
  3.699   3.752   3.839   3.910   3.930   3.993   4.023   4.078
 47 A1   12 A2   30 B1   48 A1   31 B1   49 A1   32 B1   24 B2                 
  4.086   4.122   4.130   4.168   4.293   4.297   4.299   4.306
 13 A2   33 B1   50 A1   25 B2   51 A1   52 A1   34 B1   14 A2                 
  4.314   4.317   4.434   4.437   4.437   4.462   4.518   4.521
 15 A2   53 A1   26 B2   27 B2   35 B1   28 B2   29 B2   36 B1                 
  4.623   4.636   4.684   4.717   4.787   4.877   4.924   5.038
 37 B1   54 A1   55 A1   16 A2   56 A1   57 A1   30 B2   31 B2                 
  5.091   5.141   5.238   5.326   5.409   5.414   5.479   5.536
 58 A1   38 B1   39 B1   17 A2   59 A1   60 A1   61 A1   18 A2                 
  5.556   5.619   5.629   5.647   5.684   5.732   6.085   6.210
 40 B1   32 B2   41 B1   33 B2   62 A1   42 B1   63 A1   43 B1                 
  6.387   6.503   6.644   6.859   6.860   6.890   6.890   6.984
 44 B1   64 A1   65 A1   19 A2   66 A1   34 B2   45 B1   46 B1                 
  7.432   7.432   7.439   7.453   7.538   7.542   7.561   8.104
 20 A2   67 A1   35 B2   47 B1   36 B2   48 B1   68 A1   69 A1                 
 12.045  12.118  14.978
 70 A1   71 A1   72 A1                                                         
 
 Beta MOs, Restricted
 -- Occupied --                  
-20.193 -11.117 -11.116  -0.930  -0.908  -0.670  -0.551  -0.456
  1 A1    2 A1    3 A1    4 A1    5 A1    6 A1    1 B1    7 A1                 
 -0.405  -0.269  -0.257  -0.115  -0.114
  2 B1    1 B2    8 A1    2 B2    3 B1                                         
 -- Virtual --                   
  0.255   0.263   0.284   0.296   0.349   0.369   0.385   0.396
  9 A1    3 B2    4 B1   10 A1    5 B1   11 A1    4 B2   12 A1                 
  0.412   0.452   0.491   0.554   0.578   0.579   0.679   0.691
  6 B1   13 A1   14 A1    5 B2   15 A1    7 B1    6 B2   16 A1                 
  0.707   0.713   0.760   0.774   0.784   0.807   0.908   0.920
  8 B1   17 A1   18 A1    1 A2   19 A1    9 B1   20 A1    7 B2                 
  0.937   0.943   0.954   0.955   0.961   1.005   1.012   1.126
  2 A2   10 B1    3 A2   21 A1   22 A1    8 B2   11 B1   12 B1                 
  1.133   1.146   1.151   1.229   1.281   1.284   1.288   1.302
 23 A1   13 B1   24 A1   25 A1    9 B2   10 B2   14 B1   11 B2                 
  1.363   1.364   1.425   1.459   1.462   1.511   1.529   1.584
  4 A2   26 A1   15 B1   27 A1   12 B2   13 B2   16 B1   28 A1                 
  1.594   1.626   1.649   1.718   1.744   1.907   1.928   2.001
 17 B1   29 A1   30 A1   18 B1    5 A2   31 A1   32 A1   33 A1                 
  2.006   2.086   2.384   2.385   2.402   2.420   2.420   2.468
 34 A1   19 B1   35 A1    6 A2   36 A1   14 B2   20 B1   15 B2                 
  2.495   2.515   2.538   2.539   2.666   2.673   2.722   2.726
 16 B2   21 B1    7 A2   37 A1   38 A1   17 B2   39 A1   22 B1                 
  2.791   2.794   2.810   2.835   2.868   2.877   2.955   3.025
 18 B2   23 B1   40 A1   24 B1   41 A1   19 B2   25 B1    8 A2                 
  3.175   3.205   3.214   3.233   3.233   3.262   3.296   3.339
 26 B1   20 B2    9 A2   42 A1   27 B1   10 A2   43 A1   21 B2                 
  3.417   3.451   3.513   3.535   3.536   3.563   3.564   3.660
 44 A1   28 B1   22 B2   11 A2   45 A1   29 B1   46 A1   23 B2                 
  3.699   3.752   3.839   3.910   3.930   3.993   4.023   4.078
 47 A1   12 A2   30 B1   48 A1   31 B1   49 A1   32 B1   24 B2                 
  4.086   4.122   4.130   4.168   4.293   4.297   4.299   4.306
 13 A2   33 B1   50 A1   25 B2   51 A1   52 A1   34 B1   14 A2                 
  4.314   4.317   4.434   4.437   4.437   4.462   4.518   4.521
 15 A2   53 A1   26 B2   27 B2   35 B1   28 B2   29 B2   36 B1                 
  4.623   4.636   4.684   4.717   4.787   4.877   4.924   5.038
 37 B1   54 A1   55 A1   16 A2   56 A1   57 A1   30 B2   31 B2                 
  5.091   5.141   5.238   5.326   5.409   5.414   5.479   5.536
 58 A1   38 B1   39 B1   17 A2   59 A1   60 A1   61 A1   18 A2                 
  5.556   5.619   5.629   5.647   5.684   5.732   6.085   6.210
 40 B1   32 B2   41 B1   33 B2   62 A1   42 B1   63 A1   43 B1                 
  6.387   6.503   6.644   6.859   6.860   6.890   6.890   6.984
 44 B1   64 A1   65 A1   19 A2   66 A1   34 B2   45 B1   46 B1                 
  7.432   7.432   7.439   7.453   7.538   7.542   7.561   8.104
 20 A2   67 A1   35 B2   47 B1   36 B2   48 B1   68 A1   69 A1                 
 12.045  12.118  14.978
 70 A1   71 A1   72 A1                                                         
 --------------------------------------------------------------
 
          Ground-State Mulliken Net Atomic Charges

     Atom                 Charge (a.u.)
  ----------------------------------------
      1 C                    -0.345179
      2 C                    -0.287258
      3 H                     0.128948
      4 H                     0.180519
      5 H                     0.128948
      6 H                     0.180519
      7 O                    -1.163838
      8 H                     0.177342
  ----------------------------------------
  Sum of atomic charges =    -1.000000

 -----------------------------------------------------------------
                    Cartesian Multipole Moments
 -----------------------------------------------------------------
    Charge (ESU x 10^10)
                -4.8032
    Dipole Moment (Debye)
         X      -0.0000      Y      -0.0000      Z      14.3689
       Tot      14.3689
    Quadrupole Moments (Debye-Ang)
        XX     -23.3175     XY      -0.0000     YY     -26.9358
        XZ      -0.0000     YZ       0.0000     ZZ     -71.8880
    Octopole Moments (Debye-Ang^2)
       XXX      -0.0000    XXY      -0.0000    XYY      -0.0000
       YYY      -0.0000    XXZ      12.2664    XYZ      -0.0000
       YYZ       6.6682    XZZ      -0.0000    YZZ      -0.0000
       ZZZ     151.8099
    Hexadecapole Moments (Debye-Ang^3)
      XXXX     -50.1126   XXXY       0.0000   XXYY     -16.0747
      XYYY       0.0000   YYYY     -41.0085   XXXZ      -0.0000
      XXYZ       0.0000   XYYZ      -0.0000   YYYZ       0.0000
      XXZZ    -148.9860   XYZZ       0.0000   YYZZ    -159.5946
      XZZZ      -0.0000   YZZZ       0.0000   ZZZZ   -1213.5614
 -----------------------------------------------------------------
 DrvMan is completing analytic gradient of the MP2 energy
 MP2 relaxed dipole moment
            1
    1  -0.0000000
    2  -0.0000000
    3   5.6531579
	Magnitude:	 5.653 au	14.369 Debye
 MP2 energy read as -154.099894
 Full Analytical Gradient of MP2 Energy (in au.)
             1             2             3             4             5
    1    0.00000000    0.00000000    0.00670118    0.00870311   -0.00670118
    2   -0.00000000   -0.00000000    0.00000000    0.00000000    0.00000000
    3    0.00415703   -0.00570051   -0.01021935    0.01132095   -0.01021935
             6             7             8
    1   -0.00870311   -0.00000000    0.00000000
    2   -0.00000000   -0.00000000    0.00000000
    3    0.01132095   -0.00102929    0.00036956
 Gradient time:  CPU 1.51 s  wall 0.15 s
 Geometry Optimization Parameters
   NAtoms,    NIC,     NZ,  NCons,   NDum,   NFix, NCnnct, MaxDiis
        8      47       0       0       0       7       0       0

 Cartesian Hessian Update
 Hessian updated using BFGS update


** GEOMETRY OPTIMIZATION IN CARTESIAN COORDINATES **
   Searching for a Minimum

   Optimization Cycle:   3

                       Coordinates (Angstroms)
     ATOM                X               Y               Z
      1  C         0.0000000000    0.0000000000    2.2846456751
      2  C         0.0000000000    0.0000000000    0.9556456751
      3  H         0.9623488476    0.0000000000    2.7792257002
      4  H         0.9623489081    0.0000000000    0.4610657002
      5  H        -0.9623488476    0.0000000000    2.7792257002
      6  H        -0.9623489081    0.0000000000    0.4610657002
      7  O         0.0000000000    0.0000000000   -2.9798543249
      8  H         0.0000000000    0.0000000000   -2.0130197258
   Point Group: c2v   Number of degrees of freedom:     7


   Energy is   -154.099893719

            Atoms with "Fixed" Coordinates
                Atom    Coordinates
                     1        X  Y  Z
                     2        X  Y  Z
                     3        X  Y  Z
                     4        X  Y  Z
                     5        X  Y  Z
                     6        X  Y  Z
                     7           Y  Z

  1 Hessian modes will be used to form the next step
  Hessian Eigenvalues:
     0.562937

 Minimum search - taking simple RFO step
 Searching for Lamda that Minimizes Along All modes
 Value Taken    Lamda =  -0.00000024
 Step Taken.  Stepsize is  0.000656

                             Maximum     Tolerance    Cnvgd?
         Gradient           0.000370      0.000300      NO
         Displacement       0.000574      0.001200     YES
         Energy change     -0.000287      0.000001      NO

 ----------------------------------------------------------------
             Standard Nuclear Orientation (Angstroms)
    I     Atom           X                Y                Z
 ----------------------------------------------------------------
    1      C       0.0000000000     0.0000000000     2.2846890992
    2      C       0.0000000000     0.0000000000     0.9556890992
    3      H       0.9623488476     0.0000000000     2.7792691243
    4      H       0.9623489081     0.0000000000     0.4611091243
    5      H      -0.9623488476     0.0000000000     2.7792691243
    6      H      -0.9623489081     0.0000000000     0.4611091243
    7      O       0.0000000000     0.0000000000    -2.9798109008
    8      H       0.0000000000     0.0000000000    -2.0133236943
 ----------------------------------------------------------------
 Molecular Point Group                 C2v   NOp =  4
 Largest Abelian Subgroup              C2v   NOp =  4
 Nuclear Repulsion Energy =          55.49152038 hartrees
 There are       13 alpha and       13 beta electrons
 Applying Cartesian multipole field
    Component          Value
    ---------          -----
     (2,0,0)        1.00000E-11
     (0,2,0)        2.00000E-11
     (0,0,2)       -3.00000E-11
 Nucleus-field energy     =    -0.0000000136 hartrees
 Read the previous MOs as SCF guess

 -----------------------------------------------------------------------
  General SCF calculation program by
  Eric Jon Sundstrom, Paul Horn, Yuezhi Mao, Dmitri Zuev, Alec White,
  David Stuck, Shaama M.S., Shane Yost, Joonho Lee, David Small,
  Daniel Levine, Susi Lehtola, Hugh Burton, Evgeny Epifanovsky,
  Bang C. Huynh
 -----------------------------------------------------------------------
 Requested basis set is non-standard
 There are 64 shells and 176 basis functions
 Hartree-Fock
 A cutoff of  1.0D-14 yielded   1905 shell pairs
 There are     14123 function pairs (     18174 Cartesian)
 Smallest overlap matrix eigenvalue = 4.81E-04
 A restricted SCF calculation will be
 performed using DIIS
 SCF converges when DIIS error is below 1.0e-08
 ---------------------------------------
  Cycle       Energy         DIIS error
 ---------------------------------------
    1    -152.8530422853      1.48e-03  
    2    -153.4723300063      5.33e-04  
    3    -153.4731884962      3.08e-04  
    4    -153.4735196967      9.80e-05  
    5    -153.4735769492      2.73e-05  
    6    -153.4735853995      1.10e-05  
    7    -153.4735870314      2.21e-06  
    8    -153.4735870930      4.30e-07  
    9    -153.4735870941      1.85e-07  
   10    -153.4735870943      4.82e-08  
   11    -153.4735870943      1.68e-08  
   12    -153.4735870943      3.59e-09  Convergence criterion met
 ---------------------------------------
 SCF time:   CPU 49.33s  wall 5.00s 
 SCF   energy in the final basis set =     -153.4735870943
 Total energy in the final basis set =     -153.4735870943
 
 Components of the MP2 correlation energy:
        aaaa  correlation energy =        -0.0730172785 au
        abab  correlation energy =        -0.4802722235 au
        bbbb  correlation energy =        -0.0730172785 au
        non-Brillouin singles    =        -0.0000000000 au

 Total  MP2   correlation energy =                    -0.62630678 au
        MP2         total energy =                  -154.09989387 au
  Entering Z-vector solver.
 Full subspace dimension requested for CIS/TDDFT
 MAX_CIS_SUBSPACE fits in available memory
   1         0           1      0.000342    0.000342
   2         0           1      0.000151    0.000151
   3         0           1      0.000066    0.000066
   4         0           1      0.000019    0.000019
   5         0           1      0.000003    0.000003
   6         1           0      0.000000    0.000000    Roots Converged
 
 --------------------------------------------------------------
             Orbital Energies (a.u.) and Symmetries
 --------------------------------------------------------------
 
 Alpha MOs, Restricted
 -- Occupied --                  
-20.193 -11.117 -11.116  -0.930  -0.908  -0.670  -0.551  -0.456
  1 A1    2 A1    3 A1    4 A1    5 A1    6 A1    1 B1    7 A1                 
 -0.405  -0.269  -0.257  -0.115  -0.114
  2 B1    1 B2    8 A1    2 B2    3 B1                                         
 -- Virtual --                   
  0.255   0.263   0.284   0.296   0.349   0.369   0.385   0.396
  9 A1    3 B2    4 B1   10 A1    5 B1   11 A1    4 B2   12 A1                 
  0.412   0.452   0.491   0.554   0.578   0.579   0.679   0.691
  6 B1   13 A1   14 A1    5 B2   15 A1    7 B1    6 B2   16 A1                 
  0.707   0.713   0.760   0.774   0.784   0.807   0.908   0.920
  8 B1   17 A1   18 A1    1 A2   19 A1    9 B1   20 A1    7 B2                 
  0.937   0.943   0.954   0.955   0.961   1.005   1.012   1.126
  2 A2   10 B1    3 A2   21 A1   22 A1    8 B2   11 B1   12 B1                 
  1.133   1.146   1.151   1.229   1.281   1.284   1.288   1.302
 23 A1   13 B1   24 A1   25 A1    9 B2   10 B2   14 B1   11 B2                 
  1.363   1.364   1.425   1.459   1.462   1.511   1.529   1.584
  4 A2   26 A1   15 B1   27 A1   12 B2   13 B2   16 B1   28 A1                 
  1.594   1.626   1.649   1.718   1.744   1.907   1.928   2.001
 17 B1   29 A1   30 A1   18 B1    5 A2   31 A1   32 A1   33 A1                 
  2.006   2.086   2.384   2.385   2.402   2.420   2.420   2.468
 34 A1   19 B1   35 A1    6 A2   36 A1   14 B2   20 B1   15 B2                 
  2.495   2.515   2.538   2.539   2.666   2.673   2.722   2.726
 16 B2   21 B1    7 A2   37 A1   38 A1   17 B2   39 A1   22 B1                 
  2.791   2.794   2.810   2.835   2.868   2.877   2.955   3.025
 18 B2   23 B1   40 A1   24 B1   41 A1   19 B2   25 B1    8 A2                 
  3.175   3.205   3.214   3.233   3.233   3.262   3.296   3.339
 26 B1   20 B2    9 A2   42 A1   27 B1   10 A2   43 A1   21 B2                 
  3.417   3.451   3.513   3.535   3.536   3.563   3.564   3.660
 44 A1   28 B1   22 B2   11 A2   45 A1   29 B1   46 A1   23 B2                 
  3.699   3.752   3.839   3.911   3.930   3.993   4.023   4.078
 47 A1   12 A2   30 B1   48 A1   31 B1   49 A1   32 B1   24 B2                 
  4.086   4.122   4.130   4.168   4.293   4.297   4.299   4.306
 13 A2   33 B1   50 A1   25 B2   51 A1   52 A1   34 B1   14 A2                 
  4.314   4.317   4.434   4.437   4.438   4.462   4.518   4.521
 15 A2   53 A1   26 B2   27 B2   35 B1   28 B2   29 B2   36 B1                 
  4.623   4.636   4.684   4.717   4.787   4.877   4.924   5.038
 37 B1   54 A1   55 A1   16 A2   56 A1   57 A1   30 B2   31 B2                 
  5.091   5.141   5.238   5.326   5.409   5.414   5.480   5.536
 58 A1   38 B1   39 B1   17 A2   59 A1   60 A1   61 A1   18 A2                 
  5.556   5.620   5.630   5.647   5.684   5.732   6.085   6.210
 40 B1   32 B2   41 B1   33 B2   62 A1   42 B1   63 A1   43 B1                 
  6.387   6.503   6.644   6.859   6.860   6.890   6.890   6.984
 44 B1   64 A1   65 A1   19 A2   66 A1   34 B2   45 B1   46 B1                 
  7.432   7.432   7.440   7.453   7.538   7.543   7.561   8.105
 20 A2   67 A1   35 B2   47 B1   36 B2   48 B1   68 A1   69 A1                 
 12.049  12.119  14.978
 70 A1   71 A1   72 A1                                                         
 
 Beta MOs, Restricted
 -- Occupied --                  
-20.193 -11.117 -11.116  -0.930  -0.908  -0.670  -0.551  -0.456
  1 A1    2 A1    3 A1    4 A1    5 A1    6 A1    1 B1    7 A1                 
 -0.405  -0.269  -0.257  -0.115  -0.114
  2 B1    1 B2    8 A1    2 B2    3 B1                                         
 -- Virtual --                   
  0.255   0.263   0.284   0.296   0.349   0.369   0.385   0.396
  9 A1    3 B2    4 B1   10 A1    5 B1   11 A1    4 B2   12 A1                 
  0.412   0.452   0.491   0.554   0.578   0.579   0.679   0.691
  6 B1   13 A1   14 A1    5 B2   15 A1    7 B1    6 B2   16 A1                 
  0.707   0.713   0.760   0.774   0.784   0.807   0.908   0.920
  8 B1   17 A1   18 A1    1 A2   19 A1    9 B1   20 A1    7 B2                 
  0.937   0.943   0.954   0.955   0.961   1.005   1.012   1.126
  2 A2   10 B1    3 A2   21 A1   22 A1    8 B2   11 B1   12 B1                 
  1.133   1.146   1.151   1.229   1.281   1.284   1.288   1.302
 23 A1   13 B1   24 A1   25 A1    9 B2   10 B2   14 B1   11 B2                 
  1.363   1.364   1.425   1.459   1.462   1.511   1.529   1.584
  4 A2   26 A1   15 B1   27 A1   12 B2   13 B2   16 B1   28 A1                 
  1.594   1.626   1.649   1.718   1.744   1.907   1.928   2.001
 17 B1   29 A1   30 A1   18 B1    5 A2   31 A1   32 A1   33 A1                 
  2.006   2.086   2.384   2.385   2.402   2.420   2.420   2.468
 34 A1   19 B1   35 A1    6 A2   36 A1   14 B2   20 B1   15 B2                 
  2.495   2.515   2.538   2.539   2.666   2.673   2.722   2.726
 16 B2   21 B1    7 A2   37 A1   38 A1   17 B2   39 A1   22 B1                 
  2.791   2.794   2.810   2.835   2.868   2.877   2.955   3.025
 18 B2   23 B1   40 A1   24 B1   41 A1   19 B2   25 B1    8 A2                 
  3.175   3.205   3.214   3.233   3.233   3.262   3.296   3.339
 26 B1   20 B2    9 A2   42 A1   27 B1   10 A2   43 A1   21 B2                 
  3.417   3.451   3.513   3.535   3.536   3.563   3.564   3.660
 44 A1   28 B1   22 B2   11 A2   45 A1   29 B1   46 A1   23 B2                 
  3.699   3.752   3.839   3.911   3.930   3.993   4.023   4.078
 47 A1   12 A2   30 B1   48 A1   31 B1   49 A1   32 B1   24 B2                 
  4.086   4.122   4.130   4.168   4.293   4.297   4.299   4.306
 13 A2   33 B1   50 A1   25 B2   51 A1   52 A1   34 B1   14 A2                 
  4.314   4.317   4.434   4.437   4.438   4.462   4.518   4.521
 15 A2   53 A1   26 B2   27 B2   35 B1   28 B2   29 B2   36 B1                 
  4.623   4.636   4.684   4.717   4.787   4.877   4.924   5.038
 37 B1   54 A1   55 A1   16 A2   56 A1   57 A1   30 B2   31 B2                 
  5.091   5.141   5.238   5.326   5.409   5.414   5.480   5.536
 58 A1   38 B1   39 B1   17 A2   59 A1   60 A1   61 A1   18 A2                 
  5.556   5.620   5.630   5.647   5.684   5.732   6.085   6.210
 40 B1   32 B2   41 B1   33 B2   62 A1   42 B1   63 A1   43 B1                 
  6.387   6.503   6.644   6.859   6.860   6.890   6.890   6.984
 44 B1   64 A1   65 A1   19 A2   66 A1   34 B2   45 B1   46 B1                 
  7.432   7.432   7.440   7.453   7.538   7.543   7.561   8.105
 20 A2   67 A1   35 B2   47 B1   36 B2   48 B1   68 A1   69 A1                 
 12.049  12.119  14.978
 70 A1   71 A1   72 A1                                                         
 --------------------------------------------------------------
 
          Ground-State Mulliken Net Atomic Charges

     Atom                 Charge (a.u.)
  ----------------------------------------
      1 C                    -0.345173
      2 C                    -0.287259
      3 H                     0.128948
      4 H                     0.180522
      5 H                     0.128948
      6 H                     0.180522
      7 O                    -1.163731
      8 H                     0.177223
  ----------------------------------------
  Sum of atomic charges =    -1.000000

 -----------------------------------------------------------------
                    Cartesian Multipole Moments
 -----------------------------------------------------------------
    Charge (ESU x 10^10)
                -4.8032
    Dipole Moment (Debye)
         X       0.0000      Y       0.0000      Z      14.3691
       Tot      14.3691
    Quadrupole Moments (Debye-Ang)
        XX     -23.3169     XY      -0.0000     YY     -26.9352
        XZ       0.0000     YZ      -0.0000     ZZ     -71.8888
    Octopole Moments (Debye-Ang^2)
       XXX       0.0000    XXY       0.0000    XYY      -0.0000
       YYY       0.0000    XXZ      12.2644    XYZ       0.0000
       YYZ       6.6661    XZZ       0.0000    YZZ       0.0000
       ZZZ     151.8109
    Hexadecapole Moments (Debye-Ang^3)
      XXXX     -50.1110   XXXY      -0.0000   XXYY     -16.0742
      XYYY      -0.0000   YYYY     -41.0069   XXXZ       0.0000
      XXYZ      -0.0000   XYYZ      -0.0000   YYYZ      -0.0000
      XXZZ    -148.9831   XYZZ      -0.0000   YYZZ    -159.5922
      XZZZ       0.0000   YZZZ      -0.0000   ZZZZ   -1213.5817
 -----------------------------------------------------------------
 DrvMan is completing analytic gradient of the MP2 energy
 MP2 relaxed dipole moment
            1
    1   0.0000000
    2   0.0000000
    3   5.6532230
	Magnitude:	 5.653 au	14.369 Debye
 MP2 energy read as -154.099894
 Full Analytical Gradient of MP2 Energy (in au.)
             1             2             3             4             5
    1    0.00000000    0.00000000    0.00670120    0.00870311   -0.00670120
    2   -0.00000000    0.00000000    0.00000000    0.00000000    0.00000000
    3    0.00415718   -0.00569973   -0.01021933    0.01132113   -0.01021933
             6             7             8
    1   -0.00870311   -0.00000000    0.00000000
    2   -0.00000000    0.00000000   -0.00000000
    3    0.01132113   -0.00068744    0.00002640
 Gradient time:  CPU 1.50 s  wall 0.15 s
 Geometry Optimization Parameters
   NAtoms,    NIC,     NZ,  NCons,   NDum,   NFix, NCnnct, MaxDiis
        8      47       0       0       0       7       0       0

 Cartesian Hessian Update
 Hessian updated using BFGS update


** GEOMETRY OPTIMIZATION IN CARTESIAN COORDINATES **
   Searching for a Minimum

   Optimization Cycle:   4

                       Coordinates (Angstroms)
     ATOM                X               Y               Z
      1  C         0.0000000000    0.0000000000    2.2846890992
      2  C         0.0000000000    0.0000000000    0.9556890992
      3  H         0.9623488476    0.0000000000    2.7792691243
      4  H         0.9623489081    0.0000000000    0.4611091243
      5  H        -0.9623488476    0.0000000000    2.7792691243
      6  H        -0.9623489081    0.0000000000    0.4611091243
      7  O         0.0000000000    0.0000000000   -2.9798109008
      8  H         0.0000000000    0.0000000000   -2.0133236943
   Point Group: c2v   Number of degrees of freedom:     7


   Energy is   -154.099893875

            Atoms with "Fixed" Coordinates
                Atom    Coordinates
                     1        X  Y  Z
                     2        X  Y  Z
                     3        X  Y  Z
                     4        X  Y  Z
                     5        X  Y  Z
                     6        X  Y  Z
                     7           Y  Z

  1 Hessian modes will be used to form the next step
  Hessian Eigenvalues:
     0.597389

 Minimum search - taking simple RFO step
 Searching for Lamda that Minimizes Along All modes
 Value Taken    Lamda =  -0.00000000
 Step Taken.  Stepsize is  0.000044

                             Maximum     Tolerance    Cnvgd?
         Gradient           0.000026      0.000300     YES
         Displacement       0.000039      0.001200     YES
         Energy change     -0.000000      0.000001     YES


                       Distance Matrix (Angstroms)
             C (  1)   C (  2)   H (  3)   H (  4)   H (  5)   H (  6)
   C (  2)  1.329000
   H (  3)  1.082000  2.061931
   H (  4)  2.061931  1.082000  2.318160
   H (  5)  1.082000  2.061931  1.924698  3.013026
   H (  6)  2.061931  1.082000  3.013026  1.924698  2.318160
   O (  7)  5.264500  3.935500  5.838931  3.572960  5.838931  3.572960
   H (  8)  4.298013  2.969013  4.888257  2.654983  4.888257  2.654983
             O (  7)
   H (  8)  0.966487
 
 Final energy is   -154.099893874954     


 ******************************
 **  OPTIMIZATION CONVERGED  **
 ******************************

                       Coordinates (Angstroms)
     ATOM                X               Y               Z
      1  C         0.0000000000    0.0000000000    2.2846890992
      2  C         0.0000000000    0.0000000000    0.9556890992
      3  H         0.9623488476    0.0000000000    2.7792691243
      4  H         0.9623489081    0.0000000000    0.4611091243
      5  H        -0.9623488476    0.0000000000    2.7792691243
      6  H        -0.9623489081    0.0000000000    0.4611091243
      7  O         0.0000000000    0.0000000000   -2.9798109008
      8  H         0.0000000000    0.0000000000   -2.0133236943

Z-matrix Print:
$molecule
-1 1
C 
H  1 1.082000
H  1 1.082000 2 125.600017
C  1 1.329000 2 117.199991 3 -180.000000 0
H  4 1.082000 1 117.199995 2 -0.000000 0
H  4 1.082000 1 117.199995 2 -180.000000 0
H  2 2.654983 1 95.948088 3 -0.000000 0
O  7 0.966487 2 158.748097 1 -180.000000 0
$end

 
 --------------------------------------------------------------
             Orbital Energies (a.u.) and Symmetries
 --------------------------------------------------------------
 
 Alpha MOs, Restricted
 -- Occupied --                  
-20.193 -11.117 -11.116  -0.930  -0.908  -0.670  -0.551  -0.456
  1 A1    2 A1    3 A1    4 A1    5 A1    6 A1    1 B1    7 A1                 
 -0.405  -0.269  -0.257  -0.115  -0.114
  2 B1    1 B2    8 A1    2 B2    3 B1                                         
 -- Virtual --                   
  0.255   0.263   0.284   0.296   0.349   0.369   0.385   0.396
  9 A1    3 B2    4 B1   10 A1    5 B1   11 A1    4 B2   12 A1                 
  0.412   0.452   0.491   0.554   0.578   0.579   0.679   0.691
  6 B1   13 A1   14 A1    5 B2   15 A1    7 B1    6 B2   16 A1                 
  0.707   0.713   0.760   0.774   0.784   0.807   0.908   0.920
  8 B1   17 A1   18 A1    1 A2   19 A1    9 B1   20 A1    7 B2                 
  0.937   0.943   0.954   0.955   0.961   1.005   1.012   1.126
  2 A2   10 B1    3 A2   21 A1   22 A1    8 B2   11 B1   12 B1                 
  1.133   1.146   1.151   1.229   1.281   1.284   1.288   1.302
 23 A1   13 B1   24 A1   25 A1    9 B2   10 B2   14 B1   11 B2                 
  1.363   1.364   1.425   1.459   1.462   1.511   1.529   1.584
  4 A2   26 A1   15 B1   27 A1   12 B2   13 B2   16 B1   28 A1                 
  1.594   1.626   1.649   1.718   1.744   1.907   1.928   2.001
 17 B1   29 A1   30 A1   18 B1    5 A2   31 A1   32 A1   33 A1                 
  2.006   2.086   2.384   2.385   2.402   2.420   2.420   2.468
 34 A1   19 B1   35 A1    6 A2   36 A1   14 B2   20 B1   15 B2                 
  2.495   2.515   2.538   2.539   2.666   2.673   2.722   2.726
 16 B2   21 B1    7 A2   37 A1   38 A1   17 B2   39 A1   22 B1                 
  2.791   2.794   2.810   2.835   2.868   2.877   2.955   3.025
 18 B2   23 B1   40 A1   24 B1   41 A1   19 B2   25 B1    8 A2                 
  3.175   3.205   3.214   3.233   3.233   3.262   3.296   3.339
 26 B1   20 B2    9 A2   42 A1   27 B1   10 A2   43 A1   21 B2                 
  3.417   3.451   3.513   3.535   3.536   3.563   3.564   3.660
 44 A1   28 B1   22 B2   11 A2   45 A1   29 B1   46 A1   23 B2                 
  3.699   3.752   3.839   3.911   3.930   3.993   4.023   4.078
 47 A1   12 A2   30 B1   48 A1   31 B1   49 A1   32 B1   24 B2                 
  4.086   4.122   4.130   4.168   4.293   4.297   4.299   4.306
 13 A2   33 B1   50 A1   25 B2   51 A1   52 A1   34 B1   14 A2                 
  4.314   4.317   4.434   4.437   4.438   4.462   4.518   4.521
 15 A2   53 A1   26 B2   27 B2   35 B1   28 B2   29 B2   36 B1                 
  4.623   4.636   4.684   4.717   4.787   4.877   4.924   5.038
 37 B1   54 A1   55 A1   16 A2   56 A1   57 A1   30 B2   31 B2                 
  5.091   5.141   5.238   5.326   5.409   5.414   5.480   5.536
 58 A1   38 B1   39 B1   17 A2   59 A1   60 A1   61 A1   18 A2                 
  5.556   5.620   5.630   5.647   5.684   5.732   6.085   6.210
 40 B1   32 B2   41 B1   33 B2   62 A1   42 B1   63 A1   43 B1                 
  6.387   6.503   6.644   6.859   6.860   6.890   6.890   6.984
 44 B1   64 A1   65 A1   19 A2   66 A1   34 B2   45 B1   46 B1                 
  7.432   7.432   7.440   7.453   7.538   7.543   7.561   8.105
 20 A2   67 A1   35 B2   47 B1   36 B2   48 B1   68 A1   69 A1                 
 12.049  12.119  14.978
 70 A1   71 A1   72 A1                                                         
 
 Beta MOs, Restricted
 -- Occupied --                  
-20.193 -11.117 -11.116  -0.930  -0.908  -0.670  -0.551  -0.456
  1 A1    2 A1    3 A1    4 A1    5 A1    6 A1    1 B1    7 A1                 
 -0.405  -0.269  -0.257  -0.115  -0.114
  2 B1    1 B2    8 A1    2 B2    3 B1                                         
 -- Virtual --                   
  0.255   0.263   0.284   0.296   0.349   0.369   0.385   0.396
  9 A1    3 B2    4 B1   10 A1    5 B1   11 A1    4 B2   12 A1                 
  0.412   0.452   0.491   0.554   0.578   0.579   0.679   0.691
  6 B1   13 A1   14 A1    5 B2   15 A1    7 B1    6 B2   16 A1                 
  0.707   0.713   0.760   0.774   0.784   0.807   0.908   0.920
  8 B1   17 A1   18 A1    1 A2   19 A1    9 B1   20 A1    7 B2                 
  0.937   0.943   0.954   0.955   0.961   1.005   1.012   1.126
  2 A2   10 B1    3 A2   21 A1   22 A1    8 B2   11 B1   12 B1                 
  1.133   1.146   1.151   1.229   1.281   1.284   1.288   1.302
 23 A1   13 B1   24 A1   25 A1    9 B2   10 B2   14 B1   11 B2                 
  1.363   1.364   1.425   1.459   1.462   1.511   1.529   1.584
  4 A2   26 A1   15 B1   27 A1   12 B2   13 B2   16 B1   28 A1                 
  1.594   1.626   1.649   1.718   1.744   1.907   1.928   2.001
 17 B1   29 A1   30 A1   18 B1    5 A2   31 A1   32 A1   33 A1                 
  2.006   2.086   2.384   2.385   2.402   2.420   2.420   2.468
 34 A1   19 B1   35 A1    6 A2   36 A1   14 B2   20 B1   15 B2                 
  2.495   2.515   2.538   2.539   2.666   2.673   2.722   2.726
 16 B2   21 B1    7 A2   37 A1   38 A1   17 B2   39 A1   22 B1                 
  2.791   2.794   2.810   2.835   2.868   2.877   2.955   3.025
 18 B2   23 B1   40 A1   24 B1   41 A1   19 B2   25 B1    8 A2                 
  3.175   3.205   3.214   3.233   3.233   3.262   3.296   3.339
 26 B1   20 B2    9 A2   42 A1   27 B1   10 A2   43 A1   21 B2                 
  3.417   3.451   3.513   3.535   3.536   3.563   3.564   3.660
 44 A1   28 B1   22 B2   11 A2   45 A1   29 B1   46 A1   23 B2                 
  3.699   3.752   3.839   3.911   3.930   3.993   4.023   4.078
 47 A1   12 A2   30 B1   48 A1   31 B1   49 A1   32 B1   24 B2                 
  4.086   4.122   4.130   4.168   4.293   4.297   4.299   4.306
 13 A2   33 B1   50 A1   25 B2   51 A1   52 A1   34 B1   14 A2                 
  4.314   4.317   4.434   4.437   4.438   4.462   4.518   4.521
 15 A2   53 A1   26 B2   27 B2   35 B1   28 B2   29 B2   36 B1                 
  4.623   4.636   4.684   4.717   4.787   4.877   4.924   5.038
 37 B1   54 A1   55 A1   16 A2   56 A1   57 A1   30 B2   31 B2                 
  5.091   5.141   5.238   5.326   5.409   5.414   5.480   5.536
 58 A1   38 B1   39 B1   17 A2   59 A1   60 A1   61 A1   18 A2                 
  5.556   5.620   5.630   5.647   5.684   5.732   6.085   6.210
 40 B1   32 B2   41 B1   33 B2   62 A1   42 B1   63 A1   43 B1                 
  6.387   6.503   6.644   6.859   6.860   6.890   6.890   6.984
 44 B1   64 A1   65 A1   19 A2   66 A1   34 B2   45 B1   46 B1                 
  7.432   7.432   7.440   7.453   7.538   7.543   7.561   8.105
 20 A2   67 A1   35 B2   47 B1   36 B2   48 B1   68 A1   69 A1                 
 12.049  12.119  14.978
 70 A1   71 A1   72 A1                                                         
 --------------------------------------------------------------
 
          Ground-State Mulliken Net Atomic Charges

     Atom                 Charge (a.u.)
  ----------------------------------------
      1 C                    -0.345173
      2 C                    -0.287259
      3 H                     0.128948
      4 H                     0.180522
      5 H                     0.128948
      6 H                     0.180522
      7 O                    -1.163731
      8 H                     0.177223
  ----------------------------------------
  Sum of atomic charges =    -1.000000

 -----------------------------------------------------------------
                    Cartesian Multipole Moments
 -----------------------------------------------------------------
    Charge (ESU x 10^10)
                -4.8032
    Dipole Moment (Debye)
         X       0.0000      Y       0.0000      Z      14.3691
       Tot      14.3691
    Quadrupole Moments (Debye-Ang)
        XX     -23.3169     XY      -0.0000     YY     -26.9352
        XZ       0.0000     YZ      -0.0000     ZZ     -71.8888
    Octopole Moments (Debye-Ang^2)
       XXX       0.0000    XXY       0.0000    XYY      -0.0000
       YYY       0.0000    XXZ      12.2644    XYZ       0.0000
       YYZ       6.6661    XZZ       0.0000    YZZ       0.0000
       ZZZ     151.8109
    Hexadecapole Moments (Debye-Ang^3)
      XXXX     -50.1110   XXXY      -0.0000   XXYY     -16.0742
      XYYY      -0.0000   YYYY     -41.0069   XXXZ       0.0000
      XXYZ      -0.0000   XYYZ      -0.0000   YYYZ      -0.0000
      XXZZ    -148.9831   XYZZ      -0.0000   YYZZ    -159.5922
      XZZZ       0.0000   YZZZ      -0.0000   ZZZZ   -1213.5817
 -----------------------------------------------------------------
 Total job time:  142.41s(wall), 735.11s(cpu) 
 Mon Apr  4 01:22:57 2022

        *************************************************************
        *                                                           *
        *  Thank you very much for using Q-Chem.  Have a nice day.  *
        *                                                           *
        *************************************************************


