                  Welcome to Q-Chem
     A Quantum Leap Into The Future Of Chemistry


 Q-Chem 5.4 (devel), Q-Chem, Inc., Pleasanton, CA (2021)

 E. Epifanovsky,  A. T. B. Gilbert,  Xintian Feng,  Joonho Lee,  Yuezhi Mao,  
 N. Mardirossian,  P. Pokhilko,  A. White,  M. Wormit,  M. P. Coons,  
 A. L. Dempwolff,  Zhengting Gan,  D. Hait,  P. R. Horn,  L. D. Jacobson,  
 I. Kaliman,  J. Kussmann,  A. W. Lange,  Ka Un Lao,  D. S. Levine,  Jie Liu,  
 S. C. McKenzie,  A. F. Morrison,  K. Nanda,  F. Plasser,  D. R. Rehn,  
 M. L. Vidal,  Zhi-Qiang You,  Ying Zhu,  B. Alam,  B. Albrecht,  
 A. Aldossary,  E. Alguire,  J. H. Andersen,  D. Barton,  K. Begam,  A. Behn,  
 Y. A. Bernard,  E. J. Berquist,  H. Burton,  A. Carreras,  K. Carter-Fenk,  
 R. Chakraborty,  A. D. Chien,  K. D. Closser,  V. Cofer-Shabica,  
 S. Dasgupta,  Jia Deng,  M. de Wergifosse,  M. Diedenhofen,  Hainam Do,  
 S. Ehlert,  Po-Tung Fang,  S. Fatehi,  Qingguo Feng,  T. Friedhoff,  
 J. Gayvert,  Qinghui Ge,  G. Gidofalvi,  M. Goldey,  J. Gomes,  
 C. Gonzalez-Espinoza,  S. Gulania,  A. Gunina,  M. W. D. Hanson-Heine,  
 P. H. P. Harbach,  A. W. Hauser,  M. F. Herbst,  M. Hernandez Vera,  
 M. Hodecker,  Z. C. Holden,  S. Houck,  Xunkun Huang,  Kerwin Hui,  
 B. C. Huynh,  M. Ivanov,  Hyunjun Ji,  Hanjie Jiang,  B. Kaduk,  S. Kaehler,  
 K. Khistyaev,  Jaehoon Kim,  P. Klunzinger,  Z. Koczor-Benda,  
 Joong Hoon Koh,  D. Kosenkov,  L. Koulias,  T. Kowalczyk,  C. M. Krauter,  
 K. Kue,  A. Kunitsa,  T. Kus,  A. Landau,  K. V. Lawler,  D. Lefrancois,  
 S. Lehtola,  Rain Li,  Yi-Pei Li,  Jiashu Liang,  M. Liebenthal,  
 Hung-Hsuan Lin,  You-Sheng Lin,  Fenglai Liu,  Kuan-Yu Liu,  
 M. Loipersberger,  A. Luenser,  A. Manjanath,  P. Manohar,  E. Mansoor,  
 S. F. Manzer,  Shan-Ping Mao,  A. V. Marenich,  T. Markovich,  S. Mason,  
 S. A. Maurer,  P. F. McLaughlin,  M. F. S. J. Menger,  J.-M. Mewes,  
 S. A. Mewes,  P. Morgante,  J. W. Mullinax,  K. J. Oosterbaan,  G. Paran,  
 Alexander C. Paul,  Suranjan K. Paul,  F. Pavosevic,  Zheng Pei,  S. Prager,  
 E. I. Proynov,  E. Ramos,  B. Rana,  A. E. Rask,  A. Rettig,  R. M. Richard,  
 F. Rob,  E. Rossomme,  T. Scheele,  M. Scheurer,  M. Schneider,  
 N. Sergueev,  S. M. Sharada,  W. Skomorowski,  D. W. Small,  C. J. Stein,  
 Yu-Chuan Su,  E. J. Sundstrom,  Zhen Tao,  J. Thirman,  T. Tsuchimochi,  
 N. M. Tubman,  S. P. Veccham,  O. Vydrov,  J. Wenzel,  J. Witte,  A. Yamada,  
 Kun Yao,  S. Yeganeh,  S. R. Yost,  A. Zech,  Igor Ying Zhang,  Xing Zhang,  
 Yu Zhang,  D. Zuev,  A. Aspuru-Guzik,  A. T. Bell,  N. A. Besley,  
 K. B. Bravaya,  B. R. Brooks,  D. Casanova,  Jeng-Da Chai,  S. Coriani,  
 C. J. Cramer,  A. E. DePrince, III,  R. A. DiStasio Jr.,  A. Dreuw,  
 B. D. Dunietz,  T. R. Furlani,  W. A. Goddard III,  S. Grimme,  
 S. Hammes-Schiffer,  T. Head-Gordon,  W. J. Hehre,  Chao-Ping Hsu,  
 T.-C. Jagau,  Yousung Jung,  A. Klamt,  Jing Kong,  D. S. Lambrecht,  
 WanZhen Liang,  N. J. Mayhall,  C. W. McCurdy,  J. B. Neaton,  
 C. Ochsenfeld,  J. A. Parkhill,  R. Peverati,  V. A. Rassolov,  Yihan Shao,  
 L. V. Slipchenko,  T. Stauch,  R. P. Steele,  J. E. Subotnik,  
 A. J. W. Thom,  A. Tkatchenko,  D. G. Truhlar,  T. Van Voorhis,  
 T. A. Wesolowski,  K. B. Whaley,  H. L. Woodcock III,  P. M. Zimmerman,  
 S. Faraji,  P. M. W. Gill,  M. Head-Gordon,  J. M. Herbert,  A. I. Krylov

 Additional authors for Version 5.4.1: 
 S. Kotaru,  Shaozhi Li,  Xiangyuan Li,  F. Matz,  A. Molle,  Haisheng Ren,  
 Yingli Su,  Hung-Yi Tsai,  C. Utku,  Fang Wang

 Contributors to earlier versions of Q-Chem not listed above: 
 R. D. Adamson,  B. Austin,  R. Baer,  J. Baker,  G. J. O. Beran,  
 K. Brandhorst,  S. T. Brown,  E. F. C. Byrd,  A. K. Chakraborty,  
 G. K. L. Chan,  Chun-Min Chang,  Yunqing Chen,  C.-L. Cheng,  
 Siu Hung Chien,  D. M. Chipman,  D. L. Crittenden,  H. Dachsel,  
 R. J. Doerksen,  A. D. Dutoi,  R. G. Edgar,  J. Fosso-Tande,  
 L. Fusti-Molnar,  D. Ghosh,  A. Ghysels,  A. Golubeva-Zadorozhnaya,  
 J. Gonthier,  M. S. Gordon,  S. R. Gwaltney,  G. Hawkins,  J. E. Herr,  
 A. Heyden,  S. Hirata,  E. G. Hohenstein,  G. Kedziora,  F. J. Keil,  
 C. Kelley,  Jihan Kim,  R. A. King,  R. Z. Khaliullin,  P. P. Korambath,  
 W. Kurlancheek,  A. Laurent,  A. M. Lee,  M. S. Lee,  S. V. Levchenko,  
 Ching Yeh Lin,  D. Liotard,  E. Livshits,  R. C. Lochan,  I. Lotan,  
 L. A. Martinez-Martinez,  P. E. Maslen,  N. Nair,  D. P. O'Neill,  
 D. Neuhauser,  E. Neuscamman,  C. M. Oana,  R. Olivares-Amaya,  R. Olson,  
 T. M. Perrine,  B. Peters,  P. A. Pieniazek,  A. Prociuk,  Y. M. Rhee,  
 J. Ritchie,  M. A. Rohrdanz,  E. Rosta,  N. J. Russ,  H. F. Schaefer III,  
 M. W. Schmidt,  N. E. Schultz,  S. Sharma,  N. Shenvi,  C. D. Sherrill,  
 A. C. Simmonett,  A. Sodt,  T. Stein,  D. Stuck,  K. S. Thanthiriwatte,  
 V. Vanovschi,  L. Vogt,  Tao Wang,  A. Warshel,  M. A. Watson,  
 C. F. Williams,  Q. Wu,  X. Xu,  Jun Yang,  W. Zhang,  Yan Zhao

 Please cite Q-Chem as follows:
 Y. Shao et al., Mol. Phys. 113, 184-215 (2015)
 DOI: 10.1080/00268976.2014.952696

 Q-Chem 5.4.1 for Intel X86 EM64T Linux

 Parts of Q-Chem use Armadillo 9.900.5 (Nocturnal Misbehaviour).
 http://arma.sourceforge.net/

 Q-Chem begins on Sun Apr  3 13:14:08 2022  

 Host: node01
0

     Scratch files written to /src/jdavis/qchem.scratch/qchem26611//
 Processing $rem in /src/tsommerfeld/qchem/config/preferences:
 Processing $rem in /home/jdavis/.qchemrc:
 Core orbitals will be frozen

 Checking the input file for inconsistencies... 	...done.

--------------------------------------------------------------
User input:
--------------------------------------------------------------
$molecule
-1 1
C        -0.6645000000    0.0000000000   -0.2082049804
C         0.6645000000    0.0000000000   -0.2082049804
H        -1.1590800000    0.0000000000    0.7541440196
H         1.1590800000    0.0000000000    0.7541440196
H        -1.1590800000    0.0000000000   -1.1705529804
H         1.1590800000    0.0000000000   -1.1705529804
O         3.6             0.0            -0.2082049804
H         4.6             0.0            -0.2082049804
$end

$rem
   JOBTYPE opt
   METHOD MP2
   BASIS gen
   PURECART 11
   THRESH 14
   S2THRESH 14
   THREADS 10
   MEM_TOTAL 95000
$end
$basis
C     1
cc-pvtz
****
C     2
cc-pvtz
****
H     3
cc-pvtz
****
H     4
cc-pvtz
****
H     5
cc-pvtz
****
H     6
cc-pvtz
****
O     7
aug-cc-pvtz
****
H     7
aug-cc-pvtz
****
$end

$opt
FIXED
1 xyz
2 xyz
3 xyz
4 xyz
5 xyz
6 xyz
7 yz
ENDFIXED
$end
--------------------------------------------------------------
 Atom   1: ( -0.0000001413, -0.0000000000,  2.0005000000)
         ->(  0.0000000000,  0.0000000000,  2.0005000000)
 Atom   2: ( -0.0000001006, -0.0000000000,  0.6715000000)
         ->(  0.0000000000,  0.0000000000,  0.6715000000)
 Atom   5: ( -0.9623481565, -0.0000000000,  2.4950799705)
         ->( -0.9623488435, -0.0000000000,  2.4950800295)
 Atom   6: ( -0.9623480854, -0.0000000000,  0.1769199705)
         ->( -0.9623489146, -0.0000000000,  0.1769200295)
 Atom   7: ( -0.0000000106, -0.0000000000, -2.2640000000)
         ->(  0.0000000000,  0.0000000000, -2.2640000000)
 Atom   8: (  0.0000000200, -0.0000000000, -3.2640000000)
         ->(  0.0000000000,  0.0000000000, -3.2640000000)
 ----------------------------------------------------------------
             Standard Nuclear Orientation (Angstroms)
    I     Atom           X                Y                Z
 ----------------------------------------------------------------
    1      C       0.0000000000     0.0000000000     2.0005000000
    2      C       0.0000000000     0.0000000000     0.6715000000
    3      H       0.9623488435     0.0000000000     2.4950800295
    4      H       0.9623489146     0.0000000000     0.1769200295
    5      H      -0.9623488435    -0.0000000000     2.4950800295
    6      H      -0.9623489146    -0.0000000000     0.1769200295
    7      O       0.0000000000     0.0000000000    -2.2640000000
    8      H       0.0000000000     0.0000000000    -3.2640000000
 ----------------------------------------------------------------
 Molecular Point Group                 C2v   NOp =  4
 Largest Abelian Subgroup              C2v   NOp =  4
 Nuclear Repulsion Energy =          59.28988914 hartrees
 There are       13 alpha and       13 beta electrons
 Requested basis set is non-standard
 There are 64 shells and 176 basis functions

 Total QAlloc Memory Limit  95000 MB
 Mega-Array Size       188 MB
 MEM_STATIC part       192 MB
 A cutoff of  1.0D-14 yielded   1945 shell pairs
 There are     14649 function pairs (     18967 Cartesian)
 Smallest overlap matrix eigenvalue = 4.67E-04

 Scale SEOQF with 1.000000e-01/1.000000e-01/1.000000e-01

 Standard Electronic Orientation quadrupole field applied
 Nucleus-field energy     =    -0.0000000096 hartrees
 ================ Generating on-the-fly SAD Guess ================
Attempting to make child job directory: /src/jdavis/qchem.scratch/qchem26611//Frg1/
Attempting to make child job directory: /src/jdavis/qchem.scratch/qchem26611//Frg2/
Attempting to make child job directory: /src/jdavis/qchem.scratch/qchem26611//Frg3/
Creating input file /src/jdavis/qchem.scratch/qchem26611/Frg1.input
using default PutDataFrgm: nothing
calling putenv with: QCSCRATCH=/src/jdavis/qchem.scratch/qchem26611/ 
Spawning Job For Fragment 0
Done Job For Fragment 0
calling putenv with: QCSCRATCH=/src/jdavis/qchem.scratch 
calling putenv with: QCTHREADS=1 
Creating input file /src/jdavis/qchem.scratch/qchem26611/Frg2.input
using default PutDataFrgm: nothing
calling putenv with: QCSCRATCH=/src/jdavis/qchem.scratch/qchem26611/ 
Spawning Job For Fragment 1
Done Job For Fragment 1
calling putenv with: QCSCRATCH=/src/jdavis/qchem.scratch 
calling putenv with: QCTHREADS=1 
Creating input file /src/jdavis/qchem.scratch/qchem26611/Frg3.input
using default PutDataFrgm: nothing
calling putenv with: QCSCRATCH=/src/jdavis/qchem.scratch/qchem26611/ 
Spawning Job For Fragment 2
Done Job For Fragment 2
calling putenv with: QCSCRATCH=/src/jdavis/qchem.scratch 
calling putenv with: QCTHREADS=1 
 Time for running child jobs:  CPU 1.74 s  wall 1.92 s
 ============= Method Specific SAD Guess Constructed =============
 Guess from on-the-fly superposition of atomic densities
 Warning: Energy on first SCF cycle will be non-variational

 -----------------------------------------------------------------------
  General SCF calculation program by
  Eric Jon Sundstrom, Paul Horn, Yuezhi Mao, Dmitri Zuev, Alec White,
  David Stuck, Shaama M.S., Shane Yost, Joonho Lee, David Small,
  Daniel Levine, Susi Lehtola, Hugh Burton, Evgeny Epifanovsky,
  Bang C. Huynh
 -----------------------------------------------------------------------
 Hartree-Fock
 using 10 threads for integral computing
 -------------------------------------------------------
 OpenMP Integral computing Module                
 Release: version 1.0, May 2013, Q-Chem Inc. Pittsburgh 
 -------------------------------------------------------
 A restricted SCF calculation will be
 performed using DIIS
 SCF converges when DIIS error is below 1.0e-08
 ---------------------------------------
  Cycle       Energy         DIIS error
 ---------------------------------------
    1    -153.5156315670      3.04e-02  
    2    -153.3160505181      6.42e-03  
    3    -153.3748584287      5.92e-03  
    4    -153.4743899324      3.83e-04  
    5    -153.4754053616      1.16e-04  
    6    -153.4755035107      4.04e-05  
    7    -153.4755172098      1.38e-05  
    8    -153.4755203256      7.15e-06  
    9    -153.4755207953      1.62e-06  
   10    -153.4755208233      5.10e-07  
   11    -153.4755208253      9.23e-08  
   12    -153.4755208254      1.43e-08  
   13    -153.4755208254      3.56e-09  Convergence criterion met
 ---------------------------------------
 SCF time:   CPU 48.23s  wall 4.00s 
 SCF   energy in the final basis set =     -153.4755208254
 Total energy in the final basis set =     -153.4755208254
 
 Components of the MP2 correlation energy:
        aaaa  correlation energy =        -0.0734969522 au
        abab  correlation energy =        -0.4815617573 au
        bbbb  correlation energy =        -0.0734969522 au
        non-Brillouin singles    =        -0.0000000000 au

 Total  MP2   correlation energy =                    -0.62855566 au
        MP2         total energy =                  -154.10407649 au
  Entering Z-vector solver.
 Full subspace dimension requested for CIS/TDDFT
 MAX_CIS_SUBSPACE fits in available memory
   1         0           1      0.000358    0.000358
   2         0           1      0.000160    0.000160
   3         0           1      0.000071    0.000071
   4         0           1      0.000020    0.000020
   5         0           1      0.000003    0.000003
   6         0           1      0.000001    0.000001
   7         1           0      0.000000    0.000000    Roots Converged
 
 --------------------------------------------------------------
             Orbital Energies (a.u.) and Symmetries
 --------------------------------------------------------------
 
 Alpha MOs, Restricted
 -- Occupied --                  
-20.204 -11.071 -11.068  -0.909  -0.884  -0.622  -0.506  -0.408
  1 A1    2 A1    3 A1    4 A1    5 A1    6 A1    1 B1    7 A1                 
 -0.358  -0.258  -0.225  -0.124  -0.124
  2 B1    8 A1    1 B2    3 B1    2 B2                                         
 -- Virtual --                   
  0.285   0.307   0.309   0.314   0.359   0.376   0.385   0.429
  9 A1   10 A1    3 B2    4 B1   11 A1    5 B1    4 B2   12 A1                 
  0.432   0.497   0.525   0.598   0.619   0.624   0.724   0.731
  6 B1   13 A1   14 A1    5 B2    7 B1   15 A1   16 A1    6 B2                 
  0.753   0.753   0.772   0.810   0.816   0.862   0.919   0.930
  8 B1   17 A1   18 A1   19 A1    1 A2    9 B1    7 B2    2 A2                 
  0.931   0.947   0.953   0.970   1.000   1.068   1.082   1.157
 20 A1   10 B1   21 A1   22 A1    3 A2   11 B1    8 B2   23 A1                 
  1.167   1.205   1.267   1.273   1.286   1.305   1.320   1.354
 12 B1   13 B1    9 B2   24 A1   25 A1   14 B1   10 B2   11 B2                 
  1.410   1.432   1.471   1.480   1.519   1.582   1.608   1.623
  4 A2   26 A1   15 B1   12 B2   27 A1   13 B2   16 B1   28 A1                 
  1.669   1.705   1.723   1.775   1.790   1.882   1.950   2.001
 29 A1   17 B1   30 A1   18 B1    5 A2   31 A1   32 A1   33 A1                 
  2.060   2.191   2.379   2.387   2.410   2.413   2.469   2.485
 34 A1   19 B1    6 A2   35 A1   14 B2   20 B1   36 A1   15 B2                 
  2.522   2.525   2.530   2.540   2.711   2.732   2.733   2.756
 21 B1   16 B2    7 A2   37 A1   38 A1   22 B1   17 B2   39 A1                 
  2.763   2.816   2.887   2.903   2.950   2.962   3.000   3.072
 18 B2   23 B1   40 A1   24 B1   19 B2   41 A1   25 B1    8 A2                 
  3.234   3.252   3.260   3.288   3.294   3.310   3.354   3.388
 26 B1   20 B2    9 A2   42 A1   27 B1   10 A2   43 A1   21 B2                 
  3.493   3.515   3.572   3.581   3.585   3.613   3.621   3.711
 44 A1   28 B1   22 B2   11 A2   45 A1   29 B1   46 A1   23 B2                 
  3.753   3.802   3.886   3.983   4.012   4.045   4.075   4.126
 47 A1   12 A2   30 B1   31 B1   48 A1   49 A1   32 B1   24 B2                 
  4.135   4.175   4.183   4.218   4.260   4.265   4.343   4.344
 13 A2   33 B1   50 A1   25 B2   14 A2   51 A1   52 A1   34 B1                 
  4.365   4.397   4.416   4.481   4.489   4.506   4.535   4.552
 15 A2   53 A1   26 B2   27 B2   35 B1   28 B2   29 B2   36 B1                 
  4.650   4.740   4.753   4.766   4.861   4.926   4.978   5.085
 54 A1   55 A1   37 B1   16 A2   56 A1   57 A1   30 B2   31 B2                 
  5.149   5.196   5.297   5.373   5.385   5.458   5.472   5.539
 58 A1   38 B1   39 B1   17 A2   59 A1   60 A1   61 A1   32 B2                 
  5.557   5.585   5.606   5.694   5.746   5.800   6.161   6.285
 40 B1   18 A2   41 B1   33 B2   62 A1   42 B1   63 A1   43 B1                 
  6.424   6.471   6.703   6.854   6.877   6.881   6.882   7.035
 64 A1   44 B1   65 A1   19 A2   66 A1   34 B2   45 B1   46 B1                 
  7.377   7.424   7.427   7.430   7.519   7.545   7.545   8.208
 35 B2   20 A2   47 B1   67 A1   36 B2   68 A1   48 B1   69 A1                 
 11.554  12.305  15.115
 70 A1   71 A1   72 A1                                                         
 
 Beta MOs, Restricted
 -- Occupied --                  
-20.204 -11.071 -11.068  -0.909  -0.884  -0.622  -0.506  -0.408
  1 A1    2 A1    3 A1    4 A1    5 A1    6 A1    1 B1    7 A1                 
 -0.358  -0.258  -0.225  -0.124  -0.124
  2 B1    8 A1    1 B2    3 B1    2 B2                                         
 -- Virtual --                   
  0.285   0.307   0.309   0.314   0.359   0.376   0.385   0.429
  9 A1   10 A1    3 B2    4 B1   11 A1    5 B1    4 B2   12 A1                 
  0.432   0.497   0.525   0.598   0.619   0.624   0.724   0.731
  6 B1   13 A1   14 A1    5 B2    7 B1   15 A1   16 A1    6 B2                 
  0.753   0.753   0.772   0.810   0.816   0.862   0.919   0.930
  8 B1   17 A1   18 A1   19 A1    1 A2    9 B1    7 B2    2 A2                 
  0.931   0.947   0.953   0.970   1.000   1.068   1.082   1.157
 20 A1   10 B1   21 A1   22 A1    3 A2   11 B1    8 B2   23 A1                 
  1.167   1.205   1.267   1.273   1.286   1.305   1.320   1.354
 12 B1   13 B1    9 B2   24 A1   25 A1   14 B1   10 B2   11 B2                 
  1.410   1.432   1.471   1.480   1.519   1.582   1.608   1.623
  4 A2   26 A1   15 B1   12 B2   27 A1   13 B2   16 B1   28 A1                 
  1.669   1.705   1.723   1.775   1.790   1.882   1.950   2.001
 29 A1   17 B1   30 A1   18 B1    5 A2   31 A1   32 A1   33 A1                 
  2.060   2.191   2.379   2.387   2.410   2.413   2.469   2.485
 34 A1   19 B1    6 A2   35 A1   14 B2   20 B1   36 A1   15 B2                 
  2.522   2.525   2.530   2.540   2.711   2.732   2.733   2.756
 21 B1   16 B2    7 A2   37 A1   38 A1   22 B1   17 B2   39 A1                 
  2.763   2.816   2.887   2.903   2.950   2.962   3.000   3.072
 18 B2   23 B1   40 A1   24 B1   19 B2   41 A1   25 B1    8 A2                 
  3.234   3.252   3.260   3.288   3.294   3.310   3.354   3.388
 26 B1   20 B2    9 A2   42 A1   27 B1   10 A2   43 A1   21 B2                 
  3.493   3.515   3.572   3.581   3.585   3.613   3.621   3.711
 44 A1   28 B1   22 B2   11 A2   45 A1   29 B1   46 A1   23 B2                 
  3.753   3.802   3.886   3.983   4.012   4.045   4.075   4.126
 47 A1   12 A2   30 B1   31 B1   48 A1   49 A1   32 B1   24 B2                 
  4.135   4.175   4.183   4.218   4.260   4.265   4.343   4.344
 13 A2   33 B1   50 A1   25 B2   14 A2   51 A1   52 A1   34 B1                 
  4.365   4.397   4.416   4.481   4.489   4.506   4.535   4.552
 15 A2   53 A1   26 B2   27 B2   35 B1   28 B2   29 B2   36 B1                 
  4.650   4.740   4.753   4.766   4.861   4.926   4.978   5.085
 54 A1   55 A1   37 B1   16 A2   56 A1   57 A1   30 B2   31 B2                 
  5.149   5.196   5.297   5.373   5.385   5.458   5.472   5.539
 58 A1   38 B1   39 B1   17 A2   59 A1   60 A1   61 A1   32 B2                 
  5.557   5.585   5.606   5.694   5.746   5.800   6.161   6.285
 40 B1   18 A2   41 B1   33 B2   62 A1   42 B1   63 A1   43 B1                 
  6.424   6.471   6.703   6.854   6.877   6.881   6.882   7.035
 64 A1   44 B1   65 A1   19 A2   66 A1   34 B2   45 B1   46 B1                 
  7.377   7.424   7.427   7.430   7.519   7.545   7.545   8.208
 35 B2   20 A2   47 B1   67 A1   36 B2   68 A1   48 B1   69 A1                 
 11.554  12.305  15.115
 70 A1   71 A1   72 A1                                                         
 --------------------------------------------------------------
 
          Ground-State Mulliken Net Atomic Charges

     Atom                 Charge (a.u.)
  ----------------------------------------
      1 C                    -0.369026
      2 C                    -0.253581
      3 H                     0.110025
      4 H                     0.200700
      5 H                     0.110025
      6 H                     0.200700
      7 O                    -1.150808
      8 H                     0.151965
  ----------------------------------------
  Sum of atomic charges =    -1.000000

 -----------------------------------------------------------------
                    Cartesian Multipole Moments
 -----------------------------------------------------------------
    Charge (ESU x 10^10)
                -4.8032
    Dipole Moment (Debye)
         X       0.0000      Y      -0.0000      Z       8.1849
       Tot       8.1849
    Quadrupole Moments (Debye-Ang)
        XX     -23.5277     XY      -0.0000     YY     -27.0765
        XZ      -0.0000     YZ       0.0000     ZZ     -44.9339
    Octopole Moments (Debye-Ang^2)
       XXX      -0.0000    XXY      -0.0000    XYY      -0.0000
       YYY      -0.0000    XXZ       8.5811    XYZ      -0.0000
       YYZ       4.2079    XZZ      -0.0000    YZZ      -0.0000
       ZZZ      31.8778
    Hexadecapole Moments (Debye-Ang^3)
      XXXX     -50.8110   XXXY      -0.0000   XXYY     -16.2387
      XYYY      -0.0000   YYYY     -41.4259   XXXZ      -0.0000
      XXYZ       0.0000   XYYZ      -0.0000   YYYZ       0.0000
      XXZZ    -107.9039   XYZZ      -0.0000   YYZZ    -114.3798
      XZZZ      -0.0000   YZZZ      -0.0000   ZZZZ    -597.8614
 -----------------------------------------------------------------
 DrvMan is completing analytic gradient of the MP2 energy
 MP2 relaxed dipole moment
            1
    1   0.0000000
    2  -0.0000000
    3   3.2201971
	Magnitude:	 3.220 au	 8.185 Debye
 MP2 energy read as -154.104076
 Full Analytical Gradient of MP2 Energy (in au.)
             1             2             3             4             5
    1   -0.00000000    0.00000000    0.00617843    0.01133415   -0.00617843
    2   -0.00000000   -0.00000000    0.00000000    0.00000000   -0.00000000
    3    0.00203807   -0.00661784   -0.01121076    0.01381651   -0.01121076
             6             7             8
    1   -0.01133415    0.00000000    0.00000000
    2   -0.00000000    0.00000000   -0.00000000
    3    0.01381651    0.02818959   -0.02882133
 Gradient time:  CPU 2.00 s  wall 0.21 s
 Geometry Optimization Parameters
   NAtoms,    NIC,     NZ,  NCons,   NDum,   NFix, NCnnct, MaxDiis
        8      47       0       0       0       7       0       0
**WARNING** Cannot use Internal Coordinates with Fixed Atoms
  Cartesian Optimization Enforced


** GEOMETRY OPTIMIZATION IN CARTESIAN COORDINATES **
   Searching for a Minimum

   Optimization Cycle:   1

                       Coordinates (Angstroms)
     ATOM                X               Y               Z
      1  C         0.0000000000    0.0000000000    2.0005000000
      2  C         0.0000000000    0.0000000000    0.6715000000
      3  H         0.9623488435    0.0000000000    2.4950800295
      4  H         0.9623489146    0.0000000000    0.1769200295
      5  H        -0.9623488435    0.0000000000    2.4950800295
      6  H        -0.9623489146    0.0000000000    0.1769200295
      7  O         0.0000000000    0.0000000000   -2.2640000000
      8  H         0.0000000000    0.0000000000   -3.2640000000
   Point Group: c2v   Number of degrees of freedom:     7


   Energy is   -154.104076487

            Atoms with "Fixed" Coordinates
                Atom    Coordinates
                     1        X  Y  Z
                     2        X  Y  Z
                     3        X  Y  Z
                     4        X  Y  Z
                     5        X  Y  Z
                     6        X  Y  Z
                     7           Y  Z

  1 Hessian modes will be used to form the next step
  Hessian Eigenvalues:
     1.000000

 Minimum search - taking simple RFO step
 Searching for Lamda that Minimizes Along All modes
 Value Taken    Lamda =  -0.00082998
 Step Taken.  Stepsize is  0.028797

                             Maximum     Tolerance    Cnvgd?
         Gradient           0.028821      0.000300      NO
         Displacement       0.025198      0.001200      NO
         Energy change     *********      0.000001      NO

 ----------------------------------------------------------------
             Standard Nuclear Orientation (Angstroms)
    I     Atom           X                Y                Z
 ----------------------------------------------------------------
    1      C       0.0000000000     0.0000000000     1.9985951320
    2      C       0.0000000000     0.0000000000     0.6695951320
    3      H       0.9623488435     0.0000000000     2.4931751615
    4      H       0.9623489146     0.0000000000     0.1750151615
    5      H      -0.9623488435     0.0000000000     2.4931751615
    6      H      -0.9623489146     0.0000000000     0.1750151615
    7      O       0.0000000000     0.0000000000    -2.2659048680
    8      H       0.0000000000     0.0000000000    -3.2506659242
 ----------------------------------------------------------------
 Molecular Point Group                 C2v   NOp =  4
 Largest Abelian Subgroup              C2v   NOp =  4
 Nuclear Repulsion Energy =          59.36197181 hartrees
 There are       13 alpha and       13 beta electrons
 Applying Cartesian multipole field
    Component          Value
    ---------          -----
     (2,0,0)        1.00000E-11
     (0,2,0)        2.00000E-11
     (0,0,2)       -3.00000E-11
 Nucleus-field energy     =    -0.0000000096 hartrees
 Read the previous MOs as SCF guess

 -----------------------------------------------------------------------
  General SCF calculation program by
  Eric Jon Sundstrom, Paul Horn, Yuezhi Mao, Dmitri Zuev, Alec White,
  David Stuck, Shaama M.S., Shane Yost, Joonho Lee, David Small,
  Daniel Levine, Susi Lehtola, Hugh Burton, Evgeny Epifanovsky,
  Bang C. Huynh
 -----------------------------------------------------------------------
 Requested basis set is non-standard
 There are 64 shells and 176 basis functions
 Hartree-Fock
 A cutoff of  1.0D-14 yielded   1945 shell pairs
 There are     14649 function pairs (     18967 Cartesian)
 Smallest overlap matrix eigenvalue = 4.66E-04
 A restricted SCF calculation will be
 performed using DIIS
 SCF converges when DIIS error is below 1.0e-08
 ---------------------------------------
  Cycle       Energy         DIIS error
 ---------------------------------------
    1    -152.8608196961      1.52e-03  
    2    -153.4755475309      5.45e-04  
    3    -153.4764724290      3.09e-04  
    4    -153.4768137249      1.02e-04  
    5    -153.4768747891      2.78e-05  
    6    -153.4768833021      1.07e-05  
    7    -153.4768848821      2.53e-06  
    8    -153.4768849532      6.00e-07  
    9    -153.4768849550      2.02e-07  
   10    -153.4768849553      4.19e-08  
   11    -153.4768849553      1.21e-08  
   12    -153.4768849553      3.50e-09  Convergence criterion met
 ---------------------------------------
 SCF time:   CPU 55.32s  wall 5.00s 
 SCF   energy in the final basis set =     -153.4768849553
 Total energy in the final basis set =     -153.4768849553
 
 Components of the MP2 correlation energy:
        aaaa  correlation energy =        -0.0734162913 au
        abab  correlation energy =        -0.4810156680 au
        bbbb  correlation energy =        -0.0734162913 au
        non-Brillouin singles    =        -0.0000000000 au

 Total  MP2   correlation energy =                    -0.62784825 au
        MP2         total energy =                  -154.10473321 au
  Entering Z-vector solver.
 Full subspace dimension requested for CIS/TDDFT
 MAX_CIS_SUBSPACE fits in available memory
   1         0           1      0.000350    0.000350
   2         0           1      0.000155    0.000155
   3         0           1      0.000068    0.000068
   4         0           1      0.000019    0.000019
   5         0           1      0.000003    0.000003
   6         0           1      0.000001    0.000001
   7         1           0      0.000000    0.000000    Roots Converged
 
 --------------------------------------------------------------
             Orbital Energies (a.u.) and Symmetries
 --------------------------------------------------------------
 
 Alpha MOs, Restricted
 -- Occupied --                  
-20.202 -11.070 -11.068  -0.912  -0.884  -0.621  -0.506  -0.408
  1 A1    2 A1    3 A1    4 A1    5 A1    6 A1    1 B1    7 A1                 
 -0.358  -0.261  -0.225  -0.124  -0.123
  2 B1    8 A1    1 B2    3 B1    2 B2                                         
 -- Virtual --                   
  0.285   0.305   0.309   0.314   0.359   0.376   0.385   0.429
  9 A1   10 A1    3 B2    4 B1   11 A1    5 B1    4 B2   12 A1                 
  0.432   0.498   0.527   0.598   0.619   0.624   0.724   0.731
  6 B1   13 A1   14 A1    5 B2    7 B1   15 A1   16 A1    6 B2                 
  0.753   0.753   0.772   0.810   0.816   0.862   0.919   0.930
 17 A1    8 B1   18 A1   19 A1    1 A2    9 B1    7 B2    2 A2                 
  0.935   0.947   0.953   0.973   1.000   1.069   1.082   1.157
 20 A1   10 B1   21 A1   22 A1    3 A2   11 B1    8 B2   23 A1                 
  1.167   1.206   1.267   1.272   1.288   1.304   1.320   1.355
 12 B1   13 B1    9 B2   24 A1   25 A1   14 B1   10 B2   11 B2                 
  1.411   1.432   1.473   1.483   1.519   1.585   1.609   1.619
  4 A2   26 A1   15 B1   12 B2   27 A1   13 B2   16 B1   28 A1                 
  1.669   1.707   1.723   1.776   1.790   1.894   1.956   2.000
 29 A1   17 B1   30 A1   18 B1    5 A2   31 A1   32 A1   33 A1                 
  2.058   2.192   2.380   2.387   2.410   2.413   2.468   2.485
 34 A1   19 B1    6 A2   35 A1   14 B2   20 B1   36 A1   15 B2                 
  2.520   2.525   2.530   2.540   2.710   2.735   2.735   2.752
 21 B1   16 B2    7 A2   37 A1   38 A1   17 B2   22 B1   39 A1                 
  2.768   2.817   2.884   2.905   2.950   2.960   3.000   3.073
 18 B2   23 B1   40 A1   24 B1   19 B2   41 A1   25 B1    8 A2                 
  3.235   3.252   3.260   3.288   3.295   3.311   3.354   3.389
 26 B1   20 B2    9 A2   42 A1   27 B1   10 A2   43 A1   21 B2                 
  3.495   3.515   3.572   3.581   3.586   3.614   3.622   3.711
 44 A1   28 B1   22 B2   11 A2   45 A1   29 B1   46 A1   23 B2                 
  3.753   3.802   3.886   3.983   4.035   4.046   4.076   4.127
 47 A1   12 A2   30 B1   31 B1   48 A1   49 A1   32 B1   24 B2                 
  4.135   4.176   4.185   4.218   4.279   4.281   4.344   4.347
 13 A2   33 B1   50 A1   25 B2   14 A2   51 A1   52 A1   34 B1                 
  4.366   4.401   4.423   4.481   4.492   4.508   4.538   4.555
 15 A2   53 A1   26 B2   27 B2   35 B1   28 B2   29 B2   36 B1                 
  4.662   4.746   4.756   4.766   4.867   4.927   4.978   5.085
 54 A1   55 A1   37 B1   16 A2   56 A1   57 A1   30 B2   31 B2                 
  5.149   5.196   5.297   5.373   5.428   5.459   5.472   5.574
 58 A1   38 B1   39 B1   17 A2   59 A1   60 A1   61 A1   32 B2                 
  5.585   5.591   5.607   5.694   5.747   5.802   6.163   6.286
 18 A2   40 B1   41 B1   33 B2   62 A1   42 B1   63 A1   43 B1                 
  6.406   6.472   6.704   6.854   6.877   6.881   6.882   7.036
 64 A1   44 B1   65 A1   19 A2   66 A1   34 B2   45 B1   46 B1                 
  7.413   7.425   7.431   7.465   7.519   7.538   7.557   8.240
 35 B2   20 A2   67 A1   47 B1   36 B2   48 B1   68 A1   69 A1                 
 11.728  12.304  15.115
 70 A1   71 A1   72 A1                                                         
 
 Beta MOs, Restricted
 -- Occupied --                  
-20.202 -11.070 -11.068  -0.912  -0.884  -0.621  -0.506  -0.408
  1 A1    2 A1    3 A1    4 A1    5 A1    6 A1    1 B1    7 A1                 
 -0.358  -0.261  -0.225  -0.124  -0.123
  2 B1    8 A1    1 B2    3 B1    2 B2                                         
 -- Virtual --                   
  0.285   0.305   0.309   0.314   0.359   0.376   0.385   0.429
  9 A1   10 A1    3 B2    4 B1   11 A1    5 B1    4 B2   12 A1                 
  0.432   0.498   0.527   0.598   0.619   0.624   0.724   0.731
  6 B1   13 A1   14 A1    5 B2    7 B1   15 A1   16 A1    6 B2                 
  0.753   0.753   0.772   0.810   0.816   0.862   0.919   0.930
 17 A1    8 B1   18 A1   19 A1    1 A2    9 B1    7 B2    2 A2                 
  0.935   0.947   0.953   0.973   1.000   1.069   1.082   1.157
 20 A1   10 B1   21 A1   22 A1    3 A2   11 B1    8 B2   23 A1                 
  1.167   1.206   1.267   1.272   1.288   1.304   1.320   1.355
 12 B1   13 B1    9 B2   24 A1   25 A1   14 B1   10 B2   11 B2                 
  1.411   1.432   1.473   1.483   1.519   1.585   1.609   1.619
  4 A2   26 A1   15 B1   12 B2   27 A1   13 B2   16 B1   28 A1                 
  1.669   1.707   1.723   1.776   1.790   1.894   1.956   2.000
 29 A1   17 B1   30 A1   18 B1    5 A2   31 A1   32 A1   33 A1                 
  2.058   2.192   2.380   2.387   2.410   2.413   2.468   2.485
 34 A1   19 B1    6 A2   35 A1   14 B2   20 B1   36 A1   15 B2                 
  2.520   2.525   2.530   2.540   2.710   2.735   2.735   2.752
 21 B1   16 B2    7 A2   37 A1   38 A1   17 B2   22 B1   39 A1                 
  2.768   2.817   2.884   2.905   2.950   2.960   3.000   3.073
 18 B2   23 B1   40 A1   24 B1   19 B2   41 A1   25 B1    8 A2                 
  3.235   3.252   3.260   3.288   3.295   3.311   3.354   3.389
 26 B1   20 B2    9 A2   42 A1   27 B1   10 A2   43 A1   21 B2                 
  3.495   3.515   3.572   3.581   3.586   3.614   3.622   3.711
 44 A1   28 B1   22 B2   11 A2   45 A1   29 B1   46 A1   23 B2                 
  3.753   3.802   3.886   3.983   4.035   4.046   4.076   4.127
 47 A1   12 A2   30 B1   31 B1   48 A1   49 A1   32 B1   24 B2                 
  4.135   4.176   4.185   4.218   4.279   4.281   4.344   4.347
 13 A2   33 B1   50 A1   25 B2   14 A2   51 A1   52 A1   34 B1                 
  4.366   4.401   4.423   4.481   4.492   4.508   4.538   4.555
 15 A2   53 A1   26 B2   27 B2   35 B1   28 B2   29 B2   36 B1                 
  4.662   4.746   4.756   4.766   4.867   4.927   4.978   5.085
 54 A1   55 A1   37 B1   16 A2   56 A1   57 A1   30 B2   31 B2                 
  5.149   5.196   5.297   5.373   5.428   5.459   5.472   5.574
 58 A1   38 B1   39 B1   17 A2   59 A1   60 A1   61 A1   32 B2                 
  5.585   5.591   5.607   5.694   5.747   5.802   6.163   6.286
 18 A2   40 B1   41 B1   33 B2   62 A1   42 B1   63 A1   43 B1                 
  6.406   6.472   6.704   6.854   6.877   6.881   6.882   7.036
 64 A1   44 B1   65 A1   19 A2   66 A1   34 B2   45 B1   46 B1                 
  7.413   7.425   7.431   7.465   7.519   7.538   7.557   8.240
 35 B2   20 A2   67 A1   47 B1   36 B2   48 B1   68 A1   69 A1                 
 11.728  12.304  15.115
 70 A1   71 A1   72 A1                                                         
 --------------------------------------------------------------
 
          Ground-State Mulliken Net Atomic Charges

     Atom                 Charge (a.u.)
  ----------------------------------------
      1 C                    -0.369096
      2 C                    -0.253670
      3 H                     0.109942
      4 H                     0.200742
      5 H                     0.109942
      6 H                     0.200742
      7 O                    -1.148484
      8 H                     0.149882
  ----------------------------------------
  Sum of atomic charges =    -1.000000

 -----------------------------------------------------------------
                    Cartesian Multipole Moments
 -----------------------------------------------------------------
    Charge (ESU x 10^10)
                -4.8032
    Dipole Moment (Debye)
         X       0.0000      Y       0.0000      Z       8.1744
       Tot       8.1744
    Quadrupole Moments (Debye-Ang)
        XX     -23.5030     XY       0.0000     YY     -27.0506
        XZ       0.0000     YZ      -0.0000     ZZ     -44.8959
    Octopole Moments (Debye-Ang^2)
       XXX       0.0000    XXY       0.0000    XYY       0.0000
       YYY      -0.0000    XXZ       8.5242    XYZ      -0.0000
       YYZ       4.1587    XZZ       0.0000    YZZ       0.0000
       ZZZ      31.7482
    Hexadecapole Moments (Debye-Ang^3)
      XXXX     -50.7511   XXXY       0.0000   XXYY     -16.2175
      XYYY       0.0000   YYYY     -41.3599   XXXZ       0.0000
      XXYZ      -0.0000   XYYZ       0.0000   YYYZ      -0.0000
      XXZZ    -107.5776   XYZZ       0.0000   YYZZ    -114.0323
      XZZZ       0.0000   YZZZ      -0.0000   ZZZZ    -596.3141
 -----------------------------------------------------------------
 DrvMan is completing analytic gradient of the MP2 energy
 MP2 relaxed dipole moment
            1
    1   0.0000000
    2   0.0000000
    3   3.2160381
	Magnitude:	 3.216 au	 8.174 Debye
 MP2 energy read as -154.104733
 Full Analytical Gradient of MP2 Energy (in au.)
             1             2             3             4             5
    1    0.00000000   -0.00000000    0.00617575    0.01135826   -0.00617575
    2   -0.00000000   -0.00000000    0.00000000    0.00000000    0.00000000
    3    0.00202683   -0.00664244   -0.01121590    0.01382291   -0.01121590
             6             7             8
    1   -0.01135826   -0.00000000   -0.00000000
    2    0.00000000    0.00000000   -0.00000000
    3    0.01382291    0.01566389   -0.01626230
 Gradient time:  CPU 1.47 s  wall 0.15 s
 Geometry Optimization Parameters
   NAtoms,    NIC,     NZ,  NCons,   NDum,   NFix, NCnnct, MaxDiis
        8      47       0       0       0       7       0       0

 Cartesian Hessian Update
 Hessian updated using BFGS update


** GEOMETRY OPTIMIZATION IN CARTESIAN COORDINATES **
   Searching for a Minimum

   Optimization Cycle:   2

                       Coordinates (Angstroms)
     ATOM                X               Y               Z
      1  C         0.0000000000    0.0000000000    1.9985951320
      2  C         0.0000000000    0.0000000000    0.6695951320
      3  H         0.9623488435    0.0000000000    2.4931751615
      4  H         0.9623489146    0.0000000000    0.1750151615
      5  H        -0.9623488435    0.0000000000    2.4931751615
      6  H        -0.9623489146    0.0000000000    0.1750151615
      7  O         0.0000000000    0.0000000000   -2.2659048680
      8  H         0.0000000000    0.0000000000   -3.2506659242
   Point Group: c2v   Number of degrees of freedom:     7


   Energy is   -154.104733206

            Atoms with "Fixed" Coordinates
                Atom    Coordinates
                     1        X  Y  Z
                     2        X  Y  Z
                     3        X  Y  Z
                     4        X  Y  Z
                     5        X  Y  Z
                     6        X  Y  Z
                     7           Y  Z

  1 Hessian modes will be used to form the next step
  Hessian Eigenvalues:
     0.498419

 Minimum search - taking simple RFO step
 Searching for Lamda that Minimizes Along All modes
 Value Taken    Lamda =  -0.00053004
 Step Taken.  Stepsize is  0.032593

                             Maximum     Tolerance    Cnvgd?
         Gradient           0.016262      0.000300      NO
         Displacement       0.028519      0.001200      NO
         Energy change     -0.000657      0.000001      NO

 ----------------------------------------------------------------
             Standard Nuclear Orientation (Angstroms)
    I     Atom           X                Y                Z
 ----------------------------------------------------------------
    1      C       0.0000000000     0.0000000000     1.9964391890
    2      C       0.0000000000     0.0000000000     0.6674391890
    3      H       0.9623488435     0.0000000000     2.4910192185
    4      H       0.9623489146     0.0000000000     0.1728592185
    5      H      -0.9623488435     0.0000000000     2.4910192185
    6      H      -0.9623489146     0.0000000000     0.1728592185
    7      O       0.0000000000     0.0000000000    -2.2680608110
    8      H       0.0000000000     0.0000000000    -3.2355743230
 ----------------------------------------------------------------
 Molecular Point Group                 C2v   NOp =  4
 Largest Abelian Subgroup              C2v   NOp =  4
 Nuclear Repulsion Energy =          59.44610690 hartrees
 There are       13 alpha and       13 beta electrons
 Applying Cartesian multipole field
    Component          Value
    ---------          -----
     (2,0,0)        1.00000E-11
     (0,2,0)        2.00000E-11
     (0,0,2)       -3.00000E-11
 Nucleus-field energy     =    -0.0000000096 hartrees
 Read the previous MOs as SCF guess

 -----------------------------------------------------------------------
  General SCF calculation program by
  Eric Jon Sundstrom, Paul Horn, Yuezhi Mao, Dmitri Zuev, Alec White,
  David Stuck, Shaama M.S., Shane Yost, Joonho Lee, David Small,
  Daniel Levine, Susi Lehtola, Hugh Burton, Evgeny Epifanovsky,
  Bang C. Huynh
 -----------------------------------------------------------------------
 Requested basis set is non-standard
 There are 64 shells and 176 basis functions
 Hartree-Fock
 A cutoff of  1.0D-14 yielded   1951 shell pairs
 There are     14671 function pairs (     18992 Cartesian)
 Smallest overlap matrix eigenvalue = 4.64E-04
 A restricted SCF calculation will be
 performed using DIIS
 SCF converges when DIIS error is below 1.0e-08
 ---------------------------------------
  Cycle       Energy         DIIS error
 ---------------------------------------
    1    -152.8632760171      1.53e-03  
    2    -153.4766863097      5.45e-04  
    3    -153.4775852164      3.08e-04  
    4    -153.4779171006      9.91e-05  
    5    -153.4779721603      2.63e-05  
    6    -153.4779795444      1.02e-05  
    7    -153.4779809391      2.47e-06  
    8    -153.4779810080      5.71e-07  
    9    -153.4779810098      2.12e-07  
   10    -153.4779810101      4.78e-08  
   11    -153.4779810101      1.46e-08  
   12    -153.4779810101      3.86e-09  Convergence criterion met
 ---------------------------------------
 SCF time:   CPU 54.81s  wall 6.00s 
 SCF   energy in the final basis set =     -153.4779810101
 Total energy in the final basis set =     -153.4779810101
 
 Components of the MP2 correlation energy:
        aaaa  correlation energy =        -0.0733192946 au
        abab  correlation energy =        -0.4803895049 au
        bbbb  correlation energy =        -0.0733192946 au
        non-Brillouin singles    =        -0.0000000000 au

 Total  MP2   correlation energy =                    -0.62702809 au
        MP2         total energy =                  -154.10500910 au
  Entering Z-vector solver.
 Full subspace dimension requested for CIS/TDDFT
 MAX_CIS_SUBSPACE fits in available memory
   1         0           1      0.000342    0.000342
   2         0           1      0.000149    0.000149
   3         0           1      0.000064    0.000064
   4         0           1      0.000018    0.000018
   5         0           1      0.000003    0.000003
   6         1           0      0.000000    0.000000    Roots Converged
 
 --------------------------------------------------------------
             Orbital Energies (a.u.) and Symmetries
 --------------------------------------------------------------
 
 Alpha MOs, Restricted
 -- Occupied --                  
-20.199 -11.070 -11.068  -0.917  -0.884  -0.621  -0.506  -0.407
  1 A1    2 A1    3 A1    4 A1    5 A1    6 A1    1 B1    7 A1                 
 -0.358  -0.265  -0.225  -0.123  -0.123
  2 B1    8 A1    1 B2    3 B1    2 B2                                         
 -- Virtual --                   
  0.285   0.303   0.309   0.314   0.359   0.376   0.385   0.429
  9 A1   10 A1    3 B2    4 B1   11 A1    5 B1    4 B2   12 A1                 
  0.432   0.499   0.529   0.598   0.619   0.625   0.724   0.732
  6 B1   13 A1   14 A1    5 B2    7 B1   15 A1   16 A1    6 B2                 
  0.753   0.753   0.772   0.810   0.816   0.862   0.919   0.930
 17 A1    8 B1   18 A1   19 A1    1 A2    9 B1    7 B2    2 A2                 
  0.939   0.947   0.953   0.978   1.000   1.069   1.083   1.156
 20 A1   10 B1   21 A1   22 A1    3 A2   11 B1    8 B2   23 A1                 
  1.167   1.207   1.267   1.271   1.292   1.304   1.320   1.355
 12 B1   13 B1    9 B2   24 A1   25 A1   14 B1   10 B2   11 B2                 
  1.411   1.430   1.475   1.486   1.518   1.588   1.610   1.615
  4 A2   26 A1   15 B1   12 B2   27 A1   13 B2   16 B1   28 A1                 
  1.669   1.710   1.723   1.776   1.790   1.902   1.968   2.000
 29 A1   17 B1   30 A1   18 B1    5 A2   31 A1   32 A1   33 A1                 
  2.057   2.193   2.380   2.387   2.410   2.413   2.468   2.485
 34 A1   19 B1    6 A2   35 A1   14 B2   20 B1   36 A1   15 B2                 
  2.517   2.525   2.530   2.540   2.706   2.737   2.739   2.751
 21 B1   16 B2    7 A2   37 A1   38 A1   17 B2   22 B1   39 A1                 
  2.774   2.819   2.883   2.908   2.951   2.957   3.001   3.073
 18 B2   23 B1   40 A1   24 B1   19 B2   41 A1   25 B1    8 A2                 
  3.235   3.252   3.260   3.288   3.295   3.311   3.354   3.389
 26 B1   20 B2    9 A2   42 A1   27 B1   10 A2   43 A1   21 B2                 
  3.497   3.516   3.572   3.582   3.587   3.614   3.623   3.712
 44 A1   28 B1   22 B2   11 A2   45 A1   29 B1   46 A1   23 B2                 
  3.753   3.803   3.886   3.984   4.046   4.060   4.076   4.127
 47 A1   12 A2   30 B1   31 B1   48 A1   49 A1   32 B1   24 B2                 
  4.136   4.176   4.187   4.218   4.300   4.300   4.346   4.350
 13 A2   33 B1   50 A1   25 B2   14 A2   51 A1   52 A1   34 B1                 
  4.368   4.405   4.430   4.482   4.495   4.509   4.541   4.559
 15 A2   53 A1   26 B2   27 B2   35 B1   28 B2   29 B2   36 B1                 
  4.672   4.754   4.759   4.766   4.875   4.928   4.978   5.085
 54 A1   55 A1   37 B1   16 A2   56 A1   57 A1   30 B2   31 B2                 
  5.150   5.197   5.298   5.373   5.456   5.472   5.483   5.586
 58 A1   38 B1   39 B1   17 A2   59 A1   60 A1   61 A1   18 A2                 
  5.606   5.613   5.630   5.694   5.749   5.804   6.165   6.287
 40 B1   32 B2   41 B1   33 B2   62 A1   42 B1   63 A1   43 B1                 
  6.388   6.473   6.704   6.854   6.877   6.881   6.882   7.036
 64 A1   44 B1   65 A1   19 A2   66 A1   34 B2   45 B1   46 B1                 
  7.426   7.433   7.445   7.500   7.530   7.542   7.577   8.276
 20 A2   67 A1   35 B2   47 B1   36 B2   48 B1   68 A1   69 A1                 
 11.935  12.304  15.116
 70 A1   71 A1   72 A1                                                         
 
 Beta MOs, Restricted
 -- Occupied --                  
-20.199 -11.070 -11.068  -0.917  -0.884  -0.621  -0.506  -0.407
  1 A1    2 A1    3 A1    4 A1    5 A1    6 A1    1 B1    7 A1                 
 -0.358  -0.265  -0.225  -0.123  -0.123
  2 B1    8 A1    1 B2    3 B1    2 B2                                         
 -- Virtual --                   
  0.285   0.303   0.309   0.314   0.359   0.376   0.385   0.429
  9 A1   10 A1    3 B2    4 B1   11 A1    5 B1    4 B2   12 A1                 
  0.432   0.499   0.529   0.598   0.619   0.625   0.724   0.732
  6 B1   13 A1   14 A1    5 B2    7 B1   15 A1   16 A1    6 B2                 
  0.753   0.753   0.772   0.810   0.816   0.862   0.919   0.930
 17 A1    8 B1   18 A1   19 A1    1 A2    9 B1    7 B2    2 A2                 
  0.939   0.947   0.953   0.978   1.000   1.069   1.083   1.156
 20 A1   10 B1   21 A1   22 A1    3 A2   11 B1    8 B2   23 A1                 
  1.167   1.207   1.267   1.271   1.292   1.304   1.320   1.355
 12 B1   13 B1    9 B2   24 A1   25 A1   14 B1   10 B2   11 B2                 
  1.411   1.430   1.475   1.486   1.518   1.588   1.610   1.615
  4 A2   26 A1   15 B1   12 B2   27 A1   13 B2   16 B1   28 A1                 
  1.669   1.710   1.723   1.776   1.790   1.902   1.968   2.000
 29 A1   17 B1   30 A1   18 B1    5 A2   31 A1   32 A1   33 A1                 
  2.057   2.193   2.380   2.387   2.410   2.413   2.468   2.485
 34 A1   19 B1    6 A2   35 A1   14 B2   20 B1   36 A1   15 B2                 
  2.517   2.525   2.530   2.540   2.706   2.737   2.739   2.751
 21 B1   16 B2    7 A2   37 A1   38 A1   17 B2   22 B1   39 A1                 
  2.774   2.819   2.883   2.908   2.951   2.957   3.001   3.073
 18 B2   23 B1   40 A1   24 B1   19 B2   41 A1   25 B1    8 A2                 
  3.235   3.252   3.260   3.288   3.295   3.311   3.354   3.389
 26 B1   20 B2    9 A2   42 A1   27 B1   10 A2   43 A1   21 B2                 
  3.497   3.516   3.572   3.582   3.587   3.614   3.623   3.712
 44 A1   28 B1   22 B2   11 A2   45 A1   29 B1   46 A1   23 B2                 
  3.753   3.803   3.886   3.984   4.046   4.060   4.076   4.127
 47 A1   12 A2   30 B1   31 B1   48 A1   49 A1   32 B1   24 B2                 
  4.136   4.176   4.187   4.218   4.300   4.300   4.346   4.350
 13 A2   33 B1   50 A1   25 B2   14 A2   51 A1   52 A1   34 B1                 
  4.368   4.405   4.430   4.482   4.495   4.509   4.541   4.559
 15 A2   53 A1   26 B2   27 B2   35 B1   28 B2   29 B2   36 B1                 
  4.672   4.754   4.759   4.766   4.875   4.928   4.978   5.085
 54 A1   55 A1   37 B1   16 A2   56 A1   57 A1   30 B2   31 B2                 
  5.150   5.197   5.298   5.373   5.456   5.472   5.483   5.586
 58 A1   38 B1   39 B1   17 A2   59 A1   60 A1   61 A1   18 A2                 
  5.606   5.613   5.630   5.694   5.749   5.804   6.165   6.287
 40 B1   32 B2   41 B1   33 B2   62 A1   42 B1   63 A1   43 B1                 
  6.388   6.473   6.704   6.854   6.877   6.881   6.882   7.036
 64 A1   44 B1   65 A1   19 A2   66 A1   34 B2   45 B1   46 B1                 
  7.426   7.433   7.445   7.500   7.530   7.542   7.577   8.276
 20 A2   67 A1   35 B2   47 B1   36 B2   48 B1   68 A1   69 A1                 
 11.935  12.304  15.116
 70 A1   71 A1   72 A1                                                         
 --------------------------------------------------------------
 
          Ground-State Mulliken Net Atomic Charges

     Atom                 Charge (a.u.)
  ----------------------------------------
      1 C                    -0.369041
      2 C                    -0.253863
      3 H                     0.109819
      4 H                     0.200786
      5 H                     0.109819
      6 H                     0.200786
      7 O                    -1.145507
      8 H                     0.147202
  ----------------------------------------
  Sum of atomic charges =    -1.000000

 -----------------------------------------------------------------
                    Cartesian Multipole Moments
 -----------------------------------------------------------------
    Charge (ESU x 10^10)
                -4.8032
    Dipole Moment (Debye)
         X      -0.0000      Y      -0.0000      Z       8.1627
       Tot       8.1627
    Quadrupole Moments (Debye-Ang)
        XX     -23.4743     XY       0.0000     YY     -27.0201
        XZ       0.0000     YZ       0.0000     ZZ     -44.8521
    Octopole Moments (Debye-Ang^2)
       XXX      -0.0000    XXY      -0.0000    XYY      -0.0000
       YYY      -0.0000    XXZ       8.4574    XYZ      -0.0000
       YYZ       4.1012    XZZ       0.0000    YZZ      -0.0000
       ZZZ      31.5978
    Hexadecapole Moments (Debye-Ang^3)
      XXXX     -50.6796   XXXY       0.0000   XXYY     -16.1920
      XYYY       0.0000   YYYY     -41.2801   XXXZ       0.0000
      XXYZ       0.0000   XYYZ       0.0000   YYYZ       0.0000
      XXZZ    -107.2059   XYZZ       0.0000   YYZZ    -113.6347
      XZZZ       0.0000   YZZZ       0.0000   ZZZZ    -594.5529
 -----------------------------------------------------------------
 DrvMan is completing analytic gradient of the MP2 energy
 MP2 relaxed dipole moment
            1
    1  -0.0000000
    2  -0.0000000
    3   3.2114432
	Magnitude:	 3.211 au	 8.163 Debye
 MP2 energy read as -154.105009
 Full Analytical Gradient of MP2 Energy (in au.)
             1             2             3             4             5
    1    0.00000000   -0.00000000    0.00616989    0.01138974   -0.00616989
    2    0.00000000   -0.00000000   -0.00000000   -0.00000000   -0.00000000
    3    0.00203708   -0.00670344   -0.01121878    0.01383053   -0.01121878
             6             7             8
    1   -0.01138974   -0.00000000    0.00000000
    2   -0.00000000    0.00000000   -0.00000000
    3    0.01383053   -0.00022990   -0.00032724
 Gradient time:  CPU 1.48 s  wall 0.15 s
 Geometry Optimization Parameters
   NAtoms,    NIC,     NZ,  NCons,   NDum,   NFix, NCnnct, MaxDiis
        8      47       0       0       0       7       0       0

 Cartesian Hessian Update
 Hessian updated using BFGS update


** GEOMETRY OPTIMIZATION IN CARTESIAN COORDINATES **
   Searching for a Minimum

   Optimization Cycle:   3

                       Coordinates (Angstroms)
     ATOM                X               Y               Z
      1  C         0.0000000000    0.0000000000    1.9964391890
      2  C         0.0000000000    0.0000000000    0.6674391890
      3  H         0.9623488435    0.0000000000    2.4910192185
      4  H         0.9623489146    0.0000000000    0.1728592185
      5  H        -0.9623488435    0.0000000000    2.4910192185
      6  H        -0.9623489146    0.0000000000    0.1728592185
      7  O         0.0000000000    0.0000000000   -2.2680608110
      8  H         0.0000000000    0.0000000000   -3.2355743230
   Point Group: c2v   Number of degrees of freedom:     7


   Energy is   -154.105009104

            Atoms with "Fixed" Coordinates
                Atom    Coordinates
                     1        X  Y  Z
                     2        X  Y  Z
                     3        X  Y  Z
                     4        X  Y  Z
                     5        X  Y  Z
                     6        X  Y  Z
                     7           Y  Z

  1 Hessian modes will be used to form the next step
  Hessian Eigenvalues:
     0.558753

 Minimum search - taking simple RFO step
 Searching for Lamda that Minimizes Along All modes
 Value Taken    Lamda =  -0.00000019
 Step Taken.  Stepsize is  0.000586

                             Maximum     Tolerance    Cnvgd?
         Gradient           0.000327      0.000300      NO
         Displacement       0.000512      0.001200     YES
         Energy change     -0.000276      0.000001      NO

 ----------------------------------------------------------------
             Standard Nuclear Orientation (Angstroms)
    I     Atom           X                Y                Z
 ----------------------------------------------------------------
    1      C       0.0000000000     0.0000000000     1.9964004496
    2      C       0.0000000000     0.0000000000     0.6674004496
    3      H       0.9623488435     0.0000000000     2.4909804791
    4      H       0.9623489146     0.0000000000     0.1728204791
    5      H      -0.9623488435     0.0000000000     2.4909804791
    6      H      -0.9623489146     0.0000000000     0.1728204791
    7      O       0.0000000000     0.0000000000    -2.2680995504
    8      H       0.0000000000     0.0000000000    -3.2353031469
 ----------------------------------------------------------------
 Molecular Point Group                 C2v   NOp =  4
 Largest Abelian Subgroup              C2v   NOp =  4
 Nuclear Repulsion Energy =          59.44764425 hartrees
 There are       13 alpha and       13 beta electrons
 Applying Cartesian multipole field
    Component          Value
    ---------          -----
     (2,0,0)        1.00000E-11
     (0,2,0)        2.00000E-11
     (0,0,2)       -3.00000E-11
 Nucleus-field energy     =    -0.0000000096 hartrees
 Read the previous MOs as SCF guess

 -----------------------------------------------------------------------
  General SCF calculation program by
  Eric Jon Sundstrom, Paul Horn, Yuezhi Mao, Dmitri Zuev, Alec White,
  David Stuck, Shaama M.S., Shane Yost, Joonho Lee, David Small,
  Daniel Levine, Susi Lehtola, Hugh Burton, Evgeny Epifanovsky,
  Bang C. Huynh
 -----------------------------------------------------------------------
 Requested basis set is non-standard
 There are 64 shells and 176 basis functions
 Hartree-Fock
 A cutoff of  1.0D-14 yielded   1951 shell pairs
 There are     14671 function pairs (     18992 Cartesian)
 Smallest overlap matrix eigenvalue = 4.64E-04
 A restricted SCF calculation will be
 performed using DIIS
 SCF converges when DIIS error is below 1.0e-08
 ---------------------------------------
  Cycle       Energy         DIIS error
 ---------------------------------------
    1    -152.8568577856      1.48e-03  
    2    -153.4767198496      5.32e-04  
    3    -153.4776018673      3.04e-04  
    4    -153.4779291209      9.80e-05  
    5    -153.4779866430      2.72e-05  
    6    -153.4779945183      1.05e-05  
    7    -153.4779959843      2.34e-06  
    8    -153.4779960435      6.60e-07  
    9    -153.4779960456      1.79e-07  
   10    -153.4779960458      3.99e-08  
   11    -153.4779960458      1.22e-08  
   12    -153.4779960458      2.68e-09  Convergence criterion met
 ---------------------------------------
 SCF time:   CPU 54.63s  wall 5.00s 
 SCF   energy in the final basis set =     -153.4779960458
 Total energy in the final basis set =     -153.4779960458
 
 Components of the MP2 correlation energy:
        aaaa  correlation energy =        -0.0733174998 au
        abab  correlation energy =        -0.4803781858 au
        bbbb  correlation energy =        -0.0733174998 au
        non-Brillouin singles    =        -0.0000000000 au

 Total  MP2   correlation energy =                    -0.62701319 au
        MP2         total energy =                  -154.10500923 au
  Entering Z-vector solver.
 Full subspace dimension requested for CIS/TDDFT
 MAX_CIS_SUBSPACE fits in available memory
   1         0           1      0.000342    0.000342
   2         0           1      0.000149    0.000149
   3         0           1      0.000064    0.000064
   4         0           1      0.000018    0.000018
   5         0           1      0.000003    0.000003
   6         1           0      0.000000    0.000000    Roots Converged
 
 --------------------------------------------------------------
             Orbital Energies (a.u.) and Symmetries
 --------------------------------------------------------------
 
 Alpha MOs, Restricted
 -- Occupied --                  
-20.199 -11.070 -11.068  -0.917  -0.884  -0.621  -0.506  -0.407
  1 A1    2 A1    3 A1    4 A1    5 A1    6 A1    1 B1    7 A1                 
 -0.358  -0.265  -0.225  -0.123  -0.123
  2 B1    8 A1    1 B2    3 B1    2 B2                                         
 -- Virtual --                   
  0.285   0.303   0.309   0.314   0.359   0.376   0.385   0.429
  9 A1   10 A1    3 B2    4 B1   11 A1    5 B1    4 B2   12 A1                 
  0.432   0.499   0.529   0.598   0.619   0.625   0.724   0.732
  6 B1   13 A1   14 A1    5 B2    7 B1   15 A1   16 A1    6 B2                 
  0.753   0.753   0.772   0.810   0.816   0.862   0.919   0.930
 17 A1    8 B1   18 A1   19 A1    1 A2    9 B1    7 B2    2 A2                 
  0.939   0.948   0.953   0.978   1.000   1.069   1.083   1.156
 20 A1   10 B1   21 A1   22 A1    3 A2   11 B1    8 B2   23 A1                 
  1.167   1.207   1.267   1.271   1.292   1.304   1.320   1.355
 12 B1   13 B1    9 B2   24 A1   25 A1   14 B1   10 B2   11 B2                 
  1.411   1.430   1.475   1.486   1.518   1.588   1.610   1.615
  4 A2   26 A1   15 B1   12 B2   27 A1   13 B2   16 B1   28 A1                 
  1.669   1.710   1.723   1.776   1.790   1.902   1.968   2.000
 29 A1   17 B1   30 A1   18 B1    5 A2   31 A1   32 A1   33 A1                 
  2.057   2.193   2.380   2.387   2.410   2.413   2.468   2.485
 34 A1   19 B1    6 A2   35 A1   14 B2   20 B1   36 A1   15 B2                 
  2.517   2.525   2.530   2.539   2.706   2.737   2.739   2.751
 21 B1   16 B2    7 A2   37 A1   38 A1   17 B2   22 B1   39 A1                 
  2.775   2.819   2.883   2.908   2.951   2.957   3.001   3.073
 18 B2   23 B1   40 A1   24 B1   19 B2   41 A1   25 B1    8 A2                 
  3.235   3.252   3.260   3.288   3.295   3.311   3.354   3.389
 26 B1   20 B2    9 A2   42 A1   27 B1   10 A2   43 A1   21 B2                 
  3.497   3.516   3.572   3.582   3.587   3.614   3.623   3.712
 44 A1   28 B1   22 B2   11 A2   45 A1   29 B1   46 A1   23 B2                 
  3.753   3.803   3.886   3.984   4.046   4.061   4.076   4.127
 47 A1   12 A2   30 B1   31 B1   48 A1   49 A1   32 B1   24 B2                 
  4.136   4.177   4.187   4.218   4.301   4.301   4.347   4.350
 13 A2   33 B1   50 A1   25 B2   14 A2   51 A1   52 A1   34 B1                 
  4.368   4.405   4.430   4.482   4.495   4.509   4.541   4.559
 15 A2   53 A1   26 B2   27 B2   35 B1   28 B2   29 B2   36 B1                 
  4.672   4.754   4.759   4.766   4.876   4.928   4.978   5.085
 54 A1   55 A1   37 B1   16 A2   56 A1   57 A1   30 B2   31 B2                 
  5.150   5.197   5.298   5.373   5.456   5.472   5.484   5.586
 58 A1   38 B1   39 B1   17 A2   59 A1   60 A1   61 A1   18 A2                 
  5.606   5.614   5.630   5.694   5.749   5.804   6.165   6.287
 40 B1   32 B2   41 B1   33 B2   62 A1   42 B1   63 A1   43 B1                 
  6.388   6.473   6.705   6.854   6.877   6.881   6.882   7.036
 64 A1   44 B1   65 A1   19 A2   66 A1   34 B2   45 B1   46 B1                 
  7.426   7.433   7.446   7.501   7.531   7.542   7.577   8.277
 20 A2   67 A1   35 B2   47 B1   36 B2   48 B1   68 A1   69 A1                 
 11.939  12.304  15.116
 70 A1   71 A1   72 A1                                                         
 
 Beta MOs, Restricted
 -- Occupied --                  
-20.199 -11.070 -11.068  -0.917  -0.884  -0.621  -0.506  -0.407
  1 A1    2 A1    3 A1    4 A1    5 A1    6 A1    1 B1    7 A1                 
 -0.358  -0.265  -0.225  -0.123  -0.123
  2 B1    8 A1    1 B2    3 B1    2 B2                                         
 -- Virtual --                   
  0.285   0.303   0.309   0.314   0.359   0.376   0.385   0.429
  9 A1   10 A1    3 B2    4 B1   11 A1    5 B1    4 B2   12 A1                 
  0.432   0.499   0.529   0.598   0.619   0.625   0.724   0.732
  6 B1   13 A1   14 A1    5 B2    7 B1   15 A1   16 A1    6 B2                 
  0.753   0.753   0.772   0.810   0.816   0.862   0.919   0.930
 17 A1    8 B1   18 A1   19 A1    1 A2    9 B1    7 B2    2 A2                 
  0.939   0.948   0.953   0.978   1.000   1.069   1.083   1.156
 20 A1   10 B1   21 A1   22 A1    3 A2   11 B1    8 B2   23 A1                 
  1.167   1.207   1.267   1.271   1.292   1.304   1.320   1.355
 12 B1   13 B1    9 B2   24 A1   25 A1   14 B1   10 B2   11 B2                 
  1.411   1.430   1.475   1.486   1.518   1.588   1.610   1.615
  4 A2   26 A1   15 B1   12 B2   27 A1   13 B2   16 B1   28 A1                 
  1.669   1.710   1.723   1.776   1.790   1.902   1.968   2.000
 29 A1   17 B1   30 A1   18 B1    5 A2   31 A1   32 A1   33 A1                 
  2.057   2.193   2.380   2.387   2.410   2.413   2.468   2.485
 34 A1   19 B1    6 A2   35 A1   14 B2   20 B1   36 A1   15 B2                 
  2.517   2.525   2.530   2.539   2.706   2.737   2.739   2.751
 21 B1   16 B2    7 A2   37 A1   38 A1   17 B2   22 B1   39 A1                 
  2.775   2.819   2.883   2.908   2.951   2.957   3.001   3.073
 18 B2   23 B1   40 A1   24 B1   19 B2   41 A1   25 B1    8 A2                 
  3.235   3.252   3.260   3.288   3.295   3.311   3.354   3.389
 26 B1   20 B2    9 A2   42 A1   27 B1   10 A2   43 A1   21 B2                 
  3.497   3.516   3.572   3.582   3.587   3.614   3.623   3.712
 44 A1   28 B1   22 B2   11 A2   45 A1   29 B1   46 A1   23 B2                 
  3.753   3.803   3.886   3.984   4.046   4.061   4.076   4.127
 47 A1   12 A2   30 B1   31 B1   48 A1   49 A1   32 B1   24 B2                 
  4.136   4.177   4.187   4.218   4.301   4.301   4.347   4.350
 13 A2   33 B1   50 A1   25 B2   14 A2   51 A1   52 A1   34 B1                 
  4.368   4.405   4.430   4.482   4.495   4.509   4.541   4.559
 15 A2   53 A1   26 B2   27 B2   35 B1   28 B2   29 B2   36 B1                 
  4.672   4.754   4.759   4.766   4.876   4.928   4.978   5.085
 54 A1   55 A1   37 B1   16 A2   56 A1   57 A1   30 B2   31 B2                 
  5.150   5.197   5.298   5.373   5.456   5.472   5.484   5.586
 58 A1   38 B1   39 B1   17 A2   59 A1   60 A1   61 A1   18 A2                 
  5.606   5.614   5.630   5.694   5.749   5.804   6.165   6.287
 40 B1   32 B2   41 B1   33 B2   62 A1   42 B1   63 A1   43 B1                 
  6.388   6.473   6.705   6.854   6.877   6.881   6.882   7.036
 64 A1   44 B1   65 A1   19 A2   66 A1   34 B2   45 B1   46 B1                 
  7.426   7.433   7.446   7.501   7.531   7.542   7.577   8.277
 20 A2   67 A1   35 B2   47 B1   36 B2   48 B1   68 A1   69 A1                 
 11.939  12.304  15.116
 70 A1   71 A1   72 A1                                                         
 --------------------------------------------------------------
 
          Ground-State Mulliken Net Atomic Charges

     Atom                 Charge (a.u.)
  ----------------------------------------
      1 C                    -0.369043
      2 C                    -0.253865
      3 H                     0.109817
      4 H                     0.200787
      5 H                     0.109817
      6 H                     0.200787
      7 O                    -1.145451
      8 H                     0.147151
  ----------------------------------------
  Sum of atomic charges =    -1.000000

 -----------------------------------------------------------------
                    Cartesian Multipole Moments
 -----------------------------------------------------------------
    Charge (ESU x 10^10)
                -4.8032
    Dipole Moment (Debye)
         X      -0.0000      Y       0.0000      Z       8.1625
       Tot       8.1625
    Quadrupole Moments (Debye-Ang)
        XX     -23.4737     XY      -0.0000     YY     -27.0195
        XZ      -0.0000     YZ      -0.0000     ZZ     -44.8514
    Octopole Moments (Debye-Ang^2)
       XXX      -0.0000    XXY       0.0000    XYY      -0.0000
       YYY       0.0000    XXZ       8.4562    XYZ       0.0000
       YYZ       4.1002    XZZ      -0.0000    YZZ       0.0000
       ZZZ      31.5951
    Hexadecapole Moments (Debye-Ang^3)
      XXXX     -50.6783   XXXY      -0.0000   XXYY     -16.1916
      XYYY      -0.0000   YYYY     -41.2786   XXXZ      -0.0000
      XXYZ      -0.0000   XYYZ      -0.0000   YYYZ      -0.0000
      XXZZ    -107.1992   XYZZ      -0.0000   YYZZ    -113.6276
      XZZZ      -0.0000   YZZZ      -0.0000   ZZZZ    -594.5211
 -----------------------------------------------------------------
 DrvMan is completing analytic gradient of the MP2 energy
 MP2 relaxed dipole moment
            1
    1  -0.0000000
    2   0.0000000
    3   3.2113589
	Magnitude:	 3.211 au	 8.162 Debye
 MP2 energy read as -154.105009
 Full Analytical Gradient of MP2 Energy (in au.)
             1             2             3             4             5
    1    0.00000000    0.00000000    0.00616983    0.01139024   -0.00616983
    2   -0.00000000    0.00000000    0.00000000    0.00000000    0.00000000
    3    0.00203682   -0.00670389   -0.01121889    0.01383067   -0.01121889
             6             7             8
    1   -0.01139024   -0.00000000   -0.00000000
    2   -0.00000000   -0.00000000    0.00000000
    3    0.01383067   -0.00053206   -0.00002443
 Gradient time:  CPU 1.47 s  wall 0.15 s
 Geometry Optimization Parameters
   NAtoms,    NIC,     NZ,  NCons,   NDum,   NFix, NCnnct, MaxDiis
        8      47       0       0       0       7       0       0

 Cartesian Hessian Update
 Hessian updated using BFGS update


** GEOMETRY OPTIMIZATION IN CARTESIAN COORDINATES **
   Searching for a Minimum

   Optimization Cycle:   4

                       Coordinates (Angstroms)
     ATOM                X               Y               Z
      1  C         0.0000000000    0.0000000000    1.9964004496
      2  C         0.0000000000    0.0000000000    0.6674004496
      3  H         0.9623488435    0.0000000000    2.4909804791
      4  H         0.9623489146    0.0000000000    0.1728204791
      5  H        -0.9623488435    0.0000000000    2.4909804791
      6  H        -0.9623489146    0.0000000000    0.1728204791
      7  O         0.0000000000    0.0000000000   -2.2680995504
      8  H         0.0000000000    0.0000000000   -3.2353031469
   Point Group: c2v   Number of degrees of freedom:     7


   Energy is   -154.105009231

            Atoms with "Fixed" Coordinates
                Atom    Coordinates
                     1        X  Y  Z
                     2        X  Y  Z
                     3        X  Y  Z
                     4        X  Y  Z
                     5        X  Y  Z
                     6        X  Y  Z
                     7           Y  Z

  1 Hessian modes will be used to form the next step
  Hessian Eigenvalues:
     0.590900

 Minimum search - taking simple RFO step
 Searching for Lamda that Minimizes Along All modes
 Value Taken    Lamda =  -0.00000000
 Step Taken.  Stepsize is  0.000041

                             Maximum     Tolerance    Cnvgd?
         Gradient           0.000024      0.000300     YES
         Displacement       0.000036      0.001200     YES
         Energy change     -0.000000      0.000001     YES


                       Distance Matrix (Angstroms)
             C (  1)   C (  2)   H (  3)   H (  4)   H (  5)   H (  6)
   C (  2)  1.329000
   H (  3)  1.082000  2.061931
   H (  4)  2.061931  1.082000  2.318160
   H (  5)  1.082000  2.061931  1.924698  3.013026
   H (  6)  2.061931  1.082000  3.013026  1.924698  2.318160
   O (  7)  4.264500  2.935500  4.855405  2.623777  4.855405  2.623777
   H (  8)  5.231704  3.902704  5.806586  3.541387  5.806586  3.541387
             O (  7)
   H (  8)  0.967204
 
 Final energy is   -154.105009231188     


 ******************************
 **  OPTIMIZATION CONVERGED  **
 ******************************

                       Coordinates (Angstroms)
     ATOM                X               Y               Z
      1  C         0.0000000000    0.0000000000    1.9964004496
      2  C         0.0000000000    0.0000000000    0.6674004496
      3  H         0.9623488435    0.0000000000    2.4909804791
      4  H         0.9623489146    0.0000000000    0.1728204791
      5  H        -0.9623488435    0.0000000000    2.4909804791
      6  H        -0.9623489146    0.0000000000    0.1728204791
      7  O         0.0000000000    0.0000000000   -2.2680995504
      8  H         0.0000000000    0.0000000000   -3.2353031469

Z-matrix Print:
$molecule
-1 1
C 
H  1 1.082000
H  1 1.082000 2 125.600018
C  1 1.329000 2 117.199991 3 -180.000000 0
H  4 1.082000 1 117.199995 2 -0.000000 0
H  4 1.082000 1 117.199995 2 -180.000000 0
O  2 2.623777 1 95.682824 3 -0.000000 0
H  7 0.967204 2 158.482833 1 -180.000000 0
$end

 
 --------------------------------------------------------------
             Orbital Energies (a.u.) and Symmetries
 --------------------------------------------------------------
 
 Alpha MOs, Restricted
 -- Occupied --                  
-20.199 -11.070 -11.068  -0.917  -0.884  -0.621  -0.506  -0.407
  1 A1    2 A1    3 A1    4 A1    5 A1    6 A1    1 B1    7 A1                 
 -0.358  -0.265  -0.225  -0.123  -0.123
  2 B1    8 A1    1 B2    3 B1    2 B2                                         
 -- Virtual --                   
  0.285   0.303   0.309   0.314   0.359   0.376   0.385   0.429
  9 A1   10 A1    3 B2    4 B1   11 A1    5 B1    4 B2   12 A1                 
  0.432   0.499   0.529   0.598   0.619   0.625   0.724   0.732
  6 B1   13 A1   14 A1    5 B2    7 B1   15 A1   16 A1    6 B2                 
  0.753   0.753   0.772   0.810   0.816   0.862   0.919   0.930
 17 A1    8 B1   18 A1   19 A1    1 A2    9 B1    7 B2    2 A2                 
  0.939   0.948   0.953   0.978   1.000   1.069   1.083   1.156
 20 A1   10 B1   21 A1   22 A1    3 A2   11 B1    8 B2   23 A1                 
  1.167   1.207   1.267   1.271   1.292   1.304   1.320   1.355
 12 B1   13 B1    9 B2   24 A1   25 A1   14 B1   10 B2   11 B2                 
  1.411   1.430   1.475   1.486   1.518   1.588   1.610   1.615
  4 A2   26 A1   15 B1   12 B2   27 A1   13 B2   16 B1   28 A1                 
  1.669   1.710   1.723   1.776   1.790   1.902   1.968   2.000
 29 A1   17 B1   30 A1   18 B1    5 A2   31 A1   32 A1   33 A1                 
  2.057   2.193   2.380   2.387   2.410   2.413   2.468   2.485
 34 A1   19 B1    6 A2   35 A1   14 B2   20 B1   36 A1   15 B2                 
  2.517   2.525   2.530   2.539   2.706   2.737   2.739   2.751
 21 B1   16 B2    7 A2   37 A1   38 A1   17 B2   22 B1   39 A1                 
  2.775   2.819   2.883   2.908   2.951   2.957   3.001   3.073
 18 B2   23 B1   40 A1   24 B1   19 B2   41 A1   25 B1    8 A2                 
  3.235   3.252   3.260   3.288   3.295   3.311   3.354   3.389
 26 B1   20 B2    9 A2   42 A1   27 B1   10 A2   43 A1   21 B2                 
  3.497   3.516   3.572   3.582   3.587   3.614   3.623   3.712
 44 A1   28 B1   22 B2   11 A2   45 A1   29 B1   46 A1   23 B2                 
  3.753   3.803   3.886   3.984   4.046   4.061   4.076   4.127
 47 A1   12 A2   30 B1   31 B1   48 A1   49 A1   32 B1   24 B2                 
  4.136   4.177   4.187   4.218   4.301   4.301   4.347   4.350
 13 A2   33 B1   50 A1   25 B2   14 A2   51 A1   52 A1   34 B1                 
  4.368   4.405   4.430   4.482   4.495   4.509   4.541   4.559
 15 A2   53 A1   26 B2   27 B2   35 B1   28 B2   29 B2   36 B1                 
  4.672   4.754   4.759   4.766   4.876   4.928   4.978   5.085
 54 A1   55 A1   37 B1   16 A2   56 A1   57 A1   30 B2   31 B2                 
  5.150   5.197   5.298   5.373   5.456   5.472   5.484   5.586
 58 A1   38 B1   39 B1   17 A2   59 A1   60 A1   61 A1   18 A2                 
  5.606   5.614   5.630   5.694   5.749   5.804   6.165   6.287
 40 B1   32 B2   41 B1   33 B2   62 A1   42 B1   63 A1   43 B1                 
  6.388   6.473   6.705   6.854   6.877   6.881   6.882   7.036
 64 A1   44 B1   65 A1   19 A2   66 A1   34 B2   45 B1   46 B1                 
  7.426   7.433   7.446   7.501   7.531   7.542   7.577   8.277
 20 A2   67 A1   35 B2   47 B1   36 B2   48 B1   68 A1   69 A1                 
 11.939  12.304  15.116
 70 A1   71 A1   72 A1                                                         
 
 Beta MOs, Restricted
 -- Occupied --                  
-20.199 -11.070 -11.068  -0.917  -0.884  -0.621  -0.506  -0.407
  1 A1    2 A1    3 A1    4 A1    5 A1    6 A1    1 B1    7 A1                 
 -0.358  -0.265  -0.225  -0.123  -0.123
  2 B1    8 A1    1 B2    3 B1    2 B2                                         
 -- Virtual --                   
  0.285   0.303   0.309   0.314   0.359   0.376   0.385   0.429
  9 A1   10 A1    3 B2    4 B1   11 A1    5 B1    4 B2   12 A1                 
  0.432   0.499   0.529   0.598   0.619   0.625   0.724   0.732
  6 B1   13 A1   14 A1    5 B2    7 B1   15 A1   16 A1    6 B2                 
  0.753   0.753   0.772   0.810   0.816   0.862   0.919   0.930
 17 A1    8 B1   18 A1   19 A1    1 A2    9 B1    7 B2    2 A2                 
  0.939   0.948   0.953   0.978   1.000   1.069   1.083   1.156
 20 A1   10 B1   21 A1   22 A1    3 A2   11 B1    8 B2   23 A1                 
  1.167   1.207   1.267   1.271   1.292   1.304   1.320   1.355
 12 B1   13 B1    9 B2   24 A1   25 A1   14 B1   10 B2   11 B2                 
  1.411   1.430   1.475   1.486   1.518   1.588   1.610   1.615
  4 A2   26 A1   15 B1   12 B2   27 A1   13 B2   16 B1   28 A1                 
  1.669   1.710   1.723   1.776   1.790   1.902   1.968   2.000
 29 A1   17 B1   30 A1   18 B1    5 A2   31 A1   32 A1   33 A1                 
  2.057   2.193   2.380   2.387   2.410   2.413   2.468   2.485
 34 A1   19 B1    6 A2   35 A1   14 B2   20 B1   36 A1   15 B2                 
  2.517   2.525   2.530   2.539   2.706   2.737   2.739   2.751
 21 B1   16 B2    7 A2   37 A1   38 A1   17 B2   22 B1   39 A1                 
  2.775   2.819   2.883   2.908   2.951   2.957   3.001   3.073
 18 B2   23 B1   40 A1   24 B1   19 B2   41 A1   25 B1    8 A2                 
  3.235   3.252   3.260   3.288   3.295   3.311   3.354   3.389
 26 B1   20 B2    9 A2   42 A1   27 B1   10 A2   43 A1   21 B2                 
  3.497   3.516   3.572   3.582   3.587   3.614   3.623   3.712
 44 A1   28 B1   22 B2   11 A2   45 A1   29 B1   46 A1   23 B2                 
  3.753   3.803   3.886   3.984   4.046   4.061   4.076   4.127
 47 A1   12 A2   30 B1   31 B1   48 A1   49 A1   32 B1   24 B2                 
  4.136   4.177   4.187   4.218   4.301   4.301   4.347   4.350
 13 A2   33 B1   50 A1   25 B2   14 A2   51 A1   52 A1   34 B1                 
  4.368   4.405   4.430   4.482   4.495   4.509   4.541   4.559
 15 A2   53 A1   26 B2   27 B2   35 B1   28 B2   29 B2   36 B1                 
  4.672   4.754   4.759   4.766   4.876   4.928   4.978   5.085
 54 A1   55 A1   37 B1   16 A2   56 A1   57 A1   30 B2   31 B2                 
  5.150   5.197   5.298   5.373   5.456   5.472   5.484   5.586
 58 A1   38 B1   39 B1   17 A2   59 A1   60 A1   61 A1   18 A2                 
  5.606   5.614   5.630   5.694   5.749   5.804   6.165   6.287
 40 B1   32 B2   41 B1   33 B2   62 A1   42 B1   63 A1   43 B1                 
  6.388   6.473   6.705   6.854   6.877   6.881   6.882   7.036
 64 A1   44 B1   65 A1   19 A2   66 A1   34 B2   45 B1   46 B1                 
  7.426   7.433   7.446   7.501   7.531   7.542   7.577   8.277
 20 A2   67 A1   35 B2   47 B1   36 B2   48 B1   68 A1   69 A1                 
 11.939  12.304  15.116
 70 A1   71 A1   72 A1                                                         
 --------------------------------------------------------------
 
          Ground-State Mulliken Net Atomic Charges

     Atom                 Charge (a.u.)
  ----------------------------------------
      1 C                    -0.369043
      2 C                    -0.253865
      3 H                     0.109817
      4 H                     0.200787
      5 H                     0.109817
      6 H                     0.200787
      7 O                    -1.145451
      8 H                     0.147151
  ----------------------------------------
  Sum of atomic charges =    -1.000000

 -----------------------------------------------------------------
                    Cartesian Multipole Moments
 -----------------------------------------------------------------
    Charge (ESU x 10^10)
                -4.8032
    Dipole Moment (Debye)
         X      -0.0000      Y       0.0000      Z       8.1625
       Tot       8.1625
    Quadrupole Moments (Debye-Ang)
        XX     -23.4737     XY      -0.0000     YY     -27.0195
        XZ      -0.0000     YZ      -0.0000     ZZ     -44.8514
    Octopole Moments (Debye-Ang^2)
       XXX      -0.0000    XXY       0.0000    XYY      -0.0000
       YYY       0.0000    XXZ       8.4562    XYZ       0.0000
       YYZ       4.1002    XZZ      -0.0000    YZZ       0.0000
       ZZZ      31.5951
    Hexadecapole Moments (Debye-Ang^3)
      XXXX     -50.6783   XXXY      -0.0000   XXYY     -16.1916
      XYYY      -0.0000   YYYY     -41.2786   XXXZ      -0.0000
      XXYZ      -0.0000   XYYZ      -0.0000   YYYZ      -0.0000
      XXZZ    -107.1992   XYZZ      -0.0000   YYZZ    -113.6276
      XZZZ      -0.0000   YZZZ      -0.0000   ZZZZ    -594.5211
 -----------------------------------------------------------------
 Total job time:  158.40s(wall), 819.65s(cpu) 
 Sun Apr  3 13:16:47 2022

        *************************************************************
        *                                                           *
        *  Thank you very much for using Q-Chem.  Have a nice day.  *
        *                                                           *
        *************************************************************


