                  Welcome to Q-Chem
     A Quantum Leap Into The Future Of Chemistry


 Q-Chem 5.4 (devel), Q-Chem, Inc., Pleasanton, CA (2021)

 E. Epifanovsky,  A. T. B. Gilbert,  Xintian Feng,  Joonho Lee,  Yuezhi Mao,  
 N. Mardirossian,  P. Pokhilko,  A. White,  M. Wormit,  M. P. Coons,  
 A. L. Dempwolff,  Zhengting Gan,  D. Hait,  P. R. Horn,  L. D. Jacobson,  
 I. Kaliman,  J. Kussmann,  A. W. Lange,  Ka Un Lao,  D. S. Levine,  Jie Liu,  
 S. C. McKenzie,  A. F. Morrison,  K. Nanda,  F. Plasser,  D. R. Rehn,  
 M. L. Vidal,  Zhi-Qiang You,  Ying Zhu,  B. Alam,  B. Albrecht,  
 A. Aldossary,  E. Alguire,  J. H. Andersen,  D. Barton,  K. Begam,  A. Behn,  
 Y. A. Bernard,  E. J. Berquist,  H. Burton,  A. Carreras,  K. Carter-Fenk,  
 R. Chakraborty,  A. D. Chien,  K. D. Closser,  V. Cofer-Shabica,  
 S. Dasgupta,  Jia Deng,  M. de Wergifosse,  M. Diedenhofen,  Hainam Do,  
 S. Ehlert,  Po-Tung Fang,  S. Fatehi,  Qingguo Feng,  T. Friedhoff,  
 J. Gayvert,  Qinghui Ge,  G. Gidofalvi,  M. Goldey,  J. Gomes,  
 C. Gonzalez-Espinoza,  S. Gulania,  A. Gunina,  M. W. D. Hanson-Heine,  
 P. H. P. Harbach,  A. W. Hauser,  M. F. Herbst,  M. Hernandez Vera,  
 M. Hodecker,  Z. C. Holden,  S. Houck,  Xunkun Huang,  Kerwin Hui,  
 B. C. Huynh,  M. Ivanov,  Hyunjun Ji,  Hanjie Jiang,  B. Kaduk,  S. Kaehler,  
 K. Khistyaev,  Jaehoon Kim,  P. Klunzinger,  Z. Koczor-Benda,  
 Joong Hoon Koh,  D. Kosenkov,  L. Koulias,  T. Kowalczyk,  C. M. Krauter,  
 K. Kue,  A. Kunitsa,  T. Kus,  A. Landau,  K. V. Lawler,  D. Lefrancois,  
 S. Lehtola,  Rain Li,  Yi-Pei Li,  Jiashu Liang,  M. Liebenthal,  
 Hung-Hsuan Lin,  You-Sheng Lin,  Fenglai Liu,  Kuan-Yu Liu,  
 M. Loipersberger,  A. Luenser,  A. Manjanath,  P. Manohar,  E. Mansoor,  
 S. F. Manzer,  Shan-Ping Mao,  A. V. Marenich,  T. Markovich,  S. Mason,  
 S. A. Maurer,  P. F. McLaughlin,  M. F. S. J. Menger,  J.-M. Mewes,  
 S. A. Mewes,  P. Morgante,  J. W. Mullinax,  K. J. Oosterbaan,  G. Paran,  
 Alexander C. Paul,  Suranjan K. Paul,  F. Pavosevic,  Zheng Pei,  S. Prager,  
 E. I. Proynov,  E. Ramos,  B. Rana,  A. E. Rask,  A. Rettig,  R. M. Richard,  
 F. Rob,  E. Rossomme,  T. Scheele,  M. Scheurer,  M. Schneider,  
 N. Sergueev,  S. M. Sharada,  W. Skomorowski,  D. W. Small,  C. J. Stein,  
 Yu-Chuan Su,  E. J. Sundstrom,  Zhen Tao,  J. Thirman,  T. Tsuchimochi,  
 N. M. Tubman,  S. P. Veccham,  O. Vydrov,  J. Wenzel,  J. Witte,  A. Yamada,  
 Kun Yao,  S. Yeganeh,  S. R. Yost,  A. Zech,  Igor Ying Zhang,  Xing Zhang,  
 Yu Zhang,  D. Zuev,  A. Aspuru-Guzik,  A. T. Bell,  N. A. Besley,  
 K. B. Bravaya,  B. R. Brooks,  D. Casanova,  Jeng-Da Chai,  S. Coriani,  
 C. J. Cramer,  A. E. DePrince, III,  R. A. DiStasio Jr.,  A. Dreuw,  
 B. D. Dunietz,  T. R. Furlani,  W. A. Goddard III,  S. Grimme,  
 S. Hammes-Schiffer,  T. Head-Gordon,  W. J. Hehre,  Chao-Ping Hsu,  
 T.-C. Jagau,  Yousung Jung,  A. Klamt,  Jing Kong,  D. S. Lambrecht,  
 WanZhen Liang,  N. J. Mayhall,  C. W. McCurdy,  J. B. Neaton,  
 C. Ochsenfeld,  J. A. Parkhill,  R. Peverati,  V. A. Rassolov,  Yihan Shao,  
 L. V. Slipchenko,  T. Stauch,  R. P. Steele,  J. E. Subotnik,  
 A. J. W. Thom,  A. Tkatchenko,  D. G. Truhlar,  T. Van Voorhis,  
 T. A. Wesolowski,  K. B. Whaley,  H. L. Woodcock III,  P. M. Zimmerman,  
 S. Faraji,  P. M. W. Gill,  M. Head-Gordon,  J. M. Herbert,  A. I. Krylov

 Additional authors for Version 5.4.1: 
 S. Kotaru,  Shaozhi Li,  Xiangyuan Li,  F. Matz,  A. Molle,  Haisheng Ren,  
 Yingli Su,  Hung-Yi Tsai,  C. Utku,  Fang Wang

 Contributors to earlier versions of Q-Chem not listed above: 
 R. D. Adamson,  B. Austin,  R. Baer,  J. Baker,  G. J. O. Beran,  
 K. Brandhorst,  S. T. Brown,  E. F. C. Byrd,  A. K. Chakraborty,  
 G. K. L. Chan,  Chun-Min Chang,  Yunqing Chen,  C.-L. Cheng,  
 Siu Hung Chien,  D. M. Chipman,  D. L. Crittenden,  H. Dachsel,  
 R. J. Doerksen,  A. D. Dutoi,  R. G. Edgar,  J. Fosso-Tande,  
 L. Fusti-Molnar,  D. Ghosh,  A. Ghysels,  A. Golubeva-Zadorozhnaya,  
 J. Gonthier,  M. S. Gordon,  S. R. Gwaltney,  G. Hawkins,  J. E. Herr,  
 A. Heyden,  S. Hirata,  E. G. Hohenstein,  G. Kedziora,  F. J. Keil,  
 C. Kelley,  Jihan Kim,  R. A. King,  R. Z. Khaliullin,  P. P. Korambath,  
 W. Kurlancheek,  A. Laurent,  A. M. Lee,  M. S. Lee,  S. V. Levchenko,  
 Ching Yeh Lin,  D. Liotard,  E. Livshits,  R. C. Lochan,  I. Lotan,  
 L. A. Martinez-Martinez,  P. E. Maslen,  N. Nair,  D. P. O'Neill,  
 D. Neuhauser,  E. Neuscamman,  C. M. Oana,  R. Olivares-Amaya,  R. Olson,  
 T. M. Perrine,  B. Peters,  P. A. Pieniazek,  A. Prociuk,  Y. M. Rhee,  
 J. Ritchie,  M. A. Rohrdanz,  E. Rosta,  N. J. Russ,  H. F. Schaefer III,  
 M. W. Schmidt,  N. E. Schultz,  S. Sharma,  N. Shenvi,  C. D. Sherrill,  
 A. C. Simmonett,  A. Sodt,  T. Stein,  D. Stuck,  K. S. Thanthiriwatte,  
 V. Vanovschi,  L. Vogt,  Tao Wang,  A. Warshel,  M. A. Watson,  
 C. F. Williams,  Q. Wu,  X. Xu,  Jun Yang,  W. Zhang,  Yan Zhao

 Please cite Q-Chem as follows:
 Y. Shao et al., Mol. Phys. 113, 184-215 (2015)
 DOI: 10.1080/00268976.2014.952696

 Q-Chem 5.4.1 for Intel X86 EM64T Linux

 Parts of Q-Chem use Armadillo 9.900.5 (Nocturnal Misbehaviour).
 http://arma.sourceforge.net/

 Q-Chem begins on Sun Apr  3 13:09:02 2022  

 Host: node01
0

     Scratch files written to /src/jdavis/qchem.scratch/qchem26541//
 Processing $rem in /src/tsommerfeld/qchem/config/preferences:
 Processing $rem in /home/jdavis/.qchemrc:
 Core orbitals will be frozen

 Checking the input file for inconsistencies... 	...done.

--------------------------------------------------------------
User input:
--------------------------------------------------------------
$molecule
-1 1
C        -0.6645000000    0.0000000000   -0.2082049804
C         0.6645000000    0.0000000000   -0.2082049804
H        -1.1590800000    0.0000000000    0.7541440196
H         1.1590800000    0.0000000000    0.7541440196
H        -1.1590800000    0.0000000000   -1.1705529804
H         1.1590800000    0.0000000000   -1.1705529804
O         0.0000000000    0.0000000000    10.792
H         0.0000000000    0.0000000000    9.792
$end

$rem
   JOBTYPE opt
   METHOD MP2
   BASIS gen
   PURECART 11
   THRESH 14
   S2THRESH 14
   THREADS 10
   MEM_TOTAL 95000
$end
$basis
C     1
cc-pvtz
****
C     2
cc-pvtz
****
H     3
cc-pvtz
****
H     4
cc-pvtz
****
H     5
cc-pvtz
****
H     6
cc-pvtz
****
O     7
aug-cc-pvtz
****
H     8
aug-cc-pvtz
****
$end
$opt
FIXED
1 xyz
2 xyz
3 xyz
4 xyz
5 xyz
6 xyz
7 xyz
ENDFIXED
$end
--------------------------------------------------------------
 ----------------------------------------------------------------
             Standard Nuclear Orientation (Angstroms)
    I     Atom           X                Y                Z
 ----------------------------------------------------------------
    1      C      -0.6645000000     0.0000000000     3.9200738729
    2      C       0.6645000000    -0.0000000000     3.9200738729
    3      H      -1.1590800000     0.0000000000     2.9577248729
    4      H       1.1590800000    -0.0000000000     2.9577248729
    5      H      -1.1590800000     0.0000000000     4.8824218729
    6      H       1.1590800000    -0.0000000000     4.8824218729
    7      O       0.0000000000     0.0000000000    -7.0801311075
    8      H      -0.0000000000     0.0000000000    -6.0801311075
 ----------------------------------------------------------------
 Molecular Point Group                 C2v   NOp =  4
 Largest Abelian Subgroup              C2v   NOp =  4
 Nuclear Repulsion Energy =          44.82058180 hartrees
 There are       13 alpha and       13 beta electrons
 Requested basis set is non-standard
 There are 64 shells and 176 basis functions

 Total QAlloc Memory Limit  95000 MB
 Mega-Array Size       188 MB
 MEM_STATIC part       192 MB
 A cutoff of  1.0D-14 yielded   1312 shell pairs
 There are      9408 function pairs (     12010 Cartesian)
 Smallest overlap matrix eigenvalue = 6.98E-04

 Scale SEOQF with 1.000000e-01/1.000000e-01/1.000000e-02

 Standard Electronic Orientation quadrupole field applied
 Nucleus-field energy     =    -0.0000000070 hartrees
 ================ Generating on-the-fly SAD Guess ================
Attempting to make child job directory: /src/jdavis/qchem.scratch/qchem26541//Frg1/
Attempting to make child job directory: /src/jdavis/qchem.scratch/qchem26541//Frg2/
Attempting to make child job directory: /src/jdavis/qchem.scratch/qchem26541//Frg3/
Creating input file /src/jdavis/qchem.scratch/qchem26541/Frg1.input
using default PutDataFrgm: nothing
calling putenv with: QCSCRATCH=/src/jdavis/qchem.scratch/qchem26541/ 
Spawning Job For Fragment 0
Done Job For Fragment 0
calling putenv with: QCSCRATCH=/src/jdavis/qchem.scratch 
calling putenv with: QCTHREADS=1 
Creating input file /src/jdavis/qchem.scratch/qchem26541/Frg2.input
using default PutDataFrgm: nothing
calling putenv with: QCSCRATCH=/src/jdavis/qchem.scratch/qchem26541/ 
Spawning Job For Fragment 1
Done Job For Fragment 1
calling putenv with: QCSCRATCH=/src/jdavis/qchem.scratch 
calling putenv with: QCTHREADS=1 
Creating input file /src/jdavis/qchem.scratch/qchem26541/Frg3.input
using default PutDataFrgm: nothing
calling putenv with: QCSCRATCH=/src/jdavis/qchem.scratch/qchem26541/ 
Spawning Job For Fragment 2
Done Job For Fragment 2
calling putenv with: QCSCRATCH=/src/jdavis/qchem.scratch 
calling putenv with: QCTHREADS=1 
 Time for running child jobs:  CPU 1.75 s  wall 1.91 s
 ============= Method Specific SAD Guess Constructed =============
 Guess from on-the-fly superposition of atomic densities
 Warning: Energy on first SCF cycle will be non-variational

 -----------------------------------------------------------------------
  General SCF calculation program by
  Eric Jon Sundstrom, Paul Horn, Yuezhi Mao, Dmitri Zuev, Alec White,
  David Stuck, Shaama M.S., Shane Yost, Joonho Lee, David Small,
  Daniel Levine, Susi Lehtola, Hugh Burton, Evgeny Epifanovsky,
  Bang C. Huynh
 -----------------------------------------------------------------------
 Hartree-Fock
 using 10 threads for integral computing
 -------------------------------------------------------
 OpenMP Integral computing Module                
 Release: version 1.0, May 2013, Q-Chem Inc. Pittsburgh 
 -------------------------------------------------------
 A restricted SCF calculation will be
 performed using DIIS
 SCF converges when DIIS error is below 1.0e-08
 ---------------------------------------
  Cycle       Energy         DIIS error
 ---------------------------------------
    1    -153.5012175444      3.04e-02  
    2    -153.3154263980      6.36e-03  
    3    -153.3701692912      5.92e-03  
    4    -153.4684505971      3.45e-04  
    5    -153.4692074200      1.04e-04  
    6    -153.4692623861      2.27e-05  
    7    -153.4692655434      6.25e-06  
    8    -153.4692658746      2.03e-06  
    9    -153.4692659290      5.60e-07  
   10    -153.4692659342      1.55e-07  
   11    -153.4692659345      2.06e-08  
   12    -153.4692659345      2.84e-09  Convergence criterion met
 ---------------------------------------
 SCF time:   CPU 23.33s  wall 3.00s 
 SCF   energy in the final basis set =     -153.4692659345
 Total energy in the final basis set =     -153.4692659345
 
 Components of the MP2 correlation energy:
        aaaa  correlation energy =        -0.0729430312 au
        abab  correlation energy =        -0.4810334967 au
        bbbb  correlation energy =        -0.0729430312 au
        non-Brillouin singles    =        -0.0000000000 au

 Total  MP2   correlation energy =                    -0.62691956 au
        MP2         total energy =                  -154.09618549 au
  Entering Z-vector solver.
 Full subspace dimension requested for CIS/TDDFT
 MAX_CIS_SUBSPACE fits in available memory
   1         0           1      0.000347    0.000347
   2         0           1      0.000157    0.000157
   3         0           1      0.000071    0.000071
   4         0           1      0.000020    0.000020
   5         0           1      0.000003    0.000003
   6         1           0      0.000000    0.000000    Roots Converged
 
 --------------------------------------------------------------
             Orbital Energies (a.u.) and Symmetries
 --------------------------------------------------------------
 
 Alpha MOs, Restricted
 -- Occupied --                  
-20.193 -11.179 -11.177  -0.991  -0.894  -0.733  -0.612  -0.519
  1 A1    2 A1    1 B1    3 A1    4 A1    2 B1    5 A1    6 A1                 
 -0.468  -0.330  -0.244  -0.110  -0.110
  3 B1    1 B2    7 A1    4 B1    2 B2                                         
 -- Virtual --                   
  0.201   0.205   0.234   0.240   0.288   0.337   0.386   0.386
  1 A2    8 A1    9 A1    5 B1    6 B1   10 A1    7 B1    3 B2                 
  0.402   0.403   0.407   0.493   0.496   0.518   0.526   0.612
  8 B1   11 A1   12 A1    4 B2   13 A1   14 A1   15 A1    2 A2                 
  0.635   0.644   0.674   0.687   0.714   0.742   0.832   0.876
  9 B1   16 A1   17 A1   10 B1    5 B2   11 B1   12 B1    3 A2                 
  0.920   0.920   0.924   0.943   0.951   0.958   0.958   1.033
 13 B1    6 B2   18 A1    7 B2   14 B1    4 A2   19 A1   20 A1                 
  1.069   1.085   1.093   1.160   1.229   1.230   1.276   1.285
 15 B1   21 A1   22 A1   23 A1    8 B2    5 A2   24 A1   16 B1                 
  1.285   1.302   1.369   1.393   1.411   1.491   1.491   1.511
  9 B2   10 B2   17 B1   25 A1    6 A2   18 B1   11 B2   26 A1                 
  1.526   1.555   1.580   1.645   1.683   1.788   1.847   1.900
 19 B1   27 A1   20 B1   21 B1    7 A2   28 A1   22 B1   29 A1                 
  1.933   2.018   2.333   2.390   2.390   2.411   2.425   2.425
 30 A1   23 B1   31 A1    8 A2   32 A1   12 B2   13 B2   24 B1                 
  2.494   2.494   2.543   2.543   2.595   2.611   2.657   2.671
 25 B1   14 B2   33 A1    9 A2   34 A1   10 A2   35 A1   36 A1                 
  2.756   2.765   2.777   2.777   2.788   2.809   2.889   2.963
 37 A1   38 A1   26 B1   15 B2   27 B1   16 B2   28 B1   17 B2                 
  3.112   3.144   3.154   3.156   3.168   3.200   3.226   3.276
 29 B1   18 B2   19 B2   39 A1   40 A1   11 A2   41 A1   12 A2                 
  3.314   3.385   3.449   3.473   3.474   3.495   3.501   3.598
 30 B1   42 A1   13 A2   31 B1   14 A2   32 B1   33 B1   20 B2                 
  3.624   3.689   3.771   3.813   3.864   3.924   3.960   4.016
 43 A1   21 B2   44 A1   45 A1   34 B1   35 B1   36 B1   15 A2                 
  4.025   4.055   4.060   4.105   4.232   4.239   4.241   4.250
 16 A2   46 A1   47 A1   22 B2   37 B1   38 B1   48 A1   23 B2                 
  4.271   4.271   4.377   4.398   4.424   4.424   4.512   4.512
 17 A2   49 A1   24 B2   18 A2   39 B1   25 B2   40 B1   26 B2                 
  4.518   4.554   4.611   4.654   4.689   4.805   4.861   4.976
 50 A1   41 B1   51 A1   19 A2   52 A1   42 B1   20 A2   27 B2                 
  5.022   5.076   5.175   5.264   5.346   5.347   5.353   5.475
 53 A1   43 B1   54 A1   28 B2   55 A1   56 A1   44 B1   21 A2                 
  5.490   5.547   5.547   5.585   5.611   5.665   6.005   6.141
 45 B1   46 B1   29 B2   22 A2   57 A1   58 A1   47 B1   48 B1                 
  6.318   6.419   6.558   6.864   6.864   6.895   6.895   6.921
 59 A1   60 A1   49 B1   23 A2   61 A1   50 B1   30 B2   51 B1                 
  7.380   7.380   7.435   7.435   7.448   7.523   7.523   8.037
 52 B1   31 B2   62 A1   24 A2   63 A1   53 B1   32 B2   64 A1                 
 11.428  11.944  14.797
 65 A1   66 A1   54 B1                                                         
 
 Beta MOs, Restricted
 -- Occupied --                  
-20.193 -11.179 -11.177  -0.991  -0.894  -0.733  -0.612  -0.519
  1 A1    2 A1    1 B1    3 A1    4 A1    2 B1    5 A1    6 A1                 
 -0.468  -0.330  -0.244  -0.110  -0.110
  3 B1    1 B2    7 A1    4 B1    2 B2                                         
 -- Virtual --                   
  0.201   0.205   0.234   0.240   0.288   0.337   0.386   0.386
  1 A2    8 A1    9 A1    5 B1    6 B1   10 A1    7 B1    3 B2                 
  0.402   0.403   0.407   0.493   0.496   0.518   0.526   0.612
  8 B1   11 A1   12 A1    4 B2   13 A1   14 A1   15 A1    2 A2                 
  0.635   0.644   0.674   0.687   0.714   0.742   0.832   0.876
  9 B1   16 A1   17 A1   10 B1    5 B2   11 B1   12 B1    3 A2                 
  0.920   0.920   0.924   0.943   0.951   0.958   0.958   1.033
 13 B1    6 B2   18 A1    7 B2   14 B1    4 A2   19 A1   20 A1                 
  1.069   1.085   1.093   1.160   1.229   1.230   1.276   1.285
 15 B1   21 A1   22 A1   23 A1    8 B2    5 A2   24 A1   16 B1                 
  1.285   1.302   1.369   1.393   1.411   1.491   1.491   1.511
  9 B2   10 B2   17 B1   25 A1    6 A2   18 B1   11 B2   26 A1                 
  1.526   1.555   1.580   1.645   1.683   1.788   1.847   1.900
 19 B1   27 A1   20 B1   21 B1    7 A2   28 A1   22 B1   29 A1                 
  1.933   2.018   2.333   2.390   2.390   2.411   2.425   2.425
 30 A1   23 B1   31 A1    8 A2   32 A1   12 B2   13 B2   24 B1                 
  2.494   2.494   2.543   2.543   2.595   2.611   2.657   2.671
 25 B1   14 B2   33 A1    9 A2   34 A1   10 A2   35 A1   36 A1                 
  2.756   2.765   2.777   2.777   2.788   2.809   2.889   2.963
 37 A1   38 A1   26 B1   15 B2   27 B1   16 B2   28 B1   17 B2                 
  3.112   3.144   3.154   3.156   3.168   3.200   3.226   3.276
 29 B1   18 B2   19 B2   39 A1   40 A1   11 A2   41 A1   12 A2                 
  3.314   3.385   3.449   3.473   3.474   3.495   3.501   3.598
 30 B1   42 A1   13 A2   31 B1   14 A2   32 B1   33 B1   20 B2                 
  3.624   3.689   3.771   3.813   3.864   3.924   3.960   4.016
 43 A1   21 B2   44 A1   45 A1   34 B1   35 B1   36 B1   15 A2                 
  4.025   4.055   4.060   4.105   4.232   4.239   4.241   4.250
 16 A2   46 A1   47 A1   22 B2   37 B1   38 B1   48 A1   23 B2                 
  4.271   4.271   4.377   4.398   4.424   4.424   4.512   4.512
 17 A2   49 A1   24 B2   18 A2   39 B1   25 B2   40 B1   26 B2                 
  4.518   4.554   4.611   4.654   4.689   4.805   4.861   4.976
 50 A1   41 B1   51 A1   19 A2   52 A1   42 B1   20 A2   27 B2                 
  5.022   5.076   5.175   5.264   5.346   5.347   5.353   5.475
 53 A1   43 B1   54 A1   28 B2   55 A1   56 A1   44 B1   21 A2                 
  5.490   5.547   5.547   5.585   5.611   5.665   6.005   6.141
 45 B1   46 B1   29 B2   22 A2   57 A1   58 A1   47 B1   48 B1                 
  6.318   6.419   6.558   6.864   6.864   6.895   6.895   6.921
 59 A1   60 A1   49 B1   23 A2   61 A1   50 B1   30 B2   51 B1                 
  7.380   7.380   7.435   7.435   7.448   7.523   7.523   8.037
 52 B1   31 B2   62 A1   24 A2   63 A1   53 B1   32 B2   64 A1                 
 11.428  11.944  14.797
 65 A1   66 A1   54 B1                                                         
 --------------------------------------------------------------
 
          Ground-State Mulliken Net Atomic Charges

     Atom                 Charge (a.u.)
  ----------------------------------------
      1 C                    -0.304599
      2 C                    -0.304599
      3 H                     0.160674
      4 H                     0.160674
      5 H                     0.143925
      6 H                     0.143925
      7 O                    -1.155022
      8 H                     0.155022
  ----------------------------------------
  Sum of atomic charges =    -1.000000

 -----------------------------------------------------------------
                    Cartesian Multipole Moments
 -----------------------------------------------------------------
    Charge (ESU x 10^10)
                -4.8032
    Dipole Moment (Debye)
         X       0.0000      Y      -0.0000      Z      34.8666
       Tot      34.8666
    Quadrupole Moments (Debye-Ang)
        XX     -24.3728     XY       0.0000     YY     -26.9809
        XZ       0.0000     YZ      -0.0000     ZZ    -275.7925
    Octopole Moments (Debye-Ang^2)
       XXX       0.0000    XXY      -0.0000    XYY       0.0000
       YYY      -0.0000    XXZ      28.2183    XYZ       0.0000
       YYZ      18.1504    XZZ       0.0000    YZZ      -0.0000
       ZZZ    1877.5074
    Hexadecapole Moments (Debye-Ang^3)
      XXXX     -91.7319   XXXY       0.0000   XXYY     -22.6472
      XYYY       0.0000   YYYY     -41.2178   XXXZ       0.0000
      XXYZ      -0.0000   XYYZ       0.0000   YYYZ      -0.0000
      XXZZ    -778.8749   XYZZ       0.0000   YYZZ    -812.8760
      XZZZ       0.0000   YZZZ      -0.0000   ZZZZ  -17058.1455
 -----------------------------------------------------------------
 DrvMan is completing analytic gradient of the MP2 energy
 MP2 relaxed dipole moment
            1
    1   0.0000000
    2  -0.0000000
    3  13.7175883
	Magnitude:	13.718 au	34.867 Debye
 MP2 energy read as -154.096185
 Full Analytical Gradient of MP2 Energy (in au.)
             1             2             3             4             5
    1   -0.00521336    0.00521336    0.00958374   -0.00958374    0.00966072
    2    0.00000000   -0.00000000    0.00000000   -0.00000000    0.00000000
    3    0.00016293    0.00016293   -0.00719244   -0.00719244    0.00704672
             6             7             8
    1   -0.00966072   -0.00000000   -0.00000000
    2   -0.00000000    0.00000000   -0.00000000
    3    0.00704672   -0.02901312    0.02897869
 Gradient time:  CPU 1.98 s  wall 0.20 s
 Geometry Optimization Parameters
   NAtoms,    NIC,     NZ,  NCons,   NDum,   NFix, NCnnct, MaxDiis
        8      88       0       0       0       7       0       0
**WARNING** Cannot use Internal Coordinates with Fixed Atoms
  Cartesian Optimization Enforced


** GEOMETRY OPTIMIZATION IN CARTESIAN COORDINATES **
   Searching for a Minimum

   Optimization Cycle:   1

                       Coordinates (Angstroms)
     ATOM                X               Y               Z
      1  C        -0.6645000000    0.0000000000    3.9200738729
      2  C         0.6645000000    0.0000000000    3.9200738729
      3  H        -1.1590800000    0.0000000000    2.9577248729
      4  H         1.1590800000    0.0000000000    2.9577248729
      5  H        -1.1590800000    0.0000000000    4.8824218729
      6  H         1.1590800000    0.0000000000    4.8824218729
      7  O         0.0000000000    0.0000000000   -7.0801311075
      8  H         0.0000000000    0.0000000000   -6.0801311075
   Point Group: c2v   Number of degrees of freedom:     7


   Energy is   -154.096185494

            Atoms with "Fixed" Coordinates
                Atom    Coordinates
                     1        X  Y  Z
                     2        X  Y  Z
                     3        X  Y  Z
                     4        X  Y  Z
                     5        X  Y  Z
                     6        X  Y  Z
                     7        X  Y  Z

  1 Hessian modes will be used to form the next step
  Hessian Eigenvalues:
     1.000000

 Minimum search - taking simple RFO step
 Searching for Lamda that Minimizes Along All modes
 Value Taken    Lamda =  -0.00083906
 Step Taken.  Stepsize is  0.028954

                             Maximum     Tolerance    Cnvgd?
         Gradient           0.028979      0.000300      NO
         Displacement       0.025335      0.001200      NO
         Energy change     *********      0.000001      NO

 ----------------------------------------------------------------
             Standard Nuclear Orientation (Angstroms)
    I     Atom           X                Y                Z
 ----------------------------------------------------------------
    1      C      -0.6645000000     0.0000000000     3.9219891241
    2      C       0.6645000000     0.0000000000     3.9219891241
    3      H      -1.1590800000     0.0000000000     2.9596401241
    4      H       1.1590800000     0.0000000000     2.9596401241
    5      H      -1.1590800000     0.0000000000     4.8843371241
    6      H       1.1590800000     0.0000000000     4.8843371241
    7      O       0.0000000000     0.0000000000    -7.0782158563
    8      H       0.0000000000     0.0000000000    -6.0935378652
 ----------------------------------------------------------------
 Molecular Point Group                 C2v   NOp =  4
 Largest Abelian Subgroup              C2v   NOp =  4
 Nuclear Repulsion Energy =          44.88516461 hartrees
 There are       13 alpha and       13 beta electrons
 Applying Cartesian multipole field
    Component          Value
    ---------          -----
     (2,0,0)        1.00000E-11
     (0,2,0)        2.00000E-11
     (0,0,2)       -3.00000E-12
 Nucleus-field energy     =    -0.0000000070 hartrees
 Read the previous MOs as SCF guess

 -----------------------------------------------------------------------
  General SCF calculation program by
  Eric Jon Sundstrom, Paul Horn, Yuezhi Mao, Dmitri Zuev, Alec White,
  David Stuck, Shaama M.S., Shane Yost, Joonho Lee, David Small,
  Daniel Levine, Susi Lehtola, Hugh Burton, Evgeny Epifanovsky,
  Bang C. Huynh
 -----------------------------------------------------------------------
 Requested basis set is non-standard
 There are 64 shells and 176 basis functions
 Hartree-Fock
 A cutoff of  1.0D-14 yielded   1312 shell pairs
 There are      9408 function pairs (     12010 Cartesian)
 Smallest overlap matrix eigenvalue = 6.98E-04
 A restricted SCF calculation will be
 performed using DIIS
 SCF converges when DIIS error is below 1.0e-08
 ---------------------------------------
  Cycle       Energy         DIIS error
 ---------------------------------------
    1    -152.8557173757      1.53e-03  
    2    -153.4693384998      5.36e-04  
    3    -153.4701987703      3.09e-04  
    4    -153.4705274907      9.96e-05  
    5    -153.4705836706      2.69e-05  
    6    -153.4705919201      1.08e-05  
    7    -153.4705935197      2.30e-06  
    8    -153.4705935877      3.13e-07  
    9    -153.4705935884      5.91e-08  
   10    -153.4705935884      1.20e-08  
   11    -153.4705935884      2.04e-09  Convergence criterion met
 ---------------------------------------
 SCF time:   CPU 29.11s  wall 3.00s 
 SCF   energy in the final basis set =     -153.4705935884
 Total energy in the final basis set =     -153.4705935884
 
 Components of the MP2 correlation energy:
        aaaa  correlation energy =        -0.0728700382 au
        abab  correlation energy =        -0.4805114118 au
        bbbb  correlation energy =        -0.0728700382 au
        non-Brillouin singles    =        -0.0000000000 au

 Total  MP2   correlation energy =                    -0.62625149 au
        MP2         total energy =                  -154.09684508 au
  Entering Z-vector solver.
 Full subspace dimension requested for CIS/TDDFT
 MAX_CIS_SUBSPACE fits in available memory
   1         0           1      0.000338    0.000338
   2         0           1      0.000150    0.000150
   3         0           1      0.000067    0.000067
   4         0           1      0.000019    0.000019
   5         0           1      0.000003    0.000003
   6         1           0      0.000000    0.000000    Roots Converged
 
 --------------------------------------------------------------
             Orbital Energies (a.u.) and Symmetries
 --------------------------------------------------------------
 
 Alpha MOs, Restricted
 -- Occupied --                  
-20.190 -11.179 -11.177  -0.991  -0.898  -0.733  -0.612  -0.519
  1 A1    2 A1    1 B1    3 A1    4 A1    2 B1    5 A1    6 A1                 
 -0.468  -0.330  -0.247  -0.110  -0.110
  3 B1    1 B2    7 A1    4 B1    2 B2                                         
 -- Virtual --                   
  0.201   0.205   0.234   0.240   0.288   0.335   0.386   0.386
  1 A2    8 A1    9 A1    5 B1    6 B1   10 A1    7 B1    3 B2                 
  0.402   0.404   0.407   0.493   0.498   0.518   0.526   0.612
  8 B1   11 A1   12 A1    4 B2   13 A1   14 A1   15 A1    2 A2                 
  0.635   0.644   0.674   0.687   0.714   0.742   0.832   0.876
  9 B1   16 A1   17 A1   10 B1    5 B2   11 B1   12 B1    3 A2                 
  0.920   0.920   0.931   0.943   0.951   0.958   0.958   1.033
 13 B1    6 B2   18 A1    7 B2   14 B1    4 A2   19 A1   20 A1                 
  1.069   1.085   1.095   1.158   1.229   1.230   1.276   1.285
 15 B1   21 A1   22 A1   23 A1    8 B2    5 A2   24 A1   16 B1                 
  1.285   1.302   1.369   1.393   1.411   1.496   1.496   1.511
  9 B2   10 B2   17 B1   25 A1    6 A2   18 B1   11 B2   26 A1                 
  1.526   1.555   1.580   1.645   1.683   1.782   1.847   1.900
 19 B1   27 A1   20 B1   21 B1    7 A2   28 A1   22 B1   29 A1                 
  1.949   2.018   2.333   2.390   2.390   2.411   2.425   2.425
 30 A1   23 B1   31 A1    8 A2   32 A1   12 B2   13 B2   24 B1                 
  2.494   2.494   2.543   2.543   2.595   2.611   2.654   2.671
 25 B1   14 B2   33 A1    9 A2   34 A1   10 A2   35 A1   36 A1                 
  2.756   2.756   2.784   2.784   2.788   2.809   2.889   2.963
 37 A1   38 A1   26 B1   15 B2   27 B1   16 B2   28 B1   17 B2                 
  3.112   3.144   3.154   3.156   3.168   3.200   3.226   3.276
 29 B1   18 B2   19 B2   39 A1   40 A1   11 A2   41 A1   12 A2                 
  3.314   3.385   3.449   3.473   3.474   3.495   3.501   3.598
 30 B1   42 A1   13 A2   31 B1   14 A2   32 B1   33 B1   20 B2                 
  3.624   3.689   3.771   3.840   3.864   3.924   3.960   4.016
 43 A1   21 B2   44 A1   45 A1   34 B1   35 B1   36 B1   15 A2                 
  4.025   4.055   4.060   4.105   4.232   4.239   4.241   4.250
 16 A2   46 A1   47 A1   22 B2   37 B1   38 B1   48 A1   23 B2                 
  4.291   4.291   4.377   4.398   4.431   4.431   4.515   4.515
 17 A2   49 A1   24 B2   18 A2   39 B1   25 B2   40 B1   26 B2                 
  4.518   4.554   4.635   4.654   4.689   4.805   4.861   4.976
 50 A1   41 B1   51 A1   19 A2   52 A1   42 B1   20 A2   27 B2                 
  5.022   5.076   5.175   5.264   5.347   5.353   5.391   5.475
 53 A1   43 B1   54 A1   28 B2   55 A1   44 B1   56 A1   21 A2                 
  5.490   5.583   5.583   5.585   5.611   5.665   6.005   6.141
 45 B1   46 B1   29 B2   22 A2   57 A1   58 A1   47 B1   48 B1                 
  6.318   6.402   6.558   6.864   6.864   6.895   6.895   6.921
 59 A1   60 A1   49 B1   23 A2   61 A1   50 B1   30 B2   51 B1                 
  7.414   7.414   7.436   7.436   7.462   7.526   7.526   8.069
 52 B1   31 B2   62 A1   24 A2   63 A1   53 B1   32 B2   64 A1                 
 11.597  11.944  14.797
 65 A1   66 A1   54 B1                                                         
 
 Beta MOs, Restricted
 -- Occupied --                  
-20.190 -11.179 -11.177  -0.991  -0.898  -0.733  -0.612  -0.519
  1 A1    2 A1    1 B1    3 A1    4 A1    2 B1    5 A1    6 A1                 
 -0.468  -0.330  -0.247  -0.110  -0.110
  3 B1    1 B2    7 A1    4 B1    2 B2                                         
 -- Virtual --                   
  0.201   0.205   0.234   0.240   0.288   0.335   0.386   0.386
  1 A2    8 A1    9 A1    5 B1    6 B1   10 A1    7 B1    3 B2                 
  0.402   0.404   0.407   0.493   0.498   0.518   0.526   0.612
  8 B1   11 A1   12 A1    4 B2   13 A1   14 A1   15 A1    2 A2                 
  0.635   0.644   0.674   0.687   0.714   0.742   0.832   0.876
  9 B1   16 A1   17 A1   10 B1    5 B2   11 B1   12 B1    3 A2                 
  0.920   0.920   0.931   0.943   0.951   0.958   0.958   1.033
 13 B1    6 B2   18 A1    7 B2   14 B1    4 A2   19 A1   20 A1                 
  1.069   1.085   1.095   1.158   1.229   1.230   1.276   1.285
 15 B1   21 A1   22 A1   23 A1    8 B2    5 A2   24 A1   16 B1                 
  1.285   1.302   1.369   1.393   1.411   1.496   1.496   1.511
  9 B2   10 B2   17 B1   25 A1    6 A2   18 B1   11 B2   26 A1                 
  1.526   1.555   1.580   1.645   1.683   1.782   1.847   1.900
 19 B1   27 A1   20 B1   21 B1    7 A2   28 A1   22 B1   29 A1                 
  1.949   2.018   2.333   2.390   2.390   2.411   2.425   2.425
 30 A1   23 B1   31 A1    8 A2   32 A1   12 B2   13 B2   24 B1                 
  2.494   2.494   2.543   2.543   2.595   2.611   2.654   2.671
 25 B1   14 B2   33 A1    9 A2   34 A1   10 A2   35 A1   36 A1                 
  2.756   2.756   2.784   2.784   2.788   2.809   2.889   2.963
 37 A1   38 A1   26 B1   15 B2   27 B1   16 B2   28 B1   17 B2                 
  3.112   3.144   3.154   3.156   3.168   3.200   3.226   3.276
 29 B1   18 B2   19 B2   39 A1   40 A1   11 A2   41 A1   12 A2                 
  3.314   3.385   3.449   3.473   3.474   3.495   3.501   3.598
 30 B1   42 A1   13 A2   31 B1   14 A2   32 B1   33 B1   20 B2                 
  3.624   3.689   3.771   3.840   3.864   3.924   3.960   4.016
 43 A1   21 B2   44 A1   45 A1   34 B1   35 B1   36 B1   15 A2                 
  4.025   4.055   4.060   4.105   4.232   4.239   4.241   4.250
 16 A2   46 A1   47 A1   22 B2   37 B1   38 B1   48 A1   23 B2                 
  4.291   4.291   4.377   4.398   4.431   4.431   4.515   4.515
 17 A2   49 A1   24 B2   18 A2   39 B1   25 B2   40 B1   26 B2                 
  4.518   4.554   4.635   4.654   4.689   4.805   4.861   4.976
 50 A1   41 B1   51 A1   19 A2   52 A1   42 B1   20 A2   27 B2                 
  5.022   5.076   5.175   5.264   5.347   5.353   5.391   5.475
 53 A1   43 B1   54 A1   28 B2   55 A1   44 B1   56 A1   21 A2                 
  5.490   5.583   5.583   5.585   5.611   5.665   6.005   6.141
 45 B1   46 B1   29 B2   22 A2   57 A1   58 A1   47 B1   48 B1                 
  6.318   6.402   6.558   6.864   6.864   6.895   6.895   6.921
 59 A1   60 A1   49 B1   23 A2   61 A1   50 B1   30 B2   51 B1                 
  7.414   7.414   7.436   7.436   7.462   7.526   7.526   8.069
 52 B1   31 B2   62 A1   24 A2   63 A1   53 B1   32 B2   64 A1                 
 11.597  11.944  14.797
 65 A1   66 A1   54 B1                                                         
 --------------------------------------------------------------
 
          Ground-State Mulliken Net Atomic Charges

     Atom                 Charge (a.u.)
  ----------------------------------------
      1 C                    -0.304599
      2 C                    -0.304599
      3 H                     0.160670
      4 H                     0.160670
      5 H                     0.143929
      6 H                     0.143929
      7 O                    -1.153411
      8 H                     0.153411
  ----------------------------------------
  Sum of atomic charges =    -1.000000

 -----------------------------------------------------------------
                    Cartesian Multipole Moments
 -----------------------------------------------------------------
    Charge (ESU x 10^10)
                -4.8032
    Dipole Moment (Debye)
         X       0.0000      Y       0.0000      Z      34.8738
       Tot      34.8738
    Quadrupole Moments (Debye-Ang)
        XX     -24.3467     XY      -0.0000     YY     -26.9548
        XZ       0.0000     YZ       0.0000     ZZ    -275.8843
    Octopole Moments (Debye-Ang^2)
       XXX       0.0000    XXY       0.0000    XYY       0.0000
       YYY       0.0000    XXZ      28.0248    XYZ       0.0000
       YYZ      17.9518    XZZ       0.0000    YZZ       0.0000
       ZZZ    1878.3452
    Hexadecapole Moments (Debye-Ang^3)
      XXXX     -91.6670   XXXY      -0.0000   XXYY     -22.6256
      XYYY      -0.0000   YYYY     -41.1530   XXXZ       0.0000
      XXYZ       0.0000   XYYZ       0.0000   YYYZ       0.0000
      XXZZ    -777.9287   XYZZ      -0.0000   YYZZ    -811.9692
      XZZZ       0.0000   YZZZ       0.0000   ZZZZ  -17067.2706
 -----------------------------------------------------------------
 DrvMan is completing analytic gradient of the MP2 energy
 MP2 relaxed dipole moment
            1
    1   0.0000000
    2   0.0000000
    3  13.7204200
	Magnitude:	13.720 au	34.874 Debye
 MP2 energy read as -154.096845
 Full Analytical Gradient of MP2 Energy (in au.)
             1             2             3             4             5
    1   -0.00521266    0.00521266    0.00958376   -0.00958376    0.00966068
    2   -0.00000000    0.00000000   -0.00000000    0.00000000    0.00000000
    3    0.00016288    0.00016288   -0.00719255   -0.00719255    0.00704686
             6             7             8
    1   -0.00966068    0.00000000    0.00000000
    2   -0.00000000   -0.00000000    0.00000000
    3    0.00704686   -0.01635462    0.01632024
 Gradient time:  CPU 1.51 s  wall 0.15 s
 Geometry Optimization Parameters
   NAtoms,    NIC,     NZ,  NCons,   NDum,   NFix, NCnnct, MaxDiis
        8      88       0       0       0       7       0       0

 Cartesian Hessian Update
 Hessian updated using BFGS update


** GEOMETRY OPTIMIZATION IN CARTESIAN COORDINATES **
   Searching for a Minimum

   Optimization Cycle:   2

                       Coordinates (Angstroms)
     ATOM                X               Y               Z
      1  C        -0.6645000000    0.0000000000    3.9219891241
      2  C         0.6645000000    0.0000000000    3.9219891241
      3  H        -1.1590800000    0.0000000000    2.9596401241
      4  H         1.1590800000    0.0000000000    2.9596401241
      5  H        -1.1590800000    0.0000000000    4.8843371241
      6  H         1.1590800000    0.0000000000    4.8843371241
      7  O         0.0000000000    0.0000000000   -7.0782158563
      8  H         0.0000000000    0.0000000000   -6.0935378652
   Point Group: c2v   Number of degrees of freedom:     7


   Energy is   -154.096845077

            Atoms with "Fixed" Coordinates
                Atom    Coordinates
                     1        X  Y  Z
                     2        X  Y  Z
                     3        X  Y  Z
                     4        X  Y  Z
                     5        X  Y  Z
                     6        X  Y  Z
                     7        X  Y  Z

  1 Hessian modes will be used to form the next step
  Hessian Eigenvalues:
     0.499641

 Minimum search - taking simple RFO step
 Searching for Lamda that Minimizes Along All modes
 Value Taken    Lamda =  -0.00053252
 Step Taken.  Stepsize is  0.032629

                             Maximum     Tolerance    Cnvgd?
         Gradient           0.016320      0.000300      NO
         Displacement       0.028551      0.001200      NO
         Energy change     -0.000660      0.000001      NO

 ----------------------------------------------------------------
             Standard Nuclear Orientation (Angstroms)
    I     Atom           X                Y                Z
 ----------------------------------------------------------------
    1      C      -0.6645000000     0.0000000000     3.9241474494
    2      C       0.6645000000     0.0000000000     3.9241474494
    3      H      -1.1590800000     0.0000000000     2.9617984494
    4      H       1.1590800000     0.0000000000     2.9617984494
    5      H      -1.1590800000     0.0000000000     4.8864954494
    6      H       1.1590800000     0.0000000000     4.8864954494
    7      O       0.0000000000     0.0000000000    -7.0760575310
    8      H       0.0000000000     0.0000000000    -6.1086461428
 ----------------------------------------------------------------
 Molecular Point Group                 C2v   NOp =  4
 Largest Abelian Subgroup              C2v   NOp =  4
 Nuclear Repulsion Energy =          44.96044934 hartrees
 There are       13 alpha and       13 beta electrons
 Applying Cartesian multipole field
    Component          Value
    ---------          -----
     (2,0,0)        1.00000E-11
     (0,2,0)        2.00000E-11
     (0,0,2)       -3.00000E-12
 Nucleus-field energy     =    -0.0000000070 hartrees
 Read the previous MOs as SCF guess

 -----------------------------------------------------------------------
  General SCF calculation program by
  Eric Jon Sundstrom, Paul Horn, Yuezhi Mao, Dmitri Zuev, Alec White,
  David Stuck, Shaama M.S., Shane Yost, Joonho Lee, David Small,
  Daniel Levine, Susi Lehtola, Hugh Burton, Evgeny Epifanovsky,
  Bang C. Huynh
 -----------------------------------------------------------------------
 Requested basis set is non-standard
 There are 64 shells and 176 basis functions
 Hartree-Fock
 A cutoff of  1.0D-14 yielded   1312 shell pairs
 There are      9408 function pairs (     12010 Cartesian)
 Smallest overlap matrix eigenvalue = 6.98E-04
 A restricted SCF calculation will be
 performed using DIIS
 SCF converges when DIIS error is below 1.0e-08
 ---------------------------------------
  Cycle       Energy         DIIS error
 ---------------------------------------
    1    -152.8580250547      1.54e-03  
    2    -153.4704367728      5.38e-04  
    3    -153.4712689475      3.08e-04  
    4    -153.4715892462      9.63e-05  
    5    -153.4716386202      2.49e-05  
    6    -153.4716454376      1.01e-05  
    7    -153.4716467840      2.22e-06  
    8    -153.4716468487      3.07e-07  
    9    -153.4716468494      5.76e-08  
   10    -153.4716468495      1.16e-08  
   11    -153.4716468495      1.96e-09  Convergence criterion met
 ---------------------------------------
 SCF time:   CPU 28.71s  wall 3.00s 
 SCF   energy in the final basis set =     -153.4716468495
 Total energy in the final basis set =     -153.4716468495
 
 Components of the MP2 correlation energy:
        aaaa  correlation energy =        -0.0727815986 au
        abab  correlation energy =        -0.4799133039 au
        bbbb  correlation energy =        -0.0727815986 au
        non-Brillouin singles    =        -0.0000000000 au

 Total  MP2   correlation energy =                    -0.62547650 au
        MP2         total energy =                  -154.09712335 au
  Entering Z-vector solver.
 Full subspace dimension requested for CIS/TDDFT
 MAX_CIS_SUBSPACE fits in available memory
   1         0           1      0.000328    0.000328
   2         0           1      0.000143    0.000143
   3         0           1      0.000063    0.000063
   4         0           1      0.000018    0.000018
   5         0           1      0.000003    0.000003
   6         1           0      0.000000    0.000000    Roots Converged
 
 --------------------------------------------------------------
             Orbital Energies (a.u.) and Symmetries
 --------------------------------------------------------------
 
 Alpha MOs, Restricted
 -- Occupied --                  
-20.187 -11.179 -11.177  -0.991  -0.902  -0.733  -0.612  -0.519
  1 A1    2 A1    1 B1    3 A1    4 A1    2 B1    5 A1    6 A1                 
 -0.468  -0.330  -0.251  -0.109  -0.109
  3 B1    1 B2    7 A1    4 B1    2 B2                                         
 -- Virtual --                   
  0.201   0.204   0.234   0.240   0.288   0.333   0.386   0.386
  1 A2    8 A1    9 A1    5 B1    6 B1   10 A1    7 B1    3 B2                 
  0.402   0.404   0.407   0.493   0.501   0.518   0.526   0.612
  8 B1   11 A1   12 A1    4 B2   13 A1   14 A1   15 A1    2 A2                 
  0.635   0.644   0.674   0.687   0.714   0.742   0.832   0.876
  9 B1   16 A1   17 A1   10 B1    5 B2   11 B1   12 B1    3 A2                 
  0.920   0.920   0.939   0.943   0.951   0.958   0.958   1.033
 13 B1    6 B2   18 A1    7 B2   14 B1    4 A2   19 A1   20 A1                 
  1.069   1.085   1.098   1.156   1.229   1.230   1.276   1.285
 15 B1   21 A1   22 A1   23 A1    8 B2    5 A2   24 A1   16 B1                 
  1.285   1.302   1.369   1.393   1.411   1.502   1.502   1.511
  9 B2   10 B2   17 B1   25 A1    6 A2   18 B1   11 B2   26 A1                 
  1.525   1.555   1.580   1.645   1.683   1.774   1.847   1.900
 19 B1   27 A1   20 B1   21 B1    7 A2   28 A1   22 B1   29 A1                 
  1.970   2.018   2.333   2.390   2.390   2.411   2.425   2.425
 30 A1   23 B1   31 A1    8 A2   32 A1   12 B2   13 B2   24 B1                 
  2.494   2.494   2.543   2.543   2.595   2.611   2.648   2.671
 25 B1   14 B2   33 A1    9 A2   34 A1   10 A2   35 A1   36 A1                 
  2.751   2.756   2.788   2.793   2.793   2.809   2.889   2.963
 37 A1   38 A1   26 B1   27 B1   15 B2   16 B2   28 B1   17 B2                 
  3.112   3.144   3.154   3.156   3.168   3.200   3.226   3.276
 29 B1   18 B2   19 B2   39 A1   40 A1   11 A2   41 A1   12 A2                 
  3.314   3.385   3.449   3.473   3.474   3.495   3.501   3.598
 30 B1   42 A1   13 A2   31 B1   14 A2   32 B1   33 B1   20 B2                 
  3.624   3.689   3.770   3.864   3.870   3.924   3.960   4.016
 43 A1   21 B2   44 A1   34 B1   45 A1   35 B1   36 B1   15 A2                 
  4.025   4.055   4.060   4.105   4.232   4.239   4.241   4.250
 16 A2   46 A1   47 A1   22 B2   37 B1   38 B1   48 A1   23 B2                 
  4.314   4.314   4.377   4.398   4.440   4.440   4.518   4.518
 17 A2   49 A1   24 B2   18 A2   39 B1   25 B2   50 A1   40 B1                 
  4.518   4.554   4.654   4.660   4.689   4.805   4.861   4.976
 26 B2   41 B1   19 A2   51 A1   52 A1   42 B1   20 A2   27 B2                 
  5.022   5.076   5.175   5.264   5.347   5.352   5.444   5.474
 53 A1   43 B1   54 A1   28 B2   55 A1   44 B1   56 A1   21 A2                 
  5.490   5.585   5.611   5.622   5.622   5.665   6.005   6.141
 45 B1   22 A2   57 A1   46 B1   29 B2   58 A1   47 B1   48 B1                 
  6.318   6.387   6.558   6.865   6.865   6.895   6.895   6.921
 59 A1   60 A1   49 B1   23 A2   61 A1   50 B1   30 B2   51 B1                 
  7.437   7.437   7.442   7.442   7.483   7.542   7.542   8.106
 62 A1   24 A2   52 B1   31 B2   63 A1   53 B1   32 B2   64 A1                 
 11.797  11.944  14.797
 65 A1   66 A1   54 B1                                                         
 
 Beta MOs, Restricted
 -- Occupied --                  
-20.187 -11.179 -11.177  -0.991  -0.902  -0.733  -0.612  -0.519
  1 A1    2 A1    1 B1    3 A1    4 A1    2 B1    5 A1    6 A1                 
 -0.468  -0.330  -0.251  -0.109  -0.109
  3 B1    1 B2    7 A1    4 B1    2 B2                                         
 -- Virtual --                   
  0.201   0.204   0.234   0.240   0.288   0.333   0.386   0.386
  1 A2    8 A1    9 A1    5 B1    6 B1   10 A1    7 B1    3 B2                 
  0.402   0.404   0.407   0.493   0.501   0.518   0.526   0.612
  8 B1   11 A1   12 A1    4 B2   13 A1   14 A1   15 A1    2 A2                 
  0.635   0.644   0.674   0.687   0.714   0.742   0.832   0.876
  9 B1   16 A1   17 A1   10 B1    5 B2   11 B1   12 B1    3 A2                 
  0.920   0.920   0.939   0.943   0.951   0.958   0.958   1.033
 13 B1    6 B2   18 A1    7 B2   14 B1    4 A2   19 A1   20 A1                 
  1.069   1.085   1.098   1.156   1.229   1.230   1.276   1.285
 15 B1   21 A1   22 A1   23 A1    8 B2    5 A2   24 A1   16 B1                 
  1.285   1.302   1.369   1.393   1.411   1.502   1.502   1.511
  9 B2   10 B2   17 B1   25 A1    6 A2   18 B1   11 B2   26 A1                 
  1.525   1.555   1.580   1.645   1.683   1.774   1.847   1.900
 19 B1   27 A1   20 B1   21 B1    7 A2   28 A1   22 B1   29 A1                 
  1.970   2.018   2.333   2.390   2.390   2.411   2.425   2.425
 30 A1   23 B1   31 A1    8 A2   32 A1   12 B2   13 B2   24 B1                 
  2.494   2.494   2.543   2.543   2.595   2.611   2.648   2.671
 25 B1   14 B2   33 A1    9 A2   34 A1   10 A2   35 A1   36 A1                 
  2.751   2.756   2.788   2.793   2.793   2.809   2.889   2.963
 37 A1   38 A1   26 B1   27 B1   15 B2   16 B2   28 B1   17 B2                 
  3.112   3.144   3.154   3.156   3.168   3.200   3.226   3.276
 29 B1   18 B2   19 B2   39 A1   40 A1   11 A2   41 A1   12 A2                 
  3.314   3.385   3.449   3.473   3.474   3.495   3.501   3.598
 30 B1   42 A1   13 A2   31 B1   14 A2   32 B1   33 B1   20 B2                 
  3.624   3.689   3.770   3.864   3.870   3.924   3.960   4.016
 43 A1   21 B2   44 A1   34 B1   45 A1   35 B1   36 B1   15 A2                 
  4.025   4.055   4.060   4.105   4.232   4.239   4.241   4.250
 16 A2   46 A1   47 A1   22 B2   37 B1   38 B1   48 A1   23 B2                 
  4.314   4.314   4.377   4.398   4.440   4.440   4.518   4.518
 17 A2   49 A1   24 B2   18 A2   39 B1   25 B2   50 A1   40 B1                 
  4.518   4.554   4.654   4.660   4.689   4.805   4.861   4.976
 26 B2   41 B1   19 A2   51 A1   52 A1   42 B1   20 A2   27 B2                 
  5.022   5.076   5.175   5.264   5.347   5.352   5.444   5.474
 53 A1   43 B1   54 A1   28 B2   55 A1   44 B1   56 A1   21 A2                 
  5.490   5.585   5.611   5.622   5.622   5.665   6.005   6.141
 45 B1   22 A2   57 A1   46 B1   29 B2   58 A1   47 B1   48 B1                 
  6.318   6.387   6.558   6.865   6.865   6.895   6.895   6.921
 59 A1   60 A1   49 B1   23 A2   61 A1   50 B1   30 B2   51 B1                 
  7.437   7.437   7.442   7.442   7.483   7.542   7.542   8.106
 62 A1   24 A2   52 B1   31 B2   63 A1   53 B1   32 B2   64 A1                 
 11.797  11.944  14.797
 65 A1   66 A1   54 B1                                                         
 --------------------------------------------------------------
 
          Ground-State Mulliken Net Atomic Charges

     Atom                 Charge (a.u.)
  ----------------------------------------
      1 C                    -0.304599
      2 C                    -0.304599
      3 H                     0.160665
      4 H                     0.160665
      5 H                     0.143934
      6 H                     0.143934
      7 O                    -1.151319
      8 H                     0.151319
  ----------------------------------------
  Sum of atomic charges =    -1.000000

 -----------------------------------------------------------------
                    Cartesian Multipole Moments
 -----------------------------------------------------------------
    Charge (ESU x 10^10)
                -4.8032
    Dipole Moment (Debye)
         X      -0.0000      Y       0.0000      Z      34.8818
       Tot      34.8818
    Quadrupole Moments (Debye-Ang)
        XX     -24.3164     XY      -0.0000     YY     -26.9246
        XZ      -0.0000     YZ      -0.0000     ZZ    -275.9851
    Octopole Moments (Debye-Ang^2)
       XXX      -0.0000    XXY       0.0000    XYY      -0.0000
       YYY      -0.0000    XXZ      27.8001    XYZ       0.0000
       YYZ      17.7213    XZZ      -0.0000    YZZ       0.0000
       ZZZ    1879.2526
    Hexadecapole Moments (Debye-Ang^3)
      XXXX     -91.5896   XXXY      -0.0000   XXYY     -22.5998
      XYYY      -0.0000   YYYY     -41.0757   XXXZ      -0.0000
      XXYZ      -0.0000   XYYZ      -0.0000   YYYZ      -0.0000
      XXZZ    -776.8137   XYZZ      -0.0000   YYZZ    -810.8987
      XZZZ      -0.0000   YZZZ      -0.0000   ZZZZ  -17077.1225
 -----------------------------------------------------------------
 DrvMan is completing analytic gradient of the MP2 energy
 MP2 relaxed dipole moment
            1
    1  -0.0000000
    2   0.0000000
    3  13.7235592
	Magnitude:	13.724 au	34.882 Debye
 MP2 energy read as -154.097123
 Full Analytical Gradient of MP2 Energy (in au.)
             1             2             3             4             5
    1   -0.00521188    0.00521188    0.00958377   -0.00958377    0.00966064
    2    0.00000000   -0.00000000   -0.00000000    0.00000000    0.00000000
    3    0.00016282    0.00016282   -0.00719268   -0.00719268    0.00704703
             6             7             8
    1   -0.00966064   -0.00000000   -0.00000000
    2   -0.00000000   -0.00000000    0.00000000
    3    0.00704703   -0.00041227    0.00037794
 Gradient time:  CPU 1.48 s  wall 0.15 s
 Geometry Optimization Parameters
   NAtoms,    NIC,     NZ,  NCons,   NDum,   NFix, NCnnct, MaxDiis
        8      88       0       0       0       7       0       0

 Cartesian Hessian Update
 Hessian updated using BFGS update


** GEOMETRY OPTIMIZATION IN CARTESIAN COORDINATES **
   Searching for a Minimum

   Optimization Cycle:   3

                       Coordinates (Angstroms)
     ATOM                X               Y               Z
      1  C        -0.6645000000    0.0000000000    3.9241474494
      2  C         0.6645000000    0.0000000000    3.9241474494
      3  H        -1.1590800000    0.0000000000    2.9617984494
      4  H         1.1590800000    0.0000000000    2.9617984494
      5  H        -1.1590800000    0.0000000000    4.8864954494
      6  H         1.1590800000    0.0000000000    4.8864954494
      7  O         0.0000000000    0.0000000000   -7.0760575310
      8  H         0.0000000000    0.0000000000   -6.1086461428
   Point Group: c2v   Number of degrees of freedom:     7


   Energy is   -154.097123350

            Atoms with "Fixed" Coordinates
                Atom    Coordinates
                     1        X  Y  Z
                     2        X  Y  Z
                     3        X  Y  Z
                     4        X  Y  Z
                     5        X  Y  Z
                     6        X  Y  Z
                     7        X  Y  Z

  1 Hessian modes will be used to form the next step
  Hessian Eigenvalues:
     0.558390

 Minimum search - taking simple RFO step
 Searching for Lamda that Minimizes Along All modes
 Value Taken    Lamda =  -0.00000026
 Step Taken.  Stepsize is  0.000677

                             Maximum     Tolerance    Cnvgd?
         Gradient           0.000378      0.000300      NO
         Displacement       0.000592      0.001200     YES
         Energy change     -0.000278      0.000001      NO

 ----------------------------------------------------------------
             Standard Nuclear Orientation (Angstroms)
    I     Atom           X                Y                Z
 ----------------------------------------------------------------
    1      C      -0.6645000000     0.0000000000     3.9241922198
    2      C       0.6645000000     0.0000000000     3.9241922198
    3      H      -1.1590800000     0.0000000000     2.9618432198
    4      H       1.1590800000     0.0000000000     2.9618432198
    5      H      -1.1590800000     0.0000000000     4.8865402198
    6      H       1.1590800000     0.0000000000     4.8865402198
    7      O       0.0000000000     0.0000000000    -7.0760127606
    8      H       0.0000000000     0.0000000000    -6.1089595358
 ----------------------------------------------------------------
 Molecular Point Group                 C2v   NOp =  4
 Largest Abelian Subgroup              C2v   NOp =  4
 Nuclear Repulsion Energy =          44.96204004 hartrees
 There are       13 alpha and       13 beta electrons
 Applying Cartesian multipole field
    Component          Value
    ---------          -----
     (2,0,0)        1.00000E-11
     (0,2,0)        2.00000E-11
     (0,0,2)       -3.00000E-12
 Nucleus-field energy     =    -0.0000000070 hartrees
 Read the previous MOs as SCF guess

 -----------------------------------------------------------------------
  General SCF calculation program by
  Eric Jon Sundstrom, Paul Horn, Yuezhi Mao, Dmitri Zuev, Alec White,
  David Stuck, Shaama M.S., Shane Yost, Joonho Lee, David Small,
  Daniel Levine, Susi Lehtola, Hugh Burton, Evgeny Epifanovsky,
  Bang C. Huynh
 -----------------------------------------------------------------------
 Requested basis set is non-standard
 There are 64 shells and 176 basis functions
 Hartree-Fock
 A cutoff of  1.0D-14 yielded   1312 shell pairs
 There are      9408 function pairs (     12010 Cartesian)
 Smallest overlap matrix eigenvalue = 6.98E-04
 A restricted SCF calculation will be
 performed using DIIS
 SCF converges when DIIS error is below 1.0e-08
 ---------------------------------------
  Cycle       Energy         DIIS error
 ---------------------------------------
    1    -152.8517862992      1.48e-03  
    2    -153.4704790293      5.20e-04  
    3    -153.4712925923      3.00e-04  
    4    -153.4716021317      9.56e-05  
    5    -153.4716543837      2.60e-05  
    6    -153.4716618120      1.04e-05  
    7    -153.4716632523      2.02e-06  
    8    -153.4716633065      2.41e-07  
    9    -153.4716633069      4.78e-08  
   10    -153.4716633070      8.74e-09  Convergence criterion met
 ---------------------------------------
 SCF time:   CPU 26.29s  wall 2.00s 
 SCF   energy in the final basis set =     -153.4716633070
 Total energy in the final basis set =     -153.4716633070
 
 Components of the MP2 correlation energy:
        aaaa  correlation energy =        -0.0727796990 au
        abab  correlation energy =        -0.4799007956 au
        bbbb  correlation energy =        -0.0727796990 au
        non-Brillouin singles    =        -0.0000000000 au

 Total  MP2   correlation energy =                    -0.62546019 au
        MP2         total energy =                  -154.09712350 au
  Entering Z-vector solver.
 Full subspace dimension requested for CIS/TDDFT
 MAX_CIS_SUBSPACE fits in available memory
   1         0           1      0.000328    0.000328
   2         0           1      0.000143    0.000143
   3         0           1      0.000063    0.000063
   4         0           1      0.000018    0.000018
   5         0           1      0.000003    0.000003
   6         1           0      0.000000    0.000000    Roots Converged
 
 --------------------------------------------------------------
             Orbital Energies (a.u.) and Symmetries
 --------------------------------------------------------------
 
 Alpha MOs, Restricted
 -- Occupied --                  
-20.187 -11.179 -11.177  -0.991  -0.902  -0.733  -0.612  -0.519
  1 A1    2 A1    1 B1    3 A1    4 A1    2 B1    5 A1    6 A1                 
 -0.468  -0.330  -0.251  -0.109  -0.109
  3 B1    1 B2    7 A1    4 B1    2 B2                                         
 -- Virtual --                   
  0.201   0.204   0.234   0.240   0.288   0.333   0.386   0.386
  1 A2    8 A1    9 A1    5 B1    6 B1   10 A1    7 B1    3 B2                 
  0.402   0.404   0.407   0.493   0.501   0.518   0.526   0.612
  8 B1   11 A1   12 A1    4 B2   13 A1   14 A1   15 A1    2 A2                 
  0.635   0.644   0.674   0.687   0.714   0.742   0.832   0.876
  9 B1   16 A1   17 A1   10 B1    5 B2   11 B1   12 B1    3 A2                 
  0.920   0.920   0.939   0.943   0.951   0.958   0.958   1.033
 13 B1    6 B2   18 A1    7 B2   14 B1    4 A2   19 A1   20 A1                 
  1.069   1.085   1.098   1.156   1.229   1.230   1.276   1.285
 15 B1   21 A1   22 A1   23 A1    8 B2    5 A2   24 A1   16 B1                 
  1.285   1.302   1.369   1.393   1.411   1.502   1.502   1.511
  9 B2   10 B2   17 B1   25 A1    6 A2   18 B1   11 B2   26 A1                 
  1.525   1.555   1.580   1.645   1.683   1.774   1.847   1.900
 19 B1   27 A1   20 B1   21 B1    7 A2   28 A1   22 B1   29 A1                 
  1.971   2.018   2.333   2.390   2.390   2.411   2.425   2.425
 30 A1   23 B1   31 A1    8 A2   32 A1   12 B2   13 B2   24 B1                 
  2.494   2.494   2.543   2.543   2.595   2.611   2.648   2.671
 25 B1   14 B2   33 A1    9 A2   34 A1   10 A2   35 A1   36 A1                 
  2.751   2.756   2.788   2.793   2.793   2.809   2.889   2.963
 37 A1   38 A1   26 B1   27 B1   15 B2   16 B2   28 B1   17 B2                 
  3.112   3.144   3.154   3.156   3.168   3.200   3.226   3.276
 29 B1   18 B2   19 B2   39 A1   40 A1   11 A2   41 A1   12 A2                 
  3.314   3.385   3.449   3.473   3.474   3.495   3.501   3.598
 30 B1   42 A1   13 A2   31 B1   14 A2   32 B1   33 B1   20 B2                 
  3.624   3.689   3.770   3.864   3.871   3.924   3.960   4.016
 43 A1   21 B2   44 A1   34 B1   45 A1   35 B1   36 B1   15 A2                 
  4.025   4.055   4.060   4.105   4.232   4.239   4.241   4.250
 16 A2   46 A1   47 A1   22 B2   37 B1   38 B1   48 A1   23 B2                 
  4.314   4.314   4.377   4.398   4.440   4.440   4.518   4.518
 17 A2   49 A1   24 B2   18 A2   39 B1   25 B2   50 A1   40 B1                 
  4.518   4.554   4.654   4.661   4.689   4.805   4.861   4.976
 26 B2   41 B1   19 A2   51 A1   52 A1   42 B1   20 A2   27 B2                 
  5.022   5.076   5.175   5.264   5.347   5.352   5.445   5.474
 53 A1   43 B1   54 A1   28 B2   55 A1   44 B1   56 A1   21 A2                 
  5.490   5.585   5.611   5.623   5.623   5.665   6.005   6.141
 45 B1   22 A2   57 A1   46 B1   29 B2   58 A1   47 B1   48 B1                 
  6.318   6.387   6.558   6.865   6.865   6.895   6.895   6.921
 59 A1   60 A1   49 B1   23 A2   61 A1   50 B1   30 B2   51 B1                 
  7.437   7.437   7.442   7.442   7.484   7.543   7.543   8.107
 62 A1   24 A2   52 B1   31 B2   63 A1   53 B1   32 B2   64 A1                 
 11.801  11.944  14.797
 65 A1   66 A1   54 B1                                                         
 
 Beta MOs, Restricted
 -- Occupied --                  
-20.187 -11.179 -11.177  -0.991  -0.902  -0.733  -0.612  -0.519
  1 A1    2 A1    1 B1    3 A1    4 A1    2 B1    5 A1    6 A1                 
 -0.468  -0.330  -0.251  -0.109  -0.109
  3 B1    1 B2    7 A1    4 B1    2 B2                                         
 -- Virtual --                   
  0.201   0.204   0.234   0.240   0.288   0.333   0.386   0.386
  1 A2    8 A1    9 A1    5 B1    6 B1   10 A1    7 B1    3 B2                 
  0.402   0.404   0.407   0.493   0.501   0.518   0.526   0.612
  8 B1   11 A1   12 A1    4 B2   13 A1   14 A1   15 A1    2 A2                 
  0.635   0.644   0.674   0.687   0.714   0.742   0.832   0.876
  9 B1   16 A1   17 A1   10 B1    5 B2   11 B1   12 B1    3 A2                 
  0.920   0.920   0.939   0.943   0.951   0.958   0.958   1.033
 13 B1    6 B2   18 A1    7 B2   14 B1    4 A2   19 A1   20 A1                 
  1.069   1.085   1.098   1.156   1.229   1.230   1.276   1.285
 15 B1   21 A1   22 A1   23 A1    8 B2    5 A2   24 A1   16 B1                 
  1.285   1.302   1.369   1.393   1.411   1.502   1.502   1.511
  9 B2   10 B2   17 B1   25 A1    6 A2   18 B1   11 B2   26 A1                 
  1.525   1.555   1.580   1.645   1.683   1.774   1.847   1.900
 19 B1   27 A1   20 B1   21 B1    7 A2   28 A1   22 B1   29 A1                 
  1.971   2.018   2.333   2.390   2.390   2.411   2.425   2.425
 30 A1   23 B1   31 A1    8 A2   32 A1   12 B2   13 B2   24 B1                 
  2.494   2.494   2.543   2.543   2.595   2.611   2.648   2.671
 25 B1   14 B2   33 A1    9 A2   34 A1   10 A2   35 A1   36 A1                 
  2.751   2.756   2.788   2.793   2.793   2.809   2.889   2.963
 37 A1   38 A1   26 B1   27 B1   15 B2   16 B2   28 B1   17 B2                 
  3.112   3.144   3.154   3.156   3.168   3.200   3.226   3.276
 29 B1   18 B2   19 B2   39 A1   40 A1   11 A2   41 A1   12 A2                 
  3.314   3.385   3.449   3.473   3.474   3.495   3.501   3.598
 30 B1   42 A1   13 A2   31 B1   14 A2   32 B1   33 B1   20 B2                 
  3.624   3.689   3.770   3.864   3.871   3.924   3.960   4.016
 43 A1   21 B2   44 A1   34 B1   45 A1   35 B1   36 B1   15 A2                 
  4.025   4.055   4.060   4.105   4.232   4.239   4.241   4.250
 16 A2   46 A1   47 A1   22 B2   37 B1   38 B1   48 A1   23 B2                 
  4.314   4.314   4.377   4.398   4.440   4.440   4.518   4.518
 17 A2   49 A1   24 B2   18 A2   39 B1   25 B2   50 A1   40 B1                 
  4.518   4.554   4.654   4.661   4.689   4.805   4.861   4.976
 26 B2   41 B1   19 A2   51 A1   52 A1   42 B1   20 A2   27 B2                 
  5.022   5.076   5.175   5.264   5.347   5.352   5.445   5.474
 53 A1   43 B1   54 A1   28 B2   55 A1   44 B1   56 A1   21 A2                 
  5.490   5.585   5.611   5.623   5.623   5.665   6.005   6.141
 45 B1   22 A2   57 A1   46 B1   29 B2   58 A1   47 B1   48 B1                 
  6.318   6.387   6.558   6.865   6.865   6.895   6.895   6.921
 59 A1   60 A1   49 B1   23 A2   61 A1   50 B1   30 B2   51 B1                 
  7.437   7.437   7.442   7.442   7.484   7.543   7.543   8.107
 62 A1   24 A2   52 B1   31 B2   63 A1   53 B1   32 B2   64 A1                 
 11.801  11.944  14.797
 65 A1   66 A1   54 B1                                                         
 --------------------------------------------------------------
 
          Ground-State Mulliken Net Atomic Charges

     Atom                 Charge (a.u.)
  ----------------------------------------
      1 C                    -0.304599
      2 C                    -0.304599
      3 H                     0.160665
      4 H                     0.160665
      5 H                     0.143934
      6 H                     0.143934
      7 O                    -1.151273
      8 H                     0.151273
  ----------------------------------------
  Sum of atomic charges =    -1.000000

 -----------------------------------------------------------------
                    Cartesian Multipole Moments
 -----------------------------------------------------------------
    Charge (ESU x 10^10)
                -4.8032
    Dipole Moment (Debye)
         X       0.0000      Y       0.0000      Z      34.8820
       Tot      34.8820
    Quadrupole Moments (Debye-Ang)
        XX     -24.3158     XY       0.0000     YY     -26.9239
        XZ       0.0000     YZ      -0.0000     ZZ    -275.9872
    Octopole Moments (Debye-Ang^2)
       XXX       0.0000    XXY      -0.0000    XYY       0.0000
       YYY       0.0000    XXZ      27.7954    XYZ      -0.0000
       YYZ      17.7164    XZZ       0.0000    YZZ       0.0000
       ZZZ    1879.2710
    Hexadecapole Moments (Debye-Ang^3)
      XXXX     -91.5879   XXXY       0.0000   XXYY     -22.5993
      XYYY       0.0000   YYYY     -41.0740   XXXZ       0.0000
      XXYZ      -0.0000   XYYZ       0.0000   YYYZ      -0.0000
      XXZZ    -776.7900   XYZZ       0.0000   YYZZ    -810.8760
      XZZZ       0.0000   YZZZ      -0.0000   ZZZZ  -17077.3212
 -----------------------------------------------------------------
 DrvMan is completing analytic gradient of the MP2 energy
 MP2 relaxed dipole moment
            1
    1   0.0000000
    2   0.0000000
    3  13.7236236
	Magnitude:	13.724 au	34.882 Debye
 MP2 energy read as -154.097124
 Full Analytical Gradient of MP2 Energy (in au.)
             1             2             3             4             5
    1   -0.00521185    0.00521185    0.00958377   -0.00958377    0.00966063
    2   -0.00000000    0.00000000   -0.00000000   -0.00000000   -0.00000000
    3    0.00016281    0.00016281   -0.00719269   -0.00719269    0.00704704
             6             7             8
    1   -0.00966063    0.00000000   -0.00000000
    2    0.00000000    0.00000000   -0.00000000
    3    0.00704704   -0.00006137    0.00002704
 Gradient time:  CPU 1.48 s  wall 0.15 s
 Geometry Optimization Parameters
   NAtoms,    NIC,     NZ,  NCons,   NDum,   NFix, NCnnct, MaxDiis
        8      88       0       0       0       7       0       0

 Cartesian Hessian Update
 Hessian updated using BFGS update


** GEOMETRY OPTIMIZATION IN CARTESIAN COORDINATES **
   Searching for a Minimum

   Optimization Cycle:   4

                       Coordinates (Angstroms)
     ATOM                X               Y               Z
      1  C        -0.6645000000    0.0000000000    3.9241922198
      2  C         0.6645000000    0.0000000000    3.9241922198
      3  H        -1.1590800000    0.0000000000    2.9618432198
      4  H         1.1590800000    0.0000000000    2.9618432198
      5  H        -1.1590800000    0.0000000000    4.8865402198
      6  H         1.1590800000    0.0000000000    4.8865402198
      7  O         0.0000000000    0.0000000000   -7.0760127606
      8  H         0.0000000000    0.0000000000   -6.1089595358
   Point Group: c2v   Number of degrees of freedom:     7


   Energy is   -154.097123501

            Atoms with "Fixed" Coordinates
                Atom    Coordinates
                     1        X  Y  Z
                     2        X  Y  Z
                     3        X  Y  Z
                     4        X  Y  Z
                     5        X  Y  Z
                     6        X  Y  Z
                     7        X  Y  Z

  1 Hessian modes will be used to form the next step
  Hessian Eigenvalues:
     0.592498

 Minimum search - taking simple RFO step
 Searching for Lamda that Minimizes Along All modes
 Value Taken    Lamda =  -0.00000000
 Step Taken.  Stepsize is  0.000046

                             Maximum     Tolerance    Cnvgd?
         Gradient           0.000027      0.000300     YES
         Displacement       0.000040      0.001200     YES
         Energy change     -0.000000      0.000001     YES


                       Distance Matrix (Angstroms)
             C (  1)   C (  2)   H (  3)   H (  4)   H (  5)   H (  6)
   C (  2)  1.329000
   H (  3)  1.082000  2.061931
   H (  4)  2.061931  1.082000  2.318160
   H (  5)  1.082000  2.061931  1.924697  3.013026
   H (  6)  2.061931  1.082000  3.013026  1.924697  2.318160
   O (  7) 11.020257 11.020257 10.104554 10.104554 12.018575 12.018575
   H (  8) 10.055133 10.055133  9.144557  9.144557 11.056423 11.056423
             O (  7)
   H (  8)  0.967053
 
 Final energy is   -154.097123500505     


 ******************************
 **  OPTIMIZATION CONVERGED  **
 ******************************

                       Coordinates (Angstroms)
     ATOM                X               Y               Z
      1  C        -0.6645000000    0.0000000000    3.9241922198
      2  C         0.6645000000    0.0000000000    3.9241922198
      3  H        -1.1590800000    0.0000000000    2.9618432198
      4  H         1.1590800000    0.0000000000    2.9618432198
      5  H        -1.1590800000    0.0000000000    4.8865402198
      6  H         1.1590800000    0.0000000000    4.8865402198
      7  O         0.0000000000    0.0000000000   -7.0760127606
      8  H         0.0000000000    0.0000000000   -6.1089595358

Z-matrix Print:
$molecule
-1 1
C 
H  1 1.082000
H  1 1.082000 2 125.599995
C  1 1.329000 2 117.200015 3 -180.000000 0
H  4 1.082000 1 117.200015 2 -0.000000 0
H  4 1.082000 1 117.199990 2 -180.000000 0
H  6 9.144557 4 145.518136 1 -0.000000 0
O  7 0.967053 6 172.718126 4 -180.000000 0
$end

 
 --------------------------------------------------------------
             Orbital Energies (a.u.) and Symmetries
 --------------------------------------------------------------
 
 Alpha MOs, Restricted
 -- Occupied --                  
-20.187 -11.179 -11.177  -0.991  -0.902  -0.733  -0.612  -0.519
  1 A1    2 A1    1 B1    3 A1    4 A1    2 B1    5 A1    6 A1                 
 -0.468  -0.330  -0.251  -0.109  -0.109
  3 B1    1 B2    7 A1    4 B1    2 B2                                         
 -- Virtual --                   
  0.201   0.204   0.234   0.240   0.288   0.333   0.386   0.386
  1 A2    8 A1    9 A1    5 B1    6 B1   10 A1    7 B1    3 B2                 
  0.402   0.404   0.407   0.493   0.501   0.518   0.526   0.612
  8 B1   11 A1   12 A1    4 B2   13 A1   14 A1   15 A1    2 A2                 
  0.635   0.644   0.674   0.687   0.714   0.742   0.832   0.876
  9 B1   16 A1   17 A1   10 B1    5 B2   11 B1   12 B1    3 A2                 
  0.920   0.920   0.939   0.943   0.951   0.958   0.958   1.033
 13 B1    6 B2   18 A1    7 B2   14 B1    4 A2   19 A1   20 A1                 
  1.069   1.085   1.098   1.156   1.229   1.230   1.276   1.285
 15 B1   21 A1   22 A1   23 A1    8 B2    5 A2   24 A1   16 B1                 
  1.285   1.302   1.369   1.393   1.411   1.502   1.502   1.511
  9 B2   10 B2   17 B1   25 A1    6 A2   18 B1   11 B2   26 A1                 
  1.525   1.555   1.580   1.645   1.683   1.774   1.847   1.900
 19 B1   27 A1   20 B1   21 B1    7 A2   28 A1   22 B1   29 A1                 
  1.971   2.018   2.333   2.390   2.390   2.411   2.425   2.425
 30 A1   23 B1   31 A1    8 A2   32 A1   12 B2   13 B2   24 B1                 
  2.494   2.494   2.543   2.543   2.595   2.611   2.648   2.671
 25 B1   14 B2   33 A1    9 A2   34 A1   10 A2   35 A1   36 A1                 
  2.751   2.756   2.788   2.793   2.793   2.809   2.889   2.963
 37 A1   38 A1   26 B1   27 B1   15 B2   16 B2   28 B1   17 B2                 
  3.112   3.144   3.154   3.156   3.168   3.200   3.226   3.276
 29 B1   18 B2   19 B2   39 A1   40 A1   11 A2   41 A1   12 A2                 
  3.314   3.385   3.449   3.473   3.474   3.495   3.501   3.598
 30 B1   42 A1   13 A2   31 B1   14 A2   32 B1   33 B1   20 B2                 
  3.624   3.689   3.770   3.864   3.871   3.924   3.960   4.016
 43 A1   21 B2   44 A1   34 B1   45 A1   35 B1   36 B1   15 A2                 
  4.025   4.055   4.060   4.105   4.232   4.239   4.241   4.250
 16 A2   46 A1   47 A1   22 B2   37 B1   38 B1   48 A1   23 B2                 
  4.314   4.314   4.377   4.398   4.440   4.440   4.518   4.518
 17 A2   49 A1   24 B2   18 A2   39 B1   25 B2   50 A1   40 B1                 
  4.518   4.554   4.654   4.661   4.689   4.805   4.861   4.976
 26 B2   41 B1   19 A2   51 A1   52 A1   42 B1   20 A2   27 B2                 
  5.022   5.076   5.175   5.264   5.347   5.352   5.445   5.474
 53 A1   43 B1   54 A1   28 B2   55 A1   44 B1   56 A1   21 A2                 
  5.490   5.585   5.611   5.623   5.623   5.665   6.005   6.141
 45 B1   22 A2   57 A1   46 B1   29 B2   58 A1   47 B1   48 B1                 
  6.318   6.387   6.558   6.865   6.865   6.895   6.895   6.921
 59 A1   60 A1   49 B1   23 A2   61 A1   50 B1   30 B2   51 B1                 
  7.437   7.437   7.442   7.442   7.484   7.543   7.543   8.107
 62 A1   24 A2   52 B1   31 B2   63 A1   53 B1   32 B2   64 A1                 
 11.801  11.944  14.797
 65 A1   66 A1   54 B1                                                         
 
 Beta MOs, Restricted
 -- Occupied --                  
-20.187 -11.179 -11.177  -0.991  -0.902  -0.733  -0.612  -0.519
  1 A1    2 A1    1 B1    3 A1    4 A1    2 B1    5 A1    6 A1                 
 -0.468  -0.330  -0.251  -0.109  -0.109
  3 B1    1 B2    7 A1    4 B1    2 B2                                         
 -- Virtual --                   
  0.201   0.204   0.234   0.240   0.288   0.333   0.386   0.386
  1 A2    8 A1    9 A1    5 B1    6 B1   10 A1    7 B1    3 B2                 
  0.402   0.404   0.407   0.493   0.501   0.518   0.526   0.612
  8 B1   11 A1   12 A1    4 B2   13 A1   14 A1   15 A1    2 A2                 
  0.635   0.644   0.674   0.687   0.714   0.742   0.832   0.876
  9 B1   16 A1   17 A1   10 B1    5 B2   11 B1   12 B1    3 A2                 
  0.920   0.920   0.939   0.943   0.951   0.958   0.958   1.033
 13 B1    6 B2   18 A1    7 B2   14 B1    4 A2   19 A1   20 A1                 
  1.069   1.085   1.098   1.156   1.229   1.230   1.276   1.285
 15 B1   21 A1   22 A1   23 A1    8 B2    5 A2   24 A1   16 B1                 
  1.285   1.302   1.369   1.393   1.411   1.502   1.502   1.511
  9 B2   10 B2   17 B1   25 A1    6 A2   18 B1   11 B2   26 A1                 
  1.525   1.555   1.580   1.645   1.683   1.774   1.847   1.900
 19 B1   27 A1   20 B1   21 B1    7 A2   28 A1   22 B1   29 A1                 
  1.971   2.018   2.333   2.390   2.390   2.411   2.425   2.425
 30 A1   23 B1   31 A1    8 A2   32 A1   12 B2   13 B2   24 B1                 
  2.494   2.494   2.543   2.543   2.595   2.611   2.648   2.671
 25 B1   14 B2   33 A1    9 A2   34 A1   10 A2   35 A1   36 A1                 
  2.751   2.756   2.788   2.793   2.793   2.809   2.889   2.963
 37 A1   38 A1   26 B1   27 B1   15 B2   16 B2   28 B1   17 B2                 
  3.112   3.144   3.154   3.156   3.168   3.200   3.226   3.276
 29 B1   18 B2   19 B2   39 A1   40 A1   11 A2   41 A1   12 A2                 
  3.314   3.385   3.449   3.473   3.474   3.495   3.501   3.598
 30 B1   42 A1   13 A2   31 B1   14 A2   32 B1   33 B1   20 B2                 
  3.624   3.689   3.770   3.864   3.871   3.924   3.960   4.016
 43 A1   21 B2   44 A1   34 B1   45 A1   35 B1   36 B1   15 A2                 
  4.025   4.055   4.060   4.105   4.232   4.239   4.241   4.250
 16 A2   46 A1   47 A1   22 B2   37 B1   38 B1   48 A1   23 B2                 
  4.314   4.314   4.377   4.398   4.440   4.440   4.518   4.518
 17 A2   49 A1   24 B2   18 A2   39 B1   25 B2   50 A1   40 B1                 
  4.518   4.554   4.654   4.661   4.689   4.805   4.861   4.976
 26 B2   41 B1   19 A2   51 A1   52 A1   42 B1   20 A2   27 B2                 
  5.022   5.076   5.175   5.264   5.347   5.352   5.445   5.474
 53 A1   43 B1   54 A1   28 B2   55 A1   44 B1   56 A1   21 A2                 
  5.490   5.585   5.611   5.623   5.623   5.665   6.005   6.141
 45 B1   22 A2   57 A1   46 B1   29 B2   58 A1   47 B1   48 B1                 
  6.318   6.387   6.558   6.865   6.865   6.895   6.895   6.921
 59 A1   60 A1   49 B1   23 A2   61 A1   50 B1   30 B2   51 B1                 
  7.437   7.437   7.442   7.442   7.484   7.543   7.543   8.107
 62 A1   24 A2   52 B1   31 B2   63 A1   53 B1   32 B2   64 A1                 
 11.801  11.944  14.797
 65 A1   66 A1   54 B1                                                         
 --------------------------------------------------------------
 
          Ground-State Mulliken Net Atomic Charges

     Atom                 Charge (a.u.)
  ----------------------------------------
      1 C                    -0.304599
      2 C                    -0.304599
      3 H                     0.160665
      4 H                     0.160665
      5 H                     0.143934
      6 H                     0.143934
      7 O                    -1.151273
      8 H                     0.151273
  ----------------------------------------
  Sum of atomic charges =    -1.000000

 -----------------------------------------------------------------
                    Cartesian Multipole Moments
 -----------------------------------------------------------------
    Charge (ESU x 10^10)
                -4.8032
    Dipole Moment (Debye)
         X       0.0000      Y       0.0000      Z      34.8820
       Tot      34.8820
    Quadrupole Moments (Debye-Ang)
        XX     -24.3158     XY       0.0000     YY     -26.9239
        XZ       0.0000     YZ      -0.0000     ZZ    -275.9872
    Octopole Moments (Debye-Ang^2)
       XXX       0.0000    XXY      -0.0000    XYY       0.0000
       YYY       0.0000    XXZ      27.7954    XYZ      -0.0000
       YYZ      17.7164    XZZ       0.0000    YZZ       0.0000
       ZZZ    1879.2710
    Hexadecapole Moments (Debye-Ang^3)
      XXXX     -91.5879   XXXY       0.0000   XXYY     -22.5993
      XYYY       0.0000   YYYY     -41.0740   XXXZ       0.0000
      XXYZ      -0.0000   XYYZ       0.0000   YYYZ      -0.0000
      XXZZ    -776.7900   XYZZ       0.0000   YYZZ    -810.8760
      XZZZ       0.0000   YZZZ      -0.0000   ZZZZ  -17077.3212
 -----------------------------------------------------------------
 Total job time:  76.21s(wall), 423.64s(cpu) 
 Sun Apr  3 13:10:18 2022

        *************************************************************
        *                                                           *
        *  Thank you very much for using Q-Chem.  Have a nice day.  *
        *                                                           *
        *************************************************************


