                  Welcome to Q-Chem
     A Quantum Leap Into The Future Of Chemistry


 Q-Chem 5.4 (devel), Q-Chem, Inc., Pleasanton, CA (2021)

 E. Epifanovsky,  A. T. B. Gilbert,  Xintian Feng,  Joonho Lee,  Yuezhi Mao,  
 N. Mardirossian,  P. Pokhilko,  A. White,  M. Wormit,  M. P. Coons,  
 A. L. Dempwolff,  Zhengting Gan,  D. Hait,  P. R. Horn,  L. D. Jacobson,  
 I. Kaliman,  J. Kussmann,  A. W. Lange,  Ka Un Lao,  D. S. Levine,  Jie Liu,  
 S. C. McKenzie,  A. F. Morrison,  K. Nanda,  F. Plasser,  D. R. Rehn,  
 M. L. Vidal,  Zhi-Qiang You,  Ying Zhu,  B. Alam,  B. Albrecht,  
 A. Aldossary,  E. Alguire,  J. H. Andersen,  D. Barton,  K. Begam,  A. Behn,  
 Y. A. Bernard,  E. J. Berquist,  H. Burton,  A. Carreras,  K. Carter-Fenk,  
 R. Chakraborty,  A. D. Chien,  K. D. Closser,  V. Cofer-Shabica,  
 S. Dasgupta,  Jia Deng,  M. de Wergifosse,  M. Diedenhofen,  Hainam Do,  
 S. Ehlert,  Po-Tung Fang,  S. Fatehi,  Qingguo Feng,  T. Friedhoff,  
 J. Gayvert,  Qinghui Ge,  G. Gidofalvi,  M. Goldey,  J. Gomes,  
 C. Gonzalez-Espinoza,  S. Gulania,  A. Gunina,  M. W. D. Hanson-Heine,  
 P. H. P. Harbach,  A. W. Hauser,  M. F. Herbst,  M. Hernandez Vera,  
 M. Hodecker,  Z. C. Holden,  S. Houck,  Xunkun Huang,  Kerwin Hui,  
 B. C. Huynh,  M. Ivanov,  Hyunjun Ji,  Hanjie Jiang,  B. Kaduk,  S. Kaehler,  
 K. Khistyaev,  Jaehoon Kim,  P. Klunzinger,  Z. Koczor-Benda,  
 Joong Hoon Koh,  D. Kosenkov,  L. Koulias,  T. Kowalczyk,  C. M. Krauter,  
 K. Kue,  A. Kunitsa,  T. Kus,  A. Landau,  K. V. Lawler,  D. Lefrancois,  
 S. Lehtola,  Rain Li,  Yi-Pei Li,  Jiashu Liang,  M. Liebenthal,  
 Hung-Hsuan Lin,  You-Sheng Lin,  Fenglai Liu,  Kuan-Yu Liu,  
 M. Loipersberger,  A. Luenser,  A. Manjanath,  P. Manohar,  E. Mansoor,  
 S. F. Manzer,  Shan-Ping Mao,  A. V. Marenich,  T. Markovich,  S. Mason,  
 S. A. Maurer,  P. F. McLaughlin,  M. F. S. J. Menger,  J.-M. Mewes,  
 S. A. Mewes,  P. Morgante,  J. W. Mullinax,  K. J. Oosterbaan,  G. Paran,  
 Alexander C. Paul,  Suranjan K. Paul,  F. Pavosevic,  Zheng Pei,  S. Prager,  
 E. I. Proynov,  E. Ramos,  B. Rana,  A. E. Rask,  A. Rettig,  R. M. Richard,  
 F. Rob,  E. Rossomme,  T. Scheele,  M. Scheurer,  M. Schneider,  
 N. Sergueev,  S. M. Sharada,  W. Skomorowski,  D. W. Small,  C. J. Stein,  
 Yu-Chuan Su,  E. J. Sundstrom,  Zhen Tao,  J. Thirman,  T. Tsuchimochi,  
 N. M. Tubman,  S. P. Veccham,  O. Vydrov,  J. Wenzel,  J. Witte,  A. Yamada,  
 Kun Yao,  S. Yeganeh,  S. R. Yost,  A. Zech,  Igor Ying Zhang,  Xing Zhang,  
 Yu Zhang,  D. Zuev,  A. Aspuru-Guzik,  A. T. Bell,  N. A. Besley,  
 K. B. Bravaya,  B. R. Brooks,  D. Casanova,  Jeng-Da Chai,  S. Coriani,  
 C. J. Cramer,  A. E. DePrince, III,  R. A. DiStasio Jr.,  A. Dreuw,  
 B. D. Dunietz,  T. R. Furlani,  W. A. Goddard III,  S. Grimme,  
 S. Hammes-Schiffer,  T. Head-Gordon,  W. J. Hehre,  Chao-Ping Hsu,  
 T.-C. Jagau,  Yousung Jung,  A. Klamt,  Jing Kong,  D. S. Lambrecht,  
 WanZhen Liang,  N. J. Mayhall,  C. W. McCurdy,  J. B. Neaton,  
 C. Ochsenfeld,  J. A. Parkhill,  R. Peverati,  V. A. Rassolov,  Yihan Shao,  
 L. V. Slipchenko,  T. Stauch,  R. P. Steele,  J. E. Subotnik,  
 A. J. W. Thom,  A. Tkatchenko,  D. G. Truhlar,  T. Van Voorhis,  
 T. A. Wesolowski,  K. B. Whaley,  H. L. Woodcock III,  P. M. Zimmerman,  
 S. Faraji,  P. M. W. Gill,  M. Head-Gordon,  J. M. Herbert,  A. I. Krylov

 Additional authors for Version 5.4.1: 
 S. Kotaru,  Shaozhi Li,  Xiangyuan Li,  F. Matz,  A. Molle,  Haisheng Ren,  
 Yingli Su,  Hung-Yi Tsai,  C. Utku,  Fang Wang

 Contributors to earlier versions of Q-Chem not listed above: 
 R. D. Adamson,  B. Austin,  R. Baer,  J. Baker,  G. J. O. Beran,  
 K. Brandhorst,  S. T. Brown,  E. F. C. Byrd,  A. K. Chakraborty,  
 G. K. L. Chan,  Chun-Min Chang,  Yunqing Chen,  C.-L. Cheng,  
 Siu Hung Chien,  D. M. Chipman,  D. L. Crittenden,  H. Dachsel,  
 R. J. Doerksen,  A. D. Dutoi,  R. G. Edgar,  J. Fosso-Tande,  
 L. Fusti-Molnar,  D. Ghosh,  A. Ghysels,  A. Golubeva-Zadorozhnaya,  
 J. Gonthier,  M. S. Gordon,  S. R. Gwaltney,  G. Hawkins,  J. E. Herr,  
 A. Heyden,  S. Hirata,  E. G. Hohenstein,  G. Kedziora,  F. J. Keil,  
 C. Kelley,  Jihan Kim,  R. A. King,  R. Z. Khaliullin,  P. P. Korambath,  
 W. Kurlancheek,  A. Laurent,  A. M. Lee,  M. S. Lee,  S. V. Levchenko,  
 Ching Yeh Lin,  D. Liotard,  E. Livshits,  R. C. Lochan,  I. Lotan,  
 L. A. Martinez-Martinez,  P. E. Maslen,  N. Nair,  D. P. O'Neill,  
 D. Neuhauser,  E. Neuscamman,  C. M. Oana,  R. Olivares-Amaya,  R. Olson,  
 T. M. Perrine,  B. Peters,  P. A. Pieniazek,  A. Prociuk,  Y. M. Rhee,  
 J. Ritchie,  M. A. Rohrdanz,  E. Rosta,  N. J. Russ,  H. F. Schaefer III,  
 M. W. Schmidt,  N. E. Schultz,  S. Sharma,  N. Shenvi,  C. D. Sherrill,  
 A. C. Simmonett,  A. Sodt,  T. Stein,  D. Stuck,  K. S. Thanthiriwatte,  
 V. Vanovschi,  L. Vogt,  Tao Wang,  A. Warshel,  M. A. Watson,  
 C. F. Williams,  Q. Wu,  X. Xu,  Jun Yang,  W. Zhang,  Yan Zhao

 Please cite Q-Chem as follows:
 Y. Shao et al., Mol. Phys. 113, 184-215 (2015)
 DOI: 10.1080/00268976.2014.952696

 Q-Chem 5.4.1 for Intel X86 EM64T Linux

 Parts of Q-Chem use Armadillo 9.900.5 (Nocturnal Misbehaviour).
 http://arma.sourceforge.net/

 Q-Chem begins on Sun Apr  3 12:20:08 2022  

 Host: node01
0

     Scratch files written to /src/jdavis/qchem.scratch/qchem26460//
 Processing $rem in /src/tsommerfeld/qchem/config/preferences:
 Processing $rem in /home/jdavis/.qchemrc:
 Core orbitals will be frozen

 Checking the input file for inconsistencies... 	...done.

--------------------------------------------------------------
User input:
--------------------------------------------------------------
$molecule
-1 1
C        -0.6645000000    0.0000000000   -0.2082049804
C         0.6645000000    0.0000000000   -0.2082049804
H        -1.1590800000    0.0000000000    0.7541440196
H         1.1590800000    0.0000000000    0.7541440196
H        -1.1590800000    0.0000000000   -1.1705529804
H         1.1590800000    0.0000000000   -1.1705529804
O         0.0000000000    0.0000000000    9.792
H         0.0000000000    0.0000000000    10.792
$end

$rem
   JOBTYPE opt
   METHOD MP2
   BASIS gen
   PURECART 11
   THRESH 14
   S2THRESH 14
   THREADS 10
   MEM_TOTAL 95000
$end
$basis
C     1
cc-pvtz
****
C     2
cc-pvtz
****
H     3
cc-pvtz
****
H     4
cc-pvtz
****
H     5
cc-pvtz
****
H     6
cc-pvtz
****
O     7
aug-cc-pvtz
****
H     8
aug-cc-pvtz
****
$end
$opt
FIXED
1 xyz
2 xyz
3 xyz
4 xyz
5 xyz
6 xyz
7 xyz
ENDFIXED
$end
--------------------------------------------------------------
 ----------------------------------------------------------------
             Standard Nuclear Orientation (Angstroms)
    I     Atom           X                Y                Z
 ----------------------------------------------------------------
    1      C      -0.6645000000     0.0000000000     3.6400738729
    2      C       0.6645000000    -0.0000000000     3.6400738729
    3      H      -1.1590800000     0.0000000000     2.6777248729
    4      H       1.1590800000    -0.0000000000     2.6777248729
    5      H      -1.1590800000     0.0000000000     4.6024218729
    6      H       1.1590800000    -0.0000000000     4.6024218729
    7      O       0.0000000000     0.0000000000    -6.3601311075
    8      H      -0.0000000000     0.0000000000    -7.3601311075
 ----------------------------------------------------------------
 Molecular Point Group                 C2v   NOp =  4
 Largest Abelian Subgroup              C2v   NOp =  4
 Nuclear Repulsion Energy =          45.35774569 hartrees
 There are       13 alpha and       13 beta electrons
 Requested basis set is non-standard
 There are 64 shells and 176 basis functions

 Total QAlloc Memory Limit  95000 MB
 Mega-Array Size       188 MB
 MEM_STATIC part       192 MB
 A cutoff of  1.0D-14 yielded   1326 shell pairs
 There are      9490 function pairs (     12110 Cartesian)
 Smallest overlap matrix eigenvalue = 6.98E-04

 Scale SEOQF with 1.000000e-01/1.000000e-01/1.000000e-02

 Standard Electronic Orientation quadrupole field applied
 Nucleus-field energy     =    -0.0000000060 hartrees
 ================ Generating on-the-fly SAD Guess ================
Attempting to make child job directory: /src/jdavis/qchem.scratch/qchem26460//Frg1/
Attempting to make child job directory: /src/jdavis/qchem.scratch/qchem26460//Frg2/
Attempting to make child job directory: /src/jdavis/qchem.scratch/qchem26460//Frg3/
Creating input file /src/jdavis/qchem.scratch/qchem26460/Frg1.input
using default PutDataFrgm: nothing
calling putenv with: QCSCRATCH=/src/jdavis/qchem.scratch/qchem26460/ 
Spawning Job For Fragment 0
Done Job For Fragment 0
calling putenv with: QCSCRATCH=/src/jdavis/qchem.scratch 
calling putenv with: QCTHREADS=1 
Creating input file /src/jdavis/qchem.scratch/qchem26460/Frg2.input
using default PutDataFrgm: nothing
calling putenv with: QCSCRATCH=/src/jdavis/qchem.scratch/qchem26460/ 
Spawning Job For Fragment 1
Done Job For Fragment 1
calling putenv with: QCSCRATCH=/src/jdavis/qchem.scratch 
calling putenv with: QCTHREADS=1 
Creating input file /src/jdavis/qchem.scratch/qchem26460/Frg3.input
using default PutDataFrgm: nothing
calling putenv with: QCSCRATCH=/src/jdavis/qchem.scratch/qchem26460/ 
Spawning Job For Fragment 2
Done Job For Fragment 2
calling putenv with: QCSCRATCH=/src/jdavis/qchem.scratch 
calling putenv with: QCTHREADS=1 
 Time for running child jobs:  CPU 1.75 s  wall 1.91 s
 ============= Method Specific SAD Guess Constructed =============
 Guess from on-the-fly superposition of atomic densities
 Warning: Energy on first SCF cycle will be non-variational

 -----------------------------------------------------------------------
  General SCF calculation program by
  Eric Jon Sundstrom, Paul Horn, Yuezhi Mao, Dmitri Zuev, Alec White,
  David Stuck, Shaama M.S., Shane Yost, Joonho Lee, David Small,
  Daniel Levine, Susi Lehtola, Hugh Burton, Evgeny Epifanovsky,
  Bang C. Huynh
 -----------------------------------------------------------------------
 Hartree-Fock
 using 10 threads for integral computing
 -------------------------------------------------------
 OpenMP Integral computing Module                
 Release: version 1.0, May 2013, Q-Chem Inc. Pittsburgh 
 -------------------------------------------------------
 A restricted SCF calculation will be
 performed using DIIS
 SCF converges when DIIS error is below 1.0e-08
 ---------------------------------------
  Cycle       Energy         DIIS error
 ---------------------------------------
    1    -153.5012175444      3.04e-02  
    2    -153.3155423961      6.36e-03  
    3    -153.3703144879      5.92e-03  
    4    -153.4685800701      3.45e-04  
    5    -153.4693377062      1.04e-04  
    6    -153.4693927186      2.27e-05  
    7    -153.4693958684      6.23e-06  
    8    -153.4693961957      2.01e-06  
    9    -153.4693962490      5.56e-07  
   10    -153.4693962541      1.55e-07  
   11    -153.4693962544      2.08e-08  
   12    -153.4693962544      2.92e-09  Convergence criterion met
 ---------------------------------------
 SCF time:   CPU 23.84s  wall 3.00s 
 SCF   energy in the final basis set =     -153.4693962544
 Total energy in the final basis set =     -153.4693962544
 
 Components of the MP2 correlation energy:
        aaaa  correlation energy =        -0.0729438605 au
        abab  correlation energy =        -0.4810269065 au
        bbbb  correlation energy =        -0.0729438605 au
        non-Brillouin singles    =        -0.0000000000 au

 Total  MP2   correlation energy =                    -0.62691463 au
        MP2         total energy =                  -154.09631088 au
  Entering Z-vector solver.
 Full subspace dimension requested for CIS/TDDFT
 MAX_CIS_SUBSPACE fits in available memory
   1         0           1      0.000347    0.000347
   2         0           1      0.000157    0.000157
   3         0           1      0.000071    0.000071
   4         0           1      0.000020    0.000020
   5         0           1      0.000003    0.000003
   6         1           0      0.000000    0.000000    Roots Converged
 
 --------------------------------------------------------------
             Orbital Energies (a.u.) and Symmetries
 --------------------------------------------------------------
 
 Alpha MOs, Restricted
 -- Occupied --                  
-20.193 -11.172 -11.170  -0.984  -0.894  -0.726  -0.605  -0.512
  1 A1    2 A1    1 B1    3 A1    4 A1    2 B1    5 A1    6 A1                 
 -0.461  -0.323  -0.244  -0.110  -0.110
  3 B1    1 B2    7 A1    2 B2    4 B1                                         
 -- Virtual --                   
  0.208   0.211   0.242   0.246   0.296   0.337   0.386   0.386
  1 A2    8 A1    9 A1    5 B1    6 B1   10 A1    7 B1    3 B2                 
  0.402   0.409   0.414   0.496   0.500   0.525   0.533   0.619
 11 A1    8 B1   12 A1   13 A1    4 B2   14 A1   15 A1    2 A2                 
  0.641   0.651   0.681   0.693   0.721   0.749   0.839   0.882
  9 B1   16 A1   17 A1   10 B1    5 B2   11 B1   12 B1    3 A2                 
  0.920   0.920   0.924   0.950   0.958   0.958   0.958   1.040
 13 B1    6 B2   18 A1    7 B2   14 B1    4 A2   19 A1   20 A1                 
  1.076   1.092   1.093   1.160   1.236   1.237   1.283   1.285
 15 B1   21 A1   22 A1   23 A1    8 B2    5 A2   24 A1   16 B1                 
  1.285   1.308   1.376   1.400   1.418   1.491   1.491   1.518
  9 B2   10 B2   17 B1   25 A1    6 A2   18 B1   11 B2   26 A1                 
  1.532   1.562   1.587   1.652   1.690   1.787   1.854   1.907
 19 B1   27 A1   20 B1   21 B1    7 A2   28 A1   22 B1   29 A1                 
  1.932   2.025   2.340   2.390   2.390   2.418   2.425   2.425
 30 A1   23 B1   31 A1    8 A2   32 A1   12 B2   13 B2   24 B1                 
  2.494   2.494   2.543   2.543   2.602   2.618   2.657   2.678
 25 B1   14 B2   33 A1    9 A2   34 A1   10 A2   35 A1   36 A1                 
  2.763   2.764   2.777   2.777   2.795   2.816   2.896   2.970
 37 A1   38 A1   26 B1   15 B2   27 B1   16 B2   28 B1   17 B2                 
  3.119   3.150   3.161   3.163   3.175   3.207   3.233   3.283
 29 B1   18 B2   19 B2   39 A1   40 A1   11 A2   41 A1   12 A2                 
  3.321   3.392   3.456   3.480   3.481   3.502   3.508   3.605
 30 B1   42 A1   13 A2   31 B1   14 A2   32 B1   33 B1   20 B2                 
  3.631   3.696   3.777   3.813   3.870   3.931   3.967   4.023
 43 A1   21 B2   44 A1   45 A1   34 B1   35 B1   36 B1   15 A2                 
  4.032   4.061   4.067   4.112   4.239   4.246   4.247   4.257
 16 A2   46 A1   47 A1   22 B2   37 B1   38 B1   48 A1   23 B2                 
  4.271   4.271   4.384   4.405   4.424   4.424   4.512   4.512
 17 A2   49 A1   24 B2   18 A2   39 B1   25 B2   40 B1   26 B2                 
  4.525   4.561   4.611   4.661   4.696   4.812   4.868   4.983
 50 A1   41 B1   51 A1   19 A2   52 A1   42 B1   20 A2   27 B2                 
  5.029   5.083   5.182   5.271   5.345   5.354   5.359   5.481
 53 A1   43 B1   54 A1   28 B2   55 A1   56 A1   44 B1   21 A2                 
  5.497   5.547   5.547   5.592   5.618   5.672   6.012   6.148
 45 B1   46 B1   29 B2   22 A2   57 A1   58 A1   47 B1   48 B1                 
  6.325   6.419   6.564   6.864   6.864   6.895   6.895   6.928
 59 A1   60 A1   49 B1   23 A2   61 A1   50 B1   30 B2   51 B1                 
  7.380   7.380   7.434   7.434   7.448   7.523   7.523   8.037
 52 B1   31 B2   62 A1   24 A2   63 A1   53 B1   32 B2   64 A1                 
 11.428  11.951  14.804
 65 A1   66 A1   54 B1                                                         
 
 Beta MOs, Restricted
 -- Occupied --                  
-20.193 -11.172 -11.170  -0.984  -0.894  -0.726  -0.605  -0.512
  1 A1    2 A1    1 B1    3 A1    4 A1    2 B1    5 A1    6 A1                 
 -0.461  -0.323  -0.244  -0.110  -0.110
  3 B1    1 B2    7 A1    2 B2    4 B1                                         
 -- Virtual --                   
  0.208   0.211   0.242   0.246   0.296   0.337   0.386   0.386
  1 A2    8 A1    9 A1    5 B1    6 B1   10 A1    7 B1    3 B2                 
  0.402   0.409   0.414   0.496   0.500   0.525   0.533   0.619
 11 A1    8 B1   12 A1   13 A1    4 B2   14 A1   15 A1    2 A2                 
  0.641   0.651   0.681   0.693   0.721   0.749   0.839   0.882
  9 B1   16 A1   17 A1   10 B1    5 B2   11 B1   12 B1    3 A2                 
  0.920   0.920   0.924   0.950   0.958   0.958   0.958   1.040
 13 B1    6 B2   18 A1    7 B2   14 B1    4 A2   19 A1   20 A1                 
  1.076   1.092   1.093   1.160   1.236   1.237   1.283   1.285
 15 B1   21 A1   22 A1   23 A1    8 B2    5 A2   24 A1   16 B1                 
  1.285   1.308   1.376   1.400   1.418   1.491   1.491   1.518
  9 B2   10 B2   17 B1   25 A1    6 A2   18 B1   11 B2   26 A1                 
  1.532   1.562   1.587   1.652   1.690   1.787   1.854   1.907
 19 B1   27 A1   20 B1   21 B1    7 A2   28 A1   22 B1   29 A1                 
  1.932   2.025   2.340   2.390   2.390   2.418   2.425   2.425
 30 A1   23 B1   31 A1    8 A2   32 A1   12 B2   13 B2   24 B1                 
  2.494   2.494   2.543   2.543   2.602   2.618   2.657   2.678
 25 B1   14 B2   33 A1    9 A2   34 A1   10 A2   35 A1   36 A1                 
  2.763   2.764   2.777   2.777   2.795   2.816   2.896   2.970
 37 A1   38 A1   26 B1   15 B2   27 B1   16 B2   28 B1   17 B2                 
  3.119   3.150   3.161   3.163   3.175   3.207   3.233   3.283
 29 B1   18 B2   19 B2   39 A1   40 A1   11 A2   41 A1   12 A2                 
  3.321   3.392   3.456   3.480   3.481   3.502   3.508   3.605
 30 B1   42 A1   13 A2   31 B1   14 A2   32 B1   33 B1   20 B2                 
  3.631   3.696   3.777   3.813   3.870   3.931   3.967   4.023
 43 A1   21 B2   44 A1   45 A1   34 B1   35 B1   36 B1   15 A2                 
  4.032   4.061   4.067   4.112   4.239   4.246   4.247   4.257
 16 A2   46 A1   47 A1   22 B2   37 B1   38 B1   48 A1   23 B2                 
  4.271   4.271   4.384   4.405   4.424   4.424   4.512   4.512
 17 A2   49 A1   24 B2   18 A2   39 B1   25 B2   40 B1   26 B2                 
  4.525   4.561   4.611   4.661   4.696   4.812   4.868   4.983
 50 A1   41 B1   51 A1   19 A2   52 A1   42 B1   20 A2   27 B2                 
  5.029   5.083   5.182   5.271   5.345   5.354   5.359   5.481
 53 A1   43 B1   54 A1   28 B2   55 A1   56 A1   44 B1   21 A2                 
  5.497   5.547   5.547   5.592   5.618   5.672   6.012   6.148
 45 B1   46 B1   29 B2   22 A2   57 A1   58 A1   47 B1   48 B1                 
  6.325   6.419   6.564   6.864   6.864   6.895   6.895   6.928
 59 A1   60 A1   49 B1   23 A2   61 A1   50 B1   30 B2   51 B1                 
  7.380   7.380   7.434   7.434   7.448   7.523   7.523   8.037
 52 B1   31 B2   62 A1   24 A2   63 A1   53 B1   32 B2   64 A1                 
 11.428  11.951  14.804
 65 A1   66 A1   54 B1                                                         
 --------------------------------------------------------------
 
          Ground-State Mulliken Net Atomic Charges

     Atom                 Charge (a.u.)
  ----------------------------------------
      1 C                    -0.305411
      2 C                    -0.305411
      3 H                     0.163612
      4 H                     0.163612
      5 H                     0.141800
      6 H                     0.141800
      7 O                    -1.155466
      8 H                     0.155466
  ----------------------------------------
  Sum of atomic charges =    -1.000000

 -----------------------------------------------------------------
                    Cartesian Multipole Moments
 -----------------------------------------------------------------
    Charge (ESU x 10^10)
                -4.8032
    Dipole Moment (Debye)
         X      -0.0000      Y      -0.0000      Z      29.3955
       Tot      29.3955
    Quadrupole Moments (Debye-Ang)
        XX     -24.3788     XY       0.0000     YY     -26.9832
        XZ      -0.0000     YZ       0.0000     ZZ    -202.9808
    Octopole Moments (Debye-Ang^2)
       XXX      -0.0000    XXY      -0.0000    XYY       0.0000
       YYY      -0.0000    XXZ      25.2899    XYZ       0.0000
       YYZ      16.0123    XZZ      -0.0000    YZZ      -0.0000
       ZZZ    1134.4614
    Hexadecapole Moments (Debye-Ang^3)
      XXXX     -91.7616   XXXY       0.0000   XXYY     -22.6521
      XYYY       0.0000   YYYY     -41.2256   XXXZ      -0.0000
      XXYZ       0.0000   XYYZ       0.0000   YYYZ       0.0000
      XXZZ    -664.4414   XYZZ       0.0000   YYZZ    -692.6199
      XZZZ       0.0000   YZZZ       0.0000   ZZZZ   -9874.5076
 -----------------------------------------------------------------
 DrvMan is completing analytic gradient of the MP2 energy
 MP2 relaxed dipole moment
            1
    1  -0.0000000
    2  -0.0000000
    3  11.5650879
	Magnitude:	11.565 au	29.396 Debye
 MP2 energy read as -154.096311
 Full Analytical Gradient of MP2 Energy (in au.)
             1             2             3             4             5
    1   -0.00516610    0.00516610    0.00953878   -0.00953878    0.00964827
    2    0.00000000   -0.00000000   -0.00000000    0.00000000    0.00000000
    3    0.00020756    0.00020756   -0.00715630   -0.00715630    0.00697937
             6             7             8
    1   -0.00964827   -0.00000000    0.00000000
    2   -0.00000000    0.00000000   -0.00000000
    3    0.00697937    0.02893891   -0.02900017
 Gradient time:  CPU 1.98 s  wall 0.20 s
 Geometry Optimization Parameters
   NAtoms,    NIC,     NZ,  NCons,   NDum,   NFix, NCnnct, MaxDiis
        8      88       0       0       0       7       0       0
**WARNING** Cannot use Internal Coordinates with Fixed Atoms
  Cartesian Optimization Enforced


** GEOMETRY OPTIMIZATION IN CARTESIAN COORDINATES **
   Searching for a Minimum

   Optimization Cycle:   1

                       Coordinates (Angstroms)
     ATOM                X               Y               Z
      1  C        -0.6645000000    0.0000000000    3.6400738729
      2  C         0.6645000000    0.0000000000    3.6400738729
      3  H        -1.1590800000    0.0000000000    2.6777248729
      4  H         1.1590800000    0.0000000000    2.6777248729
      5  H        -1.1590800000    0.0000000000    4.6024218729
      6  H         1.1590800000    0.0000000000    4.6024218729
      7  O         0.0000000000    0.0000000000   -6.3601311075
      8  H         0.0000000000    0.0000000000   -7.3601311075
   Point Group: c2v   Number of degrees of freedom:     7


   Energy is   -154.096310882

            Atoms with "Fixed" Coordinates
                Atom    Coordinates
                     1        X  Y  Z
                     2        X  Y  Z
                     3        X  Y  Z
                     4        X  Y  Z
                     5        X  Y  Z
                     6        X  Y  Z
                     7        X  Y  Z

  1 Hessian modes will be used to form the next step
  Hessian Eigenvalues:
     1.000000

 Minimum search - taking simple RFO step
 Searching for Lamda that Minimizes Along All modes
 Value Taken    Lamda =  -0.00084030
 Step Taken.  Stepsize is  0.028976

                             Maximum     Tolerance    Cnvgd?
         Gradient           0.029000      0.000300      NO
         Displacement       0.025354      0.001200      NO
         Energy change     *********      0.000001      NO

 ----------------------------------------------------------------
             Standard Nuclear Orientation (Angstroms)
    I     Atom           X                Y                Z
 ----------------------------------------------------------------
    1      C      -0.6645000000     0.0000000000     3.6381572046
    2      C       0.6645000000     0.0000000000     3.6381572046
    3      H      -1.1590800000     0.0000000000     2.6758082046
    4      H       1.1590800000     0.0000000000     2.6758082046
    5      H      -1.1590800000     0.0000000000     4.6005052046
    6      H       1.1590800000     0.0000000000     4.6005052046
    7      O       0.0000000000     0.0000000000    -6.3620477758
    8      H       0.0000000000     0.0000000000    -7.3467144290
 ----------------------------------------------------------------
 Molecular Point Group                 C2v   NOp =  4
 Largest Abelian Subgroup              C2v   NOp =  4
 Nuclear Repulsion Energy =          45.42474046 hartrees
 There are       13 alpha and       13 beta electrons
 Applying Cartesian multipole field
    Component          Value
    ---------          -----
     (2,0,0)        1.00000E-11
     (0,2,0)        2.00000E-11
     (0,0,2)       -3.00000E-12
 Nucleus-field energy     =    -0.0000000060 hartrees
 Read the previous MOs as SCF guess

 -----------------------------------------------------------------------
  General SCF calculation program by
  Eric Jon Sundstrom, Paul Horn, Yuezhi Mao, Dmitri Zuev, Alec White,
  David Stuck, Shaama M.S., Shane Yost, Joonho Lee, David Small,
  Daniel Levine, Susi Lehtola, Hugh Burton, Evgeny Epifanovsky,
  Bang C. Huynh
 -----------------------------------------------------------------------
 Requested basis set is non-standard
 There are 64 shells and 176 basis functions
 Hartree-Fock
 A cutoff of  1.0D-14 yielded   1326 shell pairs
 There are      9490 function pairs (     12110 Cartesian)
 Smallest overlap matrix eigenvalue = 6.98E-04
 A restricted SCF calculation will be
 performed using DIIS
 SCF converges when DIIS error is below 1.0e-08
 ---------------------------------------
  Cycle       Energy         DIIS error
 ---------------------------------------
    1    -152.8558597672      1.53e-03  
    2    -153.4694712452      5.36e-04  
    3    -153.4703312590      3.09e-04  
    4    -153.4706597432      9.96e-05  
    5    -153.4707158497      2.69e-05  
    6    -153.4707240816      1.08e-05  
    7    -153.4707256774      2.30e-06  
    8    -153.4707257453      3.14e-07  
    9    -153.4707257461      5.92e-08  
   10    -153.4707257461      1.20e-08  
   11    -153.4707257461      2.05e-09  Convergence criterion met
 ---------------------------------------
 SCF time:   CPU 29.41s  wall 3.00s 
 SCF   energy in the final basis set =     -153.4707257461
 Total energy in the final basis set =     -153.4707257461
 
 Components of the MP2 correlation energy:
        aaaa  correlation energy =        -0.0728707252 au
        abab  correlation energy =        -0.4805042456 au
        bbbb  correlation energy =        -0.0728707252 au
        non-Brillouin singles    =        -0.0000000000 au

 Total  MP2   correlation energy =                    -0.62624570 au
        MP2         total energy =                  -154.09697144 au
  Entering Z-vector solver.
 Full subspace dimension requested for CIS/TDDFT
 MAX_CIS_SUBSPACE fits in available memory
   1         0           1      0.000337    0.000337
   2         0           1      0.000150    0.000150
   3         0           1      0.000067    0.000067
   4         0           1      0.000019    0.000019
   5         0           1      0.000003    0.000003
   6         1           0      0.000000    0.000000    Roots Converged
 
 --------------------------------------------------------------
             Orbital Energies (a.u.) and Symmetries
 --------------------------------------------------------------
 
 Alpha MOs, Restricted
 -- Occupied --                  
-20.190 -11.172 -11.170  -0.984  -0.898  -0.726  -0.605  -0.512
  1 A1    2 A1    1 B1    3 A1    4 A1    2 B1    5 A1    6 A1                 
 -0.461  -0.323  -0.248  -0.110  -0.110
  3 B1    1 B2    7 A1    2 B2    4 B1                                         
 -- Virtual --                   
  0.208   0.211   0.242   0.246   0.296   0.335   0.386   0.386
  1 A2    8 A1    9 A1    5 B1    6 B1   10 A1    7 B1    3 B2                 
  0.403   0.409   0.414   0.499   0.500   0.525   0.533   0.619
 11 A1    8 B1   12 A1   13 A1    4 B2   14 A1   15 A1    2 A2                 
  0.641   0.651   0.681   0.693   0.721   0.749   0.839   0.883
  9 B1   16 A1   17 A1   10 B1    5 B2   11 B1   12 B1    3 A2                 
  0.920   0.920   0.931   0.950   0.958   0.958   0.958   1.040
 13 B1    6 B2   18 A1    7 B2   14 B1    4 A2   19 A1   20 A1                 
  1.076   1.092   1.095   1.158   1.236   1.237   1.283   1.285
 15 B1   21 A1   22 A1   23 A1    8 B2    5 A2   24 A1   16 B1                 
  1.285   1.308   1.376   1.400   1.418   1.496   1.496   1.518
  9 B2   10 B2   17 B1   25 A1    6 A2   18 B1   11 B2   26 A1                 
  1.532   1.562   1.587   1.652   1.690   1.782   1.854   1.907
 19 B1   27 A1   20 B1   21 B1    7 A2   28 A1   22 B1   29 A1                 
  1.949   2.025   2.340   2.390   2.390   2.418   2.425   2.425
 30 A1   23 B1   31 A1    8 A2   32 A1   12 B2   13 B2   24 B1                 
  2.494   2.494   2.543   2.543   2.602   2.618   2.654   2.678
 25 B1   14 B2   33 A1    9 A2   34 A1   10 A2   35 A1   36 A1                 
  2.756   2.763   2.784   2.784   2.795   2.816   2.896   2.970
 37 A1   38 A1   26 B1   15 B2   27 B1   16 B2   28 B1   17 B2                 
  3.119   3.151   3.161   3.163   3.175   3.207   3.233   3.283
 29 B1   18 B2   19 B2   39 A1   40 A1   11 A2   41 A1   12 A2                 
  3.321   3.392   3.456   3.480   3.481   3.502   3.508   3.605
 30 B1   42 A1   13 A2   31 B1   14 A2   32 B1   33 B1   20 B2                 
  3.631   3.696   3.777   3.840   3.871   3.931   3.967   4.023
 43 A1   21 B2   44 A1   45 A1   34 B1   35 B1   36 B1   15 A2                 
  4.032   4.061   4.067   4.112   4.239   4.246   4.247   4.257
 16 A2   46 A1   47 A1   22 B2   37 B1   38 B1   48 A1   23 B2                 
  4.291   4.291   4.384   4.405   4.431   4.431   4.515   4.515
 17 A2   49 A1   24 B2   18 A2   39 B1   25 B2   40 B1   26 B2                 
  4.525   4.561   4.635   4.661   4.696   4.812   4.868   4.983
 50 A1   41 B1   51 A1   19 A2   52 A1   42 B1   20 A2   27 B2                 
  5.029   5.083   5.182   5.271   5.354   5.359   5.391   5.481
 53 A1   43 B1   54 A1   28 B2   55 A1   44 B1   56 A1   21 A2                 
  5.497   5.583   5.583   5.592   5.618   5.672   6.012   6.148
 45 B1   46 B1   29 B2   22 A2   57 A1   58 A1   47 B1   48 B1                 
  6.325   6.402   6.564   6.864   6.864   6.895   6.895   6.928
 59 A1   60 A1   49 B1   23 A2   61 A1   50 B1   30 B2   51 B1                 
  7.414   7.414   7.436   7.436   7.462   7.526   7.526   8.069
 52 B1   31 B2   62 A1   24 A2   63 A1   53 B1   32 B2   64 A1                 
 11.597  11.951  14.804
 65 A1   66 A1   54 B1                                                         
 
 Beta MOs, Restricted
 -- Occupied --                  
-20.190 -11.172 -11.170  -0.984  -0.898  -0.726  -0.605  -0.512
  1 A1    2 A1    1 B1    3 A1    4 A1    2 B1    5 A1    6 A1                 
 -0.461  -0.323  -0.248  -0.110  -0.110
  3 B1    1 B2    7 A1    2 B2    4 B1                                         
 -- Virtual --                   
  0.208   0.211   0.242   0.246   0.296   0.335   0.386   0.386
  1 A2    8 A1    9 A1    5 B1    6 B1   10 A1    7 B1    3 B2                 
  0.403   0.409   0.414   0.499   0.500   0.525   0.533   0.619
 11 A1    8 B1   12 A1   13 A1    4 B2   14 A1   15 A1    2 A2                 
  0.641   0.651   0.681   0.693   0.721   0.749   0.839   0.883
  9 B1   16 A1   17 A1   10 B1    5 B2   11 B1   12 B1    3 A2                 
  0.920   0.920   0.931   0.950   0.958   0.958   0.958   1.040
 13 B1    6 B2   18 A1    7 B2   14 B1    4 A2   19 A1   20 A1                 
  1.076   1.092   1.095   1.158   1.236   1.237   1.283   1.285
 15 B1   21 A1   22 A1   23 A1    8 B2    5 A2   24 A1   16 B1                 
  1.285   1.308   1.376   1.400   1.418   1.496   1.496   1.518
  9 B2   10 B2   17 B1   25 A1    6 A2   18 B1   11 B2   26 A1                 
  1.532   1.562   1.587   1.652   1.690   1.782   1.854   1.907
 19 B1   27 A1   20 B1   21 B1    7 A2   28 A1   22 B1   29 A1                 
  1.949   2.025   2.340   2.390   2.390   2.418   2.425   2.425
 30 A1   23 B1   31 A1    8 A2   32 A1   12 B2   13 B2   24 B1                 
  2.494   2.494   2.543   2.543   2.602   2.618   2.654   2.678
 25 B1   14 B2   33 A1    9 A2   34 A1   10 A2   35 A1   36 A1                 
  2.756   2.763   2.784   2.784   2.795   2.816   2.896   2.970
 37 A1   38 A1   26 B1   15 B2   27 B1   16 B2   28 B1   17 B2                 
  3.119   3.151   3.161   3.163   3.175   3.207   3.233   3.283
 29 B1   18 B2   19 B2   39 A1   40 A1   11 A2   41 A1   12 A2                 
  3.321   3.392   3.456   3.480   3.481   3.502   3.508   3.605
 30 B1   42 A1   13 A2   31 B1   14 A2   32 B1   33 B1   20 B2                 
  3.631   3.696   3.777   3.840   3.871   3.931   3.967   4.023
 43 A1   21 B2   44 A1   45 A1   34 B1   35 B1   36 B1   15 A2                 
  4.032   4.061   4.067   4.112   4.239   4.246   4.247   4.257
 16 A2   46 A1   47 A1   22 B2   37 B1   38 B1   48 A1   23 B2                 
  4.291   4.291   4.384   4.405   4.431   4.431   4.515   4.515
 17 A2   49 A1   24 B2   18 A2   39 B1   25 B2   40 B1   26 B2                 
  4.525   4.561   4.635   4.661   4.696   4.812   4.868   4.983
 50 A1   41 B1   51 A1   19 A2   52 A1   42 B1   20 A2   27 B2                 
  5.029   5.083   5.182   5.271   5.354   5.359   5.391   5.481
 53 A1   43 B1   54 A1   28 B2   55 A1   44 B1   56 A1   21 A2                 
  5.497   5.583   5.583   5.592   5.618   5.672   6.012   6.148
 45 B1   46 B1   29 B2   22 A2   57 A1   58 A1   47 B1   48 B1                 
  6.325   6.402   6.564   6.864   6.864   6.895   6.895   6.928
 59 A1   60 A1   49 B1   23 A2   61 A1   50 B1   30 B2   51 B1                 
  7.414   7.414   7.436   7.436   7.462   7.526   7.526   8.069
 52 B1   31 B2   62 A1   24 A2   63 A1   53 B1   32 B2   64 A1                 
 11.597  11.951  14.804
 65 A1   66 A1   54 B1                                                         
 --------------------------------------------------------------
 
          Ground-State Mulliken Net Atomic Charges

     Atom                 Charge (a.u.)
  ----------------------------------------
      1 C                    -0.305415
      2 C                    -0.305415
      3 H                     0.163622
      4 H                     0.163622
      5 H                     0.141793
      6 H                     0.141793
      7 O                    -1.153836
      8 H                     0.153836
  ----------------------------------------
  Sum of atomic charges =    -1.000000

 -----------------------------------------------------------------
                    Cartesian Multipole Moments
 -----------------------------------------------------------------
    Charge (ESU x 10^10)
                -4.8032
    Dipole Moment (Debye)
         X       0.0000      Y      -0.0000      Z      29.3883
       Tot      29.3883
    Quadrupole Moments (Debye-Ang)
        XX     -24.3527     XY       0.0000     YY     -26.9571
        XZ       0.0000     YZ      -0.0000     ZZ    -202.8820
    Octopole Moments (Debye-Ang^2)
       XXX       0.0000    XXY      -0.0000    XYY       0.0000
       YYY       0.0000    XXZ      25.1326    XYZ      -0.0000
       YYZ      15.8602    XZZ       0.0000    YZZ       0.0000
       ZZZ    1133.4692
    Hexadecapole Moments (Debye-Ang^3)
      XXXX     -91.6966   XXXY       0.0000   XXYY     -22.6304
      XYYY       0.0000   YYYY     -41.1606   XXXZ       0.0000
      XXYZ      -0.0000   XYYZ       0.0000   YYYZ      -0.0000
      XXZZ    -662.9419   XYZZ       0.0000   YYZZ    -691.0837
      XZZZ       0.0000   YZZZ      -0.0000   ZZZZ   -9862.9746
 -----------------------------------------------------------------
 DrvMan is completing analytic gradient of the MP2 energy
 MP2 relaxed dipole moment
            1
    1   0.0000000
    2  -0.0000000
    3  11.5622562
	Magnitude:	11.562 au	29.388 Debye
 MP2 energy read as -154.096971
 Full Analytical Gradient of MP2 Energy (in au.)
             1             2             3             4             5
    1   -0.00516519    0.00516519    0.00953858   -0.00953858    0.00964817
    2   -0.00000000   -0.00000000   -0.00000000    0.00000000    0.00000000
    3    0.00020767    0.00020767   -0.00715620   -0.00715620    0.00697921
             6             7             8
    1   -0.00964817   -0.00000000   -0.00000000
    2   -0.00000000   -0.00000000    0.00000000
    3    0.00697921    0.01627047   -0.01633183
 Gradient time:  CPU 1.46 s  wall 0.15 s
 Geometry Optimization Parameters
   NAtoms,    NIC,     NZ,  NCons,   NDum,   NFix, NCnnct, MaxDiis
        8      88       0       0       0       7       0       0

 Cartesian Hessian Update
 Hessian updated using BFGS update


** GEOMETRY OPTIMIZATION IN CARTESIAN COORDINATES **
   Searching for a Minimum

   Optimization Cycle:   2

                       Coordinates (Angstroms)
     ATOM                X               Y               Z
      1  C        -0.6645000000    0.0000000000    3.6381572046
      2  C         0.6645000000    0.0000000000    3.6381572046
      3  H        -1.1590800000    0.0000000000    2.6758082046
      4  H         1.1590800000    0.0000000000    2.6758082046
      5  H        -1.1590800000    0.0000000000    4.6005052046
      6  H         1.1590800000    0.0000000000    4.6005052046
      7  O         0.0000000000    0.0000000000   -6.3620477758
      8  H         0.0000000000    0.0000000000   -7.3467144290
   Point Group: c2v   Number of degrees of freedom:     7


   Energy is   -154.096971442

            Atoms with "Fixed" Coordinates
                Atom    Coordinates
                     1        X  Y  Z
                     2        X  Y  Z
                     3        X  Y  Z
                     4        X  Y  Z
                     5        X  Y  Z
                     6        X  Y  Z
                     7        X  Y  Z

  1 Hessian modes will be used to form the next step
  Hessian Eigenvalues:
     0.499662

 Minimum search - taking simple RFO step
 Searching for Lamda that Minimizes Along All modes
 Value Taken    Lamda =  -0.00053325
 Step Taken.  Stepsize is  0.032651

                             Maximum     Tolerance    Cnvgd?
         Gradient           0.016332      0.000300      NO
         Displacement       0.028570      0.001200      NO
         Energy change     -0.000661      0.000001      NO

 ----------------------------------------------------------------
             Standard Nuclear Orientation (Angstroms)
    I     Atom           X                Y                Z
 ----------------------------------------------------------------
    1      C      -0.6645000000     0.0000000000     3.6359974389
    2      C       0.6645000000     0.0000000000     3.6359974389
    3      H      -1.1590800000     0.0000000000     2.6736484389
    4      H       1.1590800000     0.0000000000     2.6736484389
    5      H      -1.1590800000     0.0000000000     4.5983454389
    6      H       1.1590800000     0.0000000000     4.5983454389
    7      O       0.0000000000     0.0000000000    -6.3642075415
    8      H       0.0000000000     0.0000000000    -7.3315960688
 ----------------------------------------------------------------
 Molecular Point Group                 C2v   NOp =  4
 Largest Abelian Subgroup              C2v   NOp =  4
 Nuclear Repulsion Energy =          45.50274018 hartrees
 There are       13 alpha and       13 beta electrons
 Applying Cartesian multipole field
    Component          Value
    ---------          -----
     (2,0,0)        1.00000E-11
     (0,2,0)        2.00000E-11
     (0,0,2)       -3.00000E-12
 Nucleus-field energy     =    -0.0000000060 hartrees
 Read the previous MOs as SCF guess

 -----------------------------------------------------------------------
  General SCF calculation program by
  Eric Jon Sundstrom, Paul Horn, Yuezhi Mao, Dmitri Zuev, Alec White,
  David Stuck, Shaama M.S., Shane Yost, Joonho Lee, David Small,
  Daniel Levine, Susi Lehtola, Hugh Burton, Evgeny Epifanovsky,
  Bang C. Huynh
 -----------------------------------------------------------------------
 Requested basis set is non-standard
 There are 64 shells and 176 basis functions
 Hartree-Fock
 A cutoff of  1.0D-14 yielded   1326 shell pairs
 There are      9490 function pairs (     12110 Cartesian)
 Smallest overlap matrix eigenvalue = 6.98E-04
 A restricted SCF calculation will be
 performed using DIIS
 SCF converges when DIIS error is below 1.0e-08
 ---------------------------------------
  Cycle       Energy         DIIS error
 ---------------------------------------
    1    -152.8581704843      1.54e-03  
    2    -153.4705707306      5.38e-04  
    3    -153.4714026742      3.08e-04  
    4    -153.4717227195      9.63e-05  
    5    -153.4717720329      2.49e-05  
    6    -153.4717788358      1.01e-05  
    7    -153.4717801788      2.22e-06  
    8    -153.4717802434      3.08e-07  
    9    -153.4717802441      5.77e-08  
   10    -153.4717802442      1.17e-08  
   11    -153.4717802442      1.96e-09  Convergence criterion met
 ---------------------------------------
 SCF time:   CPU 28.98s  wall 3.00s 
 SCF   energy in the final basis set =     -153.4717802442
 Total energy in the final basis set =     -153.4717802442
 
 Components of the MP2 correlation energy:
        aaaa  correlation energy =        -0.0727821382 au
        abab  correlation energy =        -0.4799055659 au
        bbbb  correlation energy =        -0.0727821382 au
        non-Brillouin singles    =        -0.0000000000 au

 Total  MP2   correlation energy =                    -0.62546984 au
        MP2         total energy =                  -154.09725009 au
  Entering Z-vector solver.
 Full subspace dimension requested for CIS/TDDFT
 MAX_CIS_SUBSPACE fits in available memory
   1         0           1      0.000328    0.000328
   2         0           1      0.000143    0.000143
   3         0           1      0.000063    0.000063
   4         0           1      0.000018    0.000018
   5         0           1      0.000003    0.000003
   6         1           0      0.000000    0.000000    Roots Converged
 
 --------------------------------------------------------------
             Orbital Energies (a.u.) and Symmetries
 --------------------------------------------------------------
 
 Alpha MOs, Restricted
 -- Occupied --                  
-20.188 -11.172 -11.170  -0.984  -0.902  -0.726  -0.605  -0.512
  1 A1    2 A1    1 B1    3 A1    4 A1    2 B1    5 A1    6 A1                 
 -0.461  -0.323  -0.251  -0.109  -0.109
  3 B1    1 B2    7 A1    2 B2    4 B1                                         
 -- Virtual --                   
  0.208   0.211   0.242   0.246   0.296   0.333   0.386   0.386
  1 A2    8 A1    9 A1    5 B1    6 B1   10 A1    7 B1    3 B2                 
  0.404   0.409   0.414   0.500   0.501   0.525   0.533   0.619
 11 A1    8 B1   12 A1    4 B2   13 A1   14 A1   15 A1    2 A2                 
  0.641   0.651   0.681   0.693   0.721   0.749   0.839   0.883
  9 B1   16 A1   17 A1   10 B1    5 B2   11 B1   12 B1    3 A2                 
  0.920   0.920   0.938   0.950   0.958   0.958   0.958   1.040
 13 B1    6 B2   18 A1    7 B2   14 B1    4 A2   19 A1   20 A1                 
  1.076   1.092   1.098   1.156   1.236   1.237   1.283   1.285
 15 B1   21 A1   22 A1   23 A1    8 B2    5 A2   24 A1   16 B1                 
  1.285   1.309   1.376   1.400   1.418   1.502   1.502   1.518
  9 B2   10 B2   17 B1   25 A1    6 A2   18 B1   11 B2   26 A1                 
  1.532   1.562   1.587   1.652   1.690   1.774   1.854   1.907
 19 B1   27 A1   20 B1   21 B1    7 A2   28 A1   22 B1   29 A1                 
  1.970   2.025   2.340   2.390   2.390   2.418   2.425   2.425
 30 A1   23 B1   31 A1    8 A2   32 A1   12 B2   13 B2   24 B1                 
  2.494   2.494   2.543   2.543   2.602   2.618   2.648   2.678
 25 B1   14 B2   33 A1    9 A2   34 A1   10 A2   35 A1   36 A1                 
  2.751   2.763   2.793   2.793   2.795   2.816   2.896   2.970
 37 A1   38 A1   26 B1   15 B2   27 B1   16 B2   28 B1   17 B2                 
  3.119   3.151   3.161   3.163   3.175   3.207   3.233   3.283
 29 B1   18 B2   19 B2   39 A1   40 A1   11 A2   41 A1   12 A2                 
  3.321   3.392   3.456   3.480   3.481   3.502   3.508   3.605
 30 B1   42 A1   13 A2   31 B1   14 A2   32 B1   33 B1   20 B2                 
  3.631   3.696   3.777   3.870   3.871   3.931   3.967   4.023
 43 A1   21 B2   44 A1   45 A1   34 B1   35 B1   36 B1   15 A2                 
  4.032   4.061   4.067   4.112   4.239   4.246   4.248   4.257
 16 A2   46 A1   47 A1   22 B2   37 B1   38 B1   48 A1   23 B2                 
  4.314   4.314   4.384   4.405   4.439   4.439   4.518   4.518
 17 A2   49 A1   24 B2   18 A2   39 B1   25 B2   40 B1   26 B2                 
  4.525   4.561   4.660   4.661   4.696   4.812   4.868   4.983
 50 A1   41 B1   51 A1   19 A2   52 A1   42 B1   20 A2   27 B2                 
  5.029   5.083   5.182   5.271   5.354   5.359   5.444   5.481
 53 A1   43 B1   54 A1   28 B2   55 A1   44 B1   56 A1   21 A2                 
  5.497   5.592   5.618   5.622   5.622   5.672   6.012   6.148
 45 B1   22 A2   57 A1   46 B1   29 B2   58 A1   47 B1   48 B1                 
  6.325   6.387   6.565   6.865   6.865   6.895   6.895   6.928
 59 A1   60 A1   49 B1   23 A2   61 A1   50 B1   30 B2   51 B1                 
  7.437   7.437   7.442   7.442   7.483   7.542   7.542   8.106
 62 A1   24 A2   52 B1   31 B2   63 A1   53 B1   32 B2   64 A1                 
 11.797  11.951  14.804
 65 A1   66 A1   54 B1                                                         
 
 Beta MOs, Restricted
 -- Occupied --                  
-20.188 -11.172 -11.170  -0.984  -0.902  -0.726  -0.605  -0.512
  1 A1    2 A1    1 B1    3 A1    4 A1    2 B1    5 A1    6 A1                 
 -0.461  -0.323  -0.251  -0.109  -0.109
  3 B1    1 B2    7 A1    2 B2    4 B1                                         
 -- Virtual --                   
  0.208   0.211   0.242   0.246   0.296   0.333   0.386   0.386
  1 A2    8 A1    9 A1    5 B1    6 B1   10 A1    7 B1    3 B2                 
  0.404   0.409   0.414   0.500   0.501   0.525   0.533   0.619
 11 A1    8 B1   12 A1    4 B2   13 A1   14 A1   15 A1    2 A2                 
  0.641   0.651   0.681   0.693   0.721   0.749   0.839   0.883
  9 B1   16 A1   17 A1   10 B1    5 B2   11 B1   12 B1    3 A2                 
  0.920   0.920   0.938   0.950   0.958   0.958   0.958   1.040
 13 B1    6 B2   18 A1    7 B2   14 B1    4 A2   19 A1   20 A1                 
  1.076   1.092   1.098   1.156   1.236   1.237   1.283   1.285
 15 B1   21 A1   22 A1   23 A1    8 B2    5 A2   24 A1   16 B1                 
  1.285   1.309   1.376   1.400   1.418   1.502   1.502   1.518
  9 B2   10 B2   17 B1   25 A1    6 A2   18 B1   11 B2   26 A1                 
  1.532   1.562   1.587   1.652   1.690   1.774   1.854   1.907
 19 B1   27 A1   20 B1   21 B1    7 A2   28 A1   22 B1   29 A1                 
  1.970   2.025   2.340   2.390   2.390   2.418   2.425   2.425
 30 A1   23 B1   31 A1    8 A2   32 A1   12 B2   13 B2   24 B1                 
  2.494   2.494   2.543   2.543   2.602   2.618   2.648   2.678
 25 B1   14 B2   33 A1    9 A2   34 A1   10 A2   35 A1   36 A1                 
  2.751   2.763   2.793   2.793   2.795   2.816   2.896   2.970
 37 A1   38 A1   26 B1   15 B2   27 B1   16 B2   28 B1   17 B2                 
  3.119   3.151   3.161   3.163   3.175   3.207   3.233   3.283
 29 B1   18 B2   19 B2   39 A1   40 A1   11 A2   41 A1   12 A2                 
  3.321   3.392   3.456   3.480   3.481   3.502   3.508   3.605
 30 B1   42 A1   13 A2   31 B1   14 A2   32 B1   33 B1   20 B2                 
  3.631   3.696   3.777   3.870   3.871   3.931   3.967   4.023
 43 A1   21 B2   44 A1   45 A1   34 B1   35 B1   36 B1   15 A2                 
  4.032   4.061   4.067   4.112   4.239   4.246   4.248   4.257
 16 A2   46 A1   47 A1   22 B2   37 B1   38 B1   48 A1   23 B2                 
  4.314   4.314   4.384   4.405   4.439   4.439   4.518   4.518
 17 A2   49 A1   24 B2   18 A2   39 B1   25 B2   40 B1   26 B2                 
  4.525   4.561   4.660   4.661   4.696   4.812   4.868   4.983
 50 A1   41 B1   51 A1   19 A2   52 A1   42 B1   20 A2   27 B2                 
  5.029   5.083   5.182   5.271   5.354   5.359   5.444   5.481
 53 A1   43 B1   54 A1   28 B2   55 A1   44 B1   56 A1   21 A2                 
  5.497   5.592   5.618   5.622   5.622   5.672   6.012   6.148
 45 B1   22 A2   57 A1   46 B1   29 B2   58 A1   47 B1   48 B1                 
  6.325   6.387   6.565   6.865   6.865   6.895   6.895   6.928
 59 A1   60 A1   49 B1   23 A2   61 A1   50 B1   30 B2   51 B1                 
  7.437   7.437   7.442   7.442   7.483   7.542   7.542   8.106
 62 A1   24 A2   52 B1   31 B2   63 A1   53 B1   32 B2   64 A1                 
 11.797  11.951  14.804
 65 A1   66 A1   54 B1                                                         
 --------------------------------------------------------------
 
          Ground-State Mulliken Net Atomic Charges

     Atom                 Charge (a.u.)
  ----------------------------------------
      1 C                    -0.305420
      2 C                    -0.305420
      3 H                     0.163633
      4 H                     0.163633
      5 H                     0.141786
      6 H                     0.141786
      7 O                    -1.151721
      8 H                     0.151721
  ----------------------------------------
  Sum of atomic charges =    -1.000000

 -----------------------------------------------------------------
                    Cartesian Multipole Moments
 -----------------------------------------------------------------
    Charge (ESU x 10^10)
                -4.8032
    Dipole Moment (Debye)
         X      -0.0000      Y       0.0000      Z      29.3803
       Tot      29.3803
    Quadrupole Moments (Debye-Ang)
        XX     -24.3224     XY       0.0000     YY     -26.9267
        XZ      -0.0000     YZ      -0.0000     ZZ    -202.7715
    Octopole Moments (Debye-Ang^2)
       XXX       0.0000    XXY      -0.0000    XYY       0.0000
       YYY       0.0000    XXZ      24.9498    XYZ      -0.0000
       YYZ      15.6832    XZZ      -0.0000    YZZ       0.0000
       ZZZ    1132.3529
    Hexadecapole Moments (Debye-Ang^3)
      XXXX     -91.6190   XXXY       0.0000   XXYY     -22.6046
      XYYY       0.0000   YYYY     -41.0830   XXXZ      -0.0000
      XXYZ      -0.0000   XYYZ       0.0000   YYYZ      -0.0000
      XXZZ    -661.2180   XYZZ       0.0000   YYZZ    -689.3184
      XZZZ      -0.0000   YZZZ      -0.0000   ZZZZ   -9849.9430
 -----------------------------------------------------------------
 DrvMan is completing analytic gradient of the MP2 energy
 MP2 relaxed dipole moment
            1
    1  -0.0000000
    2   0.0000000
    3  11.5591173
	Magnitude:	11.559 au	29.380 Debye
 MP2 energy read as -154.097250
 Full Analytical Gradient of MP2 Energy (in au.)
             1             2             3             4             5
    1   -0.00516417    0.00516417    0.00953835   -0.00953835    0.00964805
    2   -0.00000000   -0.00000000   -0.00000000    0.00000000    0.00000000
    3    0.00020781    0.00020781   -0.00715611   -0.00715611    0.00697903
             6             7             8
    1   -0.00964805   -0.00000000    0.00000000
    2   -0.00000000    0.00000000   -0.00000000
    3    0.00697903    0.00031542   -0.00037689
 Gradient time:  CPU 1.46 s  wall 0.15 s
 Geometry Optimization Parameters
   NAtoms,    NIC,     NZ,  NCons,   NDum,   NFix, NCnnct, MaxDiis
        8      88       0       0       0       7       0       0

 Cartesian Hessian Update
 Hessian updated using BFGS update


** GEOMETRY OPTIMIZATION IN CARTESIAN COORDINATES **
   Searching for a Minimum

   Optimization Cycle:   3

                       Coordinates (Angstroms)
     ATOM                X               Y               Z
      1  C        -0.6645000000    0.0000000000    3.6359974389
      2  C         0.6645000000    0.0000000000    3.6359974389
      3  H        -1.1590800000    0.0000000000    2.6736484389
      4  H         1.1590800000    0.0000000000    2.6736484389
      5  H        -1.1590800000    0.0000000000    4.5983454389
      6  H         1.1590800000    0.0000000000    4.5983454389
      7  O         0.0000000000    0.0000000000   -6.3642075415
      8  H         0.0000000000    0.0000000000   -7.3315960688
   Point Group: c2v   Number of degrees of freedom:     7


   Energy is   -154.097250087

            Atoms with "Fixed" Coordinates
                Atom    Coordinates
                     1        X  Y  Z
                     2        X  Y  Z
                     3        X  Y  Z
                     4        X  Y  Z
                     5        X  Y  Z
                     6        X  Y  Z
                     7        X  Y  Z

  1 Hessian modes will be used to form the next step
  Hessian Eigenvalues:
     0.558459

 Minimum search - taking simple RFO step
 Searching for Lamda that Minimizes Along All modes
 Value Taken    Lamda =  -0.00000025
 Step Taken.  Stepsize is  0.000675

                             Maximum     Tolerance    Cnvgd?
         Gradient           0.000377      0.000300      NO
         Displacement       0.000591      0.001200     YES
         Energy change     -0.000279      0.000001      NO

 ----------------------------------------------------------------
             Standard Nuclear Orientation (Angstroms)
    I     Atom           X                Y                Z
 ----------------------------------------------------------------
    1      C      -0.6645000000     0.0000000000     3.6359527982
    2      C       0.6645000000     0.0000000000     3.6359527982
    3      H      -1.1590800000     0.0000000000     2.6736037982
    4      H       1.1590800000     0.0000000000     2.6736037982
    5      H      -1.1590800000     0.0000000000     4.5983007982
    6      H       1.1590800000     0.0000000000     4.5983007982
    7      O       0.0000000000     0.0000000000    -6.3642521822
    8      H       0.0000000000     0.0000000000    -7.3312835846
 ----------------------------------------------------------------
 Molecular Point Group                 C2v   NOp =  4
 Largest Abelian Subgroup              C2v   NOp =  4
 Nuclear Repulsion Energy =          45.50438136 hartrees
 There are       13 alpha and       13 beta electrons
 Applying Cartesian multipole field
    Component          Value
    ---------          -----
     (2,0,0)        1.00000E-11
     (0,2,0)        2.00000E-11
     (0,0,2)       -3.00000E-12
 Nucleus-field energy     =    -0.0000000060 hartrees
 Read the previous MOs as SCF guess

 -----------------------------------------------------------------------
  General SCF calculation program by
  Eric Jon Sundstrom, Paul Horn, Yuezhi Mao, Dmitri Zuev, Alec White,
  David Stuck, Shaama M.S., Shane Yost, Joonho Lee, David Small,
  Daniel Levine, Susi Lehtola, Hugh Burton, Evgeny Epifanovsky,
  Bang C. Huynh
 -----------------------------------------------------------------------
 Requested basis set is non-standard
 There are 64 shells and 176 basis functions
 Hartree-Fock
 A cutoff of  1.0D-14 yielded   1326 shell pairs
 There are      9490 function pairs (     12110 Cartesian)
 Smallest overlap matrix eigenvalue = 6.98E-04
 A restricted SCF calculation will be
 performed using DIIS
 SCF converges when DIIS error is below 1.0e-08
 ---------------------------------------
  Cycle       Energy         DIIS error
 ---------------------------------------
    1    -152.8519241134      1.48e-03  
    2    -153.4706127709      5.20e-04  
    3    -153.4714261205      3.00e-04  
    4    -153.4717355718      9.56e-05  
    5    -153.4717877563      2.60e-05  
    6    -153.4717951687      1.04e-05  
    7    -153.4717966056      2.02e-06  
    8    -153.4717966597      2.41e-07  
    9    -153.4717966602      4.79e-08  
   10    -153.4717966602      8.80e-09  Convergence criterion met
 ---------------------------------------
 SCF time:   CPU 26.53s  wall 2.00s 
 SCF   energy in the final basis set =     -153.4717966602
 Total energy in the final basis set =     -153.4717966602
 
 Components of the MP2 correlation energy:
        aaaa  correlation energy =        -0.0727802425 au
        abab  correlation energy =        -0.4798930907 au
        bbbb  correlation energy =        -0.0727802425 au
        non-Brillouin singles    =        -0.0000000000 au

 Total  MP2   correlation energy =                    -0.62545358 au
        MP2         total energy =                  -154.09725024 au
  Entering Z-vector solver.
 Full subspace dimension requested for CIS/TDDFT
 MAX_CIS_SUBSPACE fits in available memory
   1         0           1      0.000328    0.000328
   2         0           1      0.000143    0.000143
   3         0           1      0.000063    0.000063
   4         0           1      0.000018    0.000018
   5         0           1      0.000003    0.000003
   6         1           0      0.000000    0.000000    Roots Converged
 
 --------------------------------------------------------------
             Orbital Energies (a.u.) and Symmetries
 --------------------------------------------------------------
 
 Alpha MOs, Restricted
 -- Occupied --                  
-20.188 -11.172 -11.170  -0.984  -0.902  -0.726  -0.605  -0.512
  1 A1    2 A1    1 B1    3 A1    4 A1    2 B1    5 A1    6 A1                 
 -0.461  -0.323  -0.251  -0.109  -0.109
  3 B1    1 B2    7 A1    2 B2    4 B1                                         
 -- Virtual --                   
  0.208   0.211   0.242   0.246   0.296   0.333   0.386   0.386
  1 A2    8 A1    9 A1    5 B1    6 B1   10 A1    7 B1    3 B2                 
  0.404   0.409   0.414   0.500   0.501   0.525   0.533   0.619
 11 A1    8 B1   12 A1    4 B2   13 A1   14 A1   15 A1    2 A2                 
  0.641   0.651   0.681   0.693   0.721   0.749   0.839   0.883
  9 B1   16 A1   17 A1   10 B1    5 B2   11 B1   12 B1    3 A2                 
  0.920   0.920   0.939   0.950   0.958   0.958   0.958   1.040
 13 B1    6 B2   18 A1    7 B2   14 B1    4 A2   19 A1   20 A1                 
  1.076   1.092   1.098   1.156   1.236   1.237   1.283   1.285
 15 B1   21 A1   22 A1   23 A1    8 B2    5 A2   24 A1   16 B1                 
  1.285   1.309   1.376   1.400   1.418   1.502   1.502   1.518
  9 B2   10 B2   17 B1   25 A1    6 A2   18 B1   11 B2   26 A1                 
  1.532   1.562   1.587   1.652   1.690   1.774   1.854   1.907
 19 B1   27 A1   20 B1   21 B1    7 A2   28 A1   22 B1   29 A1                 
  1.971   2.025   2.340   2.390   2.390   2.418   2.425   2.425
 30 A1   23 B1   31 A1    8 A2   32 A1   12 B2   13 B2   24 B1                 
  2.494   2.494   2.543   2.543   2.602   2.618   2.648   2.678
 25 B1   14 B2   33 A1    9 A2   34 A1   10 A2   35 A1   36 A1                 
  2.751   2.763   2.793   2.793   2.795   2.816   2.896   2.970
 37 A1   38 A1   26 B1   15 B2   27 B1   16 B2   28 B1   17 B2                 
  3.119   3.151   3.161   3.163   3.175   3.207   3.233   3.283
 29 B1   18 B2   19 B2   39 A1   40 A1   11 A2   41 A1   12 A2                 
  3.321   3.392   3.456   3.480   3.481   3.502   3.508   3.605
 30 B1   42 A1   13 A2   31 B1   14 A2   32 B1   33 B1   20 B2                 
  3.631   3.696   3.777   3.871   3.871   3.931   3.967   4.023
 43 A1   21 B2   44 A1   34 B1   45 A1   35 B1   36 B1   15 A2                 
  4.032   4.061   4.067   4.112   4.239   4.246   4.248   4.257
 16 A2   46 A1   47 A1   22 B2   37 B1   38 B1   48 A1   23 B2                 
  4.314   4.314   4.384   4.405   4.440   4.440   4.518   4.518
 17 A2   49 A1   24 B2   18 A2   39 B1   25 B2   40 B1   26 B2                 
  4.525   4.561   4.661   4.661   4.696   4.812   4.868   4.983
 50 A1   41 B1   51 A1   19 A2   52 A1   42 B1   20 A2   27 B2                 
  5.029   5.083   5.182   5.271   5.354   5.359   5.445   5.481
 53 A1   43 B1   54 A1   28 B2   55 A1   44 B1   56 A1   21 A2                 
  5.497   5.592   5.618   5.623   5.623   5.672   6.012   6.148
 45 B1   22 A2   57 A1   46 B1   29 B2   58 A1   47 B1   48 B1                 
  6.325   6.387   6.565   6.865   6.865   6.895   6.895   6.928
 59 A1   60 A1   49 B1   23 A2   61 A1   50 B1   30 B2   51 B1                 
  7.437   7.437   7.442   7.442   7.484   7.543   7.543   8.107
 62 A1   24 A2   52 B1   31 B2   63 A1   53 B1   32 B2   64 A1                 
 11.802  11.951  14.804
 65 A1   66 A1   54 B1                                                         
 
 Beta MOs, Restricted
 -- Occupied --                  
-20.188 -11.172 -11.170  -0.984  -0.902  -0.726  -0.605  -0.512
  1 A1    2 A1    1 B1    3 A1    4 A1    2 B1    5 A1    6 A1                 
 -0.461  -0.323  -0.251  -0.109  -0.109
  3 B1    1 B2    7 A1    2 B2    4 B1                                         
 -- Virtual --                   
  0.208   0.211   0.242   0.246   0.296   0.333   0.386   0.386
  1 A2    8 A1    9 A1    5 B1    6 B1   10 A1    7 B1    3 B2                 
  0.404   0.409   0.414   0.500   0.501   0.525   0.533   0.619
 11 A1    8 B1   12 A1    4 B2   13 A1   14 A1   15 A1    2 A2                 
  0.641   0.651   0.681   0.693   0.721   0.749   0.839   0.883
  9 B1   16 A1   17 A1   10 B1    5 B2   11 B1   12 B1    3 A2                 
  0.920   0.920   0.939   0.950   0.958   0.958   0.958   1.040
 13 B1    6 B2   18 A1    7 B2   14 B1    4 A2   19 A1   20 A1                 
  1.076   1.092   1.098   1.156   1.236   1.237   1.283   1.285
 15 B1   21 A1   22 A1   23 A1    8 B2    5 A2   24 A1   16 B1                 
  1.285   1.309   1.376   1.400   1.418   1.502   1.502   1.518
  9 B2   10 B2   17 B1   25 A1    6 A2   18 B1   11 B2   26 A1                 
  1.532   1.562   1.587   1.652   1.690   1.774   1.854   1.907
 19 B1   27 A1   20 B1   21 B1    7 A2   28 A1   22 B1   29 A1                 
  1.971   2.025   2.340   2.390   2.390   2.418   2.425   2.425
 30 A1   23 B1   31 A1    8 A2   32 A1   12 B2   13 B2   24 B1                 
  2.494   2.494   2.543   2.543   2.602   2.618   2.648   2.678
 25 B1   14 B2   33 A1    9 A2   34 A1   10 A2   35 A1   36 A1                 
  2.751   2.763   2.793   2.793   2.795   2.816   2.896   2.970
 37 A1   38 A1   26 B1   15 B2   27 B1   16 B2   28 B1   17 B2                 
  3.119   3.151   3.161   3.163   3.175   3.207   3.233   3.283
 29 B1   18 B2   19 B2   39 A1   40 A1   11 A2   41 A1   12 A2                 
  3.321   3.392   3.456   3.480   3.481   3.502   3.508   3.605
 30 B1   42 A1   13 A2   31 B1   14 A2   32 B1   33 B1   20 B2                 
  3.631   3.696   3.777   3.871   3.871   3.931   3.967   4.023
 43 A1   21 B2   44 A1   34 B1   45 A1   35 B1   36 B1   15 A2                 
  4.032   4.061   4.067   4.112   4.239   4.246   4.248   4.257
 16 A2   46 A1   47 A1   22 B2   37 B1   38 B1   48 A1   23 B2                 
  4.314   4.314   4.384   4.405   4.440   4.440   4.518   4.518
 17 A2   49 A1   24 B2   18 A2   39 B1   25 B2   40 B1   26 B2                 
  4.525   4.561   4.661   4.661   4.696   4.812   4.868   4.983
 50 A1   41 B1   51 A1   19 A2   52 A1   42 B1   20 A2   27 B2                 
  5.029   5.083   5.182   5.271   5.354   5.359   5.445   5.481
 53 A1   43 B1   54 A1   28 B2   55 A1   44 B1   56 A1   21 A2                 
  5.497   5.592   5.618   5.623   5.623   5.672   6.012   6.148
 45 B1   22 A2   57 A1   46 B1   29 B2   58 A1   47 B1   48 B1                 
  6.325   6.387   6.565   6.865   6.865   6.895   6.895   6.928
 59 A1   60 A1   49 B1   23 A2   61 A1   50 B1   30 B2   51 B1                 
  7.437   7.437   7.442   7.442   7.484   7.543   7.543   8.107
 62 A1   24 A2   52 B1   31 B2   63 A1   53 B1   32 B2   64 A1                 
 11.802  11.951  14.804
 65 A1   66 A1   54 B1                                                         
 --------------------------------------------------------------
 
          Ground-State Mulliken Net Atomic Charges

     Atom                 Charge (a.u.)
  ----------------------------------------
      1 C                    -0.305420
      2 C                    -0.305420
      3 H                     0.163634
      4 H                     0.163634
      5 H                     0.141786
      6 H                     0.141786
      7 O                    -1.151675
      8 H                     0.151675
  ----------------------------------------
  Sum of atomic charges =    -1.000000

 -----------------------------------------------------------------
                    Cartesian Multipole Moments
 -----------------------------------------------------------------
    Charge (ESU x 10^10)
                -4.8032
    Dipole Moment (Debye)
         X       0.0000      Y       0.0000      Z      29.3802
       Tot      29.3802
    Quadrupole Moments (Debye-Ang)
        XX     -24.3218     XY       0.0000     YY     -26.9261
        XZ      -0.0000     YZ      -0.0000     ZZ    -202.7693
    Octopole Moments (Debye-Ang^2)
       XXX      -0.0000    XXY      -0.0000    XYY       0.0000
       YYY      -0.0000    XXZ      24.9459    XYZ      -0.0000
       YYZ      15.6794    XZZ       0.0000    YZZ       0.0000
       ZZZ    1132.3300
    Hexadecapole Moments (Debye-Ang^3)
      XXXX     -91.6174   XXXY       0.0000   XXYY     -22.6040
      XYYY      -0.0000   YYYY     -41.0814   XXXZ      -0.0000
      XXYZ      -0.0000   XYYZ       0.0000   YYYZ      -0.0000
      XXZZ    -661.1820   XYZZ       0.0000   YYZZ    -689.2816
      XZZZ      -0.0000   YZZZ      -0.0000   ZZZZ   -9849.6737
 -----------------------------------------------------------------
 DrvMan is completing analytic gradient of the MP2 energy
 MP2 relaxed dipole moment
            1
    1   0.0000000
    2   0.0000000
    3  11.5590532
	Magnitude:	11.559 au	29.380 Debye
 MP2 energy read as -154.097250
 Full Analytical Gradient of MP2 Energy (in au.)
             1             2             3             4             5
    1   -0.00516413    0.00516413    0.00953834   -0.00953834    0.00964804
    2   -0.00000000    0.00000000   -0.00000000    0.00000000    0.00000000
    3    0.00020782    0.00020782   -0.00715611   -0.00715611    0.00697903
             6             7             8
    1   -0.00964804   -0.00000000    0.00000000
    2   -0.00000000   -0.00000000    0.00000000
    3    0.00697903   -0.00003452   -0.00002695
 Gradient time:  CPU 1.46 s  wall 0.15 s
 Geometry Optimization Parameters
   NAtoms,    NIC,     NZ,  NCons,   NDum,   NFix, NCnnct, MaxDiis
        8      88       0       0       0       7       0       0

 Cartesian Hessian Update
 Hessian updated using BFGS update


** GEOMETRY OPTIMIZATION IN CARTESIAN COORDINATES **
   Searching for a Minimum

   Optimization Cycle:   4

                       Coordinates (Angstroms)
     ATOM                X               Y               Z
      1  C        -0.6645000000    0.0000000000    3.6359527982
      2  C         0.6645000000    0.0000000000    3.6359527982
      3  H        -1.1590800000    0.0000000000    2.6736037982
      4  H         1.1590800000    0.0000000000    2.6736037982
      5  H        -1.1590800000    0.0000000000    4.5983007982
      6  H         1.1590800000    0.0000000000    4.5983007982
      7  O         0.0000000000    0.0000000000   -6.3642521822
      8  H         0.0000000000    0.0000000000   -7.3312835846
   Point Group: c2v   Number of degrees of freedom:     7


   Energy is   -154.097250236

            Atoms with "Fixed" Coordinates
                Atom    Coordinates
                     1        X  Y  Z
                     2        X  Y  Z
                     3        X  Y  Z
                     4        X  Y  Z
                     5        X  Y  Z
                     6        X  Y  Z
                     7        X  Y  Z

  1 Hessian modes will be used to form the next step
  Hessian Eigenvalues:
     0.592594

 Minimum search - taking simple RFO step
 Searching for Lamda that Minimizes Along All modes
 Value Taken    Lamda =  -0.00000000
 Step Taken.  Stepsize is  0.000045

                             Maximum     Tolerance    Cnvgd?
         Gradient           0.000027      0.000300     YES
         Displacement       0.000040      0.001200     YES
         Energy change     -0.000000      0.000001     YES


                       Distance Matrix (Angstroms)
             C (  1)   C (  2)   H (  3)   H (  4)   H (  5)   H (  6)
   C (  2)  1.329000
   H (  3)  1.082000  2.061931
   H (  4)  2.061931  1.082000  2.318160
   H (  5)  1.082000  2.061931  1.924697  3.013026
   H (  6)  2.061931  1.082000  3.013026  1.924697  2.318160
   O (  7) 10.022258 10.022258  9.111877  9.111877 11.023658 11.023658
   H (  8) 10.987349 10.987349 10.071804 10.071804 11.985760 11.985760
             O (  7)
   H (  8)  0.967031
 
 Final energy is   -154.097250235839     


 ******************************
 **  OPTIMIZATION CONVERGED  **
 ******************************

                       Coordinates (Angstroms)
     ATOM                X               Y               Z
      1  C        -0.6645000000    0.0000000000    3.6359527982
      2  C         0.6645000000    0.0000000000    3.6359527982
      3  H        -1.1590800000    0.0000000000    2.6736037982
      4  H         1.1590800000    0.0000000000    2.6736037982
      5  H        -1.1590800000    0.0000000000    4.5983007982
      6  H         1.1590800000    0.0000000000    4.5983007982
      7  O         0.0000000000    0.0000000000   -6.3642521822
      8  H         0.0000000000    0.0000000000   -7.3312835846

Z-matrix Print:
$molecule
-1 1
C 
H  1 1.082000
H  1 1.082000 2 125.599995
C  1 1.329000 2 117.200015 3 -180.000000 0
H  4 1.082000 1 117.200015 2 -0.000000 0
H  4 1.082000 1 117.199990 2 -180.000000 0
O  6 9.111877 4 145.491877 1 -0.000000 0
H  7 0.967031 6 172.691867 4 -180.000000 0
$end

 
 --------------------------------------------------------------
             Orbital Energies (a.u.) and Symmetries
 --------------------------------------------------------------
 
 Alpha MOs, Restricted
 -- Occupied --                  
-20.188 -11.172 -11.170  -0.984  -0.902  -0.726  -0.605  -0.512
  1 A1    2 A1    1 B1    3 A1    4 A1    2 B1    5 A1    6 A1                 
 -0.461  -0.323  -0.251  -0.109  -0.109
  3 B1    1 B2    7 A1    2 B2    4 B1                                         
 -- Virtual --                   
  0.208   0.211   0.242   0.246   0.296   0.333   0.386   0.386
  1 A2    8 A1    9 A1    5 B1    6 B1   10 A1    7 B1    3 B2                 
  0.404   0.409   0.414   0.500   0.501   0.525   0.533   0.619
 11 A1    8 B1   12 A1    4 B2   13 A1   14 A1   15 A1    2 A2                 
  0.641   0.651   0.681   0.693   0.721   0.749   0.839   0.883
  9 B1   16 A1   17 A1   10 B1    5 B2   11 B1   12 B1    3 A2                 
  0.920   0.920   0.939   0.950   0.958   0.958   0.958   1.040
 13 B1    6 B2   18 A1    7 B2   14 B1    4 A2   19 A1   20 A1                 
  1.076   1.092   1.098   1.156   1.236   1.237   1.283   1.285
 15 B1   21 A1   22 A1   23 A1    8 B2    5 A2   24 A1   16 B1                 
  1.285   1.309   1.376   1.400   1.418   1.502   1.502   1.518
  9 B2   10 B2   17 B1   25 A1    6 A2   18 B1   11 B2   26 A1                 
  1.532   1.562   1.587   1.652   1.690   1.774   1.854   1.907
 19 B1   27 A1   20 B1   21 B1    7 A2   28 A1   22 B1   29 A1                 
  1.971   2.025   2.340   2.390   2.390   2.418   2.425   2.425
 30 A1   23 B1   31 A1    8 A2   32 A1   12 B2   13 B2   24 B1                 
  2.494   2.494   2.543   2.543   2.602   2.618   2.648   2.678
 25 B1   14 B2   33 A1    9 A2   34 A1   10 A2   35 A1   36 A1                 
  2.751   2.763   2.793   2.793   2.795   2.816   2.896   2.970
 37 A1   38 A1   26 B1   15 B2   27 B1   16 B2   28 B1   17 B2                 
  3.119   3.151   3.161   3.163   3.175   3.207   3.233   3.283
 29 B1   18 B2   19 B2   39 A1   40 A1   11 A2   41 A1   12 A2                 
  3.321   3.392   3.456   3.480   3.481   3.502   3.508   3.605
 30 B1   42 A1   13 A2   31 B1   14 A2   32 B1   33 B1   20 B2                 
  3.631   3.696   3.777   3.871   3.871   3.931   3.967   4.023
 43 A1   21 B2   44 A1   34 B1   45 A1   35 B1   36 B1   15 A2                 
  4.032   4.061   4.067   4.112   4.239   4.246   4.248   4.257
 16 A2   46 A1   47 A1   22 B2   37 B1   38 B1   48 A1   23 B2                 
  4.314   4.314   4.384   4.405   4.440   4.440   4.518   4.518
 17 A2   49 A1   24 B2   18 A2   39 B1   25 B2   40 B1   26 B2                 
  4.525   4.561   4.661   4.661   4.696   4.812   4.868   4.983
 50 A1   41 B1   51 A1   19 A2   52 A1   42 B1   20 A2   27 B2                 
  5.029   5.083   5.182   5.271   5.354   5.359   5.445   5.481
 53 A1   43 B1   54 A1   28 B2   55 A1   44 B1   56 A1   21 A2                 
  5.497   5.592   5.618   5.623   5.623   5.672   6.012   6.148
 45 B1   22 A2   57 A1   46 B1   29 B2   58 A1   47 B1   48 B1                 
  6.325   6.387   6.565   6.865   6.865   6.895   6.895   6.928
 59 A1   60 A1   49 B1   23 A2   61 A1   50 B1   30 B2   51 B1                 
  7.437   7.437   7.442   7.442   7.484   7.543   7.543   8.107
 62 A1   24 A2   52 B1   31 B2   63 A1   53 B1   32 B2   64 A1                 
 11.802  11.951  14.804
 65 A1   66 A1   54 B1                                                         
 
 Beta MOs, Restricted
 -- Occupied --                  
-20.188 -11.172 -11.170  -0.984  -0.902  -0.726  -0.605  -0.512
  1 A1    2 A1    1 B1    3 A1    4 A1    2 B1    5 A1    6 A1                 
 -0.461  -0.323  -0.251  -0.109  -0.109
  3 B1    1 B2    7 A1    2 B2    4 B1                                         
 -- Virtual --                   
  0.208   0.211   0.242   0.246   0.296   0.333   0.386   0.386
  1 A2    8 A1    9 A1    5 B1    6 B1   10 A1    7 B1    3 B2                 
  0.404   0.409   0.414   0.500   0.501   0.525   0.533   0.619
 11 A1    8 B1   12 A1    4 B2   13 A1   14 A1   15 A1    2 A2                 
  0.641   0.651   0.681   0.693   0.721   0.749   0.839   0.883
  9 B1   16 A1   17 A1   10 B1    5 B2   11 B1   12 B1    3 A2                 
  0.920   0.920   0.939   0.950   0.958   0.958   0.958   1.040
 13 B1    6 B2   18 A1    7 B2   14 B1    4 A2   19 A1   20 A1                 
  1.076   1.092   1.098   1.156   1.236   1.237   1.283   1.285
 15 B1   21 A1   22 A1   23 A1    8 B2    5 A2   24 A1   16 B1                 
  1.285   1.309   1.376   1.400   1.418   1.502   1.502   1.518
  9 B2   10 B2   17 B1   25 A1    6 A2   18 B1   11 B2   26 A1                 
  1.532   1.562   1.587   1.652   1.690   1.774   1.854   1.907
 19 B1   27 A1   20 B1   21 B1    7 A2   28 A1   22 B1   29 A1                 
  1.971   2.025   2.340   2.390   2.390   2.418   2.425   2.425
 30 A1   23 B1   31 A1    8 A2   32 A1   12 B2   13 B2   24 B1                 
  2.494   2.494   2.543   2.543   2.602   2.618   2.648   2.678
 25 B1   14 B2   33 A1    9 A2   34 A1   10 A2   35 A1   36 A1                 
  2.751   2.763   2.793   2.793   2.795   2.816   2.896   2.970
 37 A1   38 A1   26 B1   15 B2   27 B1   16 B2   28 B1   17 B2                 
  3.119   3.151   3.161   3.163   3.175   3.207   3.233   3.283
 29 B1   18 B2   19 B2   39 A1   40 A1   11 A2   41 A1   12 A2                 
  3.321   3.392   3.456   3.480   3.481   3.502   3.508   3.605
 30 B1   42 A1   13 A2   31 B1   14 A2   32 B1   33 B1   20 B2                 
  3.631   3.696   3.777   3.871   3.871   3.931   3.967   4.023
 43 A1   21 B2   44 A1   34 B1   45 A1   35 B1   36 B1   15 A2                 
  4.032   4.061   4.067   4.112   4.239   4.246   4.248   4.257
 16 A2   46 A1   47 A1   22 B2   37 B1   38 B1   48 A1   23 B2                 
  4.314   4.314   4.384   4.405   4.440   4.440   4.518   4.518
 17 A2   49 A1   24 B2   18 A2   39 B1   25 B2   40 B1   26 B2                 
  4.525   4.561   4.661   4.661   4.696   4.812   4.868   4.983
 50 A1   41 B1   51 A1   19 A2   52 A1   42 B1   20 A2   27 B2                 
  5.029   5.083   5.182   5.271   5.354   5.359   5.445   5.481
 53 A1   43 B1   54 A1   28 B2   55 A1   44 B1   56 A1   21 A2                 
  5.497   5.592   5.618   5.623   5.623   5.672   6.012   6.148
 45 B1   22 A2   57 A1   46 B1   29 B2   58 A1   47 B1   48 B1                 
  6.325   6.387   6.565   6.865   6.865   6.895   6.895   6.928
 59 A1   60 A1   49 B1   23 A2   61 A1   50 B1   30 B2   51 B1                 
  7.437   7.437   7.442   7.442   7.484   7.543   7.543   8.107
 62 A1   24 A2   52 B1   31 B2   63 A1   53 B1   32 B2   64 A1                 
 11.802  11.951  14.804
 65 A1   66 A1   54 B1                                                         
 --------------------------------------------------------------
 
          Ground-State Mulliken Net Atomic Charges

     Atom                 Charge (a.u.)
  ----------------------------------------
      1 C                    -0.305420
      2 C                    -0.305420
      3 H                     0.163634
      4 H                     0.163634
      5 H                     0.141786
      6 H                     0.141786
      7 O                    -1.151675
      8 H                     0.151675
  ----------------------------------------
  Sum of atomic charges =    -1.000000

 -----------------------------------------------------------------
                    Cartesian Multipole Moments
 -----------------------------------------------------------------
    Charge (ESU x 10^10)
                -4.8032
    Dipole Moment (Debye)
         X       0.0000      Y       0.0000      Z      29.3802
       Tot      29.3802
    Quadrupole Moments (Debye-Ang)
        XX     -24.3218     XY       0.0000     YY     -26.9261
        XZ      -0.0000     YZ      -0.0000     ZZ    -202.7693
    Octopole Moments (Debye-Ang^2)
       XXX      -0.0000    XXY      -0.0000    XYY       0.0000
       YYY      -0.0000    XXZ      24.9459    XYZ      -0.0000
       YYZ      15.6794    XZZ       0.0000    YZZ       0.0000
       ZZZ    1132.3300
    Hexadecapole Moments (Debye-Ang^3)
      XXXX     -91.6174   XXXY       0.0000   XXYY     -22.6040
      XYYY      -0.0000   YYYY     -41.0814   XXXZ      -0.0000
      XXYZ      -0.0000   XYYZ       0.0000   YYYZ      -0.0000
      XXZZ    -661.1820   XYZZ       0.0000   YYZZ    -689.2816
      XZZZ      -0.0000   YZZZ      -0.0000   ZZZZ   -9849.6737
 -----------------------------------------------------------------
 Total job time:  77.41s(wall), 430.18s(cpu) 
 Sun Apr  3 12:21:25 2022

        *************************************************************
        *                                                           *
        *  Thank you very much for using Q-Chem.  Have a nice day.  *
        *                                                           *
        *************************************************************


