                  Welcome to Q-Chem
     A Quantum Leap Into The Future Of Chemistry


 Q-Chem 5.4 (devel), Q-Chem, Inc., Pleasanton, CA (2021)

 E. Epifanovsky,  A. T. B. Gilbert,  Xintian Feng,  Joonho Lee,  Yuezhi Mao,  
 N. Mardirossian,  P. Pokhilko,  A. White,  M. Wormit,  M. P. Coons,  
 A. L. Dempwolff,  Zhengting Gan,  D. Hait,  P. R. Horn,  L. D. Jacobson,  
 I. Kaliman,  J. Kussmann,  A. W. Lange,  Ka Un Lao,  D. S. Levine,  Jie Liu,  
 S. C. McKenzie,  A. F. Morrison,  K. Nanda,  F. Plasser,  D. R. Rehn,  
 M. L. Vidal,  Zhi-Qiang You,  Ying Zhu,  B. Alam,  B. Albrecht,  
 A. Aldossary,  E. Alguire,  J. H. Andersen,  D. Barton,  K. Begam,  A. Behn,  
 Y. A. Bernard,  E. J. Berquist,  H. Burton,  A. Carreras,  K. Carter-Fenk,  
 R. Chakraborty,  A. D. Chien,  K. D. Closser,  V. Cofer-Shabica,  
 S. Dasgupta,  Jia Deng,  M. de Wergifosse,  M. Diedenhofen,  Hainam Do,  
 S. Ehlert,  Po-Tung Fang,  S. Fatehi,  Qingguo Feng,  T. Friedhoff,  
 J. Gayvert,  Qinghui Ge,  G. Gidofalvi,  M. Goldey,  J. Gomes,  
 C. Gonzalez-Espinoza,  S. Gulania,  A. Gunina,  M. W. D. Hanson-Heine,  
 P. H. P. Harbach,  A. W. Hauser,  M. F. Herbst,  M. Hernandez Vera,  
 M. Hodecker,  Z. C. Holden,  S. Houck,  Xunkun Huang,  Kerwin Hui,  
 B. C. Huynh,  M. Ivanov,  Hyunjun Ji,  Hanjie Jiang,  B. Kaduk,  S. Kaehler,  
 K. Khistyaev,  Jaehoon Kim,  P. Klunzinger,  Z. Koczor-Benda,  
 Joong Hoon Koh,  D. Kosenkov,  L. Koulias,  T. Kowalczyk,  C. M. Krauter,  
 K. Kue,  A. Kunitsa,  T. Kus,  A. Landau,  K. V. Lawler,  D. Lefrancois,  
 S. Lehtola,  Rain Li,  Yi-Pei Li,  Jiashu Liang,  M. Liebenthal,  
 Hung-Hsuan Lin,  You-Sheng Lin,  Fenglai Liu,  Kuan-Yu Liu,  
 M. Loipersberger,  A. Luenser,  A. Manjanath,  P. Manohar,  E. Mansoor,  
 S. F. Manzer,  Shan-Ping Mao,  A. V. Marenich,  T. Markovich,  S. Mason,  
 S. A. Maurer,  P. F. McLaughlin,  M. F. S. J. Menger,  J.-M. Mewes,  
 S. A. Mewes,  P. Morgante,  J. W. Mullinax,  K. J. Oosterbaan,  G. Paran,  
 Alexander C. Paul,  Suranjan K. Paul,  F. Pavosevic,  Zheng Pei,  S. Prager,  
 E. I. Proynov,  E. Ramos,  B. Rana,  A. E. Rask,  A. Rettig,  R. M. Richard,  
 F. Rob,  E. Rossomme,  T. Scheele,  M. Scheurer,  M. Schneider,  
 N. Sergueev,  S. M. Sharada,  W. Skomorowski,  D. W. Small,  C. J. Stein,  
 Yu-Chuan Su,  E. J. Sundstrom,  Zhen Tao,  J. Thirman,  T. Tsuchimochi,  
 N. M. Tubman,  S. P. Veccham,  O. Vydrov,  J. Wenzel,  J. Witte,  A. Yamada,  
 Kun Yao,  S. Yeganeh,  S. R. Yost,  A. Zech,  Igor Ying Zhang,  Xing Zhang,  
 Yu Zhang,  D. Zuev,  A. Aspuru-Guzik,  A. T. Bell,  N. A. Besley,  
 K. B. Bravaya,  B. R. Brooks,  D. Casanova,  Jeng-Da Chai,  S. Coriani,  
 C. J. Cramer,  A. E. DePrince, III,  R. A. DiStasio Jr.,  A. Dreuw,  
 B. D. Dunietz,  T. R. Furlani,  W. A. Goddard III,  S. Grimme,  
 S. Hammes-Schiffer,  T. Head-Gordon,  W. J. Hehre,  Chao-Ping Hsu,  
 T.-C. Jagau,  Yousung Jung,  A. Klamt,  Jing Kong,  D. S. Lambrecht,  
 WanZhen Liang,  N. J. Mayhall,  C. W. McCurdy,  J. B. Neaton,  
 C. Ochsenfeld,  J. A. Parkhill,  R. Peverati,  V. A. Rassolov,  Yihan Shao,  
 L. V. Slipchenko,  T. Stauch,  R. P. Steele,  J. E. Subotnik,  
 A. J. W. Thom,  A. Tkatchenko,  D. G. Truhlar,  T. Van Voorhis,  
 T. A. Wesolowski,  K. B. Whaley,  H. L. Woodcock III,  P. M. Zimmerman,  
 S. Faraji,  P. M. W. Gill,  M. Head-Gordon,  J. M. Herbert,  A. I. Krylov

 Additional authors for Version 5.4.1: 
 S. Kotaru,  Shaozhi Li,  Xiangyuan Li,  F. Matz,  A. Molle,  Haisheng Ren,  
 Yingli Su,  Hung-Yi Tsai,  C. Utku,  Fang Wang

 Contributors to earlier versions of Q-Chem not listed above: 
 R. D. Adamson,  B. Austin,  R. Baer,  J. Baker,  G. J. O. Beran,  
 K. Brandhorst,  S. T. Brown,  E. F. C. Byrd,  A. K. Chakraborty,  
 G. K. L. Chan,  Chun-Min Chang,  Yunqing Chen,  C.-L. Cheng,  
 Siu Hung Chien,  D. M. Chipman,  D. L. Crittenden,  H. Dachsel,  
 R. J. Doerksen,  A. D. Dutoi,  R. G. Edgar,  J. Fosso-Tande,  
 L. Fusti-Molnar,  D. Ghosh,  A. Ghysels,  A. Golubeva-Zadorozhnaya,  
 J. Gonthier,  M. S. Gordon,  S. R. Gwaltney,  G. Hawkins,  J. E. Herr,  
 A. Heyden,  S. Hirata,  E. G. Hohenstein,  G. Kedziora,  F. J. Keil,  
 C. Kelley,  Jihan Kim,  R. A. King,  R. Z. Khaliullin,  P. P. Korambath,  
 W. Kurlancheek,  A. Laurent,  A. M. Lee,  M. S. Lee,  S. V. Levchenko,  
 Ching Yeh Lin,  D. Liotard,  E. Livshits,  R. C. Lochan,  I. Lotan,  
 L. A. Martinez-Martinez,  P. E. Maslen,  N. Nair,  D. P. O'Neill,  
 D. Neuhauser,  E. Neuscamman,  C. M. Oana,  R. Olivares-Amaya,  R. Olson,  
 T. M. Perrine,  B. Peters,  P. A. Pieniazek,  A. Prociuk,  Y. M. Rhee,  
 J. Ritchie,  M. A. Rohrdanz,  E. Rosta,  N. J. Russ,  H. F. Schaefer III,  
 M. W. Schmidt,  N. E. Schultz,  S. Sharma,  N. Shenvi,  C. D. Sherrill,  
 A. C. Simmonett,  A. Sodt,  T. Stein,  D. Stuck,  K. S. Thanthiriwatte,  
 V. Vanovschi,  L. Vogt,  Tao Wang,  A. Warshel,  M. A. Watson,  
 C. F. Williams,  Q. Wu,  X. Xu,  Jun Yang,  W. Zhang,  Yan Zhao

 Please cite Q-Chem as follows:
 Y. Shao et al., Mol. Phys. 113, 184-215 (2015)
 DOI: 10.1080/00268976.2014.952696

 Q-Chem 5.4.1 for Intel X86 EM64T Linux

 Parts of Q-Chem use Armadillo 9.900.5 (Nocturnal Misbehaviour).
 http://arma.sourceforge.net/

 Q-Chem begins on Wed Mar  9 20:40:03 2022  

 Host: node01
0

     Scratch files written to /src/jdavis/qchem.scratch/qchem25033//
 Processing $rem in /src/tsommerfeld/qchem/config/preferences:
 Processing $rem in /home/jdavis/.qchemrc:

 Checking the input file for inconsistencies... 	...done.

--------------------------------------------------------------
User input:
--------------------------------------------------------------
#ethylene geometry from CRC Handbook 102nd Edition
$molecule
-1 1
O         0.0000000000    0.0000000000   -1.5841414040
H         0.0000000000    0.0000000000   -2.5471307683
$end

$rem
   BASIS gen
   METHOD adc(2)
   IP_STATES [0,0,5,0]
   scf_convergence 8
   adc_nguess_singles 10
   THRESH 14
   S2THRESH 14
   adc_davidson_conv 5
   adc_davidson_thresh 14
   THREADS 4
   MEM_TOTAL 95000
   STATE_ANALYSIS TRUE
$end

$basis
O 1
aug-cc-pvdz
****
H 2
aug-cc-pvdz
****
$end
--------------------------------------------------------------
 ----------------------------------------------------------------
             Standard Nuclear Orientation (Angstroms)
    I     Atom           X                Y                Z
 ----------------------------------------------------------------
    1      O       0.0000000000     0.0000000000     0.1069988183
    2      H       0.0000000000     0.0000000000    -0.8559905460
 ----------------------------------------------------------------
 Molecular Point Group                 C2v   NOp =  4
 Largest Abelian Subgroup              C2v   NOp =  4
 Nuclear Repulsion Energy =           4.39612092 hartrees
 There are        5 alpha and        5 beta electrons
 Requested basis set is non-standard
 There are 14 shells and 32 basis functions
 Total memory of 95000 MB is distributed as follows: 
   MEM_STATIC is set to 192 MB
   QALLOC/CCMAN JOB total memory use is  94808 MB
 Warning: actual memory use might exceed 95000 MB

 Total QAlloc Memory Limit  95000 MB
 Mega-Array Size       188 MB
 MEM_STATIC part       192 MB

                       Distance Matrix (Angstroms)
             O (  1)
   H (  2)  0.962989
 
 A cutoff of  1.0D-14 yielded    105 shell pairs
 There are       563 function pairs (       640 Cartesian)
 Smallest overlap matrix eigenvalue = 3.37E-03

 Scale SEOQF with 1.000000e-01/1.000000e-01/1.000000e-01

 Standard Electronic Orientation quadrupole field applied
 ================ Generating on-the-fly SAD Guess ================
Attempting to make child job directory: /src/jdavis/qchem.scratch/qchem25033//Frg1/
Attempting to make child job directory: /src/jdavis/qchem.scratch/qchem25033//Frg2/
Creating input file /src/jdavis/qchem.scratch/qchem25033/Frg1.input
using default PutDataFrgm: nothing
calling putenv with: QCSCRATCH=/src/jdavis/qchem.scratch/qchem25033/ 
Spawning Job For Fragment 0
Done Job For Fragment 0
calling putenv with: QCSCRATCH=/src/jdavis/qchem.scratch 
calling putenv with: QCTHREADS=1 
Creating input file /src/jdavis/qchem.scratch/qchem25033/Frg2.input
using default PutDataFrgm: nothing
calling putenv with: QCSCRATCH=/src/jdavis/qchem.scratch/qchem25033/ 
Spawning Job For Fragment 1
Done Job For Fragment 1
calling putenv with: QCSCRATCH=/src/jdavis/qchem.scratch 
calling putenv with: QCTHREADS=1 
 Time for running child jobs:  CPU 0.59 s  wall 53.79 s
 ============= Method Specific SAD Guess Constructed =============
 Guess from on-the-fly superposition of atomic densities
 Warning: Energy on first SCF cycle will be non-variational
 A restricted Hartree-Fock SCF calculation will be
 performed using Pulay DIIS extrapolation
 SCF converges when DIIS error is below 1.0E-08
 using 4 threads for integral computing
 -------------------------------------------------------
 OpenMP Integral computing Module                
 Release: version 1.0, May 2013, Q-Chem Inc. Pittsburgh 
 -------------------------------------------------------
 ---------------------------------------
  Cycle       Energy         DIIS Error
 ---------------------------------------
    1     -75.0570771488      6.45E-02
    2     -75.2682456070      3.24E-02
    3     -75.3624482539      1.91E-02
    4     -75.3957038239      1.32E-03
    5     -75.3959049634      3.44E-04
    6     -75.3959221285      4.17E-05
    7     -75.3959227070      1.09E-05
    8     -75.3959227683      2.79E-06
    9     -75.3959227720      7.96E-07
   10     -75.3959227723      7.18E-08
   11     -75.3959227723      1.14E-08
   12     -75.3959227723      1.23E-09 Convergence criterion met
 ---------------------------------------
 SCF time:  CPU 3.81 s  wall 0.97 s
 SCF   energy in the final basis set = -75.39592277
 Total energy in the final basis set = -75.39592277
================================================================================
|                                                                              |
|                                 A D C  M A N                                 |
|                                                                              |
 ------------------------------------------------------------------------------ 
|                                                                              |
| Components:                                                                  |
|                                                                              |
| - libvmm - 1.3-trunk                                                         |
|   Authors:                                                                   |
|   Evgeny Epifanovsky, Ilya Kaliman                                           |
|                                                                              |
| - libtensor - 2.5-trunk                                                      |
|   Authors:                                                                   |
|   Evgeny Epifanovsky, Michael Wormit, Dmitry Zuev, Sam Manzer,               |
|   Ilya Kaliman                                                               |
|                                                                              |
| - libwfa - 1.1-trunk                                                         |
|   Authors:                                                                   |
|   Felix Plasser, Stefanie Mewes (Baeppler), Benjamin Thomitzni,              |
|   Michael Wormit, Feng Chen, Anna I. Krylov, Pavel Pokhilko                  |
|                                                                              |
| - libadc - 1.1-trunk                                                         |
|   Authors:                                                                   |
|   Michael Wormit, Adrian L. Dempwolff, Philipp H. P. Harbach,                |
|   Caroline Krauter, Dirk Rehn, Matthias Schneider, Jan Wenzel                |
|                                                                              |
| - adcman - 2.6-trunk                                                         |
|   Authors:                                                                   |
|   Michael Wormit, Adrian L. Dempwolff, Philipp H. P. Harbach,                |
|   Caroline Krauter, Daniel Lefrancois, Jan-Michael Mewes, Dirk Rehn,         |
|   Matthias Schneider, Jan Wenzel, Andreas Dreuw                              |
|                                                                              |
| Authors of earlier versions of ADCMAN:                                       |
| Andreas Dreuw, Jan Hendrik Starcke, Dirk Rehn, Michael Wormit                |
|                                                                              |
================================================================================

 
 Alpha MOs, Restricted
 -- Occupied --                  
-20.197  -0.906  -0.252  -0.108  -0.108
  1 A1    2 A1    3 A1    1 B1    1 B2                                         
 -- Virtual --                   
  0.198   0.392   0.430   0.430   0.469   0.583   0.659   0.659
  4 A1    5 A1    2 B1    2 B2    6 A1    7 A1    3 B1    3 B2                 
  0.927   1.179   1.323   1.323   1.454   1.454   1.675   1.782
  8 A1    9 A1   10 A1    1 A2    4 B1    4 B2   11 A1    5 B1                 
  1.782   2.042   2.388   2.388   2.911   3.145   3.959   3.959
  5 B2   12 A1    6 B1    6 B2   13 A1   14 A1   15 A1    2 A2                 
  4.065   4.065   4.529
  7 B1    7 B2   16 A1                                                         
 
 Beta MOs, Restricted
 -- Occupied --                  
-20.197  -0.906  -0.252  -0.108  -0.108
  1 A1    2 A1    3 A1    1 B1    1 B2                                         
 -- Virtual --                   
  0.198   0.392   0.430   0.430   0.469   0.583   0.659   0.659
  4 A1    5 A1    2 B1    2 B2    6 A1    7 A1    3 B1    3 B2                 
  0.927   1.179   1.323   1.323   1.454   1.454   1.675   1.782
  8 A1    9 A1   10 A1    1 A2    4 B1    4 B2   11 A1    5 B1                 
  1.782   2.042   2.388   2.388   2.911   3.145   3.959   3.959
  5 B2   12 A1    6 B1    6 B2   13 A1   14 A1   15 A1    2 A2                 
  4.065   4.065   4.529
  7 B1    7 B2   16 A1                                                         

--------------------------------------------------------------------------------
                                   HF Summary                                   
--------------------------------------------------------------------------------
  Energy:                                                  -75.3959227723 a.u.
  Dip. moment [a.u.]:                  [  -0.000000,    0.000000,   -0.604786]
  Total dipole [Debye]:                                               1.537214
  <r^2> [a.u.]:                        [   7.440415,    7.440415,    8.735363]
  Total <r^2> [a.u.]:                                                23.616194
--------------------------------------------------------------------------------

--------------------------------------------------------------------------------
                                 MP(2) Summary                                  
--------------------------------------------------------------------------------
  MP energy contribution:                                   -0.2432690987 a.u.
  Total energy:                                            -75.6391918710 a.u.
  Dip. moment [a.u.]:                  [   0.000000,    0.000000,   -0.504570]
  Total dipole [Debye]:                                               1.282489
  <r^2> [a.u.]:                        [   8.234694,    8.234694,    9.427651]
  Total <r^2> [a.u.]:                                                25.897040

  Density matrix analysis:
  ------------------------
  NOs (alpha)
    Occupation of frontier NOs:
       0.0172   0.9773
    Number of electrons:  5.000000
  NOs (beta)
    Occupation of frontier NOs:
       0.0172   0.9773
    Number of electrons:  5.000000
  NOs (spin-traced)
    Occupation of frontier NOs:
       0.0343   1.9545
    Number of electrons: 10.000000
    Number of unpaired electrons: n_u =  0.30675, n_u,nl =  0.03992
    NO participation ratio (PR_NO):  9.060264
  
  
  Mulliken Population Analysis
  Atom  Charge (e)    Spin (e)  h+ (alpha)   h+ (beta)  e- (alpha)   e- (beta)
  ----------------------------------------------------------------------------
   1 O   -0.907652    0.000000    0.151918    0.151918   -0.114262   -0.114262
   2 H   -0.092348    0.000000   -0.000584   -0.000584   -0.037072   -0.037072
  ----------------------------------------------------------------------------
  Sum:   -1.000000    0.000000    0.151334    0.151334   -0.151334   -0.151334
  
  Multipole moment analysis of the density matrix
    Molecular charge:                      -1.000000
    Number of electrons:                   10.000000
      Center of electronic charge [Ang]: [ -0.000000,  -0.000000,   0.026701]
    Total nuclear charge:                  9.000000
      Center of nuclear charge [Ang]:    [  0.000000,   0.000000,   0.000000]
    Dipole moment [D]:                     1.282489
      Cartesian components [D]:          [  0.000000,   0.000000,  -1.282489]
    RMS size of the density [Ang]:         0.851163
      Cartesian components [Ang]:        [  0.480203,   0.480203,   0.513116]
  
  Exciton analysis of the difference density matrix
  Total:
    <r_h> [Ang]:                  [  0.000000,  -0.000000,   0.029959]
    <r_e> [Ang]:                  [ -0.000000,  -0.000000,  -0.145257]
    |<r_e - r_h>| [Ang]:            0.175216
    Hole size [Ang]:                1.126058
      Cartesian components [Ang]: [  0.653202,   0.653202,   0.643943]
    Electron size [Ang]:            1.832497
      Cartesian components [Ang]: [  1.077748,   1.077748,   1.017333]
  
  Alpha spin:
    <r_h> [Ang]:                  [  0.000000,  -0.000000,   0.029959]
    <r_e> [Ang]:                  [ -0.000000,  -0.000000,  -0.145257]
    |<r_e - r_h>| [Ang]:            0.175216
    Hole size [Ang]:                1.126058
      Cartesian components [Ang]: [  0.653202,   0.653202,   0.643943]
    Electron size [Ang]:            1.832497
      Cartesian components [Ang]: [  1.077748,   1.077748,   1.017333]
  
  Beta spin:
    <r_h> [Ang]:                  [  0.000000,  -0.000000,   0.029959]
    <r_e> [Ang]:                  [ -0.000000,  -0.000000,  -0.145257]
    |<r_e - r_h>| [Ang]:            0.175216
    Hole size [Ang]:                1.126058
      Cartesian components [Ang]: [  0.653202,   0.653202,   0.643943]
    Electron size [Ang]:            1.832497
      Cartesian components [Ang]: [  1.077748,   1.077748,   1.017333]
--------------------------------------------------------------------------------
Less hole guess vectors found than requested: 1 (found), 10 (requested).
Adjusting number of particle-2hole guess vectors to 9.
  Starting Davidson for ionized states of irrep B1 ... 
--------------------------------------------------------------------------------
   It NVec Conv  Avg. Norm  Max. Norm  Conv. states           Remark
--------------------------------------------------------------------------------
        10    3  8.509e-02  4.253e-01  0.0834 n y n y y       Guess.
    1   13    4  2.565e-04  1.282e-03 -0.0086 n y y y y       
    2   15    5  7.634e-12  3.817e-11 -0.0086 y y y y y       Converged.
--------------------------------------------------------------------------------
  Davidson Summary: 
 ------------------------------------------------------------
  State  0: ionization energy =  -0.0086 a.u.   (converged)
  State  1: ionization energy =   0.5586 a.u.   (converged)
  State  2: ionization energy =   0.5590 a.u.   (converged)
  State  3: ionization energy =   0.6465 a.u.   (converged)
  State  4: ionization energy =   0.6465 a.u.   (converged)
 ------------------------------------------------------------


--------------------------------------------------------------------------------
                             Ionized State Summary
--------------------------------------------------------------------------------

  Ionized state 1 (B1)                                             [converged]
  ----------------------------------------------------------------------------
  Term symbol:  1 (2) B1                                    R^2 =  3.81704e-11

  Total energy:                                            -75.6477605640 a.u.
  Ionization energy:                                              -0.233166 eV

  Pole strength:                                                      0.828793

  Dip. moment [a.u.]:                  [   0.000000,    0.000000,   -0.585576]
  Total dipole [Debye]:                                               1.488387
  <r^2> [a.u.]:                        [   4.845467,    6.026050,    7.196265]
  Total <r^2> [a.u.]:                                                18.067782

  V1^2 = 0.8425, V2^2 = 0.1575

  Important amplitudes:
      occ i      occ j       vir a          v   
    ---------------------------------------------
     1 (B1) B                            -0.9179
     1 (B1) A   1 (B1) B    2 (B1) A      0.1316
    ---------------------------------------------

  Density matrix analysis:
  ------------------------
  NOs (alpha)
    Occupation of frontier NOs:
       0.0393   0.9543
    Number of electrons:  5.000000
  NOs (beta)
    Occupation of frontier NOs:
       0.0358   0.9566
    Number of electrons:  4.000000
  NOs (spin-traced)
    Occupation of frontier NOs:
       0.0729   0.9538
    Number of electrons:  9.000000
    Number of unpaired electrons: n_u =  1.35993, n_u,nl =  1.08224
    NO participation ratio (PR_NO):  1.982408
  
  
  Mulliken Population Analysis
  Atom  Charge (e)    Spin (e)  h+ (alpha)   h+ (beta)  e- (alpha)   e- (beta)
  ----------------------------------------------------------------------------
   1 O   -0.107083   -1.005645    0.339429    1.137211   -0.441967   -0.234104
   2 H    0.107083    0.005645    0.115416    0.112575   -0.012877   -0.015682
  ----------------------------------------------------------------------------
  Sum:   -0.000000   -1.000000    0.454844    1.249786   -0.454844   -0.249786
  
  Multipole moment analysis of the density matrix
    Molecular charge:                      -0.000000
    Number of electrons:                   9.000000
      Center of electronic charge [Ang]: [ -0.000000,  -0.000000,   0.034430]
    Total nuclear charge:                  9.000000
      Center of nuclear charge [Ang]:    [  0.000000,   0.000000,   0.000000]
    Dipole moment [D]:                     1.488386
      Cartesian components [D]:          [  0.000000,   0.000000,  -1.488386]
    RMS size of the density [Ang]:         0.748986
      Cartesian components [Ang]:        [  0.388282,   0.433008,   0.471933]
  
  Exciton analysis of the difference density matrix
  Total:
    <r_h> [Ang]:                  [ -0.000000,  -0.000000,  -0.008886]
    <r_e> [Ang]:                  [ -0.000000,  -0.000000,   0.039339]
    |<r_e - r_h>| [Ang]:            0.048225
    Hole size [Ang]:                1.394148
      Cartesian components [Ang]: [  0.872412,   0.778081,   0.759695]
    Electron size [Ang]:            1.260654
      Cartesian components [Ang]: [  0.703084,   0.766066,   0.712787]
  
  Alpha spin:
    <r_h> [Ang]:                  [ -0.000000,  -0.000000,  -0.081193]
    <r_e> [Ang]:                  [ -0.000000,  -0.000000,   0.046803]
    |<r_e - r_h>| [Ang]:            0.127996
    Hole size [Ang]:                1.803301
      Cartesian components [Ang]: [  1.071875,   1.041276,   1.009318]
    Electron size [Ang]:            1.273995
      Cartesian components [Ang]: [  0.769593,   0.737696,   0.697564]
  
  Beta spin:
    <r_h> [Ang]:                  [  0.000000,  -0.000000,   0.017429]
    <r_e> [Ang]:                  [  0.000000,  -0.000000,   0.025747]
    |<r_e - r_h>| [Ang]:            0.008318
    Hole size [Ang]:                1.210345
      Cartesian components [Ang]: [  0.787377,   0.656613,   0.643298]
    Electron size [Ang]:            1.235875
      Cartesian components [Ang]: [  0.562116,   0.815193,   0.739509]
  ----------------------------------------------------------------------------


  Ionized state 2 (B1)                                             [converged]
  ----------------------------------------------------------------------------
  Term symbol:  2 (2) B1                                    R^2 =  3.19794e-15

  Total energy:                                            -75.0806061720 a.u.
  Ionization energy:                                              15.199890 eV

  Pole strength:                                                      0.000004

  Dip. moment [a.u.]:                  [   0.000000,    0.000000,    2.037519]
  Total dipole [Debye]:                                               5.178857
  <r^2> [a.u.]:                        [  20.267463,   21.574536,   28.012878]
  Total <r^2> [a.u.]:                                                69.854877

  V1^2 = 0.0000, V2^2 = 1.0000

  Important amplitudes:
      occ i      occ j       vir a          v   
    ---------------------------------------------
     1 (B1) A   3 (A1) B    4 (A1) A     -0.5767
     3 (A1) B   1 (B1) B    4 (A1) B      0.3115
    ---------------------------------------------

  Density matrix analysis:
  ------------------------
  NOs (alpha)
    Occupation of frontier NOs:
       0.3158   0.8056
    Number of electrons:  5.000000
  NOs (beta)
    Occupation of frontier NOs:
       0.1948   0.6435
    Number of electrons:  4.000000
  NOs (spin-traced)
    Occupation of frontier NOs:
       0.9539   0.9583
    Number of electrons:  9.000000
    Number of unpaired electrons: n_u =  3.12046, n_u,nl =  3.01595
    NO participation ratio (PR_NO):  3.442937
  
  
  Mulliken Population Analysis
  Atom  Charge (e)    Spin (e)  h+ (alpha)   h+ (beta)  e- (alpha)   e- (beta)
  ----------------------------------------------------------------------------
   1 O    1.592465    0.312745    0.746969    0.934938    0.659462    0.158747
   2 H   -1.592465   -1.312745    0.059013    0.259080   -1.465444   -0.352766
  ----------------------------------------------------------------------------
  Sum:    0.000000   -1.000000    0.805982    1.194018   -0.805982   -0.194018
  
  Multipole moment analysis of the density matrix
    Molecular charge:                      0.000000
    Number of electrons:                   9.000000
      Center of electronic charge [Ang]: [ -0.000000,  -0.000000,  -0.119801]
    Total nuclear charge:                  9.000000
      Center of nuclear charge [Ang]:    [  0.000000,   0.000000,   0.000000]
    Dipole moment [D]:                     5.178855
      Cartesian components [D]:          [  0.000000,   0.000000,   5.178855]
    RMS size of the density [Ang]:         1.469398
      Cartesian components [Ang]:        [  0.794108,   0.819314,   0.925877]
  
  Exciton analysis of the difference density matrix
  Total:
    <r_h> [Ang]:                  [  0.000000,  -0.000000,   0.026611]
    <r_e> [Ang]:                  [ -0.000000,  -0.000000,  -1.291993]
    |<r_e - r_h>| [Ang]:            1.318604
    Hole size [Ang]:                0.957361
      Cartesian components [Ang]: [  0.592365,   0.409741,   0.630678]
    Electron size [Ang]:            3.531954
      Cartesian components [Ang]: [  2.017749,   2.017749,   2.081364]
  
  Alpha spin:
    <r_h> [Ang]:                  [  0.000000,  -0.000000,   0.054118]
    <r_e> [Ang]:                  [ -0.000000,  -0.000000,  -1.291993]
    |<r_e - r_h>| [Ang]:            1.346111
    Hole size [Ang]:                0.961686
      Cartesian components [Ang]: [  0.692700,   0.421578,   0.516991]
    Electron size [Ang]:            3.531954
      Cartesian components [Ang]: [  2.017749,   2.017749,   2.081364]
  
  Beta spin:
    <r_h> [Ang]:                  [  0.000000,  -0.000000,   0.008044]
    <r_e> [Ang]:                  [ -0.000000,  -0.000000,  -1.291993]
    |<r_e - r_h>| [Ang]:            1.300037
    Hole size [Ang]:                0.953981
      Cartesian components [Ang]: [  0.513675,   0.401553,   0.696400]
    Electron size [Ang]:            3.531954
      Cartesian components [Ang]: [  2.017749,   2.017749,   2.081364]
  ----------------------------------------------------------------------------


  Ionized state 3 (B1)                                             [converged]
  ----------------------------------------------------------------------------
  Term symbol:  3 (2) B1                                    R^2 =  1.14387e-15

  Total energy:                                            -75.0802074357 a.u.
  Ionization energy:                                              15.210740 eV

  Pole strength:                                                      0.000357

  Dip. moment [a.u.]:                  [  -0.000000,    0.000000,    2.015480]
  Total dipole [Debye]:                                               5.122841
  <r^2> [a.u.]:                        [  20.291711,   21.599710,   28.036250]
  Total <r^2> [a.u.]:                                                69.927671

  V1^2 = 0.0004, V2^2 = 0.9996

  Important amplitudes:
      occ i      occ j       vir a          v   
    ---------------------------------------------
     3 (A1) A   1 (B1) B    4 (A1) A     -0.5121
     3 (A1) B   1 (B1) B    4 (A1) B     -0.4855
    ---------------------------------------------

  Density matrix analysis:
  ------------------------
  NOs (alpha)
    Occupation of frontier NOs:
       0.4490   0.5309
    Number of electrons:  5.000000
  NOs (beta)
    Occupation of frontier NOs:
       0.4641   0.5129
    Number of electrons:  4.000000
  NOs (spin-traced)
    Occupation of frontier NOs:
       0.9369   0.9574
    Number of electrons:  9.000000
    Number of unpaired electrons: n_u =  3.08925, n_u,nl =  3.01208
    NO participation ratio (PR_NO):  3.456475
  
  
  Mulliken Population Analysis
  Atom  Charge (e)    Spin (e)  h+ (alpha)   h+ (beta)  e- (alpha)   e- (beta)
  ----------------------------------------------------------------------------
   1 O    1.597819   -0.888513    0.377858    1.310037    0.430621    0.386955
   2 H   -1.597819   -0.111487    0.150292    0.162461   -0.958771   -0.859453
  ----------------------------------------------------------------------------
  Sum:   -0.000000   -1.000000    0.528150    1.472498   -0.528150   -0.472498
  
  Multipole moment analysis of the density matrix
    Molecular charge:                      -0.000000
    Number of electrons:                   9.000000
      Center of electronic charge [Ang]: [  0.000000,  -0.000000,  -0.118505]
    Total nuclear charge:                  9.000000
      Center of nuclear charge [Ang]:    [  0.000000,   0.000000,   0.000000]
    Dipole moment [D]:                     5.122839
      Cartesian components [D]:          [ -0.000000,   0.000000,   5.122839]
    RMS size of the density [Ang]:         1.470274
      Cartesian components [Ang]:        [  0.794583,   0.819792,   0.926436]
  
  Exciton analysis of the difference density matrix
  Total:
    <r_h> [Ang]:                  [  0.000000,  -0.000000,   0.029443]
    <r_e> [Ang]:                  [ -0.000000,  -0.000000,  -1.273822]
    |<r_e - r_h>| [Ang]:            1.303265
    Hole size [Ang]:                0.957294
      Cartesian components [Ang]: [  0.592967,   0.410994,   0.629195]
    Electron size [Ang]:            3.540224
      Cartesian components [Ang]: [  2.019186,   2.019377,   2.092412]
  
  Alpha spin:
    <r_h> [Ang]:                  [  0.000000,  -0.000000,  -0.009780]
    <r_e> [Ang]:                  [ -0.000000,  -0.000000,  -1.271987]
    |<r_e - r_h>| [Ang]:            1.262207
    Hole size [Ang]:                0.950002
      Cartesian components [Ang]: [  0.395625,   0.393908,   0.768649]
    Electron size [Ang]:            3.539734
      Cartesian components [Ang]: [  2.018958,   2.018727,   2.092431]
  
  Beta spin:
    <r_h> [Ang]:                  [  0.000000,  -0.000000,   0.043512]
    <r_e> [Ang]:                  [ -0.000000,  -0.000000,  -1.275872]
    |<r_e - r_h>| [Ang]:            1.319384
    Hole size [Ang]:                0.959506
      Cartesian components [Ang]: [  0.649295,   0.416951,   0.570279]
    Electron size [Ang]:            3.540770
      Cartesian components [Ang]: [  2.019442,   2.020102,   2.092390]
  ----------------------------------------------------------------------------


  Ionized state 4 (B1)                                             [converged]
  ----------------------------------------------------------------------------
  Term symbol:  4 (2) B1                                    R^2 =  1.25527e-14

  Total energy:                                            -74.9926750416 a.u.
  Ionization energy:                                              17.592618 eV

  Pole strength:                                                      0.000005

  Dip. moment [a.u.]:                  [   0.000000,    0.000000,   -0.999573]
  Total dipole [Debye]:                                               2.540661
  <r^2> [a.u.]:                        [  10.151468,   19.213304,   12.147595]
  Total <r^2> [a.u.]:                                                41.512366

  V1^2 = 0.0000, V2^2 = 1.0000

  Important amplitudes:
      occ i      occ j       vir a          v   
    ---------------------------------------------
     1 (B1) A   1 (B2) B    2 (B2) A     -0.5762
     1 (B1) B   1 (B2) B    2 (B2) B     -0.3197
    ---------------------------------------------

  Density matrix analysis:
  ------------------------
  NOs (alpha)
    Occupation of frontier NOs:
       0.3170   0.7824
    Number of electrons:  5.000000
  NOs (beta)
    Occupation of frontier NOs:
       0.2253   0.6423
    Number of electrons:  4.000000
  NOs (spin-traced)
    Occupation of frontier NOs:
       0.9043   0.9583
    Number of electrons:  9.000000
    Number of unpaired electrons: n_u =  2.99390, n_u,nl =  2.99044
    NO participation ratio (PR_NO):  3.428850
  
  
  Mulliken Population Analysis
  Atom  Charge (e)    Spin (e)  h+ (alpha)   h+ (beta)  e- (alpha)   e- (beta)
  ----------------------------------------------------------------------------
   1 O   -0.099325   -1.070098    0.773985    1.171695   -0.904870   -0.232482
   2 H    0.099325    0.070098    0.021608    0.032712    0.109277    0.028076
  ----------------------------------------------------------------------------
  Sum:   -0.000000   -1.000000    0.795593    1.204407   -0.795593   -0.204407
  
  Multipole moment analysis of the density matrix
    Molecular charge:                      -0.000000
    Number of electrons:                   9.000000
      Center of electronic charge [Ang]: [ -0.000000,  -0.000000,   0.058772]
    Total nuclear charge:                  9.000000
      Center of nuclear charge [Ang]:    [  0.000000,   0.000000,   0.000000]
    Dipole moment [D]:                     2.540660
      Cartesian components [D]:          [  0.000000,   0.000000,  -2.540660]
    RMS size of the density [Ang]:         1.134977
      Cartesian components [Ang]:        [  0.562010,   0.773181,   0.611972]
  
  Exciton analysis of the difference density matrix
  Total:
    <r_h> [Ang]:                  [  0.000000,  -0.000000,   0.068879]
    <r_e> [Ang]:                  [ -0.000000,  -0.000000,   0.399703]
    |<r_e - r_h>| [Ang]:            0.330823
    Hole size [Ang]:                0.963676
      Cartesian components [Ang]: [  0.604994,   0.604994,   0.443437]
    Electron size [Ang]:            2.465726
      Cartesian components [Ang]: [  1.126404,   1.950989,   1.002328]
  
  Alpha spin:
    <r_h> [Ang]:                  [  0.000000,  -0.000000,   0.068879]
    <r_e> [Ang]:                  [ -0.000000,  -0.000000,   0.399703]
    |<r_e - r_h>| [Ang]:            0.330823
    Hole size [Ang]:                0.963676
      Cartesian components [Ang]: [  0.698919,   0.493505,   0.443437]
    Electron size [Ang]:            2.465726
      Cartesian components [Ang]: [  1.126404,   1.950989,   1.002328]
  
  Beta spin:
    <r_h> [Ang]:                  [  0.000000,  -0.000000,   0.068879]
    <r_e> [Ang]:                  [  0.000000,  -0.000000,   0.399703]
    |<r_e - r_h>| [Ang]:            0.330823
    Hole size [Ang]:                0.963676
      Cartesian components [Ang]: [  0.533964,   0.668519,   0.443437]
    Electron size [Ang]:            2.465726
      Cartesian components [Ang]: [  1.126404,   1.950989,   1.002328]
  ----------------------------------------------------------------------------


  Ionized state 5 (B1)                                             [converged]
  ----------------------------------------------------------------------------
  Term symbol:  5 (2) B1                                    R^2 =  2.21174e-14

  Total energy:                                            -74.9926750415 a.u.
  Ionization energy:                                              17.592618 eV

  Pole strength:                                                      0.000011

  Dip. moment [a.u.]:                  [   0.000000,    0.000000,   -0.999573]
  Total dipole [Debye]:                                               2.540661
  <r^2> [a.u.]:                        [  14.725042,   14.639730,   12.147595]
  Total <r^2> [a.u.]:                                                41.512366

  V1^2 = 0.0000, V2^2 = 1.0000

  Important amplitudes:
      occ i      occ j       vir a          v   
    ---------------------------------------------
     1 (B1) A   1 (B1) B    2 (B1) A      0.5408
     1 (B2) A   1 (B1) B    2 (B2) A      0.3318
    ---------------------------------------------

  Density matrix analysis:
  ------------------------
  NOs (alpha)
    Occupation of frontier NOs:
       0.3840   0.6038
    Number of electrons:  5.000000
  NOs (beta)
    Occupation of frontier NOs:
       0.1970   0.7834
    Number of electrons:  4.000000
  NOs (spin-traced)
    Occupation of frontier NOs:
       0.4247   0.6279
    Number of electrons:  9.000000
    Number of unpaired electrons: n_u =  2.04938, n_u,nl =  2.04851
    NO participation ratio (PR_NO):  4.583845
  
  
  Mulliken Population Analysis
  Atom  Charge (e)    Spin (e)  h+ (alpha)   h+ (beta)  e- (alpha)   e- (beta)
  ----------------------------------------------------------------------------
   1 O   -0.099325   -1.074770    0.787801    1.157879   -0.921022   -0.216330
   2 H    0.099325    0.074770    0.021994    0.032326    0.111227    0.026125
  ----------------------------------------------------------------------------
  Sum:   -0.000000   -1.000000    0.809795    1.190205   -0.809795   -0.190205
  
  Multipole moment analysis of the density matrix
    Molecular charge:                      -0.000000
    Number of electrons:                   9.000000
      Center of electronic charge [Ang]: [ -0.000000,  -0.000000,   0.058772]
    Total nuclear charge:                  9.000000
      Center of nuclear charge [Ang]:    [  0.000000,   0.000000,   0.000000]
    Dipole moment [D]:                     2.540660
      Cartesian components [D]:          [  0.000000,   0.000000,  -2.540660]
    RMS size of the density [Ang]:         1.134977
      Cartesian components [Ang]:        [  0.676874,   0.674911,   0.611972]
  
  Exciton analysis of the difference density matrix
  Total:
    <r_h> [Ang]:                  [  0.000000,  -0.000000,   0.068879]
    <r_e> [Ang]:                  [ -0.000000,  -0.000000,   0.399703]
    |<r_e - r_h>| [Ang]:            0.330823
    Hole size [Ang]:                0.963676
      Cartesian components [Ang]: [  0.687295,   0.509569,   0.443437]
    Electron size [Ang]:            2.465726
      Cartesian components [Ang]: [  1.661997,   1.520826,   1.002328]
  
  Alpha spin:
    <r_h> [Ang]:                  [  0.000000,  -0.000000,   0.068879]
    <r_e> [Ang]:                  [ -0.000000,  -0.000000,   0.399703]
    |<r_e - r_h>| [Ang]:            0.330823
    Hole size [Ang]:                0.963676
      Cartesian components [Ang]: [  0.669214,   0.533092,   0.443437]
    Electron size [Ang]:            2.465726
      Cartesian components [Ang]: [  1.764374,   1.400761,   1.002328]
  
  Beta spin:
    <r_h> [Ang]:                  [  0.000000,  -0.000000,   0.068879]
    <r_e> [Ang]:                  [ -0.000000,  -0.000000,   0.399703]
    |<r_e - r_h>| [Ang]:            0.330823
    Hole size [Ang]:                0.963676
      Cartesian components [Ang]: [  0.699330,   0.492922,   0.443437]
    Electron size [Ang]:            2.465726
      Cartesian components [Ang]: [  1.126404,   1.950989,   1.002328]
  ----------------------------------------------------------------------------


--------------------------------------------------------------------------------
  Time of ADC calculation:  CPU 1.99 s  wall 0.78 s
================================================================================
 
 --------------------------------------------------------------
             Orbital Energies (a.u.) and Symmetries
 --------------------------------------------------------------
 
 Alpha MOs, Restricted
 -- Occupied --                  
-20.197  -0.906  -0.252  -0.108  -0.108
  1 A1    2 A1    3 A1    1 B1    1 B2                                         
 -- Virtual --                   
  0.198   0.392   0.430   0.430   0.469   0.583   0.659   0.659
  4 A1    5 A1    2 B1    2 B2    6 A1    7 A1    3 B1    3 B2                 
  0.927   1.179   1.323   1.323   1.454   1.454   1.675   1.782
  8 A1    9 A1   10 A1    1 A2    4 B1    4 B2   11 A1    5 B1                 
  1.782   2.042   2.388   2.388   2.911   3.145   3.959   3.959
  5 B2   12 A1    6 B1    6 B2   13 A1   14 A1   15 A1    2 A2                 
  4.065   4.065   4.529
  7 B1    7 B2   16 A1                                                         
 
 Beta MOs, Restricted
 -- Occupied --                  
-20.197  -0.906  -0.252  -0.108  -0.108
  1 A1    2 A1    3 A1    1 B1    1 B2                                         
 -- Virtual --                   
  0.198   0.392   0.430   0.430   0.469   0.583   0.659   0.659
  4 A1    5 A1    2 B1    2 B2    6 A1    7 A1    3 B1    3 B2                 
  0.927   1.179   1.323   1.323   1.454   1.454   1.675   1.782
  8 A1    9 A1   10 A1    1 A2    4 B1    4 B2   11 A1    5 B1                 
  1.782   2.042   2.388   2.388   2.911   3.145   3.959   3.959
  5 B2   12 A1    6 B1    6 B2   13 A1   14 A1   15 A1    2 A2                 
  4.065   4.065   4.529
  7 B1    7 B2   16 A1                                                         
 --------------------------------------------------------------
 
          Ground-State Mulliken Net Atomic Charges

     Atom                 Charge (a.u.)
  ----------------------------------------
      1 O                    -0.982964
      2 H                    -0.017036
  ----------------------------------------
  Sum of atomic charges =    -1.000000

 -----------------------------------------------------------------
                    Cartesian Multipole Moments
 -----------------------------------------------------------------
    Charge (ESU x 10^10)
                -4.8032
    Dipole Moment (Debye)
         X      -0.0000      Y       0.0000      Z      -1.5372
       Tot       1.5372
    Quadrupole Moments (Debye-Ang)
        XX     -10.0076     XY       0.0000     YY     -10.0076
        XZ       0.0000     YZ      -0.0000     ZZ      -7.7900
    Octopole Moments (Debye-Ang^2)
       XXX      -0.0000    XXY       0.0000    XYY       0.0000
       YYY       0.0000    XXZ      -0.2928    XYZ      -0.0000
       YYZ      -0.2928    XZZ      -0.0000    YZZ       0.0000
       ZZZ      -1.2392
    Hexadecapole Moments (Debye-Ang^3)
      XXXX     -15.2639   XXXY       0.0000   XXYY      -5.0880
      XYYY       0.0000   YYYY     -15.2639   XXXZ       0.0000
      XXYZ      -0.0000   XYYZ       0.0000   YYYZ      -0.0000
      XXZZ      -4.9486   XYZZ       0.0000   YYZZ      -4.9486
      XZZZ       0.0000   YZZZ      -0.0000   ZZZZ     -13.3610
 -----------------------------------------------------------------
 Total job time:  82.37s(wall), 34.93s(cpu) 
 Wed Mar  9 20:41:26 2022

        *************************************************************
        *                                                           *
        *  Thank you very much for using Q-Chem.  Have a nice day.  *
        *                                                           *
        *************************************************************


