/src/tsommerfeld/qchem/exe/qcprog.exe .opt_z_diff.inp.1425.qcin.1 /src/jdavis/qchem.scratch/qchem1425/

                  Welcome to Q-Chem
     A Quantum Leap Into The Future Of Chemistry


 Q-Chem 5.4 (devel), Q-Chem, Inc., Pleasanton, CA (2021)

 E. Epifanovsky,  A. T. B. Gilbert,  Xintian Feng,  Joonho Lee,  Yuezhi Mao,  
 N. Mardirossian,  P. Pokhilko,  A. White,  M. Wormit,  M. P. Coons,  
 A. L. Dempwolff,  Zhengting Gan,  D. Hait,  P. R. Horn,  L. D. Jacobson,  
 I. Kaliman,  J. Kussmann,  A. W. Lange,  Ka Un Lao,  D. S. Levine,  Jie Liu,  
 S. C. McKenzie,  A. F. Morrison,  K. Nanda,  F. Plasser,  D. R. Rehn,  
 M. L. Vidal,  Zhi-Qiang You,  Ying Zhu,  B. Alam,  B. Albrecht,  
 A. Aldossary,  E. Alguire,  J. H. Andersen,  D. Barton,  K. Begam,  A. Behn,  
 Y. A. Bernard,  E. J. Berquist,  H. Burton,  A. Carreras,  K. Carter-Fenk,  
 R. Chakraborty,  A. D. Chien,  K. D. Closser,  V. Cofer-Shabica,  
 S. Dasgupta,  Jia Deng,  M. de Wergifosse,  M. Diedenhofen,  Hainam Do,  
 S. Ehlert,  Po-Tung Fang,  S. Fatehi,  Qingguo Feng,  T. Friedhoff,  
 J. Gayvert,  Qinghui Ge,  G. Gidofalvi,  M. Goldey,  J. Gomes,  
 C. Gonzalez-Espinoza,  S. Gulania,  A. Gunina,  M. W. D. Hanson-Heine,  
 P. H. P. Harbach,  A. W. Hauser,  M. F. Herbst,  M. Hernandez Vera,  
 M. Hodecker,  Z. C. Holden,  S. Houck,  Xunkun Huang,  Kerwin Hui,  
 B. C. Huynh,  M. Ivanov,  Hyunjun Ji,  Hanjie Jiang,  B. Kaduk,  S. Kaehler,  
 K. Khistyaev,  Jaehoon Kim,  P. Klunzinger,  Z. Koczor-Benda,  
 Joong Hoon Koh,  D. Kosenkov,  L. Koulias,  T. Kowalczyk,  C. M. Krauter,  
 K. Kue,  A. Kunitsa,  T. Kus,  A. Landau,  K. V. Lawler,  D. Lefrancois,  
 S. Lehtola,  Rain Li,  Yi-Pei Li,  Jiashu Liang,  M. Liebenthal,  
 Hung-Hsuan Lin,  You-Sheng Lin,  Fenglai Liu,  Kuan-Yu Liu,  
 M. Loipersberger,  A. Luenser,  A. Manjanath,  P. Manohar,  E. Mansoor,  
 S. F. Manzer,  Shan-Ping Mao,  A. V. Marenich,  T. Markovich,  S. Mason,  
 S. A. Maurer,  P. F. McLaughlin,  M. F. S. J. Menger,  J.-M. Mewes,  
 S. A. Mewes,  P. Morgante,  J. W. Mullinax,  K. J. Oosterbaan,  G. Paran,  
 Alexander C. Paul,  Suranjan K. Paul,  F. Pavosevic,  Zheng Pei,  S. Prager,  
 E. I. Proynov,  E. Ramos,  B. Rana,  A. E. Rask,  A. Rettig,  R. M. Richard,  
 F. Rob,  E. Rossomme,  T. Scheele,  M. Scheurer,  M. Schneider,  
 N. Sergueev,  S. M. Sharada,  W. Skomorowski,  D. W. Small,  C. J. Stein,  
 Yu-Chuan Su,  E. J. Sundstrom,  Zhen Tao,  J. Thirman,  T. Tsuchimochi,  
 N. M. Tubman,  S. P. Veccham,  O. Vydrov,  J. Wenzel,  J. Witte,  A. Yamada,  
 Kun Yao,  S. Yeganeh,  S. R. Yost,  A. Zech,  Igor Ying Zhang,  Xing Zhang,  
 Yu Zhang,  D. Zuev,  A. Aspuru-Guzik,  A. T. Bell,  N. A. Besley,  
 K. B. Bravaya,  B. R. Brooks,  D. Casanova,  Jeng-Da Chai,  S. Coriani,  
 C. J. Cramer,  A. E. DePrince, III,  R. A. DiStasio Jr.,  A. Dreuw,  
 B. D. Dunietz,  T. R. Furlani,  W. A. Goddard III,  S. Grimme,  
 S. Hammes-Schiffer,  T. Head-Gordon,  W. J. Hehre,  Chao-Ping Hsu,  
 T.-C. Jagau,  Yousung Jung,  A. Klamt,  Jing Kong,  D. S. Lambrecht,  
 WanZhen Liang,  N. J. Mayhall,  C. W. McCurdy,  J. B. Neaton,  
 C. Ochsenfeld,  J. A. Parkhill,  R. Peverati,  V. A. Rassolov,  Yihan Shao,  
 L. V. Slipchenko,  T. Stauch,  R. P. Steele,  J. E. Subotnik,  
 A. J. W. Thom,  A. Tkatchenko,  D. G. Truhlar,  T. Van Voorhis,  
 T. A. Wesolowski,  K. B. Whaley,  H. L. Woodcock III,  P. M. Zimmerman,  
 S. Faraji,  P. M. W. Gill,  M. Head-Gordon,  J. M. Herbert,  A. I. Krylov

 Additional authors for Version 5.4.1: 
 S. Kotaru,  Shaozhi Li,  Xiangyuan Li,  F. Matz,  A. Molle,  Haisheng Ren,  
 Yingli Su,  Hung-Yi Tsai,  C. Utku,  Fang Wang

 Contributors to earlier versions of Q-Chem not listed above: 
 R. D. Adamson,  B. Austin,  R. Baer,  J. Baker,  G. J. O. Beran,  
 K. Brandhorst,  S. T. Brown,  E. F. C. Byrd,  A. K. Chakraborty,  
 G. K. L. Chan,  Chun-Min Chang,  Yunqing Chen,  C.-L. Cheng,  
 Siu Hung Chien,  D. M. Chipman,  D. L. Crittenden,  H. Dachsel,  
 R. J. Doerksen,  A. D. Dutoi,  R. G. Edgar,  J. Fosso-Tande,  
 L. Fusti-Molnar,  D. Ghosh,  A. Ghysels,  A. Golubeva-Zadorozhnaya,  
 J. Gonthier,  M. S. Gordon,  S. R. Gwaltney,  G. Hawkins,  J. E. Herr,  
 A. Heyden,  S. Hirata,  E. G. Hohenstein,  G. Kedziora,  F. J. Keil,  
 C. Kelley,  Jihan Kim,  R. A. King,  R. Z. Khaliullin,  P. P. Korambath,  
 W. Kurlancheek,  A. Laurent,  A. M. Lee,  M. S. Lee,  S. V. Levchenko,  
 Ching Yeh Lin,  D. Liotard,  E. Livshits,  R. C. Lochan,  I. Lotan,  
 L. A. Martinez-Martinez,  P. E. Maslen,  N. Nair,  D. P. O'Neill,  
 D. Neuhauser,  E. Neuscamman,  C. M. Oana,  R. Olivares-Amaya,  R. Olson,  
 T. M. Perrine,  B. Peters,  P. A. Pieniazek,  A. Prociuk,  Y. M. Rhee,  
 J. Ritchie,  M. A. Rohrdanz,  E. Rosta,  N. J. Russ,  H. F. Schaefer III,  
 M. W. Schmidt,  N. E. Schultz,  S. Sharma,  N. Shenvi,  C. D. Sherrill,  
 A. C. Simmonett,  A. Sodt,  T. Stein,  D. Stuck,  K. S. Thanthiriwatte,  
 V. Vanovschi,  L. Vogt,  Tao Wang,  A. Warshel,  M. A. Watson,  
 C. F. Williams,  Q. Wu,  X. Xu,  Jun Yang,  W. Zhang,  Yan Zhao

 Please cite Q-Chem as follows:
 Y. Shao et al., Mol. Phys. 113, 184-215 (2015)
 DOI: 10.1080/00268976.2014.952696

 Q-Chem 5.4.1 for Intel X86 EM64T Linux

 Parts of Q-Chem use Armadillo 9.900.5 (Nocturnal Misbehaviour).
 http://arma.sourceforge.net/

 Q-Chem begins on Fri Mar 25 12:57:35 2022  

 Host: node01
0

     Scratch files written to /src/jdavis/qchem.scratch/qchem1425//
 Processing $rem in /src/tsommerfeld/qchem/config/preferences:
 Processing $rem in /home/jdavis/.qchemrc:
 Core orbitals will be frozen

 Checking the input file for inconsistencies... 	...done.

--------------------------------------------------------------
User input:
--------------------------------------------------------------
$molecule
-1 1
C       0.000000      0.664500   -0.176471
C       0.000000     -0.664500   -0.176471
H       0.000000      1.159080    0.785878
H       0.000000     -1.159080    0.785878
H       0.000000      1.159080   -1.138819
H       0.000000     -1.159080   -1.138819
H       0.000000      0.000000    2.823529
$end

$rem
   JOBTYPE opt
   METHOD MP2
   BASIS gen
   PURECART 11
   THRESH 14
   S2THRESH 14
   THREADS 10
   MEM_TOTAL 95000
$end
$basis
C     1
cc-pvtz
****
C     2
cc-pvtz
****
H     3
cc-pvtz
****
H     4
cc-pvtz
****
H     5
cc-pvtz
****
H     6
cc-pvtz
****
H     7
aug-cc-pvtz
****
$end
$opt
FIXED
1 xyz
2 xyz
3 xyz
4 xyz
5 xyz
6 xyz
7 xz
ENDFIXED
$end
--------------------------------------------------------------
 ----------------------------------------------------------------
             Standard Nuclear Orientation (Angstroms)
    I     Atom           X                Y                Z
 ----------------------------------------------------------------
    1      C      -0.6645000000    -0.0000000000    -0.1764707059
    2      C       0.6645000000    -0.0000000000    -0.1764707059
    3      H      -1.1590800000     0.0000000000     0.7858782941
    4      H       1.1590800000     0.0000000000     0.7858782941
    5      H      -1.1590800000    -0.0000000000    -1.1388187059
    6      H       1.1590800000    -0.0000000000    -1.1388187059
    7      H       0.0000000000     0.0000000000     2.8235292941
 ----------------------------------------------------------------
 Molecular Point Group                 C2v   NOp =  4
 Largest Abelian Subgroup              C2v   NOp =  4
 Nuclear Repulsion Energy =          36.36366470 hartrees
 There are        9 alpha and        9 beta electrons
 Requested basis set is non-standard
 There are 50 shells and 130 basis functions

 Total QAlloc Memory Limit  95000 MB
 Mega-Array Size       188 MB
 MEM_STATIC part       192 MB
 A cutoff of  1.0D-14 yielded   1257 shell pairs
 There are      8577 function pairs (     10724 Cartesian)
 Smallest overlap matrix eigenvalue = 6.98E-04

 Scale SEOQF with 1.000000e+00/1.000000e+00/1.000000e-01

 Standard Electronic Orientation quadrupole field applied
 Nucleus-field energy     =     0.0000000025 hartrees
 ================ Generating on-the-fly SAD Guess ================
Attempting to make child job directory: /src/jdavis/qchem.scratch/qchem1425//Frg1/
Attempting to make child job directory: /src/jdavis/qchem.scratch/qchem1425//Frg2/
Creating input file /src/jdavis/qchem.scratch/qchem1425/Frg1.input
using default PutDataFrgm: nothing
calling putenv with: QCSCRATCH=/src/jdavis/qchem.scratch/qchem1425/ 
Spawning Job For Fragment 0
Done Job For Fragment 0
calling putenv with: QCSCRATCH=/src/jdavis/qchem.scratch 
calling putenv with: QCTHREADS=1 
Creating input file /src/jdavis/qchem.scratch/qchem1425/Frg2.input
using default PutDataFrgm: nothing
calling putenv with: QCSCRATCH=/src/jdavis/qchem.scratch/qchem1425/ 
Spawning Job For Fragment 1
Done Job For Fragment 1
calling putenv with: QCSCRATCH=/src/jdavis/qchem.scratch 
calling putenv with: QCTHREADS=1 
 Time for running child jobs:  CPU 1.74 s  wall 0.88 s
 ============= Method Specific SAD Guess Constructed =============
 Guess from on-the-fly superposition of atomic densities
 Warning: Energy on first SCF cycle will be non-variational

 -----------------------------------------------------------------------
  General SCF calculation program by
  Eric Jon Sundstrom, Paul Horn, Yuezhi Mao, Dmitri Zuev, Alec White,
  David Stuck, Shaama M.S., Shane Yost, Joonho Lee, David Small,
  Daniel Levine, Susi Lehtola, Hugh Burton, Evgeny Epifanovsky,
  Bang C. Huynh
 -----------------------------------------------------------------------
 Hartree-Fock
 using 10 threads for integral computing
 -------------------------------------------------------
 OpenMP Integral computing Module                
 Release: version 1.0, May 2013, Q-Chem Inc. Pittsburgh 
 -------------------------------------------------------
 A restricted SCF calculation will be
 performed using DIIS
 SCF converges when DIIS error is below 1.0e-08
 ---------------------------------------
  Cycle       Energy         DIIS error
 ---------------------------------------
    1     -78.8227385707      3.84e-02  
    2     -78.4849534767      3.71e-03  
    3     -78.5321170668      9.65e-04  
    4     -78.5347672614      3.21e-04  
    5     -78.5350613130      5.34e-05  
    6     -78.5350729888      1.09e-05  
    7     -78.5350736549      2.68e-06  
    8     -78.5350737011      4.35e-07  
    9     -78.5350737023      8.20e-08  
   10     -78.5350737024      1.25e-08  
   11     -78.5350737024      1.63e-09  Convergence criterion met
 ---------------------------------------
 SCF time:   CPU 17.84s  wall 2.00s 
 SCF   energy in the final basis set =      -78.5350737024
 Total energy in the final basis set =      -78.5350737024
 
 Components of the MP2 correlation energy:
        aaaa  correlation energy =        -0.0369882924 au
        abab  correlation energy =        -0.2910028274 au
        bbbb  correlation energy =        -0.0369882924 au
        non-Brillouin singles    =        -0.0000000000 au

 Total  MP2   correlation energy =                    -0.36497941 au
        MP2         total energy =                   -78.90005311 au
  Entering Z-vector solver.
 Full subspace dimension requested for CIS/TDDFT
 MAX_CIS_SUBSPACE fits in available memory
   1         0           1      0.000338    0.000338
   2         0           1      0.000071    0.000071
   3         0           1      0.000011    0.000011
   4         0           1      0.000002    0.000002
   5         1           0      0.000000    0.000000    Roots Converged
 
 --------------------------------------------------------------
             Orbital Energies (a.u.) and Symmetries
 --------------------------------------------------------------
 
 Alpha MOs, Restricted
 -- Occupied --                  
-11.053 -11.051  -0.866  -0.611  -0.485  -0.397  -0.340  -0.208
  1 A1    1 B1    2 A1    2 B1    3 A1    4 A1    3 B1    1 B2                 
 -0.024
  5 A1                                                                         
 -- Virtual --                   
  0.295   0.317   0.328   0.405   0.419   0.514   0.522   0.605
  6 A1    1 A2    4 B1    5 B1    7 A1    6 B1    8 A1    2 B2                 
  0.635   0.667   0.724   0.729   0.747   0.771   0.796   0.834
  9 A1   10 A1    2 A2   11 A1    7 B1   12 A1    8 B1   13 A1                 
  0.837   0.865   0.948   0.999   1.061   1.068   1.116   1.118
  3 B2    9 B1   10 B1    3 A2    4 B2   11 B1   14 A1   12 B1                 
  1.133   1.166   1.291   1.318   1.353   1.357   1.413   1.432
  5 B2   15 A1   13 B1   16 A1    4 A2    6 B2   17 A1    7 B2                 
  1.502   1.528   1.558   1.638   1.655   1.721   1.771   1.773
 14 B1    5 A2   18 A1   19 A1   15 B1   16 B1   20 A1   17 B1                 
  1.806   1.971   2.057   2.155   2.460   2.535   2.716   2.734
  6 A2   18 B1   21 A1   19 B1   22 A1    8 B2   23 A1    7 A2                 
  2.788   2.879   2.913   2.932   3.003   3.015   3.089   3.240
 24 A1   25 A1   20 B1    9 B2   26 A1   21 B1   10 B2   22 B1                 
  3.267   3.279   3.290   3.309   3.325   3.351   3.399   3.440
 11 B2   12 B2   27 A1   28 A1    8 A2   29 A1    9 A2   23 B1                 
  3.523   3.570   3.596   3.600   3.618   3.624   3.720   3.745
 30 A1   10 A2   24 B1   11 A2   25 B1   26 B1   13 B2   31 A1                 
  3.818   3.862   3.873   3.874   3.874   3.889   3.915   3.995
 14 B2   27 B1   15 B2   32 A1   12 A2   33 A1   34 A1   28 B1                 
  4.064   4.095   4.141   4.152   4.173   4.202   4.221   4.312
 29 B1   30 B1   13 A2   14 A2   35 A1   36 A1   16 B2   17 B2                 
  4.322   4.328   4.359   4.400   4.486   4.505   4.507   4.527
 37 A1   31 B1   32 B1   18 B2   33 B1   38 A1   19 B2   15 A2                 
  4.701   4.724   4.780   4.913   4.931   4.983   5.104   5.177
 34 B1   39 A1   16 A2   40 A1   35 B1   17 A2   20 B2   41 A1                 
  5.213   5.308   5.392   5.476   5.491   5.600   5.632   5.712
 36 B1   42 A1   21 B2   43 A1   37 B1   18 A2   38 B1   19 A2                 
  5.749   5.810   6.133   6.270   6.454   6.683   7.053  12.172
 44 A1   45 A1   39 B1   40 B1   46 A1   41 B1   42 B1   47 A1                 
 14.934
 43 B1                                                                         
 
 Beta MOs, Restricted
 -- Occupied --                  
-11.053 -11.051  -0.866  -0.611  -0.485  -0.397  -0.340  -0.208
  1 A1    1 B1    2 A1    2 B1    3 A1    4 A1    3 B1    1 B2                 
 -0.024
  5 A1                                                                         
 -- Virtual --                   
  0.295   0.317   0.328   0.405   0.419   0.514   0.522   0.605
  6 A1    1 A2    4 B1    5 B1    7 A1    6 B1    8 A1    2 B2                 
  0.635   0.667   0.724   0.729   0.747   0.771   0.796   0.834
  9 A1   10 A1    2 A2   11 A1    7 B1   12 A1    8 B1   13 A1                 
  0.837   0.865   0.948   0.999   1.061   1.068   1.116   1.118
  3 B2    9 B1   10 B1    3 A2    4 B2   11 B1   14 A1   12 B1                 
  1.133   1.166   1.291   1.318   1.353   1.357   1.413   1.432
  5 B2   15 A1   13 B1   16 A1    4 A2    6 B2   17 A1    7 B2                 
  1.502   1.528   1.558   1.638   1.655   1.721   1.771   1.773
 14 B1    5 A2   18 A1   19 A1   15 B1   16 B1   20 A1   17 B1                 
  1.806   1.971   2.057   2.155   2.460   2.535   2.716   2.734
  6 A2   18 B1   21 A1   19 B1   22 A1    8 B2   23 A1    7 A2                 
  2.788   2.879   2.913   2.932   3.003   3.015   3.089   3.240
 24 A1   25 A1   20 B1    9 B2   26 A1   21 B1   10 B2   22 B1                 
  3.267   3.279   3.290   3.309   3.325   3.351   3.399   3.440
 11 B2   12 B2   27 A1   28 A1    8 A2   29 A1    9 A2   23 B1                 
  3.523   3.570   3.596   3.600   3.618   3.624   3.720   3.745
 30 A1   10 A2   24 B1   11 A2   25 B1   26 B1   13 B2   31 A1                 
  3.818   3.862   3.873   3.874   3.874   3.889   3.915   3.995
 14 B2   27 B1   15 B2   32 A1   12 A2   33 A1   34 A1   28 B1                 
  4.064   4.095   4.141   4.152   4.173   4.202   4.221   4.312
 29 B1   30 B1   13 A2   14 A2   35 A1   36 A1   16 B2   17 B2                 
  4.322   4.328   4.359   4.400   4.486   4.505   4.507   4.527
 37 A1   31 B1   32 B1   18 B2   33 B1   38 A1   19 B2   15 A2                 
  4.701   4.724   4.780   4.913   4.931   4.983   5.104   5.177
 34 B1   39 A1   16 A2   40 A1   35 B1   17 A2   20 B2   41 A1                 
  5.213   5.308   5.392   5.476   5.491   5.600   5.632   5.712
 36 B1   42 A1   21 B2   43 A1   37 B1   18 A2   38 B1   19 A2                 
  5.749   5.810   6.133   6.270   6.454   6.683   7.053  12.172
 44 A1   45 A1   39 B1   40 B1   46 A1   41 B1   42 B1   47 A1                 
 14.934
 43 B1                                                                         
 --------------------------------------------------------------
 
          Ground-State Mulliken Net Atomic Charges

     Atom                 Charge (a.u.)
  ----------------------------------------
      1 C                    -0.292167
      2 C                    -0.292167
      3 H                     0.140669
      4 H                     0.140669
      5 H                     0.085873
      6 H                     0.085873
      7 H                    -0.868750
  ----------------------------------------
  Sum of atomic charges =    -1.000000

 -----------------------------------------------------------------
                    Cartesian Multipole Moments
 -----------------------------------------------------------------
    Charge (ESU x 10^10)
                -4.8032
    Dipole Moment (Debye)
         X       0.0000      Y      -0.0000      Z     -11.3707
       Tot      11.3707
    Quadrupole Moments (Debye-Ang)
        XX     -18.7408     XY      -0.0000     YY     -20.4034
        XZ       0.0000     YZ      -0.0000     ZZ     -52.2388
    Octopole Moments (Debye-Ang^2)
       XXX       0.0000    XXY      -0.0000    XYY       0.0000
       YYY      -0.0000    XXZ      -8.6403    XYZ       0.0000
       YYZ      -8.9668    XZZ      -0.0000    YZZ      -0.0000
       ZZZ    -124.1398
    Hexadecapole Moments (Debye-Ang^3)
      XXXX     -83.0985   XXXY      -0.0000   XXYY     -18.6644
      XYYY      -0.0000   YYYY     -27.4065   XXXZ       0.0000
      XXYZ      -0.0000   XYYZ       0.0000   YYYZ      -0.0000
      XXZZ     -53.7475   XYZZ      -0.0000   YYZZ     -46.2992
      XZZZ      -0.0000   YZZZ      -0.0000   ZZZZ    -513.1222
 -----------------------------------------------------------------
 DrvMan is completing analytic gradient of the MP2 energy
 MP2 relaxed dipole moment
            1
    1   0.0000000
    2  -0.0000000
    3  -4.4735745
	Magnitude:	 4.474 au	11.371 Debye
 MP2 energy read as -78.900053
 Full Analytical Gradient of MP2 Energy (in au.)
             1             2             3             4             5
    1   -0.00229450    0.00229450    0.00380074   -0.00380074    0.00852119
    2    0.00000000   -0.00000000   -0.00000000    0.00000000   -0.00000000
    3    0.00408771    0.00408771   -0.00174772   -0.00174772   -0.00195722
             6             7
    1   -0.00852119   -0.00000000
    2   -0.00000000    0.00000000
    3   -0.00195722   -0.00076553
 Gradient time:  CPU 2.05 s  wall 0.23 s
 Geometry Optimization Parameters
   NAtoms,    NIC,     NZ,  NCons,   NDum,   NFix, NCnnct, MaxDiis
        7      40       0       0       0       7       0       0
**WARNING** Cannot use Internal Coordinates with Fixed Atoms
  Cartesian Optimization Enforced


** GEOMETRY OPTIMIZATION IN CARTESIAN COORDINATES **
   Searching for a Minimum

   Optimization Cycle:   1

                       Coordinates (Angstroms)
     ATOM                X               Y               Z
      1  C        -0.6645000000    0.0000000000   -0.1764707059
      2  C         0.6645000000    0.0000000000   -0.1764707059
      3  H        -1.1590800000    0.0000000000    0.7858782941
      4  H         1.1590800000    0.0000000000    0.7858782941
      5  H        -1.1590800000    0.0000000000   -1.1388187059
      6  H         1.1590800000    0.0000000000   -1.1388187059
      7  H         0.0000000000    0.0000000000    2.8235292941
   Point Group: c2v   Number of degrees of freedom:     6


   Energy is    -78.900053115

            Atoms with "Fixed" Coordinates
                Atom    Coordinates
                     1        X  Y  Z
                     2        X  Y  Z
                     3        X  Y  Z
                     4        X  Y  Z
                     5        X  Y  Z
                     6        X  Y  Z
                     7        X     Z

  0 Hessian modes will be used to form the next step
  Hessian Eigenvalues:


 Minimum search - taking simple RFO step
 Searching for Lamda that Minimizes Along All modes
 Value Taken    Lamda =   0.00000000
 Step Taken.  Stepsize is  0.000000

                             Maximum     Tolerance    Cnvgd?
         Gradient           0.000000      0.000300     YES
         Displacement       0.000000      0.001200     YES
         Energy change     *********      0.000001      NO


                       Distance Matrix (Angstroms)
             C (  1)   C (  2)   H (  3)   H (  4)   H (  5)   H (  6)
   C (  2)  1.329000
   H (  3)  1.082000  2.061931
   H (  4)  2.061931  1.082000  2.318160
   H (  5)  1.082000  2.061931  1.924697  3.013026
   H (  6)  2.061931  1.082000  3.013026  1.924697  2.318160
   H (  7)  3.072712  3.072712  2.344246  2.344246  4.128398  4.128398

 
 Final energy is   -78.9000531145300     


 ******************************
 **  OPTIMIZATION CONVERGED  **
 ******************************

                       Coordinates (Angstroms)
     ATOM                X               Y               Z
      1  C        -0.6645000000    0.0000000000   -0.1764707059
      2  C         0.6645000000    0.0000000000   -0.1764707059
      3  H        -1.1590800000    0.0000000000    0.7858782941
      4  H         1.1590800000    0.0000000000    0.7858782941
      5  H        -1.1590800000    0.0000000000   -1.1388187059
      6  H         1.1590800000    0.0000000000   -1.1388187059
      7  H         0.0000000000    0.0000000000    2.8235292941

Z-matrix Print:
$molecule
-1 1
C 
H  1 1.082000
H  1 1.082000 2 125.599995
C  1 1.329000 2 117.200015 3 -180.000000 0
H  4 1.082000 1 117.200015 2 -0.000000 0
H  4 1.082000 1 117.199990 2 -180.000000 0
H  6 2.344246 4 123.167429 1 -0.000000 0
$end

 
 --------------------------------------------------------------
             Orbital Energies (a.u.) and Symmetries
 --------------------------------------------------------------
 
 Alpha MOs, Restricted
 -- Occupied --                  
-11.053 -11.051  -0.866  -0.611  -0.485  -0.397  -0.340  -0.208
  1 A1    1 B1    2 A1    2 B1    3 A1    4 A1    3 B1    1 B2                 
 -0.024
  5 A1                                                                         
 -- Virtual --                   
  0.295   0.317   0.328   0.405   0.419   0.514   0.522   0.605
  6 A1    1 A2    4 B1    5 B1    7 A1    6 B1    8 A1    2 B2                 
  0.635   0.667   0.724   0.729   0.747   0.771   0.796   0.834
  9 A1   10 A1    2 A2   11 A1    7 B1   12 A1    8 B1   13 A1                 
  0.837   0.865   0.948   0.999   1.061   1.068   1.116   1.118
  3 B2    9 B1   10 B1    3 A2    4 B2   11 B1   14 A1   12 B1                 
  1.133   1.166   1.291   1.318   1.353   1.357   1.413   1.432
  5 B2   15 A1   13 B1   16 A1    4 A2    6 B2   17 A1    7 B2                 
  1.502   1.528   1.558   1.638   1.655   1.721   1.771   1.773
 14 B1    5 A2   18 A1   19 A1   15 B1   16 B1   20 A1   17 B1                 
  1.806   1.971   2.057   2.155   2.460   2.535   2.716   2.734
  6 A2   18 B1   21 A1   19 B1   22 A1    8 B2   23 A1    7 A2                 
  2.788   2.879   2.913   2.932   3.003   3.015   3.089   3.240
 24 A1   25 A1   20 B1    9 B2   26 A1   21 B1   10 B2   22 B1                 
  3.267   3.279   3.290   3.309   3.325   3.351   3.399   3.440
 11 B2   12 B2   27 A1   28 A1    8 A2   29 A1    9 A2   23 B1                 
  3.523   3.570   3.596   3.600   3.618   3.624   3.720   3.745
 30 A1   10 A2   24 B1   11 A2   25 B1   26 B1   13 B2   31 A1                 
  3.818   3.862   3.873   3.874   3.874   3.889   3.915   3.995
 14 B2   27 B1   15 B2   32 A1   12 A2   33 A1   34 A1   28 B1                 
  4.064   4.095   4.141   4.152   4.173   4.202   4.221   4.312
 29 B1   30 B1   13 A2   14 A2   35 A1   36 A1   16 B2   17 B2                 
  4.322   4.328   4.359   4.400   4.486   4.505   4.507   4.527
 37 A1   31 B1   32 B1   18 B2   33 B1   38 A1   19 B2   15 A2                 
  4.701   4.724   4.780   4.913   4.931   4.983   5.104   5.177
 34 B1   39 A1   16 A2   40 A1   35 B1   17 A2   20 B2   41 A1                 
  5.213   5.308   5.392   5.476   5.491   5.600   5.632   5.712
 36 B1   42 A1   21 B2   43 A1   37 B1   18 A2   38 B1   19 A2                 
  5.749   5.810   6.133   6.270   6.454   6.683   7.053  12.172
 44 A1   45 A1   39 B1   40 B1   46 A1   41 B1   42 B1   47 A1                 
 14.934
 43 B1                                                                         
 
 Beta MOs, Restricted
 -- Occupied --                  
-11.053 -11.051  -0.866  -0.611  -0.485  -0.397  -0.340  -0.208
  1 A1    1 B1    2 A1    2 B1    3 A1    4 A1    3 B1    1 B2                 
 -0.024
  5 A1                                                                         
 -- Virtual --                   
  0.295   0.317   0.328   0.405   0.419   0.514   0.522   0.605
  6 A1    1 A2    4 B1    5 B1    7 A1    6 B1    8 A1    2 B2                 
  0.635   0.667   0.724   0.729   0.747   0.771   0.796   0.834
  9 A1   10 A1    2 A2   11 A1    7 B1   12 A1    8 B1   13 A1                 
  0.837   0.865   0.948   0.999   1.061   1.068   1.116   1.118
  3 B2    9 B1   10 B1    3 A2    4 B2   11 B1   14 A1   12 B1                 
  1.133   1.166   1.291   1.318   1.353   1.357   1.413   1.432
  5 B2   15 A1   13 B1   16 A1    4 A2    6 B2   17 A1    7 B2                 
  1.502   1.528   1.558   1.638   1.655   1.721   1.771   1.773
 14 B1    5 A2   18 A1   19 A1   15 B1   16 B1   20 A1   17 B1                 
  1.806   1.971   2.057   2.155   2.460   2.535   2.716   2.734
  6 A2   18 B1   21 A1   19 B1   22 A1    8 B2   23 A1    7 A2                 
  2.788   2.879   2.913   2.932   3.003   3.015   3.089   3.240
 24 A1   25 A1   20 B1    9 B2   26 A1   21 B1   10 B2   22 B1                 
  3.267   3.279   3.290   3.309   3.325   3.351   3.399   3.440
 11 B2   12 B2   27 A1   28 A1    8 A2   29 A1    9 A2   23 B1                 
  3.523   3.570   3.596   3.600   3.618   3.624   3.720   3.745
 30 A1   10 A2   24 B1   11 A2   25 B1   26 B1   13 B2   31 A1                 
  3.818   3.862   3.873   3.874   3.874   3.889   3.915   3.995
 14 B2   27 B1   15 B2   32 A1   12 A2   33 A1   34 A1   28 B1                 
  4.064   4.095   4.141   4.152   4.173   4.202   4.221   4.312
 29 B1   30 B1   13 A2   14 A2   35 A1   36 A1   16 B2   17 B2                 
  4.322   4.328   4.359   4.400   4.486   4.505   4.507   4.527
 37 A1   31 B1   32 B1   18 B2   33 B1   38 A1   19 B2   15 A2                 
  4.701   4.724   4.780   4.913   4.931   4.983   5.104   5.177
 34 B1   39 A1   16 A2   40 A1   35 B1   17 A2   20 B2   41 A1                 
  5.213   5.308   5.392   5.476   5.491   5.600   5.632   5.712
 36 B1   42 A1   21 B2   43 A1   37 B1   18 A2   38 B1   19 A2                 
  5.749   5.810   6.133   6.270   6.454   6.683   7.053  12.172
 44 A1   45 A1   39 B1   40 B1   46 A1   41 B1   42 B1   47 A1                 
 14.934
 43 B1                                                                         
 --------------------------------------------------------------
 
          Ground-State Mulliken Net Atomic Charges

     Atom                 Charge (a.u.)
  ----------------------------------------
      1 C                    -0.292167
      2 C                    -0.292167
      3 H                     0.140669
      4 H                     0.140669
      5 H                     0.085873
      6 H                     0.085873
      7 H                    -0.868750
  ----------------------------------------
  Sum of atomic charges =    -1.000000

 -----------------------------------------------------------------
                    Cartesian Multipole Moments
 -----------------------------------------------------------------
    Charge (ESU x 10^10)
                -4.8032
    Dipole Moment (Debye)
         X       0.0000      Y      -0.0000      Z     -11.3707
       Tot      11.3707
    Quadrupole Moments (Debye-Ang)
        XX     -18.7408     XY      -0.0000     YY     -20.4034
        XZ       0.0000     YZ      -0.0000     ZZ     -52.2388
    Octopole Moments (Debye-Ang^2)
       XXX       0.0000    XXY      -0.0000    XYY       0.0000
       YYY      -0.0000    XXZ      -8.6403    XYZ       0.0000
       YYZ      -8.9668    XZZ      -0.0000    YZZ      -0.0000
       ZZZ    -124.1398
    Hexadecapole Moments (Debye-Ang^3)
      XXXX     -83.0985   XXXY      -0.0000   XXYY     -18.6644
      XYYY      -0.0000   YYYY     -27.4065   XXXZ       0.0000
      XXYZ      -0.0000   XYYZ       0.0000   YYYZ      -0.0000
      XXZZ     -53.7475   XYZZ      -0.0000   YYZZ     -46.2992
      XZZZ      -0.0000   YZZZ      -0.0000   ZZZZ    -513.1222
 -----------------------------------------------------------------
 Total job time:  15.23s(wall), 82.11s(cpu) 
 Fri Mar 25 12:57:50 2022

        *************************************************************
        *                                                           *
        *  Thank you very much for using Q-Chem.  Have a nice day.  *
        *                                                           *
        *************************************************************


