/src/tsommerfeld/qchem/exe/qcprog.exe .scf.inp.14509.qcin.1 /src/jdavis/qchem.scratch/qchem14509/

                  Welcome to Q-Chem
     A Quantum Leap Into The Future Of Chemistry


 Q-Chem 5.4 (devel), Q-Chem, Inc., Pleasanton, CA (2021)

 E. Epifanovsky,  A. T. B. Gilbert,  Xintian Feng,  Joonho Lee,  Yuezhi Mao,  
 N. Mardirossian,  P. Pokhilko,  A. White,  M. Wormit,  M. P. Coons,  
 A. L. Dempwolff,  Zhengting Gan,  D. Hait,  P. R. Horn,  L. D. Jacobson,  
 I. Kaliman,  J. Kussmann,  A. W. Lange,  Ka Un Lao,  D. S. Levine,  Jie Liu,  
 S. C. McKenzie,  A. F. Morrison,  K. Nanda,  F. Plasser,  D. R. Rehn,  
 M. L. Vidal,  Zhi-Qiang You,  Ying Zhu,  B. Alam,  B. Albrecht,  
 A. Aldossary,  E. Alguire,  J. H. Andersen,  D. Barton,  K. Begam,  A. Behn,  
 Y. A. Bernard,  E. J. Berquist,  H. Burton,  A. Carreras,  K. Carter-Fenk,  
 R. Chakraborty,  A. D. Chien,  K. D. Closser,  V. Cofer-Shabica,  
 S. Dasgupta,  Jia Deng,  M. de Wergifosse,  M. Diedenhofen,  Hainam Do,  
 S. Ehlert,  Po-Tung Fang,  S. Fatehi,  Qingguo Feng,  T. Friedhoff,  
 J. Gayvert,  Qinghui Ge,  G. Gidofalvi,  M. Goldey,  J. Gomes,  
 C. Gonzalez-Espinoza,  S. Gulania,  A. Gunina,  M. W. D. Hanson-Heine,  
 P. H. P. Harbach,  A. W. Hauser,  M. F. Herbst,  M. Hernandez Vera,  
 M. Hodecker,  Z. C. Holden,  S. Houck,  Xunkun Huang,  Kerwin Hui,  
 B. C. Huynh,  M. Ivanov,  Hyunjun Ji,  Hanjie Jiang,  B. Kaduk,  S. Kaehler,  
 K. Khistyaev,  Jaehoon Kim,  P. Klunzinger,  Z. Koczor-Benda,  
 Joong Hoon Koh,  D. Kosenkov,  L. Koulias,  T. Kowalczyk,  C. M. Krauter,  
 K. Kue,  A. Kunitsa,  T. Kus,  A. Landau,  K. V. Lawler,  D. Lefrancois,  
 S. Lehtola,  Rain Li,  Yi-Pei Li,  Jiashu Liang,  M. Liebenthal,  
 Hung-Hsuan Lin,  You-Sheng Lin,  Fenglai Liu,  Kuan-Yu Liu,  
 M. Loipersberger,  A. Luenser,  A. Manjanath,  P. Manohar,  E. Mansoor,  
 S. F. Manzer,  Shan-Ping Mao,  A. V. Marenich,  T. Markovich,  S. Mason,  
 S. A. Maurer,  P. F. McLaughlin,  M. F. S. J. Menger,  J.-M. Mewes,  
 S. A. Mewes,  P. Morgante,  J. W. Mullinax,  K. J. Oosterbaan,  G. Paran,  
 Alexander C. Paul,  Suranjan K. Paul,  F. Pavosevic,  Zheng Pei,  S. Prager,  
 E. I. Proynov,  E. Ramos,  B. Rana,  A. E. Rask,  A. Rettig,  R. M. Richard,  
 F. Rob,  E. Rossomme,  T. Scheele,  M. Scheurer,  M. Schneider,  
 N. Sergueev,  S. M. Sharada,  W. Skomorowski,  D. W. Small,  C. J. Stein,  
 Yu-Chuan Su,  E. J. Sundstrom,  Zhen Tao,  J. Thirman,  T. Tsuchimochi,  
 N. M. Tubman,  S. P. Veccham,  O. Vydrov,  J. Wenzel,  J. Witte,  A. Yamada,  
 Kun Yao,  S. Yeganeh,  S. R. Yost,  A. Zech,  Igor Ying Zhang,  Xing Zhang,  
 Yu Zhang,  D. Zuev,  A. Aspuru-Guzik,  A. T. Bell,  N. A. Besley,  
 K. B. Bravaya,  B. R. Brooks,  D. Casanova,  Jeng-Da Chai,  S. Coriani,  
 C. J. Cramer,  A. E. DePrince, III,  R. A. DiStasio Jr.,  A. Dreuw,  
 B. D. Dunietz,  T. R. Furlani,  W. A. Goddard III,  S. Grimme,  
 S. Hammes-Schiffer,  T. Head-Gordon,  W. J. Hehre,  Chao-Ping Hsu,  
 T.-C. Jagau,  Yousung Jung,  A. Klamt,  Jing Kong,  D. S. Lambrecht,  
 WanZhen Liang,  N. J. Mayhall,  C. W. McCurdy,  J. B. Neaton,  
 C. Ochsenfeld,  J. A. Parkhill,  R. Peverati,  V. A. Rassolov,  Yihan Shao,  
 L. V. Slipchenko,  T. Stauch,  R. P. Steele,  J. E. Subotnik,  
 A. J. W. Thom,  A. Tkatchenko,  D. G. Truhlar,  T. Van Voorhis,  
 T. A. Wesolowski,  K. B. Whaley,  H. L. Woodcock III,  P. M. Zimmerman,  
 S. Faraji,  P. M. W. Gill,  M. Head-Gordon,  J. M. Herbert,  A. I. Krylov

 Additional authors for Version 5.4.1: 
 S. Kotaru,  Shaozhi Li,  Xiangyuan Li,  F. Matz,  A. Molle,  Haisheng Ren,  
 Yingli Su,  Hung-Yi Tsai,  C. Utku,  Fang Wang

 Contributors to earlier versions of Q-Chem not listed above: 
 R. D. Adamson,  B. Austin,  R. Baer,  J. Baker,  G. J. O. Beran,  
 K. Brandhorst,  S. T. Brown,  E. F. C. Byrd,  A. K. Chakraborty,  
 G. K. L. Chan,  Chun-Min Chang,  Yunqing Chen,  C.-L. Cheng,  
 Siu Hung Chien,  D. M. Chipman,  D. L. Crittenden,  H. Dachsel,  
 R. J. Doerksen,  A. D. Dutoi,  R. G. Edgar,  J. Fosso-Tande,  
 L. Fusti-Molnar,  D. Ghosh,  A. Ghysels,  A. Golubeva-Zadorozhnaya,  
 J. Gonthier,  M. S. Gordon,  S. R. Gwaltney,  G. Hawkins,  J. E. Herr,  
 A. Heyden,  S. Hirata,  E. G. Hohenstein,  G. Kedziora,  F. J. Keil,  
 C. Kelley,  Jihan Kim,  R. A. King,  R. Z. Khaliullin,  P. P. Korambath,  
 W. Kurlancheek,  A. Laurent,  A. M. Lee,  M. S. Lee,  S. V. Levchenko,  
 Ching Yeh Lin,  D. Liotard,  E. Livshits,  R. C. Lochan,  I. Lotan,  
 L. A. Martinez-Martinez,  P. E. Maslen,  N. Nair,  D. P. O'Neill,  
 D. Neuhauser,  E. Neuscamman,  C. M. Oana,  R. Olivares-Amaya,  R. Olson,  
 T. M. Perrine,  B. Peters,  P. A. Pieniazek,  A. Prociuk,  Y. M. Rhee,  
 J. Ritchie,  M. A. Rohrdanz,  E. Rosta,  N. J. Russ,  H. F. Schaefer III,  
 M. W. Schmidt,  N. E. Schultz,  S. Sharma,  N. Shenvi,  C. D. Sherrill,  
 A. C. Simmonett,  A. Sodt,  T. Stein,  D. Stuck,  K. S. Thanthiriwatte,  
 V. Vanovschi,  L. Vogt,  Tao Wang,  A. Warshel,  M. A. Watson,  
 C. F. Williams,  Q. Wu,  X. Xu,  Jun Yang,  W. Zhang,  Yan Zhao

 Please cite Q-Chem as follows:
 Y. Shao et al., Mol. Phys. 113, 184-215 (2015)
 DOI: 10.1080/00268976.2014.952696

 Q-Chem 5.4.1 for Intel X86 EM64T Linux

 Parts of Q-Chem use Armadillo 9.900.5 (Nocturnal Misbehaviour).
 http://arma.sourceforge.net/

 Q-Chem begins on Mon Jan 24 12:31:46 2022  

 Host: node01
0

     Scratch files written to /src/jdavis/qchem.scratch/qchem14509//
 Processing $rem in /src/tsommerfeld/qchem/config/preferences:
 Processing $rem in /home/jdavis/.qchemrc:
 Core orbitals will be frozen

 Checking the input file for inconsistencies... 	...done.

--------------------------------------------------------------
User input:
--------------------------------------------------------------
#ethylene geometry from CRC Handbook 102nd Edition
$molecule
   0 1
   C1
   C2 C1 Rcc
   H1 C1 Rch C2 Acch
   H2 C1 Rch C2 Acch H1 180
   H3 C2 Rch C1 Acch H1 180
   H4 C2 Rch C1 Acch H2 180

   Rcc = 1.329
   Rch = 1.082
   Acch = 117.2 
$end

$rem
   METHOD mp2
   PRINT_ORBITALS TRUE
   BASIS sto-3g
$end

--------------------------------------------------------------
 ----------------------------------------------------------------
             Standard Nuclear Orientation (Angstroms)
    I     Atom           X                Y                Z
 ----------------------------------------------------------------
    1      C       0.6645000000    -0.0000000000    -0.0000000000
    2      C      -0.6645000000     0.0000000000     0.0000000000
    3      H       1.1590799571     0.9623485159     0.0000000000
    4      H       1.1590799571    -0.9623485159    -0.0000000000
    5      H      -1.1590799571    -0.9623485159    -0.0000000000
    6      H      -1.1590799571     0.9623485159     0.0000000000
 ----------------------------------------------------------------
 Molecular Point Group                 D2h   NOp =  8
 Largest Abelian Subgroup              D2h   NOp =  8
 Nuclear Repulsion Energy =          33.58921683 hartrees
 There are        8 alpha and        8 beta electrons
 Requested basis set is STO-3G
 There are 8 shells and 14 basis functions

 Total QAlloc Memory Limit   2000 MB
 Mega-Array Size       188 MB
 MEM_STATIC part       192 MB

                       Distance Matrix (Angstroms)
             C (  1)   C (  2)   H (  3)   H (  4)   H (  5)
   C (  2)  1.329000
   H (  3)  1.082000  2.061931
   H (  4)  1.082000  2.061931  1.924697
   H (  5)  2.061931  1.082000  3.013026  2.318160
   H (  6)  2.061931  1.082000  2.318160  3.013026  1.924697
 
 A cutoff of  1.0D-08 yielded     36 shell pairs
 There are       117 function pairs
 Smallest overlap matrix eigenvalue = 1.83E-01

 Scale SEOQF with 1.000000e+00/1.000000e+00/1.000000e+00

 Standard Electronic Orientation quadrupole field applied
 Nucleus-field energy     =     0.0000000065 hartrees
 Guess from superposition of atomic densities
 Warning:  Energy on first SCF cycle will be non-variational
 SAD guess density has 16.000000 electrons

 -----------------------------------------------------------------------
  General SCF calculation program by
  Eric Jon Sundstrom, Paul Horn, Yuezhi Mao, Dmitri Zuev, Alec White,
  David Stuck, Shaama M.S., Shane Yost, Joonho Lee, David Small,
  Daniel Levine, Susi Lehtola, Hugh Burton, Evgeny Epifanovsky,
  Bang C. Huynh
 -----------------------------------------------------------------------
 Hartree-Fock
 A restricted SCF calculation will be
 performed using DIIS
 SCF converges when DIIS error is below 1.0e-05
 ---------------------------------------
  Cycle       Energy         DIIS error
 ---------------------------------------
    1     -76.6786513745      2.80e-01  
    2     -77.0562297077      1.60e-02  
    3     -77.0662416032      3.95e-03  
    4     -77.0669081918      1.18e-04  
    5     -77.0669087951      1.89e-05  
    6     -77.0669088278      1.51e-06  Convergence criterion met
 ---------------------------------------
 SCF time:   CPU 0.03s  wall 0.00s 
 SCF   energy in the final basis set =      -77.0669088278
 Total energy in the final basis set =      -77.0669088278
 
 Components of the MP2 correlation energy:
        aaaa  correlation energy =        -0.0079221930 au
        abab  correlation energy =        -0.1061316872 au
        bbbb  correlation energy =        -0.0079221930 au
        non-Brillouin singles    =        -0.0000000000 au

 Total  MP2   correlation energy =                    -0.12197607 au
        MP2         total energy =                   -77.18888490 au
 
 --------------------------------------------------------------
             Orbital Energies (a.u.) and Symmetries
 --------------------------------------------------------------
 
 Alpha MOs, Restricted
 -- Occupied --                  
-11.015 -11.014  -0.983  -0.733  -0.619  -0.510  -0.470  -0.325
  1 Ag    1 B3u   2 Ag    2 B3u   1 B2u   3 Ag    1 B1g   1 B1u                
 -- Virtual --                   
  0.323   0.649   0.668   0.685   0.974   0.987
  1 B2g   4 Ag    2 B2u   3 B3u   2 B1g   4 B3u                                
 
 Beta MOs, Restricted
 -- Occupied --                  
-11.015 -11.014  -0.983  -0.733  -0.619  -0.510  -0.470  -0.325
  1 Ag    1 B3u   2 Ag    2 B3u   1 B2u   3 Ag    1 B1g   1 B1u                
 -- Virtual --                   
  0.323   0.649   0.668   0.685   0.974   0.987
  1 B2g   4 Ag    2 B2u   3 B3u   2 B1g   4 B3u                                
 --------------------------------------------------------------
 

                        RESTRICTED (RHF) MOLECULAR ORBITAL COEFFICIENTS
                         1         2         3         4         5         6
 eigenvalues:        -11.015   -11.014    -0.983    -0.733    -0.619    -0.510
   1  C 1   s        0.70182   0.70143  -0.17742  -0.13832   0.00000   0.01324
   2  C 1   s        0.02000   0.03127   0.46586   0.42405  -0.00000  -0.01825
   3  C 1   px       0.00184  -0.00483  -0.11834   0.19347   0.00000   0.51011
   4  C 1   py       0.00000  -0.00000  -0.00000   0.00000   0.38893  -0.00000
   5  C 1   pz      -0.00000  -0.00000   0.00000   0.00000  -0.00000   0.00000
   6  C 2   s        0.70182  -0.70143  -0.17742   0.13832  -0.00000   0.01324
   7  C 2   s        0.02000  -0.03127   0.46586  -0.42405   0.00000  -0.01825
   8  C 2   px      -0.00184  -0.00483   0.11834   0.19347  -0.00000  -0.51011
   9  C 2   py       0.00000  -0.00000   0.00000   0.00000   0.38893   0.00000
  10  C 2   pz       0.00000   0.00000   0.00000   0.00000  -0.00000   0.00000
  11  H 1   s       -0.00475  -0.00489   0.11442   0.22728   0.25511   0.21942
  12  H 2   s       -0.00475  -0.00489   0.11442   0.22728  -0.25511   0.21942
  13  H 3   s       -0.00475   0.00489   0.11442  -0.22728  -0.25511   0.21942
  14  H 4   s       -0.00475   0.00489   0.11442  -0.22728   0.25511   0.21942
                         7         8         9        10        11        12
 eigenvalues:         -0.470    -0.325     0.323     0.649     0.668     0.685
   1  C 1   s        0.00000  -0.00000   0.00000   0.12532  -0.00000  -0.15005
   2  C 1   s       -0.00000   0.00000  -0.00000  -0.81745   0.00000   0.93003
   3  C 1   px      -0.00000   0.00000   0.00000  -0.47695   0.00000   0.33407
   4  C 1   py      -0.39298  -0.00000   0.00000   0.00000   0.73253  -0.00000
   5  C 1   pz       0.00000  -0.63450  -0.81215  -0.00000   0.00000   0.00000
   6  C 2   s       -0.00000   0.00000   0.00000   0.12532   0.00000   0.15005
   7  C 2   s        0.00000  -0.00000  -0.00000  -0.81745  -0.00000  -0.93003
   8  C 2   px       0.00000  -0.00000   0.00000   0.47695  -0.00000   0.33407
   9  C 2   py       0.39298   0.00000   0.00000   0.00000   0.73253  -0.00000
  10  C 2   pz       0.00000  -0.63450   0.81215  -0.00000  -0.00000  -0.00000
  11  H 1   s       -0.34455  -0.00000  -0.00000   0.61797  -0.63319  -0.65232
  12  H 2   s        0.34455   0.00000  -0.00000   0.61797   0.63319  -0.65232
  13  H 3   s       -0.34455  -0.00000   0.00000   0.61797   0.63319   0.65232
  14  H 4   s        0.34455   0.00000  -0.00000   0.61797  -0.63319   0.65232
                        13
 eigenvalues:          0.974
   1  C 1   s        0.00000
   2  C 1   s        0.00000
   3  C 1   px       0.00000
   4  C 1   py       0.96975
   5  C 1   pz      -0.00000
   6  C 2   s       -0.00000
   7  C 2   s        0.00000
   8  C 2   px      -0.00000
   9  C 2   py      -0.96975
  10  C 2   pz       0.00000
  11  H 1   s       -0.62540
  12  H 2   s        0.62540
  13  H 3   s       -0.62540
  14  H 4   s        0.62540
 
          Ground-State Mulliken Net Atomic Charges

     Atom                 Charge (a.u.)
  ----------------------------------------
      1 C                    -0.129236
      2 C                    -0.129236
      3 H                     0.064618
      4 H                     0.064618
      5 H                     0.064618
      6 H                     0.064618
  ----------------------------------------
  Sum of atomic charges =     0.000000

 -----------------------------------------------------------------
                    Cartesian Multipole Moments
 -----------------------------------------------------------------
    Charge (ESU x 10^10)
                 0.0000
    Dipole Moment (Debye)
         X      -0.0000      Y       0.0000      Z       0.0000
       Tot       0.0000
    Quadrupole Moments (Debye-Ang)
        XX     -12.3802     XY      -0.0000     YY     -11.4912
        XZ       0.0000     YZ      -0.0000     ZZ     -13.4717
    Octopole Moments (Debye-Ang^2)
       XXX      -0.0000    XXY       0.0000    XYY      -0.0000
       YYY       0.0000    XXZ       0.0000    XYZ      -0.0000
       YYZ       0.0000    XZZ       0.0000    YZZ       0.0000
       ZZZ       0.0000
    Hexadecapole Moments (Debye-Ang^3)
      XXXX     -62.0440   XXXY      -0.0000   XXYY     -12.2605
      XYYY      -0.0000   YYYY     -24.3992   XXXZ      -0.0000
      XXYZ      -0.0000   XYYZ      -0.0000   YYYZ      -0.0000
      XXZZ     -12.3605   XYZZ      -0.0000   YYZZ      -6.5108
      XZZZ      -0.0000   YZZZ      -0.0000   ZZZZ     -10.8844
 -----------------------------------------------------------------
 Total job time:  0.13s(wall), 0.10s(cpu) 
 Mon Jan 24 12:31:46 2022

        *************************************************************
        *                                                           *
        *  Thank you very much for using Q-Chem.  Have a nice day.  *
        *                                                           *
        *************************************************************


