                  Welcome to Q-Chem
     A Quantum Leap Into The Future Of Chemistry


 Q-Chem 5.4 (devel), Q-Chem, Inc., Pleasanton, CA (2021)

 E. Epifanovsky,  A. T. B. Gilbert,  Xintian Feng,  Joonho Lee,  Yuezhi Mao,  
 N. Mardirossian,  P. Pokhilko,  A. White,  M. Wormit,  M. P. Coons,  
 A. L. Dempwolff,  Zhengting Gan,  D. Hait,  P. R. Horn,  L. D. Jacobson,  
 I. Kaliman,  J. Kussmann,  A. W. Lange,  Ka Un Lao,  D. S. Levine,  Jie Liu,  
 S. C. McKenzie,  A. F. Morrison,  K. Nanda,  F. Plasser,  D. R. Rehn,  
 M. L. Vidal,  Zhi-Qiang You,  Ying Zhu,  B. Alam,  B. Albrecht,  
 A. Aldossary,  E. Alguire,  J. H. Andersen,  D. Barton,  K. Begam,  A. Behn,  
 Y. A. Bernard,  E. J. Berquist,  H. Burton,  A. Carreras,  K. Carter-Fenk,  
 R. Chakraborty,  A. D. Chien,  K. D. Closser,  V. Cofer-Shabica,  
 S. Dasgupta,  Jia Deng,  M. de Wergifosse,  M. Diedenhofen,  Hainam Do,  
 S. Ehlert,  Po-Tung Fang,  S. Fatehi,  Qingguo Feng,  T. Friedhoff,  
 J. Gayvert,  Qinghui Ge,  G. Gidofalvi,  M. Goldey,  J. Gomes,  
 C. Gonzalez-Espinoza,  S. Gulania,  A. Gunina,  M. W. D. Hanson-Heine,  
 P. H. P. Harbach,  A. W. Hauser,  M. F. Herbst,  M. Hernandez Vera,  
 M. Hodecker,  Z. C. Holden,  S. Houck,  Xunkun Huang,  Kerwin Hui,  
 B. C. Huynh,  M. Ivanov,  Hyunjun Ji,  Hanjie Jiang,  B. Kaduk,  S. Kaehler,  
 K. Khistyaev,  Jaehoon Kim,  P. Klunzinger,  Z. Koczor-Benda,  
 Joong Hoon Koh,  D. Kosenkov,  L. Koulias,  T. Kowalczyk,  C. M. Krauter,  
 K. Kue,  A. Kunitsa,  T. Kus,  A. Landau,  K. V. Lawler,  D. Lefrancois,  
 S. Lehtola,  Rain Li,  Yi-Pei Li,  Jiashu Liang,  M. Liebenthal,  
 Hung-Hsuan Lin,  You-Sheng Lin,  Fenglai Liu,  Kuan-Yu Liu,  
 M. Loipersberger,  A. Luenser,  A. Manjanath,  P. Manohar,  E. Mansoor,  
 S. F. Manzer,  Shan-Ping Mao,  A. V. Marenich,  T. Markovich,  S. Mason,  
 S. A. Maurer,  P. F. McLaughlin,  M. F. S. J. Menger,  J.-M. Mewes,  
 S. A. Mewes,  P. Morgante,  J. W. Mullinax,  K. J. Oosterbaan,  G. Paran,  
 Alexander C. Paul,  Suranjan K. Paul,  F. Pavosevic,  Zheng Pei,  S. Prager,  
 E. I. Proynov,  E. Ramos,  B. Rana,  A. E. Rask,  A. Rettig,  R. M. Richard,  
 F. Rob,  E. Rossomme,  T. Scheele,  M. Scheurer,  M. Schneider,  
 N. Sergueev,  S. M. Sharada,  W. Skomorowski,  D. W. Small,  C. J. Stein,  
 Yu-Chuan Su,  E. J. Sundstrom,  Zhen Tao,  J. Thirman,  T. Tsuchimochi,  
 N. M. Tubman,  S. P. Veccham,  O. Vydrov,  J. Wenzel,  J. Witte,  A. Yamada,  
 Kun Yao,  S. Yeganeh,  S. R. Yost,  A. Zech,  Igor Ying Zhang,  Xing Zhang,  
 Yu Zhang,  D. Zuev,  A. Aspuru-Guzik,  A. T. Bell,  N. A. Besley,  
 K. B. Bravaya,  B. R. Brooks,  D. Casanova,  Jeng-Da Chai,  S. Coriani,  
 C. J. Cramer,  A. E. DePrince, III,  R. A. DiStasio Jr.,  A. Dreuw,  
 B. D. Dunietz,  T. R. Furlani,  W. A. Goddard III,  S. Grimme,  
 S. Hammes-Schiffer,  T. Head-Gordon,  W. J. Hehre,  Chao-Ping Hsu,  
 T.-C. Jagau,  Yousung Jung,  A. Klamt,  Jing Kong,  D. S. Lambrecht,  
 WanZhen Liang,  N. J. Mayhall,  C. W. McCurdy,  J. B. Neaton,  
 C. Ochsenfeld,  J. A. Parkhill,  R. Peverati,  V. A. Rassolov,  Yihan Shao,  
 L. V. Slipchenko,  T. Stauch,  R. P. Steele,  J. E. Subotnik,  
 A. J. W. Thom,  A. Tkatchenko,  D. G. Truhlar,  T. Van Voorhis,  
 T. A. Wesolowski,  K. B. Whaley,  H. L. Woodcock III,  P. M. Zimmerman,  
 S. Faraji,  P. M. W. Gill,  M. Head-Gordon,  J. M. Herbert,  A. I. Krylov

 Additional authors for Version 5.4.1: 
 S. Kotaru,  Shaozhi Li,  Xiangyuan Li,  F. Matz,  A. Molle,  Haisheng Ren,  
 Yingli Su,  Hung-Yi Tsai,  C. Utku,  Fang Wang

 Contributors to earlier versions of Q-Chem not listed above: 
 R. D. Adamson,  B. Austin,  R. Baer,  J. Baker,  G. J. O. Beran,  
 K. Brandhorst,  S. T. Brown,  E. F. C. Byrd,  A. K. Chakraborty,  
 G. K. L. Chan,  Chun-Min Chang,  Yunqing Chen,  C.-L. Cheng,  
 Siu Hung Chien,  D. M. Chipman,  D. L. Crittenden,  H. Dachsel,  
 R. J. Doerksen,  A. D. Dutoi,  R. G. Edgar,  J. Fosso-Tande,  
 L. Fusti-Molnar,  D. Ghosh,  A. Ghysels,  A. Golubeva-Zadorozhnaya,  
 J. Gonthier,  M. S. Gordon,  S. R. Gwaltney,  G. Hawkins,  J. E. Herr,  
 A. Heyden,  S. Hirata,  E. G. Hohenstein,  G. Kedziora,  F. J. Keil,  
 C. Kelley,  Jihan Kim,  R. A. King,  R. Z. Khaliullin,  P. P. Korambath,  
 W. Kurlancheek,  A. Laurent,  A. M. Lee,  M. S. Lee,  S. V. Levchenko,  
 Ching Yeh Lin,  D. Liotard,  E. Livshits,  R. C. Lochan,  I. Lotan,  
 L. A. Martinez-Martinez,  P. E. Maslen,  N. Nair,  D. P. O'Neill,  
 D. Neuhauser,  E. Neuscamman,  C. M. Oana,  R. Olivares-Amaya,  R. Olson,  
 T. M. Perrine,  B. Peters,  P. A. Pieniazek,  A. Prociuk,  Y. M. Rhee,  
 J. Ritchie,  M. A. Rohrdanz,  E. Rosta,  N. J. Russ,  H. F. Schaefer III,  
 M. W. Schmidt,  N. E. Schultz,  S. Sharma,  N. Shenvi,  C. D. Sherrill,  
 A. C. Simmonett,  A. Sodt,  T. Stein,  D. Stuck,  K. S. Thanthiriwatte,  
 V. Vanovschi,  L. Vogt,  Tao Wang,  A. Warshel,  M. A. Watson,  
 C. F. Williams,  Q. Wu,  X. Xu,  Jun Yang,  W. Zhang,  Yan Zhao

 Please cite Q-Chem as follows:
 Y. Shao et al., Mol. Phys. 113, 184-215 (2015)
 DOI: 10.1080/00268976.2014.952696

 Q-Chem 5.4.1 for Intel X86 EM64T Linux

 Parts of Q-Chem use Armadillo 9.900.5 (Nocturnal Misbehaviour).
 http://arma.sourceforge.net/

 Q-Chem begins on Tue Mar  1 14:29:00 2022  

 Host: node01
0

     Scratch files written to /src/jdavis/qchem.scratch/qchem6538//
 Processing $rem in /src/tsommerfeld/qchem/config/preferences:
 Processing $rem in /home/jdavis/.qchemrc:
 Core orbitals will be frozen

 Checking the input file for inconsistencies... 	...done.

--------------------------------------------------------------
User input:
--------------------------------------------------------------
$molecule
-1 1
C        -0.6645000000    0.0000000000   -0.2082049804
C         0.6645000000    0.0000000000   -0.2082049804
H        -1.1590800000    0.0000000000    0.7541440196
H         1.1590800000    0.0000000000    0.7541440196
H        -1.1590800000    0.0000000000   -1.1705529804
H         1.1590800000    0.0000000000   -1.1705529804
O         0.0000000000    0.0000000000    9.792
H         0.0000000000    0.0000000000    10.792
$end

$rem
   JOBTYPE opt
   METHOD MP2
   BASIS gen
   PURECART 11
   THRESH 14
   S2THRESH 14
   THREADS 10
   MEM_TOTAL 95000
$end
$basis
H     0
cc-pvtz
****
C     0
cc-pvtz
****
O     0
cc-pvtz
****
$end

$opt
FIXED
1 xyz
2 xyz
3 xyz
4 xyz
5 xyz
6 xyz
7 xyz
ENDFIXED
$end
--------------------------------------------------------------
 ----------------------------------------------------------------
             Standard Nuclear Orientation (Angstroms)
    I     Atom           X                Y                Z
 ----------------------------------------------------------------
    1      C      -0.6645000000     0.0000000000     3.6400738729
    2      C       0.6645000000    -0.0000000000     3.6400738729
    3      H      -1.1590800000     0.0000000000     2.6777248729
    4      H       1.1590800000    -0.0000000000     2.6777248729
    5      H      -1.1590800000     0.0000000000     4.6024218729
    6      H       1.1590800000    -0.0000000000     4.6024218729
    7      O       0.0000000000     0.0000000000    -6.3601311075
    8      H      -0.0000000000     0.0000000000    -7.3601311075
 ----------------------------------------------------------------
 Molecular Point Group                 C2v   NOp =  4
 Largest Abelian Subgroup              C2v   NOp =  4
 Nuclear Repulsion Energy =          45.35774569 hartrees
 There are       13 alpha and       13 beta electrons
 Requested basis set is non-standard
 There are 60 shells and 160 basis functions

 Total QAlloc Memory Limit  95000 MB
 Mega-Array Size       188 MB
 MEM_STATIC part       192 MB
 A cutoff of  1.0D-14 yielded   1160 shell pairs
 There are      8100 function pairs (     10251 Cartesian)
 Smallest overlap matrix eigenvalue = 6.98E-04

 Scale SEOQF with 1.000000e+00/1.000000e+00/1.000000e-02

 Standard Electronic Orientation quadrupole field applied
 Nucleus-field energy     =    -0.0000000025 hartrees
 ================ Generating on-the-fly SAD Guess ================
Attempting to make child job directory: /src/jdavis/qchem.scratch/qchem6538//Frg1/
Attempting to make child job directory: /src/jdavis/qchem.scratch/qchem6538//Frg2/
Attempting to make child job directory: /src/jdavis/qchem.scratch/qchem6538//Frg3/
Creating input file /src/jdavis/qchem.scratch/qchem6538/Frg1.input
using default PutDataFrgm: nothing
calling putenv with: QCSCRATCH=/src/jdavis/qchem.scratch/qchem6538/ 
Spawning Job For Fragment 0
Done Job For Fragment 0
calling putenv with: QCSCRATCH=/src/jdavis/qchem.scratch 
calling putenv with: QCTHREADS=4 
Creating input file /src/jdavis/qchem.scratch/qchem6538/Frg2.input
using default PutDataFrgm: nothing
calling putenv with: QCSCRATCH=/src/jdavis/qchem.scratch/qchem6538/ 
Spawning Job For Fragment 1
Done Job For Fragment 1
calling putenv with: QCSCRATCH=/src/jdavis/qchem.scratch 
calling putenv with: QCTHREADS=4 
Creating input file /src/jdavis/qchem.scratch/qchem6538/Frg3.input
using default PutDataFrgm: nothing
calling putenv with: QCSCRATCH=/src/jdavis/qchem.scratch/qchem6538/ 
Spawning Job For Fragment 2
Done Job For Fragment 2
calling putenv with: QCSCRATCH=/src/jdavis/qchem.scratch 
calling putenv with: QCTHREADS=4 
 Time for running child jobs:  CPU 1.75 s  wall 2.90 s
 ============= Method Specific SAD Guess Constructed =============
 Guess from on-the-fly superposition of atomic densities
 Warning: Energy on first SCF cycle will be non-variational

 -----------------------------------------------------------------------
  General SCF calculation program by
  Eric Jon Sundstrom, Paul Horn, Yuezhi Mao, Dmitri Zuev, Alec White,
  David Stuck, Shaama M.S., Shane Yost, Joonho Lee, David Small,
  Daniel Levine, Susi Lehtola, Hugh Burton, Evgeny Epifanovsky,
  Bang C. Huynh
 -----------------------------------------------------------------------
 Hartree-Fock
 using 10 threads for integral computing
 -------------------------------------------------------
 OpenMP Integral computing Module                
 Release: version 1.0, May 2013, Q-Chem Inc. Pittsburgh 
 -------------------------------------------------------
 A restricted SCF calculation will be
 performed using DIIS
 SCF converges when DIIS error is below 1.0e-08
 ---------------------------------------
  Cycle       Energy         DIIS error
 ---------------------------------------
    1    -153.5011760074      3.34e-02  
    2    -153.3001165395      7.04e-03  
    3    -153.3900008293      4.91e-03  
    4    -153.4399153973      3.51e-04  
    5    -153.4406246991      8.87e-05  
    6    -153.4406729405      3.01e-05  
    7    -153.4406795326      9.66e-06  
    8    -153.4406804357      2.69e-06  
    9    -153.4406804967      3.76e-07  
   10    -153.4406804980      7.60e-08  
   11    -153.4406804981      1.22e-08  
   12    -153.4406804981      1.97e-09  Convergence criterion met
 ---------------------------------------
 SCF time:   CPU 20.06s  wall 2.00s 
 SCF   energy in the final basis set =     -153.4406804981
 Total energy in the final basis set =     -153.4406804981
 
 Components of the MP2 correlation energy:
        aaaa  correlation energy =        -0.0690802704 au
        abab  correlation energy =        -0.4637852456 au
        bbbb  correlation energy =        -0.0690802704 au
        non-Brillouin singles    =        -0.0000000000 au

 Total  MP2   correlation energy =                    -0.60194579 au
        MP2         total energy =                  -154.04262628 au
  Entering Z-vector solver.
 Full subspace dimension requested for CIS/TDDFT
 MAX_CIS_SUBSPACE fits in available memory
   1         0           1      0.000258    0.000258
   2         0           1      0.000080    0.000080
   3         0           1      0.000026    0.000026
   4         0           1      0.000008    0.000008
   5         0           1      0.000002    0.000002
   6         1           0      0.000000    0.000000    Roots Converged
 
 --------------------------------------------------------------
             Orbital Energies (a.u.) and Symmetries
 --------------------------------------------------------------
 
 Alpha MOs, Restricted
 -- Occupied --                  
-20.113 -11.172 -11.171  -0.984  -0.840  -0.726  -0.605  -0.513
  1 A1    2 A1    1 B1    3 A1    4 A1    2 B1    5 A1    6 A1                 
 -0.461  -0.323  -0.192  -0.066  -0.066
  3 B1    1 B2    7 A1    4 B1    2 B2                                         
 -- Virtual --                   
  0.208   0.211   0.242   0.246   0.296   0.409   0.414   0.424
  1 A2    8 A1    9 A1    5 B1    6 B1    7 B1   10 A1   11 A1                 
  0.500   0.525   0.533   0.619   0.641   0.651   0.681   0.693
  3 B2   12 A1   13 A1    2 A2    8 B1   14 A1   15 A1    9 B1                 
  0.721   0.749   0.839   0.882   0.892   0.950   0.958   1.040
  4 B2   10 B1   11 B1    3 A2   16 A1    5 B2   12 B1   17 A1                 
  1.047   1.076   1.091   1.158   1.158   1.230   1.230   1.236
 18 A1   13 B1   19 A1   14 B1    6 B2   15 B1    7 B2    8 B2                 
  1.236   1.282   1.308   1.376   1.399   1.418   1.494   1.518
  4 A2   20 A1    9 B2   16 B1   21 A1    5 A2   22 A1   23 A1                 
  1.532   1.562   1.587   1.652   1.690   1.850   1.854   1.906
 17 B1   24 A1   18 B1   19 B1    6 A2   25 A1   20 B1   26 A1                 
  2.025   2.150   2.150   2.340   2.418   2.448   2.448   2.567
 21 B1   27 A1    7 A2   28 A1   10 B2   22 B1   11 B2   29 A1                 
  2.602   2.618   2.678   2.763   2.795   2.815   2.896   2.970
 30 A1    8 A2   31 A1   32 A1   23 B1   12 B2   24 B1   13 B2                 
  3.119   3.150   3.161   3.163   3.169   3.175   3.207   3.232
 25 B1   14 B2   15 B2   33 A1   34 A1   35 A1    9 A2   36 A1                 
  3.283   3.320   3.392   3.456   3.480   3.481   3.502   3.508
 10 A2   26 B1   37 A1   11 A2   27 B1   12 A2   28 B1   29 B1                 
  3.604   3.631   3.696   3.777   3.870   3.881   3.881   3.930
 16 B2   38 A1   17 B2   39 A1   30 B1   13 A2   40 A1   31 B1                 
  3.967   4.023   4.031   4.061   4.067   4.111   4.165   4.165
 32 B1   14 A2   15 A2   41 A1   42 A1   18 B2   33 B1   19 B2                 
  4.239   4.246   4.247   4.257   4.384   4.405   4.407   4.407
 34 B1   35 B1   43 A1   20 B2   21 B2   16 A2   36 B1   22 B2                 
  4.425   4.524   4.561   4.661   4.696   4.812   4.858   4.858
 44 A1   45 A1   37 B1   17 A2   46 A1   38 B1   39 B1   23 B2                 
  4.868   4.983   5.029   5.083   5.105   5.182   5.271   5.354
 18 A2   24 B2   47 A1   40 B1   48 A1   49 A1   25 B2   50 A1                 
  5.359   5.481   5.497   5.545   5.592   5.618   5.672   6.011
 41 B1   19 A2   42 B1   51 A1   20 A2   52 A1   53 A1   43 B1                 
  6.037   6.037   6.147   6.247   6.247   6.325   6.564   6.928
 44 B1   26 B2   45 B1   21 A2   54 A1   55 A1   46 B1   47 B1                 
  7.203   7.203   7.223   7.223   7.259   7.490   7.490   7.928
 56 A1   22 A2   48 B1   27 B2   57 A1   49 B1   28 B2   58 A1                 
 11.008  11.951  14.803
 59 A1   60 A1   50 B1                                                         
 
 Beta MOs, Restricted
 -- Occupied --                  
-20.113 -11.172 -11.171  -0.984  -0.840  -0.726  -0.605  -0.513
  1 A1    2 A1    1 B1    3 A1    4 A1    2 B1    5 A1    6 A1                 
 -0.461  -0.323  -0.192  -0.066  -0.066
  3 B1    1 B2    7 A1    4 B1    2 B2                                         
 -- Virtual --                   
  0.208   0.211   0.242   0.246   0.296   0.409   0.414   0.424
  1 A2    8 A1    9 A1    5 B1    6 B1    7 B1   10 A1   11 A1                 
  0.500   0.525   0.533   0.619   0.641   0.651   0.681   0.693
  3 B2   12 A1   13 A1    2 A2    8 B1   14 A1   15 A1    9 B1                 
  0.721   0.749   0.839   0.882   0.892   0.950   0.958   1.040
  4 B2   10 B1   11 B1    3 A2   16 A1    5 B2   12 B1   17 A1                 
  1.047   1.076   1.091   1.158   1.158   1.230   1.230   1.236
 18 A1   13 B1   19 A1   14 B1    6 B2   15 B1    7 B2    8 B2                 
  1.236   1.282   1.308   1.376   1.399   1.418   1.494   1.518
  4 A2   20 A1    9 B2   16 B1   21 A1    5 A2   22 A1   23 A1                 
  1.532   1.562   1.587   1.652   1.690   1.850   1.854   1.906
 17 B1   24 A1   18 B1   19 B1    6 A2   25 A1   20 B1   26 A1                 
  2.025   2.150   2.150   2.340   2.418   2.448   2.448   2.567
 21 B1   27 A1    7 A2   28 A1   10 B2   22 B1   11 B2   29 A1                 
  2.602   2.618   2.678   2.763   2.795   2.815   2.896   2.970
 30 A1    8 A2   31 A1   32 A1   23 B1   12 B2   24 B1   13 B2                 
  3.119   3.150   3.161   3.163   3.169   3.175   3.207   3.232
 25 B1   14 B2   15 B2   33 A1   34 A1   35 A1    9 A2   36 A1                 
  3.283   3.320   3.392   3.456   3.480   3.481   3.502   3.508
 10 A2   26 B1   37 A1   11 A2   27 B1   12 A2   28 B1   29 B1                 
  3.604   3.631   3.696   3.777   3.870   3.881   3.881   3.930
 16 B2   38 A1   17 B2   39 A1   30 B1   13 A2   40 A1   31 B1                 
  3.967   4.023   4.031   4.061   4.067   4.111   4.165   4.165
 32 B1   14 A2   15 A2   41 A1   42 A1   18 B2   33 B1   19 B2                 
  4.239   4.246   4.247   4.257   4.384   4.405   4.407   4.407
 34 B1   35 B1   43 A1   20 B2   21 B2   16 A2   36 B1   22 B2                 
  4.425   4.524   4.561   4.661   4.696   4.812   4.858   4.858
 44 A1   45 A1   37 B1   17 A2   46 A1   38 B1   39 B1   23 B2                 
  4.868   4.983   5.029   5.083   5.105   5.182   5.271   5.354
 18 A2   24 B2   47 A1   40 B1   48 A1   49 A1   25 B2   50 A1                 
  5.359   5.481   5.497   5.545   5.592   5.618   5.672   6.011
 41 B1   19 A2   42 B1   51 A1   20 A2   52 A1   53 A1   43 B1                 
  6.037   6.037   6.147   6.247   6.247   6.325   6.564   6.928
 44 B1   26 B2   45 B1   21 A2   54 A1   55 A1   46 B1   47 B1                 
  7.203   7.203   7.223   7.223   7.259   7.490   7.490   7.928
 56 A1   22 A2   48 B1   27 B2   57 A1   49 B1   28 B2   58 A1                 
 11.008  11.951  14.803
 59 A1   60 A1   50 B1                                                         
 --------------------------------------------------------------
 
          Ground-State Mulliken Net Atomic Charges

     Atom                 Charge (a.u.)
  ----------------------------------------
      1 C                    -0.305436
      2 C                    -0.305436
      3 H                     0.163615
      4 H                     0.163615
      5 H                     0.141821
      6 H                     0.141821
      7 O                    -1.111831
      8 H                     0.111831
  ----------------------------------------
  Sum of atomic charges =    -1.000000

 -----------------------------------------------------------------
                    Cartesian Multipole Moments
 -----------------------------------------------------------------
    Charge (ESU x 10^10)
                -4.8032
    Dipole Moment (Debye)
         X       0.0000      Y       0.0000      Z      29.6280
       Tot      29.6280
    Quadrupole Moments (Debye-Ang)
        XX     -21.5882     XY       0.0000     YY     -24.1928
        XZ       0.0000     YZ       0.0000     ZZ    -204.6457
    Octopole Moments (Debye-Ang^2)
       XXX       0.0000    XXY       0.0000    XYY       0.0000
       YYY       0.0000    XXZ       7.6038    XYZ      -0.0000
       YYZ      -1.6728    XZZ       0.0000    YZZ      -0.0000
       ZZZ    1138.6155
    Hexadecapole Moments (Debye-Ang^3)
      XXXX     -76.7724   XXXY       0.0000   XXYY     -17.6561
      XYYY       0.0000   YYYY     -26.2388   XXXZ       0.0000
      XXYZ       0.0000   XYYZ       0.0000   YYYZ       0.0000
      XXZZ    -548.8210   XYZZ       0.0000   YYZZ    -577.0113
      XZZZ       0.0000   YZZZ       0.0000   ZZZZ   -9808.6422
 -----------------------------------------------------------------
 DrvMan is completing analytic gradient of the MP2 energy
 MP2 relaxed dipole moment
            1
    1   0.0000000
    2   0.0000000
    3  11.6565394
	Magnitude:	11.657 au	29.628 Debye
 MP2 energy read as -154.042626
 Full Analytical Gradient of MP2 Energy (in au.)
             1             2             3             4             5
    1   -0.00516251    0.00516251    0.00953674   -0.00953674    0.00964649
    2    0.00000000    0.00000000    0.00000000    0.00000000   -0.00000000
    3    0.00020728    0.00020728   -0.00715856   -0.00715856    0.00698196
             6             7             8
    1   -0.00964649    0.00000000    0.00000000
    2   -0.00000000   -0.00000000    0.00000000
    3    0.00698196    0.02901981   -0.02908117
 Gradient time:  CPU 2.04 s  wall 0.35 s
 Geometry Optimization Parameters
   NAtoms,    NIC,     NZ,  NCons,   NDum,   NFix, NCnnct, MaxDiis
        8      88       0       0       0       7       0       0
**WARNING** Cannot use Internal Coordinates with Fixed Atoms
  Cartesian Optimization Enforced


** GEOMETRY OPTIMIZATION IN CARTESIAN COORDINATES **
   Searching for a Minimum

   Optimization Cycle:   1

                       Coordinates (Angstroms)
     ATOM                X               Y               Z
      1  C        -0.6645000000    0.0000000000    3.6400738729
      2  C         0.6645000000    0.0000000000    3.6400738729
      3  H        -1.1590800000    0.0000000000    2.6777248729
      4  H         1.1590800000    0.0000000000    2.6777248729
      5  H        -1.1590800000    0.0000000000    4.6024218729
      6  H         1.1590800000    0.0000000000    4.6024218729
      7  O         0.0000000000    0.0000000000   -6.3601311075
      8  H         0.0000000000    0.0000000000   -7.3601311075
   Point Group: c2v   Number of degrees of freedom:     7


   Energy is   -154.042626284

            Atoms with "Fixed" Coordinates
                Atom    Coordinates
                     1        X  Y  Z
                     2        X  Y  Z
                     3        X  Y  Z
                     4        X  Y  Z
                     5        X  Y  Z
                     6        X  Y  Z
                     7        X  Y  Z

  1 Hessian modes will be used to form the next step
  Hessian Eigenvalues:
     1.000000

 Minimum search - taking simple RFO step
 Searching for Lamda that Minimizes Along All modes
 Value Taken    Lamda =  -0.00084500
 Step Taken.  Stepsize is  0.029057

                             Maximum     Tolerance    Cnvgd?
         Gradient           0.029081      0.000300      NO
         Displacement       0.025425      0.001200      NO
         Energy change     *********      0.000001      NO

 ----------------------------------------------------------------
             Standard Nuclear Orientation (Angstroms)
    I     Atom           X                Y                Z
 ----------------------------------------------------------------
    1      C      -0.6645000000     0.0000000000     3.6381518608
    2      C       0.6645000000     0.0000000000     3.6381518608
    3      H      -1.1590800000     0.0000000000     2.6758028608
    4      H       1.1590800000     0.0000000000     2.6758028608
    5      H      -1.1590800000     0.0000000000     4.6004998608
    6      H       1.1590800000     0.0000000000     4.6004998608
    7      O       0.0000000000     0.0000000000    -6.3620531196
    8      H       0.0000000000     0.0000000000    -7.3466770224
 ----------------------------------------------------------------
 Molecular Point Group                 C2v   NOp =  4
 Largest Abelian Subgroup              C2v   NOp =  4
 Nuclear Repulsion Energy =          45.42493012 hartrees
 There are       13 alpha and       13 beta electrons
 Applying Cartesian multipole field
    Component          Value
    ---------          -----
     (2,0,0)        1.00000E-10
     (0,2,0)        2.00000E-10
     (0,0,2)       -3.00000E-12
 Nucleus-field energy     =    -0.0000000025 hartrees
 Read the previous MOs as SCF guess

 -----------------------------------------------------------------------
  General SCF calculation program by
  Eric Jon Sundstrom, Paul Horn, Yuezhi Mao, Dmitri Zuev, Alec White,
  David Stuck, Shaama M.S., Shane Yost, Joonho Lee, David Small,
  Daniel Levine, Susi Lehtola, Hugh Burton, Evgeny Epifanovsky,
  Bang C. Huynh
 -----------------------------------------------------------------------
 Requested basis set is non-standard
 There are 60 shells and 160 basis functions
 Hartree-Fock
 A cutoff of  1.0D-14 yielded   1160 shell pairs
 There are      8100 function pairs (     10251 Cartesian)
 Smallest overlap matrix eigenvalue = 6.98E-04
 A restricted SCF calculation will be
 performed using DIIS
 SCF converges when DIIS error is below 1.0e-08
 ---------------------------------------
  Cycle       Energy         DIIS error
 ---------------------------------------
    1    -152.8497812408      1.50e-03  
    2    -153.4413077113      3.75e-04  
    3    -153.4417742938      1.31e-04  
    4    -153.4418351392      4.10e-05  
    5    -153.4418401708      1.38e-05  
    6    -153.4418408450      3.13e-06  
    7    -153.4418409086      8.79e-07  
    8    -153.4418409161      2.35e-07  
    9    -153.4418409166      4.58e-08  
   10    -153.4418409166      7.29e-09  Convergence criterion met
 ---------------------------------------
 SCF time:   CPU 23.70s  wall 2.00s 
 SCF   energy in the final basis set =     -153.4418409166
 Total energy in the final basis set =     -153.4418409166
 
 Components of the MP2 correlation energy:
        aaaa  correlation energy =        -0.0690505173 au
        abab  correlation energy =        -0.4633586737 au
        bbbb  correlation energy =        -0.0690505173 au
        non-Brillouin singles    =        -0.0000000000 au

 Total  MP2   correlation energy =                    -0.60145971 au
        MP2         total energy =                  -154.04330062 au
  Entering Z-vector solver.
 Full subspace dimension requested for CIS/TDDFT
 MAX_CIS_SUBSPACE fits in available memory
   1         0           1      0.000255    0.000255
   2         0           1      0.000077    0.000077
   3         0           1      0.000024    0.000024
   4         0           1      0.000007    0.000007
   5         0           1      0.000002    0.000002
   6         1           0      0.000000    0.000000    Roots Converged
 
 --------------------------------------------------------------
             Orbital Energies (a.u.) and Symmetries
 --------------------------------------------------------------
 
 Alpha MOs, Restricted
 -- Occupied --                  
-20.110 -11.172 -11.171  -0.984  -0.843  -0.726  -0.605  -0.512
  1 A1    2 A1    1 B1    3 A1    4 A1    2 B1    5 A1    6 A1                 
 -0.461  -0.323  -0.195  -0.065  -0.065
  3 B1    1 B2    7 A1    4 B1    2 B2                                         
 -- Virtual --                   
  0.208   0.211   0.242   0.246   0.296   0.409   0.414   0.425
  1 A2    8 A1    9 A1    5 B1    6 B1    7 B1   10 A1   11 A1                 
  0.500   0.525   0.533   0.619   0.641   0.651   0.681   0.693
  3 B2   12 A1   13 A1    2 A2    8 B1   14 A1   15 A1    9 B1                 
  0.721   0.749   0.839   0.882   0.901   0.950   0.958   1.040
  4 B2   10 B1   11 B1    3 A2   16 A1    5 B2   12 B1   17 A1                 
  1.045   1.076   1.091   1.160   1.160   1.233   1.233   1.236
 18 A1   13 B1   19 A1   14 B1    6 B2   15 B1    7 B2    8 B2                 
  1.236   1.283   1.308   1.376   1.400   1.418   1.487   1.518
  4 A2   20 A1    9 B2   16 B1   21 A1    5 A2   22 A1   23 A1                 
  1.532   1.562   1.587   1.652   1.690   1.854   1.871   1.906
 17 B1   24 A1   18 B1   19 B1    6 A2   20 B1   25 A1   26 A1                 
  2.025   2.151   2.151   2.340   2.418   2.456   2.456   2.554
 21 B1   27 A1    7 A2   28 A1   10 B2   22 B1   11 B2   29 A1                 
  2.602   2.618   2.678   2.763   2.795   2.815   2.896   2.970
 30 A1    8 A2   31 A1   32 A1   23 B1   12 B2   24 B1   13 B2                 
  3.119   3.150   3.161   3.163   3.175   3.185   3.207   3.233
 25 B1   14 B2   15 B2   33 A1   34 A1   35 A1    9 A2   36 A1                 
  3.283   3.320   3.392   3.456   3.480   3.481   3.502   3.508
 10 A2   26 B1   37 A1   11 A2   27 B1   12 A2   28 B1   29 B1                 
  3.604   3.631   3.696   3.777   3.870   3.889   3.889   3.931
 16 B2   38 A1   17 B2   39 A1   30 B1   13 A2   40 A1   31 B1                 
  3.967   4.023   4.032   4.061   4.067   4.112   4.174   4.174
 32 B1   14 A2   15 A2   41 A1   42 A1   18 B2   33 B1   19 B2                 
  4.239   4.246   4.247   4.257   4.384   4.405   4.413   4.413
 34 B1   35 B1   43 A1   20 B2   21 B2   16 A2   36 B1   22 B2                 
  4.440   4.525   4.561   4.661   4.696   4.812   4.868   4.872
 44 A1   45 A1   37 B1   17 A2   46 A1   38 B1   18 A2   39 B1                 
  4.872   4.983   5.029   5.083   5.162   5.182   5.271   5.354
 23 B2   24 B2   47 A1   40 B1   48 A1   49 A1   25 B2   50 A1                 
  5.359   5.481   5.497   5.534   5.592   5.618   5.672   6.012
 41 B1   19 A2   42 B1   51 A1   20 A2   52 A1   53 A1   43 B1                 
  6.037   6.037   6.148   6.265   6.265   6.325   6.564   6.928
 44 B1   26 B2   45 B1   21 A2   54 A1   55 A1   46 B1   47 B1                 
  7.205   7.205   7.275   7.275   7.293   7.500   7.500   7.954
 56 A1   22 A2   48 B1   27 B2   57 A1   49 B1   28 B2   58 A1                 
 11.147  11.951  14.804
 59 A1   60 A1   50 B1                                                         
 
 Beta MOs, Restricted
 -- Occupied --                  
-20.110 -11.172 -11.171  -0.984  -0.843  -0.726  -0.605  -0.512
  1 A1    2 A1    1 B1    3 A1    4 A1    2 B1    5 A1    6 A1                 
 -0.461  -0.323  -0.195  -0.065  -0.065
  3 B1    1 B2    7 A1    4 B1    2 B2                                         
 -- Virtual --                   
  0.208   0.211   0.242   0.246   0.296   0.409   0.414   0.425
  1 A2    8 A1    9 A1    5 B1    6 B1    7 B1   10 A1   11 A1                 
  0.500   0.525   0.533   0.619   0.641   0.651   0.681   0.693
  3 B2   12 A1   13 A1    2 A2    8 B1   14 A1   15 A1    9 B1                 
  0.721   0.749   0.839   0.882   0.901   0.950   0.958   1.040
  4 B2   10 B1   11 B1    3 A2   16 A1    5 B2   12 B1   17 A1                 
  1.045   1.076   1.091   1.160   1.160   1.233   1.233   1.236
 18 A1   13 B1   19 A1   14 B1    6 B2   15 B1    7 B2    8 B2                 
  1.236   1.283   1.308   1.376   1.400   1.418   1.487   1.518
  4 A2   20 A1    9 B2   16 B1   21 A1    5 A2   22 A1   23 A1                 
  1.532   1.562   1.587   1.652   1.690   1.854   1.871   1.906
 17 B1   24 A1   18 B1   19 B1    6 A2   20 B1   25 A1   26 A1                 
  2.025   2.151   2.151   2.340   2.418   2.456   2.456   2.554
 21 B1   27 A1    7 A2   28 A1   10 B2   22 B1   11 B2   29 A1                 
  2.602   2.618   2.678   2.763   2.795   2.815   2.896   2.970
 30 A1    8 A2   31 A1   32 A1   23 B1   12 B2   24 B1   13 B2                 
  3.119   3.150   3.161   3.163   3.175   3.185   3.207   3.233
 25 B1   14 B2   15 B2   33 A1   34 A1   35 A1    9 A2   36 A1                 
  3.283   3.320   3.392   3.456   3.480   3.481   3.502   3.508
 10 A2   26 B1   37 A1   11 A2   27 B1   12 A2   28 B1   29 B1                 
  3.604   3.631   3.696   3.777   3.870   3.889   3.889   3.931
 16 B2   38 A1   17 B2   39 A1   30 B1   13 A2   40 A1   31 B1                 
  3.967   4.023   4.032   4.061   4.067   4.112   4.174   4.174
 32 B1   14 A2   15 A2   41 A1   42 A1   18 B2   33 B1   19 B2                 
  4.239   4.246   4.247   4.257   4.384   4.405   4.413   4.413
 34 B1   35 B1   43 A1   20 B2   21 B2   16 A2   36 B1   22 B2                 
  4.440   4.525   4.561   4.661   4.696   4.812   4.868   4.872
 44 A1   45 A1   37 B1   17 A2   46 A1   38 B1   18 A2   39 B1                 
  4.872   4.983   5.029   5.083   5.162   5.182   5.271   5.354
 23 B2   24 B2   47 A1   40 B1   48 A1   49 A1   25 B2   50 A1                 
  5.359   5.481   5.497   5.534   5.592   5.618   5.672   6.012
 41 B1   19 A2   42 B1   51 A1   20 A2   52 A1   53 A1   43 B1                 
  6.037   6.037   6.148   6.265   6.265   6.325   6.564   6.928
 44 B1   26 B2   45 B1   21 A2   54 A1   55 A1   46 B1   47 B1                 
  7.205   7.205   7.275   7.275   7.293   7.500   7.500   7.954
 56 A1   22 A2   48 B1   27 B2   57 A1   49 B1   28 B2   58 A1                 
 11.147  11.951  14.804
 59 A1   60 A1   50 B1                                                         
 --------------------------------------------------------------
 
          Ground-State Mulliken Net Atomic Charges

     Atom                 Charge (a.u.)
  ----------------------------------------
      1 C                    -0.305442
      2 C                    -0.305442
      3 H                     0.163634
      4 H                     0.163634
      5 H                     0.141808
      6 H                     0.141808
      7 O                    -1.115201
      8 H                     0.115201
  ----------------------------------------
  Sum of atomic charges =    -1.000000

 -----------------------------------------------------------------
                    Cartesian Multipole Moments
 -----------------------------------------------------------------
    Charge (ESU x 10^10)
                -4.8032
    Dipole Moment (Debye)
         X      -0.0000      Y       0.0000      Z      29.6006
       Tot      29.6006
    Quadrupole Moments (Debye-Ang)
        XX     -21.5663     XY       0.0000     YY     -24.1709
        XZ      -0.0000     YZ       0.0000     ZZ    -204.2719
    Octopole Moments (Debye-Ang^2)
       XXX      -0.0000    XXY       0.0000    XYY      -0.0000
       YYY       0.0000    XXZ       7.4603    XYZ      -0.0000
       YYZ      -1.8111    XZZ      -0.0000    YZZ       0.0000
       ZZZ    1134.7320
    Hexadecapole Moments (Debye-Ang^3)
      XXXX     -76.7344   XXXY       0.0000   XXYY     -17.6435
      XYYY       0.0000   YYYY     -26.2008   XXXZ      -0.0000
      XXYZ       0.0000   XYYZ      -0.0000   YYYZ       0.0000
      XXZZ    -547.3290   XYZZ       0.0000   YYZZ    -575.4815
      XZZZ      -0.0000   YZZZ       0.0000   ZZZZ   -9769.9405
 -----------------------------------------------------------------
 DrvMan is completing analytic gradient of the MP2 energy
 MP2 relaxed dipole moment
            1
    1  -0.0000000
    2   0.0000000
    3  11.6457787
	Magnitude:	11.646 au	29.601 Debye
 MP2 energy read as -154.043301
 Full Analytical Gradient of MP2 Energy (in au.)
             1             2             3             4             5
    1   -0.00516099    0.00516099    0.00953643   -0.00953643    0.00964636
    2    0.00000000   -0.00000000    0.00000000   -0.00000000    0.00000000
    3    0.00020753    0.00020753   -0.00715830   -0.00715830    0.00698154
             6             7             8
    1   -0.00964636   -0.00000000   -0.00000000
    2    0.00000000    0.00000000   -0.00000000
    3    0.00698154    0.01701869   -0.01708022
 Gradient time:  CPU 1.60 s  wall 0.16 s
 Geometry Optimization Parameters
   NAtoms,    NIC,     NZ,  NCons,   NDum,   NFix, NCnnct, MaxDiis
        8      88       0       0       0       7       0       0

 Cartesian Hessian Update
 Hessian updated using BFGS update


** GEOMETRY OPTIMIZATION IN CARTESIAN COORDINATES **
   Searching for a Minimum

   Optimization Cycle:   2

                       Coordinates (Angstroms)
     ATOM                X               Y               Z
      1  C        -0.6645000000    0.0000000000    3.6381518608
      2  C         0.6645000000    0.0000000000    3.6381518608
      3  H        -1.1590800000    0.0000000000    2.6758028608
      4  H         1.1590800000    0.0000000000    2.6758028608
      5  H        -1.1590800000    0.0000000000    4.6004998608
      6  H         1.1590800000    0.0000000000    4.6004998608
      7  O         0.0000000000    0.0000000000   -6.3620531196
      8  H         0.0000000000    0.0000000000   -7.3466770224
   Point Group: c2v   Number of degrees of freedom:     7


   Energy is   -154.043300625

            Atoms with "Fixed" Coordinates
                Atom    Coordinates
                     1        X  Y  Z
                     2        X  Y  Z
                     3        X  Y  Z
                     4        X  Y  Z
                     5        X  Y  Z
                     6        X  Y  Z
                     7        X  Y  Z

  1 Hessian modes will be used to form the next step
  Hessian Eigenvalues:
     0.472022

 Minimum search - taking simple RFO step
 Searching for Lamda that Minimizes Along All modes
 Value Taken    Lamda =  -0.00061724
 Step Taken.  Stepsize is  0.036138

                             Maximum     Tolerance    Cnvgd?
         Gradient           0.017080      0.000300      NO
         Displacement       0.031621      0.001200      NO
         Energy change     -0.000674      0.000001      NO

 ----------------------------------------------------------------
             Standard Nuclear Orientation (Angstroms)
    I     Atom           X                Y                Z
 ----------------------------------------------------------------
    1      C      -0.6645000000     0.0000000000     3.6357614391
    2      C       0.6645000000     0.0000000000     3.6357614391
    3      H      -1.1590800000     0.0000000000     2.6734124391
    4      H       1.1590800000     0.0000000000     2.6734124391
    5      H      -1.1590800000     0.0000000000     4.5981094391
    6      H       1.1590800000     0.0000000000     4.5981094391
    7      O       0.0000000000     0.0000000000    -6.3644435413
    8      H       0.0000000000     0.0000000000    -7.3299440706
 ----------------------------------------------------------------
 Molecular Point Group                 C2v   NOp =  4
 Largest Abelian Subgroup              C2v   NOp =  4
 Nuclear Repulsion Energy =          45.51143008 hartrees
 There are       13 alpha and       13 beta electrons
 Applying Cartesian multipole field
    Component          Value
    ---------          -----
     (2,0,0)        1.00000E-10
     (0,2,0)        2.00000E-10
     (0,0,2)       -3.00000E-12
 Nucleus-field energy     =    -0.0000000025 hartrees
 Read the previous MOs as SCF guess

 -----------------------------------------------------------------------
  General SCF calculation program by
  Eric Jon Sundstrom, Paul Horn, Yuezhi Mao, Dmitri Zuev, Alec White,
  David Stuck, Shaama M.S., Shane Yost, Joonho Lee, David Small,
  Daniel Levine, Susi Lehtola, Hugh Burton, Evgeny Epifanovsky,
  Bang C. Huynh
 -----------------------------------------------------------------------
 Requested basis set is non-standard
 There are 60 shells and 160 basis functions
 Hartree-Fock
 A cutoff of  1.0D-14 yielded   1160 shell pairs
 There are      8100 function pairs (     10251 Cartesian)
 Smallest overlap matrix eigenvalue = 6.98E-04
 A restricted SCF calculation will be
 performed using DIIS
 SCF converges when DIIS error is below 1.0e-08
 ---------------------------------------
  Cycle       Energy         DIIS error
 ---------------------------------------
    1    -152.8528203403      1.52e-03  
    2    -153.4422630419      3.73e-04  
    3    -153.4427242226      1.29e-04  
    4    -153.4427824471      3.90e-05  
    5    -153.4427870190      1.33e-05  
    6    -153.4427875874      2.59e-06  
    7    -153.4427876253      6.40e-07  
    8    -153.4427876285      1.78e-07  
    9    -153.4427876289      3.88e-08  
   10    -153.4427876289      7.09e-09  Convergence criterion met
 ---------------------------------------
 SCF time:   CPU 22.98s  wall 3.00s 
 SCF   energy in the final basis set =     -153.4427876289
 Total energy in the final basis set =     -153.4427876289
 
 Components of the MP2 correlation energy:
        aaaa  correlation energy =        -0.0690063944 au
        abab  correlation energy =        -0.4628196067 au
        bbbb  correlation energy =        -0.0690063944 au
        non-Brillouin singles    =        -0.0000000000 au

 Total  MP2   correlation energy =                    -0.60083240 au
        MP2         total energy =                  -154.04362002 au
  Entering Z-vector solver.
 Full subspace dimension requested for CIS/TDDFT
 MAX_CIS_SUBSPACE fits in available memory
   1         0           1      0.000251    0.000251
   2         0           1      0.000072    0.000072
   3         0           1      0.000022    0.000022
   4         0           1      0.000006    0.000006
   5         0           1      0.000002    0.000002
   6         1           0      0.000000    0.000000    Roots Converged
 
 --------------------------------------------------------------
             Orbital Energies (a.u.) and Symmetries
 --------------------------------------------------------------
 
 Alpha MOs, Restricted
 -- Occupied --                  
-20.106 -11.172 -11.170  -0.984  -0.847  -0.726  -0.605  -0.512
  1 A1    2 A1    1 B1    3 A1    4 A1    2 B1    5 A1    6 A1                 
 -0.461  -0.323  -0.198  -0.064  -0.064
  3 B1    1 B2    7 A1    4 B1    2 B2                                         
 -- Virtual --                   
  0.208   0.211   0.242   0.246   0.296   0.409   0.414   0.425
  1 A2    8 A1    9 A1    5 B1    6 B1    7 B1   10 A1   11 A1                 
  0.500   0.525   0.533   0.619   0.641   0.651   0.681   0.693
  3 B2   12 A1   13 A1    2 A2    8 B1   14 A1   15 A1    9 B1                 
  0.721   0.749   0.839   0.882   0.911   0.950   0.958   1.040
  4 B2   10 B1   11 B1    3 A2   16 A1    5 B2   12 B1   17 A1                 
  1.044   1.076   1.092   1.161   1.161   1.236   1.237   1.237
 18 A1   13 B1   19 A1   14 B1    6 B2    7 B2    4 A2   15 B1                 
  1.237   1.283   1.308   1.376   1.400   1.418   1.479   1.518
  8 B2   20 A1    9 B2   16 B1   21 A1    5 A2   22 A1   23 A1                 
  1.532   1.562   1.587   1.652   1.690   1.854   1.898   1.906
 17 B1   24 A1   18 B1   19 B1    6 A2   20 B1   25 A1   26 A1                 
  2.025   2.152   2.152   2.340   2.418   2.466   2.466   2.540
 21 B1   27 A1    7 A2   28 A1   10 B2   22 B1   11 B2   29 A1                 
  2.602   2.618   2.678   2.763   2.795   2.816   2.896   2.970
 30 A1    8 A2   31 A1   32 A1   23 B1   12 B2   24 B1   13 B2                 
  3.119   3.150   3.161   3.163   3.175   3.205   3.207   3.233
 25 B1   14 B2   15 B2   33 A1   34 A1   35 A1    9 A2   36 A1                 
  3.283   3.321   3.392   3.456   3.480   3.481   3.502   3.508
 10 A2   26 B1   37 A1   11 A2   27 B1   12 A2   28 B1   29 B1                 
  3.605   3.631   3.696   3.777   3.870   3.899   3.899   3.931
 16 B2   38 A1   17 B2   39 A1   30 B1   13 A2   40 A1   31 B1                 
  3.967   4.023   4.032   4.061   4.067   4.112   4.183   4.183
 32 B1   14 A2   15 A2   41 A1   42 A1   18 B2   33 B1   19 B2                 
  4.239   4.246   4.247   4.257   4.384   4.405   4.423   4.423
 34 B1   35 B1   43 A1   20 B2   21 B2   16 A2   36 B1   22 B2                 
  4.458   4.525   4.561   4.661   4.696   4.812   4.868   4.890
 44 A1   45 A1   37 B1   17 A2   46 A1   38 B1   18 A2   39 B1                 
  4.890   4.983   5.029   5.083   5.182   5.233   5.271   5.354
 23 B2   24 B2   47 A1   40 B1   48 A1   49 A1   25 B2   50 A1                 
  5.359   5.481   5.497   5.523   5.592   5.618   5.672   6.012
 41 B1   19 A2   42 B1   51 A1   20 A2   52 A1   53 A1   43 B1                 
  6.038   6.038   6.148   6.288   6.288   6.325   6.564   6.928
 44 B1   26 B2   45 B1   21 A2   54 A1   55 A1   46 B1   47 B1                 
  7.207   7.207   7.330   7.330   7.339   7.521   7.521   7.988
 56 A1   22 A2   48 B1   27 B2   57 A1   49 B1   28 B2   58 A1                 
 11.324  11.951  14.804
 59 A1   60 A1   50 B1                                                         
 
 Beta MOs, Restricted
 -- Occupied --                  
-20.106 -11.172 -11.170  -0.984  -0.847  -0.726  -0.605  -0.512
  1 A1    2 A1    1 B1    3 A1    4 A1    2 B1    5 A1    6 A1                 
 -0.461  -0.323  -0.198  -0.064  -0.064
  3 B1    1 B2    7 A1    4 B1    2 B2                                         
 -- Virtual --                   
  0.208   0.211   0.242   0.246   0.296   0.409   0.414   0.425
  1 A2    8 A1    9 A1    5 B1    6 B1    7 B1   10 A1   11 A1                 
  0.500   0.525   0.533   0.619   0.641   0.651   0.681   0.693
  3 B2   12 A1   13 A1    2 A2    8 B1   14 A1   15 A1    9 B1                 
  0.721   0.749   0.839   0.882   0.911   0.950   0.958   1.040
  4 B2   10 B1   11 B1    3 A2   16 A1    5 B2   12 B1   17 A1                 
  1.044   1.076   1.092   1.161   1.161   1.236   1.237   1.237
 18 A1   13 B1   19 A1   14 B1    6 B2    7 B2    4 A2   15 B1                 
  1.237   1.283   1.308   1.376   1.400   1.418   1.479   1.518
  8 B2   20 A1    9 B2   16 B1   21 A1    5 A2   22 A1   23 A1                 
  1.532   1.562   1.587   1.652   1.690   1.854   1.898   1.906
 17 B1   24 A1   18 B1   19 B1    6 A2   20 B1   25 A1   26 A1                 
  2.025   2.152   2.152   2.340   2.418   2.466   2.466   2.540
 21 B1   27 A1    7 A2   28 A1   10 B2   22 B1   11 B2   29 A1                 
  2.602   2.618   2.678   2.763   2.795   2.816   2.896   2.970
 30 A1    8 A2   31 A1   32 A1   23 B1   12 B2   24 B1   13 B2                 
  3.119   3.150   3.161   3.163   3.175   3.205   3.207   3.233
 25 B1   14 B2   15 B2   33 A1   34 A1   35 A1    9 A2   36 A1                 
  3.283   3.321   3.392   3.456   3.480   3.481   3.502   3.508
 10 A2   26 B1   37 A1   11 A2   27 B1   12 A2   28 B1   29 B1                 
  3.605   3.631   3.696   3.777   3.870   3.899   3.899   3.931
 16 B2   38 A1   17 B2   39 A1   30 B1   13 A2   40 A1   31 B1                 
  3.967   4.023   4.032   4.061   4.067   4.112   4.183   4.183
 32 B1   14 A2   15 A2   41 A1   42 A1   18 B2   33 B1   19 B2                 
  4.239   4.246   4.247   4.257   4.384   4.405   4.423   4.423
 34 B1   35 B1   43 A1   20 B2   21 B2   16 A2   36 B1   22 B2                 
  4.458   4.525   4.561   4.661   4.696   4.812   4.868   4.890
 44 A1   45 A1   37 B1   17 A2   46 A1   38 B1   18 A2   39 B1                 
  4.890   4.983   5.029   5.083   5.182   5.233   5.271   5.354
 23 B2   24 B2   47 A1   40 B1   48 A1   49 A1   25 B2   50 A1                 
  5.359   5.481   5.497   5.523   5.592   5.618   5.672   6.012
 41 B1   19 A2   42 B1   51 A1   20 A2   52 A1   53 A1   43 B1                 
  6.038   6.038   6.148   6.288   6.288   6.325   6.564   6.928
 44 B1   26 B2   45 B1   21 A2   54 A1   55 A1   46 B1   47 B1                 
  7.207   7.207   7.330   7.330   7.339   7.521   7.521   7.988
 56 A1   22 A2   48 B1   27 B2   57 A1   49 B1   28 B2   58 A1                 
 11.324  11.951  14.804
 59 A1   60 A1   50 B1                                                         
 --------------------------------------------------------------
 
          Ground-State Mulliken Net Atomic Charges

     Atom                 Charge (a.u.)
  ----------------------------------------
      1 C                    -0.305450
      2 C                    -0.305450
      3 H                     0.163657
      4 H                     0.163657
      5 H                     0.141793
      6 H                     0.141793
      7 O                    -1.118731
      8 H                     0.118731
  ----------------------------------------
  Sum of atomic charges =    -1.000000

 -----------------------------------------------------------------
                    Cartesian Multipole Moments
 -----------------------------------------------------------------
    Charge (ESU x 10^10)
                -4.8032
    Dipole Moment (Debye)
         X      -0.0000      Y       0.0000      Z      29.5675
       Tot      29.5675
    Quadrupole Moments (Debye-Ang)
        XX     -21.5391     XY      -0.0000     YY     -24.1437
        XZ      -0.0000     YZ       0.0000     ZZ    -203.8195
    Octopole Moments (Debye-Ang^2)
       XXX      -0.0000    XXY       0.0000    XYY      -0.0000
       YYY       0.0000    XXZ       7.2829    XYZ      -0.0000
       YYZ      -1.9819    XZZ      -0.0000    YZZ       0.0000
       ZZZ    1130.0427
    Hexadecapole Moments (Debye-Ang^3)
      XXXX     -76.6883   XXXY       0.0000   XXYY     -17.6281
      XYYY      -0.0000   YYYY     -26.1546   XXXZ      -0.0000
      XXYZ       0.0000   XYYZ      -0.0000   YYYZ       0.0000
      XXZZ    -545.4878   XYZZ      -0.0000   YYZZ    -573.5935
      XZZZ      -0.0000   YZZZ       0.0000   ZZZZ   -9723.2306
 -----------------------------------------------------------------
 DrvMan is completing analytic gradient of the MP2 energy
 MP2 relaxed dipole moment
            1
    1  -0.0000000
    2   0.0000000
    3  11.6327369
	Magnitude:	11.633 au	29.567 Debye
 MP2 energy read as -154.043620
 Full Analytical Gradient of MP2 Energy (in au.)
             1             2             3             4             5
    1   -0.00515889    0.00515889    0.00953602   -0.00953602    0.00964619
    2    0.00000000   -0.00000000    0.00000000   -0.00000000    0.00000000
    3    0.00020784    0.00020784   -0.00715800   -0.00715800    0.00698103
             6             7             8
    1   -0.00964619    0.00000000   -0.00000000
    2   -0.00000000   -0.00000000    0.00000000
    3    0.00698103    0.00011634   -0.00017808
 Gradient time:  CPU 1.45 s  wall 0.14 s
 Geometry Optimization Parameters
   NAtoms,    NIC,     NZ,  NCons,   NDum,   NFix, NCnnct, MaxDiis
        8      88       0       0       0       7       0       0

 Cartesian Hessian Update
 Hessian updated using BFGS update


** GEOMETRY OPTIMIZATION IN CARTESIAN COORDINATES **
   Searching for a Minimum

   Optimization Cycle:   3

                       Coordinates (Angstroms)
     ATOM                X               Y               Z
      1  C        -0.6645000000    0.0000000000    3.6357614391
      2  C         0.6645000000    0.0000000000    3.6357614391
      3  H        -1.1590800000    0.0000000000    2.6734124391
      4  H         1.1590800000    0.0000000000    2.6734124391
      5  H        -1.1590800000    0.0000000000    4.5981094391
      6  H         1.1590800000    0.0000000000    4.5981094391
      7  O         0.0000000000    0.0000000000   -6.3644435413
      8  H         0.0000000000    0.0000000000   -7.3299440706
   Point Group: c2v   Number of degrees of freedom:     7


   Energy is   -154.043620024

            Atoms with "Fixed" Coordinates
                Atom    Coordinates
                     1        X  Y  Z
                     2        X  Y  Z
                     3        X  Y  Z
                     4        X  Y  Z
                     5        X  Y  Z
                     6        X  Y  Z
                     7        X  Y  Z

  1 Hessian modes will be used to form the next step
  Hessian Eigenvalues:
     0.534528

 Minimum search - taking simple RFO step
 Searching for Lamda that Minimizes Along All modes
 Value Taken    Lamda =  -0.00000006
 Step Taken.  Stepsize is  0.000333

                             Maximum     Tolerance    Cnvgd?
         Gradient           0.000178      0.000300     YES
         Displacement       0.000292      0.001200     YES
         Energy change     -0.000319      0.000001      NO


                       Distance Matrix (Angstroms)
             C (  1)   C (  2)   H (  3)   H (  4)   H (  5)   H (  6)
   C (  2)  1.329000
   H (  3)  1.082000  2.061931
   H (  4)  2.061931  1.082000  2.318160
   H (  5)  1.082000  2.061931  1.924697  3.013026
   H (  6)  2.061931  1.082000  3.013026  1.924697  2.318160
   O (  7) 10.022258 10.022258  9.111877  9.111877 11.023658 11.023658
   H (  8) 10.985821 10.985821 10.070283 10.070283 11.984237 11.984237
             O (  7)
   H (  8)  0.965501
 
 Final energy is   -154.043620024298     


 ******************************
 **  OPTIMIZATION CONVERGED  **
 ******************************

                       Coordinates (Angstroms)
     ATOM                X               Y               Z
      1  C        -0.6645000000    0.0000000000    3.6357614391
      2  C         0.6645000000    0.0000000000    3.6357614391
      3  H        -1.1590800000    0.0000000000    2.6734124391
      4  H         1.1590800000    0.0000000000    2.6734124391
      5  H        -1.1590800000    0.0000000000    4.5981094391
      6  H         1.1590800000    0.0000000000    4.5981094391
      7  O         0.0000000000    0.0000000000   -6.3644435413
      8  H         0.0000000000    0.0000000000   -7.3299440706

Z-matrix Print:
$molecule
-1 1
C 
H  1 1.082000
H  1 1.082000 2 125.599995
C  1 1.329000 2 117.200015 3 -180.000000 0
H  4 1.082000 1 117.200015 2 -0.000000 0
H  4 1.082000 1 117.199990 2 -180.000000 0
O  6 9.111877 4 145.491877 1 -0.000000 0
H  7 0.965501 6 172.691867 4 -180.000000 0
$end

 
 --------------------------------------------------------------
             Orbital Energies (a.u.) and Symmetries
 --------------------------------------------------------------
 
 Alpha MOs, Restricted
 -- Occupied --                  
-20.106 -11.172 -11.170  -0.984  -0.847  -0.726  -0.605  -0.512
  1 A1    2 A1    1 B1    3 A1    4 A1    2 B1    5 A1    6 A1                 
 -0.461  -0.323  -0.198  -0.064  -0.064
  3 B1    1 B2    7 A1    4 B1    2 B2                                         
 -- Virtual --                   
  0.208   0.211   0.242   0.246   0.296   0.409   0.414   0.425
  1 A2    8 A1    9 A1    5 B1    6 B1    7 B1   10 A1   11 A1                 
  0.500   0.525   0.533   0.619   0.641   0.651   0.681   0.693
  3 B2   12 A1   13 A1    2 A2    8 B1   14 A1   15 A1    9 B1                 
  0.721   0.749   0.839   0.882   0.911   0.950   0.958   1.040
  4 B2   10 B1   11 B1    3 A2   16 A1    5 B2   12 B1   17 A1                 
  1.044   1.076   1.092   1.161   1.161   1.236   1.237   1.237
 18 A1   13 B1   19 A1   14 B1    6 B2    7 B2    4 A2   15 B1                 
  1.237   1.283   1.308   1.376   1.400   1.418   1.479   1.518
  8 B2   20 A1    9 B2   16 B1   21 A1    5 A2   22 A1   23 A1                 
  1.532   1.562   1.587   1.652   1.690   1.854   1.898   1.906
 17 B1   24 A1   18 B1   19 B1    6 A2   20 B1   25 A1   26 A1                 
  2.025   2.152   2.152   2.340   2.418   2.466   2.466   2.540
 21 B1   27 A1    7 A2   28 A1   10 B2   22 B1   11 B2   29 A1                 
  2.602   2.618   2.678   2.763   2.795   2.816   2.896   2.970
 30 A1    8 A2   31 A1   32 A1   23 B1   12 B2   24 B1   13 B2                 
  3.119   3.150   3.161   3.163   3.175   3.205   3.207   3.233
 25 B1   14 B2   15 B2   33 A1   34 A1   35 A1    9 A2   36 A1                 
  3.283   3.321   3.392   3.456   3.480   3.481   3.502   3.508
 10 A2   26 B1   37 A1   11 A2   27 B1   12 A2   28 B1   29 B1                 
  3.605   3.631   3.696   3.777   3.870   3.899   3.899   3.931
 16 B2   38 A1   17 B2   39 A1   30 B1   13 A2   40 A1   31 B1                 
  3.967   4.023   4.032   4.061   4.067   4.112   4.183   4.183
 32 B1   14 A2   15 A2   41 A1   42 A1   18 B2   33 B1   19 B2                 
  4.239   4.246   4.247   4.257   4.384   4.405   4.423   4.423
 34 B1   35 B1   43 A1   20 B2   21 B2   16 A2   36 B1   22 B2                 
  4.458   4.525   4.561   4.661   4.696   4.812   4.868   4.890
 44 A1   45 A1   37 B1   17 A2   46 A1   38 B1   18 A2   39 B1                 
  4.890   4.983   5.029   5.083   5.182   5.233   5.271   5.354
 23 B2   24 B2   47 A1   40 B1   48 A1   49 A1   25 B2   50 A1                 
  5.359   5.481   5.497   5.523   5.592   5.618   5.672   6.012
 41 B1   19 A2   42 B1   51 A1   20 A2   52 A1   53 A1   43 B1                 
  6.038   6.038   6.148   6.288   6.288   6.325   6.564   6.928
 44 B1   26 B2   45 B1   21 A2   54 A1   55 A1   46 B1   47 B1                 
  7.207   7.207   7.330   7.330   7.339   7.521   7.521   7.988
 56 A1   22 A2   48 B1   27 B2   57 A1   49 B1   28 B2   58 A1                 
 11.324  11.951  14.804
 59 A1   60 A1   50 B1                                                         
 
 Beta MOs, Restricted
 -- Occupied --                  
-20.106 -11.172 -11.170  -0.984  -0.847  -0.726  -0.605  -0.512
  1 A1    2 A1    1 B1    3 A1    4 A1    2 B1    5 A1    6 A1                 
 -0.461  -0.323  -0.198  -0.064  -0.064
  3 B1    1 B2    7 A1    4 B1    2 B2                                         
 -- Virtual --                   
  0.208   0.211   0.242   0.246   0.296   0.409   0.414   0.425
  1 A2    8 A1    9 A1    5 B1    6 B1    7 B1   10 A1   11 A1                 
  0.500   0.525   0.533   0.619   0.641   0.651   0.681   0.693
  3 B2   12 A1   13 A1    2 A2    8 B1   14 A1   15 A1    9 B1                 
  0.721   0.749   0.839   0.882   0.911   0.950   0.958   1.040
  4 B2   10 B1   11 B1    3 A2   16 A1    5 B2   12 B1   17 A1                 
  1.044   1.076   1.092   1.161   1.161   1.236   1.237   1.237
 18 A1   13 B1   19 A1   14 B1    6 B2    7 B2    4 A2   15 B1                 
  1.237   1.283   1.308   1.376   1.400   1.418   1.479   1.518
  8 B2   20 A1    9 B2   16 B1   21 A1    5 A2   22 A1   23 A1                 
  1.532   1.562   1.587   1.652   1.690   1.854   1.898   1.906
 17 B1   24 A1   18 B1   19 B1    6 A2   20 B1   25 A1   26 A1                 
  2.025   2.152   2.152   2.340   2.418   2.466   2.466   2.540
 21 B1   27 A1    7 A2   28 A1   10 B2   22 B1   11 B2   29 A1                 
  2.602   2.618   2.678   2.763   2.795   2.816   2.896   2.970
 30 A1    8 A2   31 A1   32 A1   23 B1   12 B2   24 B1   13 B2                 
  3.119   3.150   3.161   3.163   3.175   3.205   3.207   3.233
 25 B1   14 B2   15 B2   33 A1   34 A1   35 A1    9 A2   36 A1                 
  3.283   3.321   3.392   3.456   3.480   3.481   3.502   3.508
 10 A2   26 B1   37 A1   11 A2   27 B1   12 A2   28 B1   29 B1                 
  3.605   3.631   3.696   3.777   3.870   3.899   3.899   3.931
 16 B2   38 A1   17 B2   39 A1   30 B1   13 A2   40 A1   31 B1                 
  3.967   4.023   4.032   4.061   4.067   4.112   4.183   4.183
 32 B1   14 A2   15 A2   41 A1   42 A1   18 B2   33 B1   19 B2                 
  4.239   4.246   4.247   4.257   4.384   4.405   4.423   4.423
 34 B1   35 B1   43 A1   20 B2   21 B2   16 A2   36 B1   22 B2                 
  4.458   4.525   4.561   4.661   4.696   4.812   4.868   4.890
 44 A1   45 A1   37 B1   17 A2   46 A1   38 B1   18 A2   39 B1                 
  4.890   4.983   5.029   5.083   5.182   5.233   5.271   5.354
 23 B2   24 B2   47 A1   40 B1   48 A1   49 A1   25 B2   50 A1                 
  5.359   5.481   5.497   5.523   5.592   5.618   5.672   6.012
 41 B1   19 A2   42 B1   51 A1   20 A2   52 A1   53 A1   43 B1                 
  6.038   6.038   6.148   6.288   6.288   6.325   6.564   6.928
 44 B1   26 B2   45 B1   21 A2   54 A1   55 A1   46 B1   47 B1                 
  7.207   7.207   7.330   7.330   7.339   7.521   7.521   7.988
 56 A1   22 A2   48 B1   27 B2   57 A1   49 B1   28 B2   58 A1                 
 11.324  11.951  14.804
 59 A1   60 A1   50 B1                                                         
 --------------------------------------------------------------
 
          Ground-State Mulliken Net Atomic Charges

     Atom                 Charge (a.u.)
  ----------------------------------------
      1 C                    -0.305450
      2 C                    -0.305450
      3 H                     0.163657
      4 H                     0.163657
      5 H                     0.141793
      6 H                     0.141793
      7 O                    -1.118731
      8 H                     0.118731
  ----------------------------------------
  Sum of atomic charges =    -1.000000

 -----------------------------------------------------------------
                    Cartesian Multipole Moments
 -----------------------------------------------------------------
    Charge (ESU x 10^10)
                -4.8032
    Dipole Moment (Debye)
         X      -0.0000      Y       0.0000      Z      29.5675
       Tot      29.5675
    Quadrupole Moments (Debye-Ang)
        XX     -21.5391     XY      -0.0000     YY     -24.1437
        XZ      -0.0000     YZ       0.0000     ZZ    -203.8195
    Octopole Moments (Debye-Ang^2)
       XXX      -0.0000    XXY       0.0000    XYY      -0.0000
       YYY       0.0000    XXZ       7.2829    XYZ      -0.0000
       YYZ      -1.9819    XZZ      -0.0000    YZZ       0.0000
       ZZZ    1130.0427
    Hexadecapole Moments (Debye-Ang^3)
      XXXX     -76.6883   XXXY       0.0000   XXYY     -17.6281
      XYYY      -0.0000   YYYY     -26.1546   XXXZ      -0.0000
      XXYZ       0.0000   XYYZ      -0.0000   YYYZ       0.0000
      XXZZ    -545.4878   XYZZ      -0.0000   YYZZ    -573.5935
      XZZZ      -0.0000   YZZZ       0.0000   ZZZZ   -9723.2306
 -----------------------------------------------------------------
 Total job time:  47.49s(wall), 266.02s(cpu) 
 Tue Mar  1 14:29:47 2022

        *************************************************************
        *                                                           *
        *  Thank you very much for using Q-Chem.  Have a nice day.  *
        *                                                           *
        *************************************************************


