                  Welcome to Q-Chem
     A Quantum Leap Into The Future Of Chemistry


 Q-Chem 5.4 (devel), Q-Chem, Inc., Pleasanton, CA (2021)

 E. Epifanovsky,  A. T. B. Gilbert,  Xintian Feng,  Joonho Lee,  Yuezhi Mao,  
 N. Mardirossian,  P. Pokhilko,  A. White,  M. Wormit,  M. P. Coons,  
 A. L. Dempwolff,  Zhengting Gan,  D. Hait,  P. R. Horn,  L. D. Jacobson,  
 I. Kaliman,  J. Kussmann,  A. W. Lange,  Ka Un Lao,  D. S. Levine,  Jie Liu,  
 S. C. McKenzie,  A. F. Morrison,  K. Nanda,  F. Plasser,  D. R. Rehn,  
 M. L. Vidal,  Zhi-Qiang You,  Ying Zhu,  B. Alam,  B. Albrecht,  
 A. Aldossary,  E. Alguire,  J. H. Andersen,  D. Barton,  K. Begam,  A. Behn,  
 Y. A. Bernard,  E. J. Berquist,  H. Burton,  A. Carreras,  K. Carter-Fenk,  
 R. Chakraborty,  A. D. Chien,  K. D. Closser,  V. Cofer-Shabica,  
 S. Dasgupta,  Jia Deng,  M. de Wergifosse,  M. Diedenhofen,  Hainam Do,  
 S. Ehlert,  Po-Tung Fang,  S. Fatehi,  Qingguo Feng,  T. Friedhoff,  
 J. Gayvert,  Qinghui Ge,  G. Gidofalvi,  M. Goldey,  J. Gomes,  
 C. Gonzalez-Espinoza,  S. Gulania,  A. Gunina,  M. W. D. Hanson-Heine,  
 P. H. P. Harbach,  A. W. Hauser,  M. F. Herbst,  M. Hernandez Vera,  
 M. Hodecker,  Z. C. Holden,  S. Houck,  Xunkun Huang,  Kerwin Hui,  
 B. C. Huynh,  M. Ivanov,  Hyunjun Ji,  Hanjie Jiang,  B. Kaduk,  S. Kaehler,  
 K. Khistyaev,  Jaehoon Kim,  P. Klunzinger,  Z. Koczor-Benda,  
 Joong Hoon Koh,  D. Kosenkov,  L. Koulias,  T. Kowalczyk,  C. M. Krauter,  
 K. Kue,  A. Kunitsa,  T. Kus,  A. Landau,  K. V. Lawler,  D. Lefrancois,  
 S. Lehtola,  Rain Li,  Yi-Pei Li,  Jiashu Liang,  M. Liebenthal,  
 Hung-Hsuan Lin,  You-Sheng Lin,  Fenglai Liu,  Kuan-Yu Liu,  
 M. Loipersberger,  A. Luenser,  A. Manjanath,  P. Manohar,  E. Mansoor,  
 S. F. Manzer,  Shan-Ping Mao,  A. V. Marenich,  T. Markovich,  S. Mason,  
 S. A. Maurer,  P. F. McLaughlin,  M. F. S. J. Menger,  J.-M. Mewes,  
 S. A. Mewes,  P. Morgante,  J. W. Mullinax,  K. J. Oosterbaan,  G. Paran,  
 Alexander C. Paul,  Suranjan K. Paul,  F. Pavosevic,  Zheng Pei,  S. Prager,  
 E. I. Proynov,  E. Ramos,  B. Rana,  A. E. Rask,  A. Rettig,  R. M. Richard,  
 F. Rob,  E. Rossomme,  T. Scheele,  M. Scheurer,  M. Schneider,  
 N. Sergueev,  S. M. Sharada,  W. Skomorowski,  D. W. Small,  C. J. Stein,  
 Yu-Chuan Su,  E. J. Sundstrom,  Zhen Tao,  J. Thirman,  T. Tsuchimochi,  
 N. M. Tubman,  S. P. Veccham,  O. Vydrov,  J. Wenzel,  J. Witte,  A. Yamada,  
 Kun Yao,  S. Yeganeh,  S. R. Yost,  A. Zech,  Igor Ying Zhang,  Xing Zhang,  
 Yu Zhang,  D. Zuev,  A. Aspuru-Guzik,  A. T. Bell,  N. A. Besley,  
 K. B. Bravaya,  B. R. Brooks,  D. Casanova,  Jeng-Da Chai,  S. Coriani,  
 C. J. Cramer,  A. E. DePrince, III,  R. A. DiStasio Jr.,  A. Dreuw,  
 B. D. Dunietz,  T. R. Furlani,  W. A. Goddard III,  S. Grimme,  
 S. Hammes-Schiffer,  T. Head-Gordon,  W. J. Hehre,  Chao-Ping Hsu,  
 T.-C. Jagau,  Yousung Jung,  A. Klamt,  Jing Kong,  D. S. Lambrecht,  
 WanZhen Liang,  N. J. Mayhall,  C. W. McCurdy,  J. B. Neaton,  
 C. Ochsenfeld,  J. A. Parkhill,  R. Peverati,  V. A. Rassolov,  Yihan Shao,  
 L. V. Slipchenko,  T. Stauch,  R. P. Steele,  J. E. Subotnik,  
 A. J. W. Thom,  A. Tkatchenko,  D. G. Truhlar,  T. Van Voorhis,  
 T. A. Wesolowski,  K. B. Whaley,  H. L. Woodcock III,  P. M. Zimmerman,  
 S. Faraji,  P. M. W. Gill,  M. Head-Gordon,  J. M. Herbert,  A. I. Krylov

 Additional authors for Version 5.4.1: 
 S. Kotaru,  Shaozhi Li,  Xiangyuan Li,  F. Matz,  A. Molle,  Haisheng Ren,  
 Yingli Su,  Hung-Yi Tsai,  C. Utku,  Fang Wang

 Contributors to earlier versions of Q-Chem not listed above: 
 R. D. Adamson,  B. Austin,  R. Baer,  J. Baker,  G. J. O. Beran,  
 K. Brandhorst,  S. T. Brown,  E. F. C. Byrd,  A. K. Chakraborty,  
 G. K. L. Chan,  Chun-Min Chang,  Yunqing Chen,  C.-L. Cheng,  
 Siu Hung Chien,  D. M. Chipman,  D. L. Crittenden,  H. Dachsel,  
 R. J. Doerksen,  A. D. Dutoi,  R. G. Edgar,  J. Fosso-Tande,  
 L. Fusti-Molnar,  D. Ghosh,  A. Ghysels,  A. Golubeva-Zadorozhnaya,  
 J. Gonthier,  M. S. Gordon,  S. R. Gwaltney,  G. Hawkins,  J. E. Herr,  
 A. Heyden,  S. Hirata,  E. G. Hohenstein,  G. Kedziora,  F. J. Keil,  
 C. Kelley,  Jihan Kim,  R. A. King,  R. Z. Khaliullin,  P. P. Korambath,  
 W. Kurlancheek,  A. Laurent,  A. M. Lee,  M. S. Lee,  S. V. Levchenko,  
 Ching Yeh Lin,  D. Liotard,  E. Livshits,  R. C. Lochan,  I. Lotan,  
 L. A. Martinez-Martinez,  P. E. Maslen,  N. Nair,  D. P. O'Neill,  
 D. Neuhauser,  E. Neuscamman,  C. M. Oana,  R. Olivares-Amaya,  R. Olson,  
 T. M. Perrine,  B. Peters,  P. A. Pieniazek,  A. Prociuk,  Y. M. Rhee,  
 J. Ritchie,  M. A. Rohrdanz,  E. Rosta,  N. J. Russ,  H. F. Schaefer III,  
 M. W. Schmidt,  N. E. Schultz,  S. Sharma,  N. Shenvi,  C. D. Sherrill,  
 A. C. Simmonett,  A. Sodt,  T. Stein,  D. Stuck,  K. S. Thanthiriwatte,  
 V. Vanovschi,  L. Vogt,  Tao Wang,  A. Warshel,  M. A. Watson,  
 C. F. Williams,  Q. Wu,  X. Xu,  Jun Yang,  W. Zhang,  Yan Zhao

 Please cite Q-Chem as follows:
 Y. Shao et al., Mol. Phys. 113, 184-215 (2015)
 DOI: 10.1080/00268976.2014.952696

 Q-Chem 5.4.1 for Intel X86 EM64T Linux

 Parts of Q-Chem use Armadillo 9.900.5 (Nocturnal Misbehaviour).
 http://arma.sourceforge.net/

 Q-Chem begins on Wed Mar  2 16:23:22 2022  

 Host: node01
0

     Scratch files written to /src/jdavis/qchem.scratch/qchem23808//
 Processing $rem in /src/tsommerfeld/qchem/config/preferences:
 Processing $rem in /home/jdavis/.qchemrc:

 Checking the input file for inconsistencies... 	...done.

--------------------------------------------------------------
User input:
--------------------------------------------------------------
#ethylene geometry from CRC Handbook 102nd Edition
$molecule
-1 1
C        -0.6645000000    0.0000000000    1.1619088658
C         0.6645000000    0.0000000000    1.1619088658
H        -1.1590800000    0.0000000000    0.1995598658
H         1.1590800000    0.0000000000    0.1995598658
H        -1.1590800000    0.0000000000    2.1242568658
H         1.1590800000    0.0000000000    2.1242568658
O         0.0000000000    0.0000000000   -1.5841414040
H         0.0000000000    0.0000000000   -2.5471307683
$end

$rem
   METHOD hf
   PRINT_ORBITALS TRUE
   BASIS sto-3g
$end

--------------------------------------------------------------
 ----------------------------------------------------------------
             Standard Nuclear Orientation (Angstroms)
    I     Atom           X                Y                Z
 ----------------------------------------------------------------
    1      C      -0.6645000000    -0.0000000000     1.0270977517
    2      C       0.6645000000     0.0000000000     1.0270977517
    3      H      -1.1590800000    -0.0000000000     0.0647487517
    4      H       1.1590800000     0.0000000000     0.0647487517
    5      H      -1.1590800000    -0.0000000000     1.9894457517
    6      H       1.1590800000     0.0000000000     1.9894457517
    7      O       0.0000000000    -0.0000000000    -1.7189525181
    8      H       0.0000000000    -0.0000000000    -2.6819418824
 ----------------------------------------------------------------
 Molecular Point Group                 C2v   NOp =  4
 Largest Abelian Subgroup              C2v   NOp =  4
 Nuclear Repulsion Energy =          64.38561153 hartrees
 There are       13 alpha and       13 beta electrons
 Requested basis set is STO-3G
 There are 11 shells and 20 basis functions

 Total QAlloc Memory Limit   2000 MB
 Mega-Array Size       188 MB
 MEM_STATIC part       192 MB

                       Distance Matrix (Angstroms)
             C (  1)   C (  2)   H (  3)   H (  4)   H (  5)   H (  6)
   C (  2)  1.329000
   H (  3)  1.082000  2.061931
   H (  4)  2.061931  1.082000  2.318160
   H (  5)  1.082000  2.061931  1.924697  3.013026
   H (  6)  2.061931  1.082000  3.013026  1.924697  2.318160
   O (  7)  2.825306  2.825306  2.127218  2.127218  3.885316  3.885316
   H (  8)  3.768094  3.768094  2.981237  2.981237  4.813037  4.813037
             O (  7)
   H (  8)  0.962989
 
 A cutoff of  1.0D-08 yielded     64 shell pairs
 There are       226 function pairs
 Smallest overlap matrix eigenvalue = 1.83E-01

 Scale SEOQF with 1.000000e+00/1.000000e+00/1.000000e-01

 Standard Electronic Orientation quadrupole field applied
 Nucleus-field energy     =    -0.0000000017 hartrees
 Guess from superposition of atomic densities
 Warning:  Energy on first SCF cycle will be non-variational
 SAD guess density has 25.000000 electrons

 -----------------------------------------------------------------------
  General SCF calculation program by
  Eric Jon Sundstrom, Paul Horn, Yuezhi Mao, Dmitri Zuev, Alec White,
  David Stuck, Shaama M.S., Shane Yost, Joonho Lee, David Small,
  Daniel Levine, Susi Lehtola, Hugh Burton, Evgeny Epifanovsky,
  Bang C. Huynh
 -----------------------------------------------------------------------
 Hartree-Fock
 A restricted SCF calculation will be
 performed using DIIS
 SCF converges when DIIS error is below 1.0e-05
 ---------------------------------------
  Cycle       Energy         DIIS error
 ---------------------------------------
    1    -150.6325750221      2.19e-01  
    2    -151.0035439652      3.94e-02  
    3    -151.1365042144      4.62e-03  
    4    -151.1384657668      7.62e-04  
    5    -151.1385312578      4.73e-05  
    6    -151.1385315921      7.04e-06  Convergence criterion met
 ---------------------------------------
 SCF time:   CPU 0.05s  wall 0.00s 
 SCF   energy in the final basis set =     -151.1385315921
 Total energy in the final basis set =     -151.1385315921
 
 --------------------------------------------------------------
             Orbital Energies (a.u.) and Symmetries
 --------------------------------------------------------------
 
 Alpha MOs, Restricted
 -- Occupied --                  
-19.418 -10.812 -10.811  -0.788  -0.626  -0.546  -0.417  -0.319
  1 A1    2 A1    1 B1    3 A1    4 A1    2 B1    5 A1    6 A1                 
 -0.273  -0.132   0.046   0.220   0.222
  3 B1    1 B2    7 A1    2 B2    4 B1                                         
 -- Virtual --                   
  0.515   0.831   0.882   0.890   1.172   1.190   1.233
  1 A2    8 A1    5 B1    9 A1    6 B1    7 B1   10 A1                         
 
 Beta MOs, Restricted
 -- Occupied --                  
-19.418 -10.812 -10.811  -0.788  -0.626  -0.546  -0.417  -0.319
  1 A1    2 A1    1 B1    3 A1    4 A1    2 B1    5 A1    6 A1                 
 -0.273  -0.132   0.046   0.220   0.222
  3 B1    1 B2    7 A1    2 B2    4 B1                                         
 -- Virtual --                   
  0.515   0.831   0.882   0.890   1.172   1.190   1.233
  1 A2    8 A1    5 B1    9 A1    6 B1    7 B1   10 A1                         
 --------------------------------------------------------------
 

                        RESTRICTED (RHF) MOLECULAR ORBITAL COEFFICIENTS
                         1         2         3         4         5         6
 eigenvalues:        -19.418   -10.812   -10.811    -0.788    -0.626    -0.546
   1  C 1   s       -0.00003   0.70181  -0.70141  -0.17671   0.01252   0.13756
   2  C 1   s        0.00038   0.02006  -0.03135   0.46479  -0.03859  -0.42016
   3  C 1   px      -0.00021  -0.00187  -0.00481   0.11048  -0.01171   0.19661
   4  C 1   py       0.00000  -0.00000  -0.00000  -0.00000   0.00000  -0.00000
   5  C 1   pz      -0.00014   0.00025  -0.00032   0.02291  -0.02969  -0.02427
   6  C 2   s       -0.00003   0.70181   0.70141  -0.17671   0.01252  -0.13756
   7  C 2   s        0.00038   0.02006   0.03135   0.46479  -0.03859   0.42016
   8  C 2   px       0.00021   0.00187  -0.00481  -0.11048   0.01171   0.19661
   9  C 2   py       0.00000   0.00000   0.00000   0.00000  -0.00000  -0.00000
  10  C 2   pz      -0.00014   0.00025   0.00032   0.02291  -0.02969   0.02427
  11  H 1   s       -0.00089  -0.00468   0.00480   0.09926   0.03533  -0.19054
  12  H 2   s       -0.00089  -0.00468  -0.00480   0.09926   0.03533   0.19054
  13  H 3   s       -0.00005  -0.00487   0.00501   0.13264  -0.02487  -0.26083
  14  H 4   s       -0.00005  -0.00487  -0.00501   0.13264  -0.02487   0.26083
  15  O     s        0.99422  -0.00002  -0.00000  -0.01337  -0.23393  -0.00000
  16  O     s        0.02499   0.00020   0.00000   0.04598   0.84588   0.00000
  17  O     px       0.00000   0.00000   0.00015  -0.00000   0.00000   0.00781
  18  O     py       0.00000  -0.00000   0.00000   0.00000  -0.00000  -0.00000
  19  O     pz      -0.00373   0.00005   0.00000   0.00096  -0.06768   0.00000
  20  H 5   s       -0.00689   0.00002  -0.00000   0.00849   0.27196   0.00000
                         7         8         9        10        11        12
 eigenvalues:         -0.417    -0.319    -0.273    -0.132     0.046     0.220
   1  C 1   s       -0.01659  -0.01372   0.01505   0.00000  -0.01368  -0.00000
   2  C 1   s        0.05714   0.01676  -0.05635  -0.00000   0.06841   0.00000
   3  C 1   px       0.03625   0.51129   0.03533  -0.00000  -0.04736  -0.00000
   4  C 1   py       0.00000  -0.00000   0.00000  -0.63443   0.00000   0.00970
   5  C 1   pz      -0.38154   0.04840   0.38897   0.00000  -0.06173  -0.00000
   6  C 2   s       -0.01659  -0.01372  -0.01505  -0.00000  -0.01368   0.00000
   7  C 2   s        0.05714   0.01676   0.05635   0.00000   0.06841  -0.00000
   8  C 2   px      -0.03625  -0.51129   0.03533  -0.00000   0.04736  -0.00000
   9  C 2   py       0.00000   0.00000   0.00000  -0.63443   0.00000   0.00970
  10  C 2   pz      -0.38154   0.04840  -0.38897  -0.00000  -0.06173   0.00000
  11  H 1   s        0.22476  -0.21898  -0.34229  -0.00000  -0.02801  -0.00000
  12  H 2   s        0.22476  -0.21898   0.34229   0.00000  -0.02801   0.00000
  13  H 3   s       -0.28310  -0.20911   0.34508   0.00000  -0.02682  -0.00000
  14  H 4   s       -0.28310  -0.20911  -0.34508  -0.00000  -0.02682   0.00000
  15  O     s        0.02139  -0.00650  -0.00000   0.00000   0.11232  -0.00000
  16  O     s       -0.07802   0.02457   0.00000  -0.00000  -0.58865   0.00000
  17  O     px       0.00000   0.00000   0.03619  -0.00000  -0.00000   0.00000
  18  O     py       0.00000  -0.00000  -0.00000  -0.01106  -0.00000  -0.99995
  19  O     pz       0.03901  -0.02084   0.00000  -0.00000  -0.55333   0.00000
  20  H 5   s       -0.06163   0.03115   0.00000   0.00000   0.64972  -0.00000
                        13        14        15        16        17        18
 eigenvalues:          0.222     0.515     0.831     0.882     0.890     1.172
   1  C 1   s        0.01454  -0.00000   0.10012   0.14870   0.07177   0.06031
   2  C 1   s       -0.07621   0.00000  -0.65531  -0.92429  -0.47177  -0.45968
   3  C 1   px       0.03795   0.00000   0.38911   0.32827   0.26503  -0.59359
   4  C 1   py       0.00000   0.81215   0.00000   0.00000   0.00000   0.00000
   5  C 1   pz       0.05754   0.00000  -0.44373  -0.09819   0.57962  -0.82537
   6  C 2   s       -0.01454   0.00000   0.10012  -0.14870   0.07177  -0.06031
   7  C 2   s        0.07621  -0.00000  -0.65531   0.92429  -0.47177   0.45968
   8  C 2   px       0.03795   0.00000  -0.38911   0.32827  -0.26503  -0.59359
   9  C 2   py       0.00000  -0.81215  -0.00000  -0.00000  -0.00000  -0.00000
  10  C 2   pz      -0.05754  -0.00000  -0.44373   0.09819   0.57962   0.82537
  11  H 1   s        0.04276  -0.00000   0.12733   0.60813   0.87848  -0.59465
  12  H 2   s       -0.04276   0.00000   0.12733  -0.60813   0.87848   0.59465
  13  H 3   s        0.04219  -0.00000   0.86229   0.69104  -0.14906   0.47872
  14  H 4   s       -0.04219   0.00000   0.86229  -0.69104  -0.14906  -0.47872
  15  O     s       -0.00000   0.00000   0.01431  -0.00000   0.03745   0.00000
  16  O     s        0.00000  -0.00000  -0.07792   0.00000  -0.21045  -0.00000
  17  O     px      -0.99251   0.00000  -0.00000   0.10796   0.00000  -0.07033
  18  O     py      -0.00000   0.00000  -0.00000  -0.00000  -0.00000   0.00000
  19  O     pz       0.00000   0.00000   0.01601  -0.00000   0.04352   0.00000
  20  H 5   s       -0.00000   0.00000   0.07259  -0.00000   0.17541   0.00000
 
          Ground-State Mulliken Net Atomic Charges

     Atom                 Charge (a.u.)
  ----------------------------------------
      1 C                    -0.153554
      2 C                    -0.153554
      3 H                     0.125271
      4 H                     0.125271
      5 H                     0.006589
      6 H                     0.006589
      7 O                    -0.795915
      8 H                    -0.160697
  ----------------------------------------
  Sum of atomic charges =    -1.000000

 -----------------------------------------------------------------
                    Cartesian Multipole Moments
 -----------------------------------------------------------------
    Charge (ESU x 10^10)
                -4.8032
    Dipole Moment (Debye)
         X      -0.0000      Y       0.0000      Z       6.9844
       Tot       6.9844
    Quadrupole Moments (Debye-Ang)
        XX     -18.4967     XY       0.0000     YY     -19.4126
        XZ       0.0000     YZ      -0.0000     ZZ     -33.5114
    Octopole Moments (Debye-Ang^2)
       XXX       0.0000    XXY      -0.0000    XYY      -0.0000
       YYY      -0.0000    XXZ      -3.3497    XYZ      -0.0000
       YYZ      -2.9593    XZZ       0.0000    YZZ       0.0000
       ZZZ      18.2703
    Hexadecapole Moments (Debye-Ang^3)
      XXXX     -65.4244   XXXY      -0.0000   XXYY     -13.4196
      XYYY      -0.0000   YYYY     -13.9786   XXXZ       0.0000
      XXYZ      -0.0000   XYYZ       0.0000   YYYZ      -0.0000
      XXZZ     -50.9904   XYZZ       0.0000   YYZZ     -43.4748
      XZZZ       0.0000   YZZZ      -0.0000   ZZZZ    -287.3307
 -----------------------------------------------------------------
 Total job time:  0.14s(wall), 0.11s(cpu) 
 Wed Mar  2 16:23:22 2022

        *************************************************************
        *                                                           *
        *  Thank you very much for using Q-Chem.  Have a nice day.  *
        *                                                           *
        *************************************************************


