                  Welcome to Q-Chem
     A Quantum Leap Into The Future Of Chemistry


 Q-Chem 5.4 (devel), Q-Chem, Inc., Pleasanton, CA (2021)

 E. Epifanovsky,  A. T. B. Gilbert,  Xintian Feng,  Joonho Lee,  Yuezhi Mao,  
 N. Mardirossian,  P. Pokhilko,  A. White,  M. Wormit,  M. P. Coons,  
 A. L. Dempwolff,  Zhengting Gan,  D. Hait,  P. R. Horn,  L. D. Jacobson,  
 I. Kaliman,  J. Kussmann,  A. W. Lange,  Ka Un Lao,  D. S. Levine,  Jie Liu,  
 S. C. McKenzie,  A. F. Morrison,  K. Nanda,  F. Plasser,  D. R. Rehn,  
 M. L. Vidal,  Zhi-Qiang You,  Ying Zhu,  B. Alam,  B. Albrecht,  
 A. Aldossary,  E. Alguire,  J. H. Andersen,  D. Barton,  K. Begam,  A. Behn,  
 Y. A. Bernard,  E. J. Berquist,  H. Burton,  A. Carreras,  K. Carter-Fenk,  
 R. Chakraborty,  A. D. Chien,  K. D. Closser,  V. Cofer-Shabica,  
 S. Dasgupta,  Jia Deng,  M. de Wergifosse,  M. Diedenhofen,  Hainam Do,  
 S. Ehlert,  Po-Tung Fang,  S. Fatehi,  Qingguo Feng,  T. Friedhoff,  
 J. Gayvert,  Qinghui Ge,  G. Gidofalvi,  M. Goldey,  J. Gomes,  
 C. Gonzalez-Espinoza,  S. Gulania,  A. Gunina,  M. W. D. Hanson-Heine,  
 P. H. P. Harbach,  A. W. Hauser,  M. F. Herbst,  M. Hernandez Vera,  
 M. Hodecker,  Z. C. Holden,  S. Houck,  Xunkun Huang,  Kerwin Hui,  
 B. C. Huynh,  M. Ivanov,  Hyunjun Ji,  Hanjie Jiang,  B. Kaduk,  S. Kaehler,  
 K. Khistyaev,  Jaehoon Kim,  P. Klunzinger,  Z. Koczor-Benda,  
 Joong Hoon Koh,  D. Kosenkov,  L. Koulias,  T. Kowalczyk,  C. M. Krauter,  
 K. Kue,  A. Kunitsa,  T. Kus,  A. Landau,  K. V. Lawler,  D. Lefrancois,  
 S. Lehtola,  Rain Li,  Yi-Pei Li,  Jiashu Liang,  M. Liebenthal,  
 Hung-Hsuan Lin,  You-Sheng Lin,  Fenglai Liu,  Kuan-Yu Liu,  
 M. Loipersberger,  A. Luenser,  A. Manjanath,  P. Manohar,  E. Mansoor,  
 S. F. Manzer,  Shan-Ping Mao,  A. V. Marenich,  T. Markovich,  S. Mason,  
 S. A. Maurer,  P. F. McLaughlin,  M. F. S. J. Menger,  J.-M. Mewes,  
 S. A. Mewes,  P. Morgante,  J. W. Mullinax,  K. J. Oosterbaan,  G. Paran,  
 Alexander C. Paul,  Suranjan K. Paul,  F. Pavosevic,  Zheng Pei,  S. Prager,  
 E. I. Proynov,  E. Ramos,  B. Rana,  A. E. Rask,  A. Rettig,  R. M. Richard,  
 F. Rob,  E. Rossomme,  T. Scheele,  M. Scheurer,  M. Schneider,  
 N. Sergueev,  S. M. Sharada,  W. Skomorowski,  D. W. Small,  C. J. Stein,  
 Yu-Chuan Su,  E. J. Sundstrom,  Zhen Tao,  J. Thirman,  T. Tsuchimochi,  
 N. M. Tubman,  S. P. Veccham,  O. Vydrov,  J. Wenzel,  J. Witte,  A. Yamada,  
 Kun Yao,  S. Yeganeh,  S. R. Yost,  A. Zech,  Igor Ying Zhang,  Xing Zhang,  
 Yu Zhang,  D. Zuev,  A. Aspuru-Guzik,  A. T. Bell,  N. A. Besley,  
 K. B. Bravaya,  B. R. Brooks,  D. Casanova,  Jeng-Da Chai,  S. Coriani,  
 C. J. Cramer,  A. E. DePrince, III,  R. A. DiStasio Jr.,  A. Dreuw,  
 B. D. Dunietz,  T. R. Furlani,  W. A. Goddard III,  S. Grimme,  
 S. Hammes-Schiffer,  T. Head-Gordon,  W. J. Hehre,  Chao-Ping Hsu,  
 T.-C. Jagau,  Yousung Jung,  A. Klamt,  Jing Kong,  D. S. Lambrecht,  
 WanZhen Liang,  N. J. Mayhall,  C. W. McCurdy,  J. B. Neaton,  
 C. Ochsenfeld,  J. A. Parkhill,  R. Peverati,  V. A. Rassolov,  Yihan Shao,  
 L. V. Slipchenko,  T. Stauch,  R. P. Steele,  J. E. Subotnik,  
 A. J. W. Thom,  A. Tkatchenko,  D. G. Truhlar,  T. Van Voorhis,  
 T. A. Wesolowski,  K. B. Whaley,  H. L. Woodcock III,  P. M. Zimmerman,  
 S. Faraji,  P. M. W. Gill,  M. Head-Gordon,  J. M. Herbert,  A. I. Krylov

 Additional authors for Version 5.4.1: 
 S. Kotaru,  Shaozhi Li,  Xiangyuan Li,  F. Matz,  A. Molle,  Haisheng Ren,  
 Yingli Su,  Hung-Yi Tsai,  C. Utku,  Fang Wang

 Contributors to earlier versions of Q-Chem not listed above: 
 R. D. Adamson,  B. Austin,  R. Baer,  J. Baker,  G. J. O. Beran,  
 K. Brandhorst,  S. T. Brown,  E. F. C. Byrd,  A. K. Chakraborty,  
 G. K. L. Chan,  Chun-Min Chang,  Yunqing Chen,  C.-L. Cheng,  
 Siu Hung Chien,  D. M. Chipman,  D. L. Crittenden,  H. Dachsel,  
 R. J. Doerksen,  A. D. Dutoi,  R. G. Edgar,  J. Fosso-Tande,  
 L. Fusti-Molnar,  D. Ghosh,  A. Ghysels,  A. Golubeva-Zadorozhnaya,  
 J. Gonthier,  M. S. Gordon,  S. R. Gwaltney,  G. Hawkins,  J. E. Herr,  
 A. Heyden,  S. Hirata,  E. G. Hohenstein,  G. Kedziora,  F. J. Keil,  
 C. Kelley,  Jihan Kim,  R. A. King,  R. Z. Khaliullin,  P. P. Korambath,  
 W. Kurlancheek,  A. Laurent,  A. M. Lee,  M. S. Lee,  S. V. Levchenko,  
 Ching Yeh Lin,  D. Liotard,  E. Livshits,  R. C. Lochan,  I. Lotan,  
 L. A. Martinez-Martinez,  P. E. Maslen,  N. Nair,  D. P. O'Neill,  
 D. Neuhauser,  E. Neuscamman,  C. M. Oana,  R. Olivares-Amaya,  R. Olson,  
 T. M. Perrine,  B. Peters,  P. A. Pieniazek,  A. Prociuk,  Y. M. Rhee,  
 J. Ritchie,  M. A. Rohrdanz,  E. Rosta,  N. J. Russ,  H. F. Schaefer III,  
 M. W. Schmidt,  N. E. Schultz,  S. Sharma,  N. Shenvi,  C. D. Sherrill,  
 A. C. Simmonett,  A. Sodt,  T. Stein,  D. Stuck,  K. S. Thanthiriwatte,  
 V. Vanovschi,  L. Vogt,  Tao Wang,  A. Warshel,  M. A. Watson,  
 C. F. Williams,  Q. Wu,  X. Xu,  Jun Yang,  W. Zhang,  Yan Zhao

 Please cite Q-Chem as follows:
 Y. Shao et al., Mol. Phys. 113, 184-215 (2015)
 DOI: 10.1080/00268976.2014.952696

 Q-Chem 5.4.1 for Intel X86 EM64T Linux

 Parts of Q-Chem use Armadillo 9.900.5 (Nocturnal Misbehaviour).
 http://arma.sourceforge.net/

 Q-Chem begins on Wed Mar  2 16:18:52 2022  

 Host: node01
0

     Scratch files written to /src/jdavis/qchem.scratch/qchem23764//
 Processing $rem in /src/tsommerfeld/qchem/config/preferences:
 Processing $rem in /home/jdavis/.qchemrc:

 Checking the input file for inconsistencies... 	...done.

--------------------------------------------------------------
User input:
--------------------------------------------------------------
#ethylene geometry from CRC Handbook 102nd Edition
$molecule
0 2
C        -0.6645000000    0.0000000000    1.1619088658
C         0.6645000000    0.0000000000    1.1619088658
H        -1.1590800000    0.0000000000    0.1995598658
H         1.1590800000    0.0000000000    0.1995598658
H        -1.1590800000    0.0000000000    2.1242568658
H         1.1590800000    0.0000000000    2.1242568658
O         0.0000000000    0.0000000000   -1.5841414040
H         0.0000000000    0.0000000000   -2.5471307683
$end

$rem
   METHOD hf
   PRINT_ORBITALS TRUE
   BASIS sto-3g
$end

--------------------------------------------------------------
 ----------------------------------------------------------------
             Standard Nuclear Orientation (Angstroms)
    I     Atom           X                Y                Z
 ----------------------------------------------------------------
    1      C      -0.6645000000    -0.0000000000     1.0270977517
    2      C       0.6645000000     0.0000000000     1.0270977517
    3      H      -1.1590800000    -0.0000000000     0.0647487517
    4      H       1.1590800000     0.0000000000     0.0647487517
    5      H      -1.1590800000    -0.0000000000     1.9894457517
    6      H       1.1590800000     0.0000000000     1.9894457517
    7      O       0.0000000000    -0.0000000000    -1.7189525181
    8      H       0.0000000000    -0.0000000000    -2.6819418824
 ----------------------------------------------------------------
 Molecular Point Group                 C2v   NOp =  4
 Largest Abelian Subgroup              C2v   NOp =  4
 Nuclear Repulsion Energy =          64.38561153 hartrees
 There are       13 alpha and       12 beta electrons
 Requested basis set is STO-3G
 There are 11 shells and 20 basis functions

 Total QAlloc Memory Limit   2000 MB
 Mega-Array Size       188 MB
 MEM_STATIC part       192 MB

                       Distance Matrix (Angstroms)
             C (  1)   C (  2)   H (  3)   H (  4)   H (  5)   H (  6)
   C (  2)  1.329000
   H (  3)  1.082000  2.061931
   H (  4)  2.061931  1.082000  2.318160
   H (  5)  1.082000  2.061931  1.924697  3.013026
   H (  6)  2.061931  1.082000  3.013026  1.924697  2.318160
   O (  7)  2.825306  2.825306  2.127218  2.127218  3.885316  3.885316
   H (  8)  3.768094  3.768094  2.981237  2.981237  4.813037  4.813037
             O (  7)
   H (  8)  0.962989
 
 A cutoff of  1.0D-08 yielded     64 shell pairs
 There are       226 function pairs
 Smallest overlap matrix eigenvalue = 1.83E-01

 Scale SEOQF with 1.000000e+00/1.000000e+00/1.000000e-01

 Standard Electronic Orientation quadrupole field applied
 Nucleus-field energy     =    -0.0000000017 hartrees
 Guess from superposition of atomic densities
 Warning:  Energy on first SCF cycle will be non-variational
 SAD guess density has 25.000000 electrons

 -----------------------------------------------------------------------
  General SCF calculation program by
  Eric Jon Sundstrom, Paul Horn, Yuezhi Mao, Dmitri Zuev, Alec White,
  David Stuck, Shaama M.S., Shane Yost, Joonho Lee, David Small,
  Daniel Levine, Susi Lehtola, Hugh Burton, Evgeny Epifanovsky,
  Bang C. Huynh
 -----------------------------------------------------------------------
 Hartree-Fock
 A unrestricted SCF calculation will be
 performed using DIIS
 SCF converges when DIIS error is below 1.0e-05
 ---------------------------------------
  Cycle       Energy         DIIS error
 ---------------------------------------
    1    -150.6325750221      1.09e-01  
    2    -150.8907287227      2.16e-02  
    3    -150.4273017985      3.84e-02  
    4    -151.2981452419      9.64e-03  
    5    -151.3998076472      6.06e-03  
    6    -151.4232990882      1.98e-03  
    7    -151.4242787929      9.17e-04  
    8    -151.4245441010      2.42e-04  
    9    -151.4245680185      4.76e-05  
   10    -151.4245688847      3.58e-05  
   11    -151.4245692548      1.81e-06  Convergence criterion met
 ---------------------------------------
 SCF time:   CPU 0.09s  wall 0.00s 
<S^2> =          0.753160259
 SCF   energy in the final basis set =     -151.4245692548
 Total energy in the final basis set =     -151.4245692548
 
 --------------------------------------------------------------
             Orbital Energies (a.u.) and Symmetries
 --------------------------------------------------------------
 
 Alpha MOs, Unrestricted
 -- Occupied --                  
-20.299 -10.994 -10.993  -1.306  -0.965  -0.717  -0.619  -0.545
  1 A1    2 A1    1 B1    3 A1    4 A1    2 B1    5 A1    6 A1                 
 -0.536  -0.490  -0.470  -0.423  -0.307
  1 B2    7 A1    3 B1    4 B1    2 B2                                         
 -- Virtual --                   
  0.341   0.602   0.677   0.705   0.710   0.994   1.006
  1 A2    8 A1    9 A1    5 B1   10 A1    6 B1    7 B1                         
 
 Beta MOs, Unrestricted
 -- Occupied --                  
-20.270 -10.994 -10.993  -1.142  -0.965  -0.717  -0.611  -0.510
  1 A1    2 A1    1 B1    3 A1    4 A1    2 B1    5 A1    6 A1                 
 -0.484  -0.460  -0.381  -0.307
  7 A1    3 B1    4 B1    1 B2                                                 
 -- Virtual --                   
  0.341   0.349   0.629   0.678   0.705   0.718   0.994   1.006
  1 A2    2 B2    8 A1    9 A1    5 B1   10 A1    6 B1    7 B1                 
 --------------------------------------------------------------
 

                        ALPHA MOLECULAR ORBITAL COEFFICIENTS
                         1         2         3         4         5         6
 eigenvalues:        -20.299   -10.994   -10.993    -1.306    -0.965    -0.717
   1  C 1   s       -0.00003   0.70182  -0.70142   0.00319   0.17719  -0.13796
   2  C 1   s        0.00038   0.02003  -0.03131  -0.00612  -0.46540   0.42234
   3  C 1   px      -0.00021  -0.00185  -0.00483  -0.00229  -0.11641  -0.19366
   4  C 1   py      -0.00000   0.00000  -0.00000   0.00000   0.00000   0.00000
   5  C 1   pz      -0.00014   0.00004  -0.00005   0.00375  -0.00231   0.00138
   6  C 2   s       -0.00003   0.70182   0.70142   0.00319   0.17719   0.13796
   7  C 2   s        0.00038   0.02003   0.03131  -0.00612  -0.46540  -0.42234
   8  C 2   px       0.00021   0.00185  -0.00483   0.00229   0.11641  -0.19366
   9  C 2   py       0.00000  -0.00000   0.00000  -0.00000  -0.00000   0.00000
  10  C 2   pz      -0.00014   0.00004   0.00005   0.00375  -0.00231  -0.00138
  11  H 1   s       -0.00088  -0.00475   0.00488  -0.01207  -0.11299   0.22477
  12  H 2   s       -0.00088  -0.00475  -0.00488  -0.01207  -0.11299  -0.22477
  13  H 3   s       -0.00005  -0.00477   0.00491  -0.00078  -0.11654   0.22972
  14  H 4   s       -0.00005  -0.00477  -0.00491  -0.00078  -0.11654  -0.22972
  15  O     s        0.99426  -0.00003   0.00000   0.24690  -0.00630   0.00000
  16  O     s        0.02482   0.00021  -0.00000  -0.92192   0.02441  -0.00000
  17  O     px       0.00000  -0.00000   0.00016  -0.00000   0.00000  -0.03878
  18  O     py       0.00000  -0.00000   0.00000   0.00000  -0.00000  -0.00000
  19  O     pz      -0.00374   0.00005  -0.00000   0.11165  -0.02781  -0.00000
  20  H 5   s       -0.00680   0.00002  -0.00000  -0.16517   0.01989   0.00000
                         7         8         9        10        11        12
 eigenvalues:         -0.619    -0.545    -0.536    -0.490    -0.470    -0.423
   1  C 1   s        0.00585   0.01510   0.00000  -0.01040  -0.00599  -0.00990
   2  C 1   s       -0.01863  -0.04927  -0.00000   0.00737   0.02314   0.03951
   3  C 1   px      -0.01895  -0.09702  -0.00000   0.50182  -0.01027  -0.02011
   4  C 1   py       0.00000   0.00000  -0.01060  -0.00000   0.00000   0.00000
   5  C 1   pz      -0.32262   0.21769   0.00000   0.03580   0.29763  -0.25750
   6  C 2   s        0.00585   0.01510   0.00000  -0.01040   0.00599   0.00990
   7  C 2   s       -0.01863  -0.04927  -0.00000   0.00737  -0.02314  -0.03951
   8  C 2   px       0.01895   0.09702   0.00000  -0.50182  -0.01027  -0.02011
   9  C 2   py       0.00000   0.00000  -0.01060   0.00000   0.00000   0.00000
  10  C 2   pz      -0.32262   0.21769   0.00000   0.03580  -0.29763   0.25750
  11  H 1   s        0.23026  -0.07307  -0.00000  -0.22651  -0.27389   0.20541
  12  H 2   s        0.23026  -0.07307  -0.00000  -0.22651   0.27389  -0.20541
  13  H 3   s       -0.20884   0.18282   0.00000  -0.19561   0.27432  -0.21261
  14  H 4   s       -0.20884   0.18282   0.00000  -0.19561  -0.27432   0.21261
  15  O     s       -0.03452  -0.07873  -0.00000  -0.02372   0.00000  -0.00000
  16  O     s        0.18377   0.40877   0.00000   0.12386  -0.00000  -0.00000
  17  O     px       0.00000   0.00000   0.00000   0.00000   0.60260   0.79558
  18  O     py      -0.00000   0.00000  -0.99979  -0.00000   0.00000   0.00000
  19  O     pz       0.36075   0.58286   0.00000   0.14283  -0.00000  -0.00000
  20  H 5   s       -0.24563  -0.41645  -0.00000  -0.10461   0.00000   0.00000
                        13        14        15        16        17        18
 eigenvalues:         -0.307     0.341     0.602     0.677     0.705     0.710
   1  C 1   s       -0.00000   0.00000   0.05145   0.08504   0.14996   0.07570
   2  C 1   s        0.00000   0.00000  -0.32605  -0.55751  -0.93030  -0.50164
   3  C 1   px      -0.00000   0.00000   0.18941   0.32642   0.33310   0.29155
   4  C 1   py      -0.63442  -0.81215   0.00000   0.00000   0.00000   0.00000
   5  C 1   pz       0.00000   0.00000   0.11948  -0.52252  -0.01764   0.49816
   6  C 2   s        0.00000   0.00000   0.05145   0.08504  -0.14996   0.07570
   7  C 2   s       -0.00000  -0.00000  -0.32605  -0.55751   0.93030  -0.50164
   8  C 2   px      -0.00000   0.00000  -0.18941  -0.32642   0.33310  -0.29155
   9  C 2   py      -0.63442   0.81215  -0.00000  -0.00000   0.00000  -0.00000
  10  C 2   pz      -0.00000  -0.00000   0.11948  -0.52252   0.01764   0.49816
  11  H 1   s       -0.00000   0.00000   0.32373  -0.02075   0.64577   0.83361
  12  H 2   s        0.00000  -0.00000   0.32373  -0.02075  -0.64577   0.83361
  13  H 3   s        0.00000  -0.00000   0.15064   0.86845   0.66011  -0.05851
  14  H 4   s       -0.00000   0.00000   0.15064   0.86845  -0.66011  -0.05851
  15  O     s        0.00000   0.00000   0.08779  -0.01312   0.00000  -0.01804
  16  O     s        0.00000   0.00000  -0.58966   0.09652  -0.00000   0.14679
  17  O     px       0.00000  -0.00000  -0.00000  -0.00000   0.06394   0.00000
  18  O     py       0.02093   0.00000   0.00000   0.00000   0.00000   0.00000
  19  O     pz      -0.00000  -0.00000   0.74605  -0.17270   0.00000  -0.40771
  20  H 5   s        0.00000  -0.00000   1.04895  -0.20639   0.00000  -0.44170
 

                        BETA  MOLECULAR ORBITAL COEFFICIENTS
                         1         2         3         4         5         6
 eigenvalues:        -20.270   -10.994   -10.993    -1.142    -0.965    -0.717
   1  C 1   s        0.00003  -0.70182  -0.70142  -0.00764   0.17710  -0.13805
   2  C 1   s       -0.00034  -0.02003  -0.03131   0.01667  -0.46535   0.42271
   3  C 1   px       0.00019   0.00185  -0.00483   0.00511  -0.11631  -0.19386
   4  C 1   py      -0.00000   0.00000  -0.00000  -0.00000   0.00000  -0.00000
   5  C 1   pz       0.00013  -0.00004  -0.00005  -0.00590  -0.00259   0.00140
   6  C 2   s        0.00003  -0.70182   0.70142  -0.00764   0.17710   0.13805
   7  C 2   s       -0.00034  -0.02003   0.03131   0.01667  -0.46535  -0.42271
   8  C 2   px      -0.00019  -0.00185  -0.00483  -0.00511   0.11631  -0.19386
   9  C 2   py       0.00000  -0.00000   0.00000  -0.00000  -0.00000  -0.00000
  10  C 2   pz       0.00013  -0.00004   0.00005  -0.00590  -0.00259  -0.00140
  11  H 1   s        0.00080   0.00475   0.00488   0.02061  -0.11212   0.22441
  12  H 2   s        0.00080   0.00475  -0.00488   0.02061  -0.11212  -0.22441
  13  H 3   s        0.00004   0.00477   0.00491   0.00268  -0.11662   0.22990
  14  H 4   s        0.00004   0.00477  -0.00491   0.00268  -0.11662  -0.22990
  15  O     s       -0.99482   0.00003  -0.00000  -0.23454  -0.01178   0.00000
  16  O     s       -0.02251  -0.00020   0.00000   0.86178   0.04402  -0.00000
  17  O     px      -0.00000   0.00000   0.00016   0.00000  -0.00000  -0.03173
  18  O     py      -0.00000   0.00000   0.00000  -0.00000  -0.00000   0.00000
  19  O     pz       0.00347  -0.00005   0.00000  -0.11600  -0.02740   0.00000
  20  H 5   s        0.00621  -0.00002   0.00000   0.24622   0.02867  -0.00000
                         7         8         9        10        11        12
 eigenvalues:         -0.611    -0.510    -0.484    -0.460    -0.381    -0.307
   1  C 1   s        0.00294  -0.01870   0.00320  -0.00196   0.01086  -0.00000
   2  C 1   s       -0.00895   0.05217   0.01527   0.00763  -0.04480   0.00000
   3  C 1   px      -0.01265   0.28522  -0.42462  -0.00252   0.02237   0.00000
   4  C 1   py       0.00000  -0.00000   0.00000  -0.00000  -0.00000   0.63446
   5  C 1   pz      -0.35901  -0.13047  -0.08449   0.36735   0.14191   0.00000
   6  C 2   s        0.00294  -0.01870   0.00320   0.00196  -0.01086   0.00000
   7  C 2   s       -0.00895   0.05217   0.01527  -0.00763   0.04480  -0.00000
   8  C 2   px       0.01265  -0.28522   0.42462  -0.00252   0.02237   0.00000
   9  C 2   py       0.00000   0.00000  -0.00000  -0.00000  -0.00000   0.63446
  10  C 2   pz      -0.35901  -0.13047  -0.08449  -0.36735  -0.14191  -0.00000
  11  H 1   s        0.24704  -0.06467   0.20999  -0.32882  -0.09508  -0.00000
  12  H 2   s        0.24704  -0.06467   0.20999   0.32882   0.09508   0.00000
  13  H 3   s       -0.23455  -0.20774   0.13089   0.32961   0.10857   0.00000
  14  H 4   s       -0.23455  -0.20774   0.13089  -0.32961  -0.10857  -0.00000
  15  O     s       -0.02245   0.08137   0.06550  -0.00000  -0.00000  -0.00000
  16  O     s        0.11897  -0.41171  -0.33189   0.00000   0.00000  -0.00000
  17  O     px       0.00000   0.00000  -0.00000   0.29465  -0.95352  -0.00000
  18  O     py       0.00000  -0.00000  -0.00000   0.00000   0.00000   0.00778
  19  O     pz       0.22535  -0.50330  -0.36685   0.00000   0.00000  -0.00000
  20  H 5   s       -0.17183   0.39718   0.29058  -0.00000  -0.00000   0.00000
                        13        14        15        16        17
 eigenvalues:          0.341     0.349     0.629     0.678     0.705
   1  C 1   s       -0.00000   0.00000   0.07053  -0.07121  -0.14990
   2  C 1   s        0.00000  -0.00000  -0.45210   0.46739   0.93000
   3  C 1   px       0.00000  -0.00000   0.26276  -0.27405  -0.33315
   4  C 1   py       0.81215  -0.00761   0.00000  -0.00000  -0.00000
   5  C 1   pz      -0.00000   0.00000   0.12651   0.58067   0.01798
   6  C 2   s        0.00000  -0.00000   0.07053  -0.07121   0.14990
   7  C 2   s       -0.00000   0.00000  -0.45210   0.46739  -0.93000
   8  C 2   px       0.00000  -0.00000  -0.26276   0.27405  -0.33315
   9  C 2   py      -0.81215  -0.00761   0.00000   0.00000   0.00000
  10  C 2   pz       0.00000   0.00000   0.12651   0.58067  -0.01798
  11  H 1   s       -0.00000   0.00000   0.43039   0.13919  -0.64577
  12  H 2   s        0.00000   0.00000   0.43039   0.13919   0.64577
  13  H 3   s       -0.00000  -0.00000   0.23802  -0.85066  -0.66012
  14  H 4   s        0.00000  -0.00000   0.23802  -0.85066   0.66012
  15  O     s       -0.00000   0.00000   0.08883   0.02121  -0.00000
  16  O     s        0.00000  -0.00000  -0.57149  -0.14312   0.00000
  17  O     px       0.00000   0.00000  -0.00000   0.00000  -0.06692
  18  O     py      -0.00000   0.99998  -0.00000  -0.00000   0.00000
  19  O     pz      -0.00000   0.00000   0.68171   0.20883  -0.00000
  20  H 5   s       -0.00000   0.00000   0.92814   0.25586  -0.00000
 
          Ground-State Mulliken Net Atomic Charges

     Atom                 Charge (a.u.)    Spin (a.u.)
  --------------------------------------------------------
      1 C                    -0.138417      -0.000876
      2 C                    -0.138417      -0.000876
      3 H                     0.077017       0.000257
      4 H                     0.077017       0.000257
      5 H                     0.055354      -0.000047
      6 H                     0.055354      -0.000047
      7 O                    -0.160539       1.069447
      8 H                     0.172630      -0.068112
  --------------------------------------------------------
  Sum of atomic charges =     0.000000
  Sum of spin   charges =     1.000000

 -----------------------------------------------------------------
                    Cartesian Multipole Moments
 -----------------------------------------------------------------
    Charge (ESU x 10^10)
                 0.0000
    Dipole Moment (Debye)
         X      -0.0000      Y       0.0000      Z      -1.6181
       Tot       1.6181
    Quadrupole Moments (Debye-Ang)
        XX     -17.8011     XY       0.0000     YY     -18.0553
        XZ      -0.0000     YZ      -0.0000     ZZ     -11.2256
    Octopole Moments (Debye-Ang^2)
       XXX      -0.0000    XXY       0.0000    XYY      -0.0000
       YYY       0.0000    XXZ      -3.1711    XYZ      -0.0000
       YYZ      -5.3884    XZZ      -0.0000    YZZ       0.0000
       ZZZ     -26.5884
    Hexadecapole Moments (Debye-Ang^3)
      XXXX     -64.8548   XXXY      -0.0000   XXYY     -13.1996
      XYYY      -0.0000   YYYY     -13.1155   XXXZ       0.0000
      XXYZ      -0.0000   XYYZ      -0.0000   YYYZ      -0.0000
      XXZZ     -45.3645   XYZZ       0.0000   YYZZ     -37.8379
      XZZZ       0.0000   YZZZ      -0.0000   ZZZZ    -153.7948
 -----------------------------------------------------------------
 Total job time:  0.17s(wall), 0.15s(cpu) 
 Wed Mar  2 16:18:52 2022

        *************************************************************
        *                                                           *
        *  Thank you very much for using Q-Chem.  Have a nice day.  *
        *                                                           *
        *************************************************************


