                  Welcome to Q-Chem
     A Quantum Leap Into The Future Of Chemistry


 Q-Chem 5.4 (devel), Q-Chem, Inc., Pleasanton, CA (2021)

 E. Epifanovsky,  A. T. B. Gilbert,  Xintian Feng,  Joonho Lee,  Yuezhi Mao,  
 N. Mardirossian,  P. Pokhilko,  A. White,  M. Wormit,  M. P. Coons,  
 A. L. Dempwolff,  Zhengting Gan,  D. Hait,  P. R. Horn,  L. D. Jacobson,  
 I. Kaliman,  J. Kussmann,  A. W. Lange,  Ka Un Lao,  D. S. Levine,  Jie Liu,  
 S. C. McKenzie,  A. F. Morrison,  K. Nanda,  F. Plasser,  D. R. Rehn,  
 M. L. Vidal,  Zhi-Qiang You,  Ying Zhu,  B. Alam,  B. Albrecht,  
 A. Aldossary,  E. Alguire,  J. H. Andersen,  D. Barton,  K. Begam,  A. Behn,  
 Y. A. Bernard,  E. J. Berquist,  H. Burton,  A. Carreras,  K. Carter-Fenk,  
 R. Chakraborty,  A. D. Chien,  K. D. Closser,  V. Cofer-Shabica,  
 S. Dasgupta,  Jia Deng,  M. de Wergifosse,  M. Diedenhofen,  Hainam Do,  
 S. Ehlert,  Po-Tung Fang,  S. Fatehi,  Qingguo Feng,  T. Friedhoff,  
 J. Gayvert,  Qinghui Ge,  G. Gidofalvi,  M. Goldey,  J. Gomes,  
 C. Gonzalez-Espinoza,  S. Gulania,  A. Gunina,  M. W. D. Hanson-Heine,  
 P. H. P. Harbach,  A. W. Hauser,  M. F. Herbst,  M. Hernandez Vera,  
 M. Hodecker,  Z. C. Holden,  S. Houck,  Xunkun Huang,  Kerwin Hui,  
 B. C. Huynh,  M. Ivanov,  Hyunjun Ji,  Hanjie Jiang,  B. Kaduk,  S. Kaehler,  
 K. Khistyaev,  Jaehoon Kim,  P. Klunzinger,  Z. Koczor-Benda,  
 Joong Hoon Koh,  D. Kosenkov,  L. Koulias,  T. Kowalczyk,  C. M. Krauter,  
 K. Kue,  A. Kunitsa,  T. Kus,  A. Landau,  K. V. Lawler,  D. Lefrancois,  
 S. Lehtola,  Rain Li,  Yi-Pei Li,  Jiashu Liang,  M. Liebenthal,  
 Hung-Hsuan Lin,  You-Sheng Lin,  Fenglai Liu,  Kuan-Yu Liu,  
 M. Loipersberger,  A. Luenser,  A. Manjanath,  P. Manohar,  E. Mansoor,  
 S. F. Manzer,  Shan-Ping Mao,  A. V. Marenich,  T. Markovich,  S. Mason,  
 S. A. Maurer,  P. F. McLaughlin,  M. F. S. J. Menger,  J.-M. Mewes,  
 S. A. Mewes,  P. Morgante,  J. W. Mullinax,  K. J. Oosterbaan,  G. Paran,  
 Alexander C. Paul,  Suranjan K. Paul,  F. Pavosevic,  Zheng Pei,  S. Prager,  
 E. I. Proynov,  E. Ramos,  B. Rana,  A. E. Rask,  A. Rettig,  R. M. Richard,  
 F. Rob,  E. Rossomme,  T. Scheele,  M. Scheurer,  M. Schneider,  
 N. Sergueev,  S. M. Sharada,  W. Skomorowski,  D. W. Small,  C. J. Stein,  
 Yu-Chuan Su,  E. J. Sundstrom,  Zhen Tao,  J. Thirman,  T. Tsuchimochi,  
 N. M. Tubman,  S. P. Veccham,  O. Vydrov,  J. Wenzel,  J. Witte,  A. Yamada,  
 Kun Yao,  S. Yeganeh,  S. R. Yost,  A. Zech,  Igor Ying Zhang,  Xing Zhang,  
 Yu Zhang,  D. Zuev,  A. Aspuru-Guzik,  A. T. Bell,  N. A. Besley,  
 K. B. Bravaya,  B. R. Brooks,  D. Casanova,  Jeng-Da Chai,  S. Coriani,  
 C. J. Cramer,  A. E. DePrince, III,  R. A. DiStasio Jr.,  A. Dreuw,  
 B. D. Dunietz,  T. R. Furlani,  W. A. Goddard III,  S. Grimme,  
 S. Hammes-Schiffer,  T. Head-Gordon,  W. J. Hehre,  Chao-Ping Hsu,  
 T.-C. Jagau,  Yousung Jung,  A. Klamt,  Jing Kong,  D. S. Lambrecht,  
 WanZhen Liang,  N. J. Mayhall,  C. W. McCurdy,  J. B. Neaton,  
 C. Ochsenfeld,  J. A. Parkhill,  R. Peverati,  V. A. Rassolov,  Yihan Shao,  
 L. V. Slipchenko,  T. Stauch,  R. P. Steele,  J. E. Subotnik,  
 A. J. W. Thom,  A. Tkatchenko,  D. G. Truhlar,  T. Van Voorhis,  
 T. A. Wesolowski,  K. B. Whaley,  H. L. Woodcock III,  P. M. Zimmerman,  
 S. Faraji,  P. M. W. Gill,  M. Head-Gordon,  J. M. Herbert,  A. I. Krylov

 Additional authors for Version 5.4.1: 
 S. Kotaru,  Shaozhi Li,  Xiangyuan Li,  F. Matz,  A. Molle,  Haisheng Ren,  
 Yingli Su,  Hung-Yi Tsai,  C. Utku,  Fang Wang

 Contributors to earlier versions of Q-Chem not listed above: 
 R. D. Adamson,  B. Austin,  R. Baer,  J. Baker,  G. J. O. Beran,  
 K. Brandhorst,  S. T. Brown,  E. F. C. Byrd,  A. K. Chakraborty,  
 G. K. L. Chan,  Chun-Min Chang,  Yunqing Chen,  C.-L. Cheng,  
 Siu Hung Chien,  D. M. Chipman,  D. L. Crittenden,  H. Dachsel,  
 R. J. Doerksen,  A. D. Dutoi,  R. G. Edgar,  J. Fosso-Tande,  
 L. Fusti-Molnar,  D. Ghosh,  A. Ghysels,  A. Golubeva-Zadorozhnaya,  
 J. Gonthier,  M. S. Gordon,  S. R. Gwaltney,  G. Hawkins,  J. E. Herr,  
 A. Heyden,  S. Hirata,  E. G. Hohenstein,  G. Kedziora,  F. J. Keil,  
 C. Kelley,  Jihan Kim,  R. A. King,  R. Z. Khaliullin,  P. P. Korambath,  
 W. Kurlancheek,  A. Laurent,  A. M. Lee,  M. S. Lee,  S. V. Levchenko,  
 Ching Yeh Lin,  D. Liotard,  E. Livshits,  R. C. Lochan,  I. Lotan,  
 L. A. Martinez-Martinez,  P. E. Maslen,  N. Nair,  D. P. O'Neill,  
 D. Neuhauser,  E. Neuscamman,  C. M. Oana,  R. Olivares-Amaya,  R. Olson,  
 T. M. Perrine,  B. Peters,  P. A. Pieniazek,  A. Prociuk,  Y. M. Rhee,  
 J. Ritchie,  M. A. Rohrdanz,  E. Rosta,  N. J. Russ,  H. F. Schaefer III,  
 M. W. Schmidt,  N. E. Schultz,  S. Sharma,  N. Shenvi,  C. D. Sherrill,  
 A. C. Simmonett,  A. Sodt,  T. Stein,  D. Stuck,  K. S. Thanthiriwatte,  
 V. Vanovschi,  L. Vogt,  Tao Wang,  A. Warshel,  M. A. Watson,  
 C. F. Williams,  Q. Wu,  X. Xu,  Jun Yang,  W. Zhang,  Yan Zhao

 Please cite Q-Chem as follows:
 Y. Shao et al., Mol. Phys. 113, 184-215 (2015)
 DOI: 10.1080/00268976.2014.952696

 Q-Chem 5.4.1 for Intel X86 EM64T Linux

 Parts of Q-Chem use Armadillo 9.900.5 (Nocturnal Misbehaviour).
 http://arma.sourceforge.net/

 Q-Chem begins on Mon Apr 11 09:50:59 2022  

 Host: node01
0

     Scratch files written to /src/jdavis/qchem.scratch/qchem4148//
 Processing $rem in /src/tsommerfeld/qchem/config/preferences:
 Processing $rem in /home/jdavis/.qchemrc:

 Checking the input file for inconsistencies... 	...done.

--------------------------------------------------------------
User input:
--------------------------------------------------------------
#ethylene geometry from CRC Handbook 102nd Edition
$molecule
   0 1
C         0.6235257508   -1.1565321456    0.0000000000
C        -0.6235257508   -1.1565321456    0.0000000000
C        -1.5818166948    0.0000000000    0.0000000000
C        -0.6235257508    1.1565321456    0.0000000000
C         0.6235257508    1.1565321456    0.0000000000
C         1.5818166948    0.0000000000    0.0000000000
O         2.7810421212    0.0000000000    0.0000000000
O        -2.7810421212    0.0000000000    0.0000000000
$end

$rem
        basis cc-pVTZ
        method adc(3)
        EA_STATES [0,0,0,0,0,0,0,3]
	scf_convergence 8
        thresh 14
        xc_grid 000250000974
        adc_print 3
        adc_davidson_conv 5
        adc_nguess_singles 100
        adc_nguess_doubles 50
        adc_davidson_maxsubspace 400
        adc_davidson_maxiter 40
        adc_davidson_thresh 14
        mem_total 95000
        threads 12
$end

--------------------------------------------------------------
 ----------------------------------------------------------------
             Standard Nuclear Orientation (Angstroms)
    I     Atom           X                Y                Z
 ----------------------------------------------------------------
    1      C       0.6235257508    -1.1565321456     0.0000000000
    2      C      -0.6235257508    -1.1565321456     0.0000000000
    3      C      -1.5818166948    -0.0000000000     0.0000000000
    4      C      -0.6235257508     1.1565321456    -0.0000000000
    5      C       0.6235257508     1.1565321456    -0.0000000000
    6      C       1.5818166948     0.0000000000    -0.0000000000
    7      O       2.7810421212     0.0000000000    -0.0000000000
    8      O      -2.7810421212    -0.0000000000     0.0000000000
 ----------------------------------------------------------------
 Molecular Point Group                 D2h   NOp =  8
 Largest Abelian Subgroup              D2h   NOp =  8
 Nuclear Repulsion Energy =         278.73702882 hartrees
 There are       26 alpha and       26 beta electrons
 Requested basis set is cc-pVTZ
 There are 80 shells and 240 basis functions
 Total memory of 95000 MB is distributed as follows: 
   MEM_STATIC is set to 192 MB
   QALLOC/CCMAN JOB total memory use is  94808 MB
 Warning: actual memory use might exceed 95000 MB

 Total QAlloc Memory Limit  95000 MB
 Mega-Array Size       188 MB
 MEM_STATIC part       192 MB

                       Distance Matrix (Angstroms)
             C (  1)   C (  2)   C (  3)   C (  4)   C (  5)   C (  6)
   C (  2)  1.247052
   C (  3)  2.490201  1.501961
   C (  4)  2.627814  2.313064  1.501961
   C (  5)  2.313064  2.627814  2.490201  1.247052
   C (  6)  1.501961  2.490201  3.163633  2.490201  1.501961
   O (  7)  2.447947  3.595643  4.362859  3.595643  2.447947  1.199225
   O (  8)  3.595643  2.447947  1.199225  2.447947  3.595643  4.362859
             O (  7)
   O (  8)  5.562084
 
 A cutoff of  1.0D-14 yielded   3059 shell pairs
 There are     27763 function pairs (     37820 Cartesian)
 Smallest overlap matrix eigenvalue = 1.28E-04

 Scale SEOQF with 1.000000e-01/1.000000e-01/1.000000e+00

 Standard Electronic Orientation quadrupole field applied
 Nucleus-field energy     =     0.0000000081 hartrees
 Guess from superposition of atomic densities
 Warning:  Energy on first SCF cycle will be non-variational
 SAD guess density has 52.000000 electrons
 A restricted Hartree-Fock SCF calculation will be
 performed using Pulay DIIS extrapolation
 SCF converges when DIIS error is below 1.0E-08
 using 12 threads for integral computing
 -------------------------------------------------------
 OpenMP Integral computing Module                
 Release: version 1.0, May 2013, Q-Chem Inc. Pittsburgh 
 -------------------------------------------------------
 ---------------------------------------
  Cycle       Energy         DIIS Error
 ---------------------------------------
    1    -379.3211010544      3.90E-02
    2    -376.5006636994      5.49E-03
    3    -376.6051696975      4.74E-03
    4    -376.7181782060      5.84E-04
    5    -376.7226681756      2.51E-04
    6    -376.7235190990      8.31E-05
    7    -376.7236718410      3.70E-05
    8    -376.7236959317      1.06E-05
    9    -376.7236979515      1.71E-06
   10    -376.7236980174      3.67E-07
   11    -376.7236980195      9.71E-08
   12    -376.7236980195      1.84E-08
   13    -376.7236980195      3.43E-09 Convergence criterion met
 ---------------------------------------
 SCF time:  CPU 99.74 s  wall 8.32 s

 Q-Chem warning in module 0, line  204:

 Quadrupole field failed to resolve orbital degeneracies.


 Q-Chem warning in module 0, line  204:

 Quadrupole field failed to resolve orbital degeneracies.

 SCF   energy in the final basis set = -376.72369802
 Total energy in the final basis set = -376.72369802
================================================================================
|                                                                              |
|                                 A D C  M A N                                 |
|                                                                              |
 ------------------------------------------------------------------------------ 
|                                                                              |
| Components:                                                                  |
|                                                                              |
| - libvmm - 1.3-trunk                                                         |
|   Authors:                                                                   |
|   Evgeny Epifanovsky, Ilya Kaliman                                           |
|                                                                              |
| - libtensor - 2.5-trunk                                                      |
|   Authors:                                                                   |
|   Evgeny Epifanovsky, Michael Wormit, Dmitry Zuev, Sam Manzer,               |
|   Ilya Kaliman                                                               |
|                                                                              |
| - libwfa - 1.1-trunk                                                         |
|   Authors:                                                                   |
|   Felix Plasser, Stefanie Mewes (Baeppler), Benjamin Thomitzni,              |
|   Michael Wormit, Feng Chen, Anna I. Krylov, Pavel Pokhilko                  |
|                                                                              |
| - libadc - 1.1-trunk                                                         |
|   Authors:                                                                   |
|   Michael Wormit, Adrian L. Dempwolff, Philipp H. P. Harbach,                |
|   Caroline Krauter, Dirk Rehn, Matthias Schneider, Jan Wenzel                |
|                                                                              |
| - adcman - 2.6-trunk                                                         |
|   Authors:                                                                   |
|   Michael Wormit, Adrian L. Dempwolff, Philipp H. P. Harbach,                |
|   Caroline Krauter, Daniel Lefrancois, Jan-Michael Mewes, Dirk Rehn,         |
|   Matthias Schneider, Jan Wenzel, Andreas Dreuw                              |
|                                                                              |
| Authors of earlier versions of ADCMAN:                                       |
| Andreas Dreuw, Jan Hendrik Starcke, Dirk Rehn, Michael Wormit                |
|                                                                              |
================================================================================

  Import QC data ...  CPU 0.00 s  wall 0.00 s
 
 Alpha MOs, Restricted
 -- Occupied --                  
-20.629 -20.629 -11.448 -11.448 -11.319 -11.319 -11.316 -11.316
  1 Ag    1 B3u   2 Ag    2 B3u   1 B2u   3 Ag    1 B1g   3 B3u                
 -1.468  -1.466  -1.200  -1.066  -1.002  -0.858  -0.811  -0.748
  4 Ag    4 B3u   5 Ag    2 B2u   5 B3u   6 Ag    2 B1g   3 B2u                
 -0.722  -0.713  -0.640  -0.604  -0.534  -0.503  -0.492  -0.467
  6 B3u   7 Ag    1 B1u   1 B2g   3 B1g   4 B2u   8 Ag    2 B1u                
 -0.441  -0.401
  1 B3g   5 B2u                                                                
 -- Virtual --                   
 -0.061  -0.024   0.078   0.141   0.148   0.272   0.282   0.334
  7 B3u   2 B2g   4 B1g   1 Au    3 B1u   8 B3u   9 Ag   10 Ag                 
  0.335   0.336   0.345   0.351   0.373   0.392   0.415   0.425
  3 B2g   6 B2u  11 Ag    5 B1g   4 B1u   9 B3u  12 Ag    2 B3g                
  0.437   0.448   0.483   0.506   0.511   0.543   0.546   0.548
  7 B2u   4 B2g   8 B2u  10 B3u   5 B1u   6 B1g  11 B3u   2 Au                 
  0.565   0.584   0.587   0.597   0.623   0.629   0.682   0.693
  7 B1g  13 Ag    9 B2u  12 B3u   5 B2g   6 B1u  14 Ag   10 B2u                
  0.727   0.744   0.745   0.754   0.783   0.814   0.820   0.876
  8 B1g  15 Ag   13 B3u   3 B3g   9 B1g  14 B3u  16 Ag    7 B1u                
  0.896   0.930   0.964   0.969   0.970   0.979   0.981   1.048
  6 B2g  15 B3u   3 Au    4 B3g   7 B2g  17 Ag   10 B1g  11 B2u                
  1.056   1.066   1.115   1.171   1.186   1.239   1.243   1.301
 16 B3u   8 B1u  11 B1g  12 B2u  18 Ag   13 B2u  17 B3u   4 Au                 
  1.304   1.312   1.329   1.351   1.363   1.403   1.446   1.459
  5 B3g  12 B1g  18 B3u   9 B1u  19 Ag    8 B2g  19 B3u  20 Ag                 
  1.526   1.546   1.554   1.557   1.635   1.741   1.749   1.803
 14 B2u  13 B1g   9 B2g   5 Au   21 Ag   20 B3u  14 B1g  15 B2u                
  1.907   1.918   1.938   1.977   2.015   2.146   2.149   2.202
 21 B3u   6 B3g  22 Ag   15 B1g  22 B3u  10 B1u   6 Au   23 Ag                 
  2.216   2.253   2.301   2.312   2.337   2.359   2.402   2.417
 10 B2g  23 B3u  11 B1u  24 Ag    7 B3g  16 B2u  12 B1u  24 B3u                
  2.430   2.458   2.466   2.520   2.536   2.541   2.565   2.600
 11 B2g  17 B2u  25 Ag   16 B1g  26 Ag   25 B3u   7 Au   17 B1g                
  2.610   2.611   2.629   2.693   2.707   2.717   2.766   2.807
  8 B3g  18 B2u  27 Ag   13 B1u  19 B2u  12 B2g   9 B3g  20 B2u                
  2.815   2.820   2.839   2.871   2.905   2.937   2.941   2.949
  8 Au   14 B1u  26 B3u  18 B1g  28 Ag   13 B2g  21 B2u  15 B1u                
  2.972   3.000   3.046   3.079   3.134   3.144   3.152   3.154
 29 Ag   19 B1g  14 B2g  27 B3u  10 B3g  16 B1u  22 B2u  30 Ag                 
  3.193   3.219   3.226   3.229   3.247   3.282   3.303   3.307
 31 Ag   20 B1g  23 B2u  28 B3u  17 B1u   9 Au   21 B1g  15 B2g                
  3.336   3.384   3.428   3.437   3.461   3.493   3.519   3.522
 11 B3g  32 Ag   12 B3g  29 B3u  24 B2u  16 B2g  10 Au   30 B3u                
  3.541   3.544   3.572   3.589   3.661   3.682   3.709   3.788
 22 B1g  18 B1u  31 B3u  33 Ag   17 B2g  11 Au   32 B3u  13 B3g                
  3.789   3.810   3.824   3.835   3.909   3.935   4.046   4.056
 23 B1g  34 Ag   12 Au   25 B2u  33 B3u  35 Ag   26 B2u  19 B1u                
  4.069   4.072   4.123   4.219   4.237   4.282   4.286   4.383
 18 B2g  24 B1g  36 Ag   34 B3u  20 B1u  14 B3g  25 B1g  27 B2u                
  4.411   4.491   4.525   4.536   4.560   4.560   4.570   4.623
 26 B1g  35 B3u  19 B2g  21 B1u  28 B2u  27 B1g  37 Ag   20 B2g                
  4.683   4.719   4.908   4.979   4.984   4.999   5.141   5.150
 36 B3u  13 Au   29 B2u  38 Ag   28 B1g  14 Au   21 B2g  37 B3u                
  5.206   5.344   5.390   5.528   5.556   5.566   5.569   5.617
 39 Ag   30 B2u  38 B3u  29 B1g  39 B3u  30 B1g  22 B1u  22 B2g                
  5.637   5.942   6.000   6.053   6.097   6.138   6.234   6.647
 31 B2u  40 Ag   15 B3g  15 Au   40 B3u  31 B1g  41 Ag   23 B1u                
  6.719   6.762   6.791   6.809   6.840   6.887   6.936   6.940
 23 B2g  42 Ag   41 B3u  16 B3g  16 Au   43 Ag   42 B3u  32 B2u                
  7.269   7.271   7.283   7.449   7.481   7.500   7.535   8.598
 24 B1u  32 B1g  24 B2g  33 B2u  44 Ag   43 B3u  33 B1g  34 B2u                
 10.373  10.870  13.444  13.705  15.043  15.069
 45 Ag   44 B3u  46 Ag   45 B3u  34 B1g  46 B3u                                
 
 Beta MOs, Restricted
 -- Occupied --                  
-20.629 -20.629 -11.448 -11.448 -11.319 -11.319 -11.316 -11.316
  1 Ag    1 B3u   2 Ag    2 B3u   1 B2u   3 Ag    1 B1g   3 B3u                
 -1.468  -1.466  -1.200  -1.066  -1.002  -0.858  -0.811  -0.748
  4 Ag    4 B3u   5 Ag    2 B2u   5 B3u   6 Ag    2 B1g   3 B2u                
 -0.722  -0.713  -0.640  -0.604  -0.534  -0.503  -0.492  -0.467
  6 B3u   7 Ag    1 B1u   1 B2g   3 B1g   4 B2u   8 Ag    2 B1u                
 -0.441  -0.401
  1 B3g   5 B2u                                                                
 -- Virtual --                   
 -0.061  -0.024   0.078   0.141   0.148   0.272   0.282   0.334
  7 B3u   2 B2g   4 B1g   1 Au    3 B1u   8 B3u   9 Ag   10 Ag                 
  0.335   0.336   0.345   0.351   0.373   0.392   0.415   0.425
  3 B2g   6 B2u  11 Ag    5 B1g   4 B1u   9 B3u  12 Ag    2 B3g                
  0.437   0.448   0.483   0.506   0.511   0.543   0.546   0.548
  7 B2u   4 B2g   8 B2u  10 B3u   5 B1u   6 B1g  11 B3u   2 Au                 
  0.565   0.584   0.587   0.597   0.623   0.629   0.682   0.693
  7 B1g  13 Ag    9 B2u  12 B3u   5 B2g   6 B1u  14 Ag   10 B2u                
  0.727   0.744   0.745   0.754   0.783   0.814   0.820   0.876
  8 B1g  15 Ag   13 B3u   3 B3g   9 B1g  14 B3u  16 Ag    7 B1u                
  0.896   0.930   0.964   0.969   0.970   0.979   0.981   1.048
  6 B2g  15 B3u   3 Au    4 B3g   7 B2g  17 Ag   10 B1g  11 B2u                
  1.056   1.066   1.115   1.171   1.186   1.239   1.243   1.301
 16 B3u   8 B1u  11 B1g  12 B2u  18 Ag   13 B2u  17 B3u   4 Au                 
  1.304   1.312   1.329   1.351   1.363   1.403   1.446   1.459
  5 B3g  12 B1g  18 B3u   9 B1u  19 Ag    8 B2g  19 B3u  20 Ag                 
  1.526   1.546   1.554   1.557   1.635   1.741   1.749   1.803
 14 B2u  13 B1g   9 B2g   5 Au   21 Ag   20 B3u  14 B1g  15 B2u                
  1.907   1.918   1.938   1.977   2.015   2.146   2.149   2.202
 21 B3u   6 B3g  22 Ag   15 B1g  22 B3u  10 B1u   6 Au   23 Ag                 
  2.216   2.253   2.301   2.312   2.337   2.359   2.402   2.417
 10 B2g  23 B3u  11 B1u  24 Ag    7 B3g  16 B2u  12 B1u  24 B3u                
  2.430   2.458   2.466   2.520   2.536   2.541   2.565   2.600
 11 B2g  17 B2u  25 Ag   16 B1g  26 Ag   25 B3u   7 Au   17 B1g                
  2.610   2.611   2.629   2.693   2.707   2.717   2.766   2.807
  8 B3g  18 B2u  27 Ag   13 B1u  19 B2u  12 B2g   9 B3g  20 B2u                
  2.815   2.820   2.839   2.871   2.905   2.937   2.941   2.949
  8 Au   14 B1u  26 B3u  18 B1g  28 Ag   13 B2g  21 B2u  15 B1u                
  2.972   3.000   3.046   3.079   3.134   3.144   3.152   3.154
 29 Ag   19 B1g  14 B2g  27 B3u  10 B3g  16 B1u  22 B2u  30 Ag                 
  3.193   3.219   3.226   3.229   3.247   3.282   3.303   3.307
 31 Ag   20 B1g  23 B2u  28 B3u  17 B1u   9 Au   21 B1g  15 B2g                
  3.336   3.384   3.428   3.437   3.461   3.493   3.519   3.522
 11 B3g  32 Ag   12 B3g  29 B3u  24 B2u  16 B2g  10 Au   30 B3u                
  3.541   3.544   3.572   3.589   3.661   3.682   3.709   3.788
 22 B1g  18 B1u  31 B3u  33 Ag   17 B2g  11 Au   32 B3u  13 B3g                
  3.789   3.810   3.824   3.835   3.909   3.935   4.046   4.056
 23 B1g  34 Ag   12 Au   25 B2u  33 B3u  35 Ag   26 B2u  19 B1u                
  4.069   4.072   4.123   4.219   4.237   4.282   4.286   4.383
 18 B2g  24 B1g  36 Ag   34 B3u  20 B1u  14 B3g  25 B1g  27 B2u                
  4.411   4.491   4.525   4.536   4.560   4.560   4.570   4.623
 26 B1g  35 B3u  19 B2g  21 B1u  28 B2u  27 B1g  37 Ag   20 B2g                
  4.683   4.719   4.908   4.979   4.984   4.999   5.141   5.150
 36 B3u  13 Au   29 B2u  38 Ag   28 B1g  14 Au   21 B2g  37 B3u                
  5.206   5.344   5.390   5.528   5.556   5.566   5.569   5.617
 39 Ag   30 B2u  38 B3u  29 B1g  39 B3u  30 B1g  22 B1u  22 B2g                
  5.637   5.942   6.000   6.053   6.097   6.138   6.234   6.647
 31 B2u  40 Ag   15 B3g  15 Au   40 B3u  31 B1g  41 Ag   23 B1u                
  6.719   6.762   6.791   6.809   6.840   6.887   6.936   6.940
 23 B2g  42 Ag   41 B3u  16 B3g  16 Au   43 Ag   42 B3u  32 B2u                
  7.269   7.271   7.283   7.449   7.481   7.500   7.535   8.598
 24 B1u  32 B1g  24 B2g  33 B2u  44 Ag   43 B3u  33 B1g  34 B2u                
 10.373  10.870  13.444  13.705  15.043  15.069
 45 Ag   44 B3u  46 Ag   45 B3u  34 B1g  46 B3u                                
  Import AO data ...  CPU 0.14 s  wall 0.14 s
  Using point group: D2h
  Irreducible representations in point group: Ag B1g B2g B3g Au B1u B2u B3u
  Molecular orbitals: 
  Occupied MOs:
  Block   0:   1 ( Ag) A   2 ( Ag) A   3 ( Ag) A   4 ( Ag) A   5 ( Ag) A
                  -20.63      -11.45      -11.32      -1.468        -1.2
               6 ( Ag) A   7 ( Ag) A   8 ( Ag) A
                 -0.8577     -0.7127     -0.4923
  Block   1:   1 (B1g) A   2 (B1g) A   3 (B1g) A
                  -11.32     -0.8107     -0.5341
  Block   2:   1 (B2g) A
                 -0.6037
  Block   3:   1 (B3g) A
                 -0.4406
  Block   4:   1 (B1u) A   2 (B1u) A
                 -0.6398     -0.4672
  Block   5:   1 (B2u) A   2 (B2u) A   3 (B2u) A   4 (B2u) A   5 (B2u) A
                  -11.32      -1.066      -0.748     -0.5028     -0.4005
  Block   6:   1 (B3u) A   2 (B3u) A   3 (B3u) A   4 (B3u) A   5 (B3u) A
                  -20.63      -11.45      -11.32      -1.466      -1.002
               6 (B3u) A
                 -0.7219
  Block   7:   1 ( Ag) B   2 ( Ag) B   3 ( Ag) B   4 ( Ag) B   5 ( Ag) B
                  -20.63      -11.45      -11.32      -1.468        -1.2
               6 ( Ag) B   7 ( Ag) B   8 ( Ag) B
                 -0.8577     -0.7127     -0.4923
  Block   8:   1 (B1g) B   2 (B1g) B   3 (B1g) B
                  -11.32     -0.8107     -0.5341
  Block   9:   1 (B2g) B
                 -0.6037
  Block  10:   1 (B3g) B
                 -0.4406
  Block  11:   1 (B1u) B   2 (B1u) B
                 -0.6398     -0.4672
  Block  12:   1 (B2u) B   2 (B2u) B   3 (B2u) B   4 (B2u) B   5 (B2u) B
                  -11.32      -1.066      -0.748     -0.5028     -0.4005
  Block  13:   1 (B3u) B   2 (B3u) B   3 (B3u) B   4 (B3u) B   5 (B3u) B
                  -20.63      -11.45      -11.32      -1.466      -1.002
               6 (B3u) B
                 -0.7219
  Virtual MOs:
  Block   0:   9 ( Ag) A  10 ( Ag) A  11 ( Ag) A  12 ( Ag) A  13 ( Ag) A
                  0.2823      0.3338      0.3454      0.4153      0.5844
              14 ( Ag) A  15 ( Ag) A  16 ( Ag) A  17 ( Ag) A  18 ( Ag) A
                   0.682      0.7436      0.8204      0.9785       1.186
              19 ( Ag) A  20 ( Ag) A
                   1.363       1.459
  Block   1:  21 ( Ag) A  22 ( Ag) A  23 ( Ag) A  24 ( Ag) A  25 ( Ag) A
                   1.635       1.938       2.202       2.312       2.466
              26 ( Ag) A  27 ( Ag) A  28 ( Ag) A  29 ( Ag) A  30 ( Ag) A
                   2.536       2.629       2.905       2.972       3.154
              31 ( Ag) A  32 ( Ag) A  33 ( Ag) A  34 ( Ag) A
                   3.193       3.384       3.589        3.81
  Block   2:  35 ( Ag) A  36 ( Ag) A  37 ( Ag) A  38 ( Ag) A  39 ( Ag) A
                   3.935       4.123        4.57       4.979       5.206
              40 ( Ag) A  41 ( Ag) A  42 ( Ag) A  43 ( Ag) A  44 ( Ag) A
                   5.942       6.234       6.762       6.887       7.481
              45 ( Ag) A  46 ( Ag) A
                   10.37       13.44
  Block   3:   4 (B1g) A   5 (B1g) A   6 (B1g) A   7 (B1g) A   8 (B1g) A
                 0.07774      0.3515      0.5426       0.565      0.7269
               9 (B1g) A  10 (B1g) A  11 (B1g) A  12 (B1g) A  13 (B1g) A
                  0.7827      0.9813       1.115       1.312       1.546
              14 (B1g) A  15 (B1g) A  16 (B1g) A  17 (B1g) A  18 (B1g) A
                   1.749       1.977        2.52         2.6       2.871
              19 (B1g) A
                       3
  Block   4:  20 (B1g) A  21 (B1g) A  22 (B1g) A  23 (B1g) A  24 (B1g) A
                   3.219       3.303       3.541       3.789       4.072
              25 (B1g) A  26 (B1g) A  27 (B1g) A  28 (B1g) A  29 (B1g) A
                   4.286       4.411        4.56       4.984       5.528
              30 (B1g) A  31 (B1g) A  32 (B1g) A  33 (B1g) A  34 (B1g) A
                   5.566       6.138       7.271       7.535       15.04
  Block   5:   2 (B2g) A   3 (B2g) A   4 (B2g) A   5 (B2g) A   6 (B2g) A
                -0.02449      0.3353      0.4477       0.623      0.8958
               7 (B2g) A   8 (B2g) A   9 (B2g) A  10 (B2g) A  11 (B2g) A
                  0.9697       1.403       1.554       2.216        2.43
              12 (B2g) A  13 (B2g) A
                   2.717       2.937
  Block   6:  14 (B2g) A  15 (B2g) A  16 (B2g) A  17 (B2g) A  18 (B2g) A
                   3.046       3.307       3.493       3.661       4.069
              19 (B2g) A  20 (B2g) A  21 (B2g) A  22 (B2g) A  23 (B2g) A
                   4.525       4.623       5.141       5.617       6.719
              24 (B2g) A
                   7.283
  Block   7:   2 (B3g) A   3 (B3g) A   4 (B3g) A   5 (B3g) A   6 (B3g) A
                  0.4247      0.7535      0.9693       1.304       1.918
               7 (B3g) A   8 (B3g) A   9 (B3g) A  10 (B3g) A  11 (B3g) A
                   2.337        2.61       2.766       3.134       3.336
              12 (B3g) A  13 (B3g) A  14 (B3g) A  15 (B3g) A  16 (B3g) A
                   3.428       3.788       4.282           6       6.809
  Block   8:   1 ( Au) A   2 ( Au) A   3 ( Au) A   4 ( Au) A   5 ( Au) A
                  0.1408       0.548      0.9642       1.301       1.557
               6 ( Au) A   7 ( Au) A   8 ( Au) A   9 ( Au) A  10 ( Au) A
                   2.149       2.565       2.815       3.282       3.519
              11 ( Au) A  12 ( Au) A  13 ( Au) A  14 ( Au) A  15 ( Au) A
                   3.682       3.824       4.719       4.999       6.053
              16 ( Au) A
                    6.84
  Block   9:   3 (B1u) A   4 (B1u) A   5 (B1u) A   6 (B1u) A   7 (B1u) A
                  0.1482      0.3733      0.5111      0.6295      0.8762
               8 (B1u) A   9 (B1u) A  10 (B1u) A  11 (B1u) A  12 (B1u) A
                   1.066       1.351       2.146       2.301       2.402
              13 (B1u) A  14 (B1u) A
                   2.693        2.82
  Block  10:  15 (B1u) A  16 (B1u) A  17 (B1u) A  18 (B1u) A  19 (B1u) A
                   2.949       3.144       3.247       3.544       4.056
              20 (B1u) A  21 (B1u) A  22 (B1u) A  23 (B1u) A  24 (B1u) A
                   4.237       4.536       5.569       6.647       7.269
  Block  11:   6 (B2u) A   7 (B2u) A   8 (B2u) A   9 (B2u) A  10 (B2u) A
                  0.3361      0.4372      0.4828      0.5869      0.6931
              11 (B2u) A  12 (B2u) A  13 (B2u) A  14 (B2u) A  15 (B2u) A
                   1.048       1.171       1.239       1.526       1.803
              16 (B2u) A  17 (B2u) A  18 (B2u) A  19 (B2u) A
                   2.359       2.458       2.611       2.707
  Block  12:  20 (B2u) A  21 (B2u) A  22 (B2u) A  23 (B2u) A  24 (B2u) A
                   2.807       2.941       3.152       3.226       3.461
              25 (B2u) A  26 (B2u) A  27 (B2u) A  28 (B2u) A  29 (B2u) A
                   3.835       4.046       4.383        4.56       4.908
              30 (B2u) A  31 (B2u) A  32 (B2u) A  33 (B2u) A  34 (B2u) A
                   5.344       5.637        6.94       7.449       8.598
  Block  13:   7 (B3u) A   8 (B3u) A   9 (B3u) A  10 (B3u) A  11 (B3u) A
                -0.06057      0.2721      0.3917      0.5057      0.5461
              12 (B3u) A  13 (B3u) A  14 (B3u) A  15 (B3u) A  16 (B3u) A
                  0.5969      0.7453      0.8137      0.9303       1.056
              17 (B3u) A  18 (B3u) A  19 (B3u) A  20 (B3u) A
                   1.243       1.329       1.446       1.741
  Block  14:  21 (B3u) A  22 (B3u) A  23 (B3u) A  24 (B3u) A  25 (B3u) A
                   1.907       2.015       2.253       2.417       2.541
              26 (B3u) A  27 (B3u) A  28 (B3u) A  29 (B3u) A  30 (B3u) A
                   2.839       3.079       3.229       3.437       3.522
              31 (B3u) A  32 (B3u) A  33 (B3u) A  34 (B3u) A
                   3.572       3.709       3.909       4.219
  Block  15:  35 (B3u) A  36 (B3u) A  37 (B3u) A  38 (B3u) A  39 (B3u) A
                   4.491       4.683        5.15        5.39       5.556
              40 (B3u) A  41 (B3u) A  42 (B3u) A  43 (B3u) A  44 (B3u) A
                   6.097       6.791       6.936         7.5       10.87
              45 (B3u) A  46 (B3u) A
                   13.71       15.07
  Block  16:   9 ( Ag) B  10 ( Ag) B  11 ( Ag) B  12 ( Ag) B  13 ( Ag) B
                  0.2823      0.3338      0.3454      0.4153      0.5844
              14 ( Ag) B  15 ( Ag) B  16 ( Ag) B  17 ( Ag) B  18 ( Ag) B
                   0.682      0.7436      0.8204      0.9785       1.186
              19 ( Ag) B  20 ( Ag) B
                   1.363       1.459
  Block  17:  21 ( Ag) B  22 ( Ag) B  23 ( Ag) B  24 ( Ag) B  25 ( Ag) B
                   1.635       1.938       2.202       2.312       2.466
              26 ( Ag) B  27 ( Ag) B  28 ( Ag) B  29 ( Ag) B  30 ( Ag) B
                   2.536       2.629       2.905       2.972       3.154
              31 ( Ag) B  32 ( Ag) B  33 ( Ag) B  34 ( Ag) B
                   3.193       3.384       3.589        3.81
  Block  18:  35 ( Ag) B  36 ( Ag) B  37 ( Ag) B  38 ( Ag) B  39 ( Ag) B
                   3.935       4.123        4.57       4.979       5.206
              40 ( Ag) B  41 ( Ag) B  42 ( Ag) B  43 ( Ag) B  44 ( Ag) B
                   5.942       6.234       6.762       6.887       7.481
              45 ( Ag) B  46 ( Ag) B
                   10.37       13.44
  Block  19:   4 (B1g) B   5 (B1g) B   6 (B1g) B   7 (B1g) B   8 (B1g) B
                 0.07774      0.3515      0.5426       0.565      0.7269
               9 (B1g) B  10 (B1g) B  11 (B1g) B  12 (B1g) B  13 (B1g) B
                  0.7827      0.9813       1.115       1.312       1.546
              14 (B1g) B  15 (B1g) B  16 (B1g) B  17 (B1g) B  18 (B1g) B
                   1.749       1.977        2.52         2.6       2.871
              19 (B1g) B
                       3
  Block  20:  20 (B1g) B  21 (B1g) B  22 (B1g) B  23 (B1g) B  24 (B1g) B
                   3.219       3.303       3.541       3.789       4.072
              25 (B1g) B  26 (B1g) B  27 (B1g) B  28 (B1g) B  29 (B1g) B
                   4.286       4.411        4.56       4.984       5.528
              30 (B1g) B  31 (B1g) B  32 (B1g) B  33 (B1g) B  34 (B1g) B
                   5.566       6.138       7.271       7.535       15.04
  Block  21:   2 (B2g) B   3 (B2g) B   4 (B2g) B   5 (B2g) B   6 (B2g) B
                -0.02449      0.3353      0.4477       0.623      0.8958
               7 (B2g) B   8 (B2g) B   9 (B2g) B  10 (B2g) B  11 (B2g) B
                  0.9697       1.403       1.554       2.216        2.43
              12 (B2g) B  13 (B2g) B
                   2.717       2.937
  Block  22:  14 (B2g) B  15 (B2g) B  16 (B2g) B  17 (B2g) B  18 (B2g) B
                   3.046       3.307       3.493       3.661       4.069
              19 (B2g) B  20 (B2g) B  21 (B2g) B  22 (B2g) B  23 (B2g) B
                   4.525       4.623       5.141       5.617       6.719
              24 (B2g) B
                   7.283
  Block  23:   2 (B3g) B   3 (B3g) B   4 (B3g) B   5 (B3g) B   6 (B3g) B
                  0.4247      0.7535      0.9693       1.304       1.918
               7 (B3g) B   8 (B3g) B   9 (B3g) B  10 (B3g) B  11 (B3g) B
                   2.337        2.61       2.766       3.134       3.336
              12 (B3g) B  13 (B3g) B  14 (B3g) B  15 (B3g) B  16 (B3g) B
                   3.428       3.788       4.282           6       6.809
  Block  24:   1 ( Au) B   2 ( Au) B   3 ( Au) B   4 ( Au) B   5 ( Au) B
                  0.1408       0.548      0.9642       1.301       1.557
               6 ( Au) B   7 ( Au) B   8 ( Au) B   9 ( Au) B  10 ( Au) B
                   2.149       2.565       2.815       3.282       3.519
              11 ( Au) B  12 ( Au) B  13 ( Au) B  14 ( Au) B  15 ( Au) B
                   3.682       3.824       4.719       4.999       6.053
              16 ( Au) B
                    6.84
  Block  25:   3 (B1u) B   4 (B1u) B   5 (B1u) B   6 (B1u) B   7 (B1u) B
                  0.1482      0.3733      0.5111      0.6295      0.8762
               8 (B1u) B   9 (B1u) B  10 (B1u) B  11 (B1u) B  12 (B1u) B
                   1.066       1.351       2.146       2.301       2.402
              13 (B1u) B  14 (B1u) B
                   2.693        2.82
  Block  26:  15 (B1u) B  16 (B1u) B  17 (B1u) B  18 (B1u) B  19 (B1u) B
                   2.949       3.144       3.247       3.544       4.056
              20 (B1u) B  21 (B1u) B  22 (B1u) B  23 (B1u) B  24 (B1u) B
                   4.237       4.536       5.569       6.647       7.269
  Block  27:   6 (B2u) B   7 (B2u) B   8 (B2u) B   9 (B2u) B  10 (B2u) B
                  0.3361      0.4372      0.4828      0.5869      0.6931
              11 (B2u) B  12 (B2u) B  13 (B2u) B  14 (B2u) B  15 (B2u) B
                   1.048       1.171       1.239       1.526       1.803
              16 (B2u) B  17 (B2u) B  18 (B2u) B  19 (B2u) B
                   2.359       2.458       2.611       2.707
  Block  28:  20 (B2u) B  21 (B2u) B  22 (B2u) B  23 (B2u) B  24 (B2u) B
                   2.807       2.941       3.152       3.226       3.461
              25 (B2u) B  26 (B2u) B  27 (B2u) B  28 (B2u) B  29 (B2u) B
                   3.835       4.046       4.383        4.56       4.908
              30 (B2u) B  31 (B2u) B  32 (B2u) B  33 (B2u) B  34 (B2u) B
                   5.344       5.637        6.94       7.449       8.598
  Block  29:   7 (B3u) B   8 (B3u) B   9 (B3u) B  10 (B3u) B  11 (B3u) B
                -0.06057      0.2721      0.3917      0.5057      0.5461
              12 (B3u) B  13 (B3u) B  14 (B3u) B  15 (B3u) B  16 (B3u) B
                  0.5969      0.7453      0.8137      0.9303       1.056
              17 (B3u) B  18 (B3u) B  19 (B3u) B  20 (B3u) B
                   1.243       1.329       1.446       1.741
  Block  30:  21 (B3u) B  22 (B3u) B  23 (B3u) B  24 (B3u) B  25 (B3u) B
                   1.907       2.015       2.253       2.417       2.541
              26 (B3u) B  27 (B3u) B  28 (B3u) B  29 (B3u) B  30 (B3u) B
                   2.839       3.079       3.229       3.437       3.522
              31 (B3u) B  32 (B3u) B  33 (B3u) B  34 (B3u) B
                   3.572       3.709       3.909       4.219
  Block  31:  35 (B3u) B  36 (B3u) B  37 (B3u) B  38 (B3u) B  39 (B3u) B
                   4.491       4.683        5.15        5.39       5.556
              40 (B3u) B  41 (B3u) B  42 (B3u) B  43 (B3u) B  44 (B3u) B
                   6.097       6.791       6.936         7.5       10.87
              45 (B3u) B  46 (B3u) B
                   13.71       15.07
  Import MO data ...  CPU 0.20 s  wall 0.05 s
  Import HF data ...  CPU 4.15 s  wall 0.65 s
  Import 2e integrals ...  CPU 299.04 s  wall 26.67 s

--------------------------------------------------------------------------------
                                   HF Summary                                   
--------------------------------------------------------------------------------
  Energy:                                                 -376.7236980195 a.u.
  Dip. moment [a.u.]:                  [   0.000000,   -0.000000,    0.000000]
  Total dipole [Debye]:                                               0.000000
  <r^2> [a.u.]:                        [ 624.689552,  149.045016,   31.721349]
  Total <r^2> [a.u.]:                                               805.455916
--------------------------------------------------------------------------------
  HF properties ...  CPU 0.57 s  wall 0.10 s
  MP(1) calculation ...  CPU 8.36 s  wall 6.98 s
  N^6 prerequesite intermediates ...  CPU 44.44 s  wall 4.63 s

--------------------------------------------------------------------------------
                                 MP(2) Summary                                  
--------------------------------------------------------------------------------
  MP energy contribution:                                   -1.4976633852 a.u.
  Total energy:                                           -378.2213614048 a.u.
  Dip. moment [a.u.]:                  [   0.000000,   -0.000000,    0.000000]
  Total dipole [Debye]:                                               0.000000
  <r^2> [a.u.]:                        [ 621.034792,  147.808257,   31.016066]
  Total <r^2> [a.u.]:                                               799.859114
--------------------------------------------------------------------------------
  MP(2) calculation ...  CPU 14.00 s  wall 7.90 s

--------------------------------------------------------------------------------
                                 MP(3) Summary                                  
--------------------------------------------------------------------------------
  MP energy contribution:                                    0.0373624901 a.u.
  Total energy:                                           -378.1839989147 a.u.
--------------------------------------------------------------------------------
  MP(3) calculation ...  CPU 0.07 s  wall 0.01 s
  Start ADC(3) ...  CPU 0.35 s  wall 0.06 s
  EA-ADC(2) Effective Transition Moments ...  CPU 2.45 s  wall 0.40 s
  EA-ADC(3) intermediates ...  CPU 5.97 s  wall 0.89 s
Less particle guess vectors found than requested: 40 (found), 100 (requested).
Adjusting number of hole-2particle guess vectors to 110.
  Starting Davidson for electron-attached states of irrep B3u ... 
--------------------------------------------------------------------------------
   It NVec Conv  Avg. Norm  Max. Norm  Conv. states           Remark
--------------------------------------------------------------------------------
       150    0  1.710e-01  4.417e-01 -0.0143 n n n           Guess.
    1  153    0  4.179e-02  8.938e-02 -0.0831 n n n           
    2  156    0  2.257e-02  6.456e-02 -0.0847 n n n           
    3  159    0  9.504e-03  2.800e-02 -0.0848 n n n           
    4  162    0  3.601e-03  1.071e-02 -0.0848 n n n           
    5  165    0  1.275e-03  3.809e-03 -0.0848 n n n           
    6  168    0  4.100e-04  1.225e-03 -0.0848 n n n           
    7  171    1  1.364e-04  4.075e-04 -0.0848 y n n           
    8  174    1  5.077e-05  1.519e-04 -0.0848 y n n           
    9  177    2  1.921e-05  5.757e-05 -0.0848 y y n           
   10  180    2  6.181e-06  1.853e-05 -0.0848 y y n           
   11  183    3  1.951e-06  5.848e-06 -0.0848 y y y           Converged.
--------------------------------------------------------------------------------
  Davidson Summary: 
 ------------------------------------------------------------
  State  0: electron attachment energy =  -0.0848 a.u.   (converged)
  State  1: electron attachment energy =   0.1411 a.u.   (converged)
  State  2: electron attachment energy =   0.2254 a.u.   (converged)
 ------------------------------------------------------------

  Electron-attached states of irrep B3u ...  CPU 837.57 s  wall 141.06 s
  Pole strengths ...  CPU 0.54 s  wall 0.15 s

--------------------------------------------------------------------------------
                        Electron-Attached State Summary
--------------------------------------------------------------------------------

  Electron-attached state 1 (B3u)                                  [converged]
  ----------------------------------------------------------------------------
  Term symbol:  1 (2) B3u                                   R^2 =  1.68820e-08

  Total energy:                                           -378.2687689334 a.u.
  Electron attachment energy:                                     -2.306710 eV

  Pole strength:                                                      0.874743


  V1^2 = 0.9230, V2^2 = 0.0770

  Important amplitudes:
       occ i       vir a        vir b           v   
    -------------------------------------------------
                               7 (B3u) B      0.9602
     5 (B2u) A    6 (B2u) A    7 (B3u) B     -0.0425
     2 (B1u) A    3 (B1u) A    7 (B3u) B      0.0341
     1 (B3g) A    3 (B1u) A    4 (B1g) B      0.0323
     5 (B2u) B    6 (B2u) B    7 (B3u) B     -0.0317
     2 (B1g) A    7 (B3u) A    4 (B1g) B     -0.0310
     2 (B1g) B    4 (B1g) B    7 (B3u) B      0.0282
     3 (B1g) A    7 (B3u) A    4 (B1g) B     -0.0279
     1 (B2g) A    2 (B2g) A    7 (B3u) B      0.0273
     1 (B3g) B    4 (B1g) B    3 (B1u) B     -0.0267
     2 (B1u) B    3 (B1u) B    7 (B3u) B      0.0261
     1 (B3g) A    2 (B3g) A    7 (B3u) B      0.0245
     1 (B3g) B    2 (B3g) B    7 (B3u) B      0.0234
     8 (Ag ) A   11 (Ag ) A    7 (B3u) B     -0.0222
     1 (B2g) B    2 (B2g) B    7 (B3u) B      0.0206
     8 (Ag ) A    7 (B3u) A   10 (Ag ) B     -0.0203
                               9 (B3u) B     -0.0188
     8 (Ag ) A   10 (Ag ) A    7 (B3u) B     -0.0180
     8 (Ag ) B   11 (Ag ) B    7 (B3u) B     -0.0178
     4 (B2u) B   10 (Ag ) B    4 (B1g) B      0.0176
     3 (B1g) B    4 (B1g) B    7 (B3u) B      0.0175
                               8 (B3u) B      0.0172
     4 (B2u) A   10 (Ag ) A    4 (B1g) B      0.0168
     3 (B2u) B   10 (Ag ) B    4 (B1g) B     -0.0167
     1 (B1u) A    4 (B1u) A    7 (B3u) B     -0.0164
     1 (B3g) A    6 (B1u) A    4 (B1g) B      0.0158
     3 (B2u) A   10 (Ag ) A    4 (B1g) B     -0.0151
     8 (Ag ) A   12 (Ag ) A    7 (B3u) B     -0.0151
     5 (B2u) A   14 (Ag ) A    4 (B1g) B      0.0150
     2 (B1u) A    4 (B1u) A    7 (B3u) B      0.0148
     1 (B1u) B    4 (B1u) B    7 (B3u) B     -0.0146
     5 (B2u) A    7 (B2u) A    7 (B3u) B      0.0146
     5 (B2u) A    4 (B1g) A   10 (Ag ) B     -0.0142
     5 (B2u) A   16 (Ag ) A    4 (B1g) B     -0.0141
     5 (B2u) A    7 (B3u) A    7 (B2u) B      0.0136
     4 (B2u) A    8 (B2u) A    7 (B3u) B      0.0130
     2 (B1u) B    4 (B1u) B    7 (B3u) B      0.0130
     5 (B2u) A    9 (Ag ) A    4 (B1g) B     -0.0126
     8 (Ag ) B   12 (Ag ) B    7 (B3u) B     -0.0126
     5 (B2u) B    9 (Ag ) B    4 (B1g) B     -0.0125
    -------------------------------------------------
  ----------------------------------------------------------------------------


  Electron-attached state 2 (B3u)                                  [converged]
  ----------------------------------------------------------------------------
  Term symbol:  2 (2) B3u                                   R^2 =  1.93904e-07

  Total energy:                                           -378.0429425367 a.u.
  Electron attachment energy:                                      3.838339 eV

  Pole strength:                                                      0.001451


  V1^2 = 0.0015, V2^2 = 0.9985

  Important amplitudes:
       occ i       vir a        vir b           v   
    -------------------------------------------------
     1 (B2g) A    7 (B3u) A    2 (B2g) B     -0.4330
     2 (B1u) A    7 (B3u) A    3 (B1u) B     -0.2813
     1 (B2g) B    2 (B2g) B    7 (B3u) B      0.2203
     1 (B2g) A    2 (B2g) A    7 (B3u) B     -0.2127
     1 (B1u) A    7 (B3u) A    3 (B1u) B     -0.1891
     2 (B1u) A    3 (B1u) A    7 (B3u) B     -0.1442
     2 (B1u) B    3 (B1u) B    7 (B3u) B      0.1371
     1 (B2g) A    7 (B3u) A    3 (B2g) B     -0.1250
     1 (B1u) B    3 (B1u) B    7 (B3u) B      0.0994
     1 (B1u) A    3 (B1u) A    7 (B3u) B     -0.0897
     1 (B2g) B    3 (B2g) B    7 (B3u) B      0.0627
     1 (B2g) A    3 (B2g) A    7 (B3u) B     -0.0624
     1 (B3g) A    4 (B1g) A    3 (B1u) B     -0.0423
     1 (B2g) A    7 (B3u) A    6 (B2g) B      0.0385
     1 (B1u) A    7 (B3u) A    6 (B1u) B      0.0354
     2 (B1u) A    7 (B3u) A    6 (B1u) B      0.0344
     1 (B2g) A    7 (B3u) A    4 (B2g) B     -0.0321
                               8 (B3u) B     -0.0296
     1 (B2g) A    4 (B1g) A    1 (Au ) B     -0.0281
     1 (B2g) A    7 (B3u) A    7 (B2g) B      0.0269
     1 (B3g) A    3 (B1u) A    4 (B1g) B     -0.0260
     1 (B1u) A    7 (B3u) A    7 (B1u) B     -0.0239
     2 (B1u) A    7 (B3u) A    7 (B1u) B     -0.0211
     1 (B2g) B    6 (B2g) B    7 (B3u) B     -0.0195
     1 (B2g) A    6 (B2g) A    7 (B3u) B      0.0190
     1 (B1u) A    7 (B3u) A    8 (B1u) B      0.0184
     2 (B1u) A    6 (B1u) A    7 (B3u) B      0.0183
     1 (B1u) A    6 (B1u) A    7 (B3u) B      0.0180
     1 (B1u) A    7 (B3u) A    4 (B1u) B      0.0175
     1 (B1u) B    6 (B1u) B    7 (B3u) B     -0.0174
                               7 (B3u) B      0.0173
     1 (B2g) A    4 (B2g) A    7 (B3u) B     -0.0171
     2 (B1u) A    7 (B3u) A    9 (B1u) B      0.0165
     1 (B3g) B    4 (B1g) B    3 (B1u) B     -0.0164
     2 (B1u) B    6 (B1u) B    7 (B3u) B     -0.0160
     2 (B1u) A    7 (B3u) A    8 (B1u) B      0.0156
     1 (B2g) A    1 (Au ) A    4 (B1g) B     -0.0153
     1 (B2g) B    4 (B2g) B    7 (B3u) B      0.0150
     1 (B1u) A    7 (B3u) A    9 (B1u) B      0.0143
                              11 (B3u) B     -0.0142
    -------------------------------------------------
  ----------------------------------------------------------------------------


  Electron-attached state 3 (B3u)                                  [converged]
  ----------------------------------------------------------------------------
  Term symbol:  3 (2) B3u                                   R^2 =  5.84836e-06

  Total energy:                                           -377.9586255302 a.u.
  Electron attachment energy:                                      6.132722 eV

  Pole strength:                                                      0.867919


  V1^2 = 0.8718, V2^2 = 0.1282

  Important amplitudes:
       occ i       vir a        vir b           v   
    -------------------------------------------------
                               8 (B3u) B      0.9306
     2 (B1u) A    3 (B1u) A    7 (B3u) B      0.1052
     1 (B3g) A    3 (B1u) A    4 (B1g) B      0.0706
     2 (B1u) B    3 (B1u) B    7 (B3u) B      0.0565
                               7 (B3u) B     -0.0520
     2 (B1u) A    7 (B3u) A    3 (B1u) B      0.0486
     2 (B1u) B    9 (Ag ) B    2 (B2g) B     -0.0444
                              11 (B3u) B      0.0437
     1 (B3g) A    4 (B1g) A    3 (B1u) B      0.0436
     1 (B1u) A    7 (B3u) A    3 (B1u) B     -0.0422
     1 (B2g) B    2 (B2g) B    7 (B3u) B      0.0418
     1 (B1u) A    3 (B1u) A    7 (B3u) B     -0.0411
     2 (B1u) A    2 (B2g) A    9 (Ag ) B      0.0410
     1 (B2g) A    7 (B3u) A    2 (B2g) B     -0.0394
     5 (B2u) A    7 (B3u) A    6 (B2u) B     -0.0333
     2 (B1u) A    2 (B2g) A   10 (Ag ) B      0.0314
     8 (Ag ) A    7 (B3u) A    9 (Ag ) B     -0.0274
     1 (B3g) B    4 (B1g) B    3 (B1u) B     -0.0270
     5 (B2u) A    6 (B2u) A    7 (B3u) B     -0.0246
     2 (B1u) B   10 (Ag ) B    2 (B2g) B     -0.0234
     1 (B3g) A    3 (B1u) A    5 (B1g) B     -0.0220
     5 (B2u) A    4 (B1g) A    9 (Ag ) B     -0.0214
     6 (B3u) A    2 (B2g) A    2 (B2g) B     -0.0209
     5 (B2u) A    3 (B1u) A    1 (Au ) B      0.0179
     2 (B1g) A    7 (B3u) A    5 (B1g) B      0.0172
                              15 (B3u) B     -0.0171
     3 (B1g) B    5 (B1g) B    7 (B3u) B     -0.0165
     8 (Ag ) B    9 (Ag ) B    7 (B3u) B      0.0160
     5 (B2u) A    6 (B2u) A    8 (B3u) B     -0.0156
     1 (B3g) A    1 (Au ) A    9 (Ag ) B     -0.0156
     3 (B1g) A    7 (B3u) A    5 (B1g) B      0.0150
     1 (B3g) B    9 (Ag ) B    1 (Au ) B      0.0145
     1 (B2g) B    2 (B2g) B    8 (B3u) B     -0.0145
     1 (B1u) B    9 (Ag ) B    2 (B2g) B     -0.0144
     5 (B2u) B    6 (B2u) B    8 (B3u) B     -0.0142
     1 (B3g) B    5 (B1g) B    3 (B1u) B      0.0139
                              13 (B3u) B      0.0138
     7 (Ag ) A    3 (B1u) A    2 (B2g) B      0.0137
     8 (Ag ) A    7 (B3u) A   11 (Ag ) B     -0.0136
     8 (Ag ) A    4 (B1g) A    6 (B2u) B     -0.0134
    -------------------------------------------------
  ----------------------------------------------------------------------------


--------------------------------------------------------------------------------
  Printing results ...  CPU 0.14 s  wall 0.10 s
  Printing results (es2es) ...  CPU 0.00 s  wall 0.00 s
  Time of ADC calculation:  CPU 1217.99 s  wall 189.79 s
--------------------------------------------------------------------------------
================================================================================
 
 --------------------------------------------------------------
             Orbital Energies (a.u.) and Symmetries
 --------------------------------------------------------------
 
 Alpha MOs, Restricted
 -- Occupied --                  
-20.629 -20.629 -11.448 -11.448 -11.319 -11.319 -11.316 -11.316
  1 Ag    1 B3u   2 Ag    2 B3u   1 B2u   3 Ag    1 B1g   3 B3u                
 -1.468  -1.466  -1.200  -1.066  -1.002  -0.858  -0.811  -0.748
  4 Ag    4 B3u   5 Ag    2 B2u   5 B3u   6 Ag    2 B1g   3 B2u                
 -0.722  -0.713  -0.640  -0.604  -0.534  -0.503  -0.492  -0.467
  6 B3u   7 Ag    1 B1u   1 B2g   3 B1g   4 B2u   8 Ag    2 B1u                
 -0.441  -0.401
  1 B3g   5 B2u                                                                
 -- Virtual --                   
 -0.061  -0.024   0.078   0.141   0.148   0.272   0.282   0.334
  7 B3u   2 B2g   4 B1g   1 Au    3 B1u   8 B3u   9 Ag   10 Ag                 
  0.335   0.336   0.345   0.351   0.373   0.392   0.415   0.425
  3 B2g   6 B2u  11 Ag    5 B1g   4 B1u   9 B3u  12 Ag    2 B3g                
  0.437   0.448   0.483   0.506   0.511   0.543   0.546   0.548
  7 B2u   4 B2g   8 B2u  10 B3u   5 B1u   6 B1g  11 B3u   2 Au                 
  0.565   0.584   0.587   0.597   0.623   0.629   0.682   0.693
  7 B1g  13 Ag    9 B2u  12 B3u   5 B2g   6 B1u  14 Ag   10 B2u                
  0.727   0.744   0.745   0.754   0.783   0.814   0.820   0.876
  8 B1g  15 Ag   13 B3u   3 B3g   9 B1g  14 B3u  16 Ag    7 B1u                
  0.896   0.930   0.964   0.969   0.970   0.979   0.981   1.048
  6 B2g  15 B3u   3 Au    4 B3g   7 B2g  17 Ag   10 B1g  11 B2u                
  1.056   1.066   1.115   1.171   1.186   1.239   1.243   1.301
 16 B3u   8 B1u  11 B1g  12 B2u  18 Ag   13 B2u  17 B3u   4 Au                 
  1.304   1.312   1.329   1.351   1.363   1.403   1.446   1.459
  5 B3g  12 B1g  18 B3u   9 B1u  19 Ag    8 B2g  19 B3u  20 Ag                 
  1.526   1.546   1.554   1.557   1.635   1.741   1.749   1.803
 14 B2u  13 B1g   9 B2g   5 Au   21 Ag   20 B3u  14 B1g  15 B2u                
  1.907   1.918   1.938   1.977   2.015   2.146   2.149   2.202
 21 B3u   6 B3g  22 Ag   15 B1g  22 B3u  10 B1u   6 Au   23 Ag                 
  2.216   2.253   2.301   2.312   2.337   2.359   2.402   2.417
 10 B2g  23 B3u  11 B1u  24 Ag    7 B3g  16 B2u  12 B1u  24 B3u                
  2.430   2.458   2.466   2.520   2.536   2.541   2.565   2.600
 11 B2g  17 B2u  25 Ag   16 B1g  26 Ag   25 B3u   7 Au   17 B1g                
  2.610   2.611   2.629   2.693   2.707   2.717   2.766   2.807
  8 B3g  18 B2u  27 Ag   13 B1u  19 B2u  12 B2g   9 B3g  20 B2u                
  2.815   2.820   2.839   2.871   2.905   2.937   2.941   2.949
  8 Au   14 B1u  26 B3u  18 B1g  28 Ag   13 B2g  21 B2u  15 B1u                
  2.972   3.000   3.046   3.079   3.134   3.144   3.152   3.154
 29 Ag   19 B1g  14 B2g  27 B3u  10 B3g  16 B1u  22 B2u  30 Ag                 
  3.193   3.219   3.226   3.229   3.247   3.282   3.303   3.307
 31 Ag   20 B1g  23 B2u  28 B3u  17 B1u   9 Au   21 B1g  15 B2g                
  3.336   3.384   3.428   3.437   3.461   3.493   3.519   3.522
 11 B3g  32 Ag   12 B3g  29 B3u  24 B2u  16 B2g  10 Au   30 B3u                
  3.541   3.544   3.572   3.589   3.661   3.682   3.709   3.788
 22 B1g  18 B1u  31 B3u  33 Ag   17 B2g  11 Au   32 B3u  13 B3g                
  3.789   3.810   3.824   3.835   3.909   3.935   4.046   4.056
 23 B1g  34 Ag   12 Au   25 B2u  33 B3u  35 Ag   26 B2u  19 B1u                
  4.069   4.072   4.123   4.219   4.237   4.282   4.286   4.383
 18 B2g  24 B1g  36 Ag   34 B3u  20 B1u  14 B3g  25 B1g  27 B2u                
  4.411   4.491   4.525   4.536   4.560   4.560   4.570   4.623
 26 B1g  35 B3u  19 B2g  21 B1u  28 B2u  27 B1g  37 Ag   20 B2g                
  4.683   4.719   4.908   4.979   4.984   4.999   5.141   5.150
 36 B3u  13 Au   29 B2u  38 Ag   28 B1g  14 Au   21 B2g  37 B3u                
  5.206   5.344   5.390   5.528   5.556   5.566   5.569   5.617
 39 Ag   30 B2u  38 B3u  29 B1g  39 B3u  30 B1g  22 B1u  22 B2g                
  5.637   5.942   6.000   6.053   6.097   6.138   6.234   6.647
 31 B2u  40 Ag   15 B3g  15 Au   40 B3u  31 B1g  41 Ag   23 B1u                
  6.719   6.762   6.791   6.809   6.840   6.887   6.936   6.940
 23 B2g  42 Ag   41 B3u  16 B3g  16 Au   43 Ag   42 B3u  32 B2u                
  7.269   7.271   7.283   7.449   7.481   7.500   7.535   8.598
 24 B1u  32 B1g  24 B2g  33 B2u  44 Ag   43 B3u  33 B1g  34 B2u                
 10.373  10.870  13.444  13.705  15.043  15.069
 45 Ag   44 B3u  46 Ag   45 B3u  34 B1g  46 B3u                                
 
 Beta MOs, Restricted
 -- Occupied --                  
-20.629 -20.629 -11.448 -11.448 -11.319 -11.319 -11.316 -11.316
  1 Ag    1 B3u   2 Ag    2 B3u   1 B2u   3 Ag    1 B1g   3 B3u                
 -1.468  -1.466  -1.200  -1.066  -1.002  -0.858  -0.811  -0.748
  4 Ag    4 B3u   5 Ag    2 B2u   5 B3u   6 Ag    2 B1g   3 B2u                
 -0.722  -0.713  -0.640  -0.604  -0.534  -0.503  -0.492  -0.467
  6 B3u   7 Ag    1 B1u   1 B2g   3 B1g   4 B2u   8 Ag    2 B1u                
 -0.441  -0.401
  1 B3g   5 B2u                                                                
 -- Virtual --                   
 -0.061  -0.024   0.078   0.141   0.148   0.272   0.282   0.334
  7 B3u   2 B2g   4 B1g   1 Au    3 B1u   8 B3u   9 Ag   10 Ag                 
  0.335   0.336   0.345   0.351   0.373   0.392   0.415   0.425
  3 B2g   6 B2u  11 Ag    5 B1g   4 B1u   9 B3u  12 Ag    2 B3g                
  0.437   0.448   0.483   0.506   0.511   0.543   0.546   0.548
  7 B2u   4 B2g   8 B2u  10 B3u   5 B1u   6 B1g  11 B3u   2 Au                 
  0.565   0.584   0.587   0.597   0.623   0.629   0.682   0.693
  7 B1g  13 Ag    9 B2u  12 B3u   5 B2g   6 B1u  14 Ag   10 B2u                
  0.727   0.744   0.745   0.754   0.783   0.814   0.820   0.876
  8 B1g  15 Ag   13 B3u   3 B3g   9 B1g  14 B3u  16 Ag    7 B1u                
  0.896   0.930   0.964   0.969   0.970   0.979   0.981   1.048
  6 B2g  15 B3u   3 Au    4 B3g   7 B2g  17 Ag   10 B1g  11 B2u                
  1.056   1.066   1.115   1.171   1.186   1.239   1.243   1.301
 16 B3u   8 B1u  11 B1g  12 B2u  18 Ag   13 B2u  17 B3u   4 Au                 
  1.304   1.312   1.329   1.351   1.363   1.403   1.446   1.459
  5 B3g  12 B1g  18 B3u   9 B1u  19 Ag    8 B2g  19 B3u  20 Ag                 
  1.526   1.546   1.554   1.557   1.635   1.741   1.749   1.803
 14 B2u  13 B1g   9 B2g   5 Au   21 Ag   20 B3u  14 B1g  15 B2u                
  1.907   1.918   1.938   1.977   2.015   2.146   2.149   2.202
 21 B3u   6 B3g  22 Ag   15 B1g  22 B3u  10 B1u   6 Au   23 Ag                 
  2.216   2.253   2.301   2.312   2.337   2.359   2.402   2.417
 10 B2g  23 B3u  11 B1u  24 Ag    7 B3g  16 B2u  12 B1u  24 B3u                
  2.430   2.458   2.466   2.520   2.536   2.541   2.565   2.600
 11 B2g  17 B2u  25 Ag   16 B1g  26 Ag   25 B3u   7 Au   17 B1g                
  2.610   2.611   2.629   2.693   2.707   2.717   2.766   2.807
  8 B3g  18 B2u  27 Ag   13 B1u  19 B2u  12 B2g   9 B3g  20 B2u                
  2.815   2.820   2.839   2.871   2.905   2.937   2.941   2.949
  8 Au   14 B1u  26 B3u  18 B1g  28 Ag   13 B2g  21 B2u  15 B1u                
  2.972   3.000   3.046   3.079   3.134   3.144   3.152   3.154
 29 Ag   19 B1g  14 B2g  27 B3u  10 B3g  16 B1u  22 B2u  30 Ag                 
  3.193   3.219   3.226   3.229   3.247   3.282   3.303   3.307
 31 Ag   20 B1g  23 B2u  28 B3u  17 B1u   9 Au   21 B1g  15 B2g                
  3.336   3.384   3.428   3.437   3.461   3.493   3.519   3.522
 11 B3g  32 Ag   12 B3g  29 B3u  24 B2u  16 B2g  10 Au   30 B3u                
  3.541   3.544   3.572   3.589   3.661   3.682   3.709   3.788
 22 B1g  18 B1u  31 B3u  33 Ag   17 B2g  11 Au   32 B3u  13 B3g                
  3.789   3.810   3.824   3.835   3.909   3.935   4.046   4.056
 23 B1g  34 Ag   12 Au   25 B2u  33 B3u  35 Ag   26 B2u  19 B1u                
  4.069   4.072   4.123   4.219   4.237   4.282   4.286   4.383
 18 B2g  24 B1g  36 Ag   34 B3u  20 B1u  14 B3g  25 B1g  27 B2u                
  4.411   4.491   4.525   4.536   4.560   4.560   4.570   4.623
 26 B1g  35 B3u  19 B2g  21 B1u  28 B2u  27 B1g  37 Ag   20 B2g                
  4.683   4.719   4.908   4.979   4.984   4.999   5.141   5.150
 36 B3u  13 Au   29 B2u  38 Ag   28 B1g  14 Au   21 B2g  37 B3u                
  5.206   5.344   5.390   5.528   5.556   5.566   5.569   5.617
 39 Ag   30 B2u  38 B3u  29 B1g  39 B3u  30 B1g  22 B1u  22 B2g                
  5.637   5.942   6.000   6.053   6.097   6.138   6.234   6.647
 31 B2u  40 Ag   15 B3g  15 Au   40 B3u  31 B1g  41 Ag   23 B1u                
  6.719   6.762   6.791   6.809   6.840   6.887   6.936   6.940
 23 B2g  42 Ag   41 B3u  16 B3g  16 Au   43 Ag   42 B3u  32 B2u                
  7.269   7.271   7.283   7.449   7.481   7.500   7.535   8.598
 24 B1u  32 B1g  24 B2g  33 B2u  44 Ag   43 B3u  33 B1g  34 B2u                
 10.373  10.870  13.444  13.705  15.043  15.069
 45 Ag   44 B3u  46 Ag   45 B3u  34 B1g  46 B3u                                
 --------------------------------------------------------------
 
          Ground-State Mulliken Net Atomic Charges

     Atom                 Charge (a.u.)
  ----------------------------------------
      1 C                    -0.059049
      2 C                    -0.059049
      3 C                     0.364807
      4 C                    -0.059049
      5 C                    -0.059049
      6 C                     0.364807
      7 O                    -0.246708
      8 O                    -0.246708
  ----------------------------------------
  Sum of atomic charges =     0.000000

 -----------------------------------------------------------------
                    Cartesian Multipole Moments
 -----------------------------------------------------------------
    Charge (ESU x 10^10)
                -0.0000
    Dipole Moment (Debye)
         X       0.0000      Y      -0.0000      Z       0.0000
       Tot       0.0000
    Quadrupole Moments (Debye-Ang)
        XX     -56.8085     XY      -0.0000     YY     -46.2801
        XZ       0.0000     YZ       0.0000     ZZ     -42.6663
    Octopole Moments (Debye-Ang^2)
       XXX      -0.0000    XXY      -0.0000    XYY       0.0000
       YYY      -0.0000    XXZ       0.0000    XYZ       0.0000
       YYZ       0.0000    XZZ       0.0000    YZZ      -0.0000
       ZZZ       0.0000
    Hexadecapole Moments (Debye-Ang^3)
      XXXX    -914.6837   XXXY      -0.0000   XXYY    -160.7894
      XYYY      -0.0000   YYYY    -251.3319   XXXZ       0.0000
      XXYZ       0.0000   XYYZ       0.0000   YYYZ       0.0000
      XXZZ    -125.3763   XYZZ      -0.0000   YYZZ     -48.8786
      XZZZ       0.0000   YZZZ       0.0000   ZZZZ     -43.8715
 -----------------------------------------------------------------
 Total job time:  227.37s(wall), 1364.58s(cpu) 
 Mon Apr 11 09:54:46 2022

        *************************************************************
        *                                                           *
        *  Thank you very much for using Q-Chem.  Have a nice day.  *
        *                                                           *
        *************************************************************


