                  Welcome to Q-Chem
     A Quantum Leap Into The Future Of Chemistry


 Q-Chem 5.4 (devel), Q-Chem, Inc., Pleasanton, CA (2021)

 E. Epifanovsky,  A. T. B. Gilbert,  Xintian Feng,  Joonho Lee,  Yuezhi Mao,  
 N. Mardirossian,  P. Pokhilko,  A. White,  M. Wormit,  M. P. Coons,  
 A. L. Dempwolff,  Zhengting Gan,  D. Hait,  P. R. Horn,  L. D. Jacobson,  
 I. Kaliman,  J. Kussmann,  A. W. Lange,  Ka Un Lao,  D. S. Levine,  Jie Liu,  
 S. C. McKenzie,  A. F. Morrison,  K. Nanda,  F. Plasser,  D. R. Rehn,  
 M. L. Vidal,  Zhi-Qiang You,  Ying Zhu,  B. Alam,  B. Albrecht,  
 A. Aldossary,  E. Alguire,  J. H. Andersen,  D. Barton,  K. Begam,  A. Behn,  
 Y. A. Bernard,  E. J. Berquist,  H. Burton,  A. Carreras,  K. Carter-Fenk,  
 R. Chakraborty,  A. D. Chien,  K. D. Closser,  V. Cofer-Shabica,  
 S. Dasgupta,  Jia Deng,  M. de Wergifosse,  M. Diedenhofen,  Hainam Do,  
 S. Ehlert,  Po-Tung Fang,  S. Fatehi,  Qingguo Feng,  T. Friedhoff,  
 J. Gayvert,  Qinghui Ge,  G. Gidofalvi,  M. Goldey,  J. Gomes,  
 C. Gonzalez-Espinoza,  S. Gulania,  A. Gunina,  M. W. D. Hanson-Heine,  
 P. H. P. Harbach,  A. W. Hauser,  M. F. Herbst,  M. Hernandez Vera,  
 M. Hodecker,  Z. C. Holden,  S. Houck,  Xunkun Huang,  Kerwin Hui,  
 B. C. Huynh,  M. Ivanov,  Hyunjun Ji,  Hanjie Jiang,  B. Kaduk,  S. Kaehler,  
 K. Khistyaev,  Jaehoon Kim,  P. Klunzinger,  Z. Koczor-Benda,  
 Joong Hoon Koh,  D. Kosenkov,  L. Koulias,  T. Kowalczyk,  C. M. Krauter,  
 K. Kue,  A. Kunitsa,  T. Kus,  A. Landau,  K. V. Lawler,  D. Lefrancois,  
 S. Lehtola,  Rain Li,  Yi-Pei Li,  Jiashu Liang,  M. Liebenthal,  
 Hung-Hsuan Lin,  You-Sheng Lin,  Fenglai Liu,  Kuan-Yu Liu,  
 M. Loipersberger,  A. Luenser,  A. Manjanath,  P. Manohar,  E. Mansoor,  
 S. F. Manzer,  Shan-Ping Mao,  A. V. Marenich,  T. Markovich,  S. Mason,  
 S. A. Maurer,  P. F. McLaughlin,  M. F. S. J. Menger,  J.-M. Mewes,  
 S. A. Mewes,  P. Morgante,  J. W. Mullinax,  K. J. Oosterbaan,  G. Paran,  
 Alexander C. Paul,  Suranjan K. Paul,  F. Pavosevic,  Zheng Pei,  S. Prager,  
 E. I. Proynov,  E. Ramos,  B. Rana,  A. E. Rask,  A. Rettig,  R. M. Richard,  
 F. Rob,  E. Rossomme,  T. Scheele,  M. Scheurer,  M. Schneider,  
 N. Sergueev,  S. M. Sharada,  W. Skomorowski,  D. W. Small,  C. J. Stein,  
 Yu-Chuan Su,  E. J. Sundstrom,  Zhen Tao,  J. Thirman,  T. Tsuchimochi,  
 N. M. Tubman,  S. P. Veccham,  O. Vydrov,  J. Wenzel,  J. Witte,  A. Yamada,  
 Kun Yao,  S. Yeganeh,  S. R. Yost,  A. Zech,  Igor Ying Zhang,  Xing Zhang,  
 Yu Zhang,  D. Zuev,  A. Aspuru-Guzik,  A. T. Bell,  N. A. Besley,  
 K. B. Bravaya,  B. R. Brooks,  D. Casanova,  Jeng-Da Chai,  S. Coriani,  
 C. J. Cramer,  A. E. DePrince, III,  R. A. DiStasio Jr.,  A. Dreuw,  
 B. D. Dunietz,  T. R. Furlani,  W. A. Goddard III,  S. Grimme,  
 S. Hammes-Schiffer,  T. Head-Gordon,  W. J. Hehre,  Chao-Ping Hsu,  
 T.-C. Jagau,  Yousung Jung,  A. Klamt,  Jing Kong,  D. S. Lambrecht,  
 WanZhen Liang,  N. J. Mayhall,  C. W. McCurdy,  J. B. Neaton,  
 C. Ochsenfeld,  J. A. Parkhill,  R. Peverati,  V. A. Rassolov,  Yihan Shao,  
 L. V. Slipchenko,  T. Stauch,  R. P. Steele,  J. E. Subotnik,  
 A. J. W. Thom,  A. Tkatchenko,  D. G. Truhlar,  T. Van Voorhis,  
 T. A. Wesolowski,  K. B. Whaley,  H. L. Woodcock III,  P. M. Zimmerman,  
 S. Faraji,  P. M. W. Gill,  M. Head-Gordon,  J. M. Herbert,  A. I. Krylov

 Additional authors for Version 5.4.1: 
 S. Kotaru,  Shaozhi Li,  Xiangyuan Li,  F. Matz,  A. Molle,  Haisheng Ren,  
 Yingli Su,  Hung-Yi Tsai,  C. Utku,  Fang Wang

 Contributors to earlier versions of Q-Chem not listed above: 
 R. D. Adamson,  B. Austin,  R. Baer,  J. Baker,  G. J. O. Beran,  
 K. Brandhorst,  S. T. Brown,  E. F. C. Byrd,  A. K. Chakraborty,  
 G. K. L. Chan,  Chun-Min Chang,  Yunqing Chen,  C.-L. Cheng,  
 Siu Hung Chien,  D. M. Chipman,  D. L. Crittenden,  H. Dachsel,  
 R. J. Doerksen,  A. D. Dutoi,  R. G. Edgar,  J. Fosso-Tande,  
 L. Fusti-Molnar,  D. Ghosh,  A. Ghysels,  A. Golubeva-Zadorozhnaya,  
 J. Gonthier,  M. S. Gordon,  S. R. Gwaltney,  G. Hawkins,  J. E. Herr,  
 A. Heyden,  S. Hirata,  E. G. Hohenstein,  G. Kedziora,  F. J. Keil,  
 C. Kelley,  Jihan Kim,  R. A. King,  R. Z. Khaliullin,  P. P. Korambath,  
 W. Kurlancheek,  A. Laurent,  A. M. Lee,  M. S. Lee,  S. V. Levchenko,  
 Ching Yeh Lin,  D. Liotard,  E. Livshits,  R. C. Lochan,  I. Lotan,  
 L. A. Martinez-Martinez,  P. E. Maslen,  N. Nair,  D. P. O'Neill,  
 D. Neuhauser,  E. Neuscamman,  C. M. Oana,  R. Olivares-Amaya,  R. Olson,  
 T. M. Perrine,  B. Peters,  P. A. Pieniazek,  A. Prociuk,  Y. M. Rhee,  
 J. Ritchie,  M. A. Rohrdanz,  E. Rosta,  N. J. Russ,  H. F. Schaefer III,  
 M. W. Schmidt,  N. E. Schultz,  S. Sharma,  N. Shenvi,  C. D. Sherrill,  
 A. C. Simmonett,  A. Sodt,  T. Stein,  D. Stuck,  K. S. Thanthiriwatte,  
 V. Vanovschi,  L. Vogt,  Tao Wang,  A. Warshel,  M. A. Watson,  
 C. F. Williams,  Q. Wu,  X. Xu,  Jun Yang,  W. Zhang,  Yan Zhao

 Please cite Q-Chem as follows:
 Y. Shao et al., Mol. Phys. 113, 184-215 (2015)
 DOI: 10.1080/00268976.2014.952696

 Q-Chem 5.4.1 for Intel X86 EM64T Linux

 Parts of Q-Chem use Armadillo 9.900.5 (Nocturnal Misbehaviour).
 http://arma.sourceforge.net/

 Q-Chem begins on Mon Apr 11 09:14:58 2022  

 Host: node01
0

     Scratch files written to /src/jdavis/qchem.scratch/qchem3533//
 Processing $rem in /src/tsommerfeld/qchem/config/preferences:
 Processing $rem in /home/jdavis/.qchemrc:
 Core orbitals will be frozen

 Checking the input file for inconsistencies... 	...done.

--------------------------------------------------------------
User input:
--------------------------------------------------------------
#ethylene geometry from CRC Handbook 102nd Edition
$molecule
   0 1
C         0.6235257508   -1.1565321456    0.0000000000
C        -0.6235257508   -1.1565321456    0.0000000000
C        -1.5818166948    0.0000000000    0.0000000000
C        -0.6235257508    1.1565321456    0.0000000000
C         0.6235257508    1.1565321456    0.0000000000
C         1.5818166948    0.0000000000    0.0000000000
O         2.7810421212    0.0000000000    0.0000000000
O        -2.7810421212    0.0000000000    0.0000000000
$end

$rem
   METHOD mp2
   BASIS sto-3g
$end

--------------------------------------------------------------
 ----------------------------------------------------------------
             Standard Nuclear Orientation (Angstroms)
    I     Atom           X                Y                Z
 ----------------------------------------------------------------
    1      C       0.6235257508    -1.1565321456     0.0000000000
    2      C      -0.6235257508    -1.1565321456     0.0000000000
    3      C      -1.5818166948    -0.0000000000     0.0000000000
    4      C      -0.6235257508     1.1565321456    -0.0000000000
    5      C       0.6235257508     1.1565321456    -0.0000000000
    6      C       1.5818166948     0.0000000000    -0.0000000000
    7      O       2.7810421212     0.0000000000    -0.0000000000
    8      O      -2.7810421212    -0.0000000000     0.0000000000
 ----------------------------------------------------------------
 Molecular Point Group                 D2h   NOp =  8
 Largest Abelian Subgroup              D2h   NOp =  8
 Nuclear Repulsion Energy =         278.73702882 hartrees
 There are       26 alpha and       26 beta electrons
 Requested basis set is STO-3G
 There are 16 shells and 40 basis functions

 Total QAlloc Memory Limit   2000 MB
 Mega-Array Size       188 MB
 MEM_STATIC part       192 MB

                       Distance Matrix (Angstroms)
             C (  1)   C (  2)   C (  3)   C (  4)   C (  5)   C (  6)
   C (  2)  1.247052
   C (  3)  2.490201  1.501961
   C (  4)  2.627814  2.313064  1.501961
   C (  5)  2.313064  2.627814  2.490201  1.247052
   C (  6)  1.501961  2.490201  3.163633  2.490201  1.501961
   O (  7)  2.447947  3.595643  4.362859  3.595643  2.447947  1.199225
   O (  8)  3.595643  2.447947  1.199225  2.447947  3.595643  4.362859
             O (  7)
   O (  8)  5.562084
 
 A cutoff of  1.0D-08 yielded    111 shell pairs
 There are       816 function pairs
 Smallest overlap matrix eigenvalue = 1.55E-01

 Scale SEOQF with 1.000000e-01/1.000000e+00/1.000000e+00

 Standard Electronic Orientation quadrupole field applied
 Nucleus-field energy     =     0.0000000288 hartrees
 Guess from superposition of atomic densities
 Warning:  Energy on first SCF cycle will be non-variational
 SAD guess density has 52.000000 electrons

 -----------------------------------------------------------------------
  General SCF calculation program by
  Eric Jon Sundstrom, Paul Horn, Yuezhi Mao, Dmitri Zuev, Alec White,
  David Stuck, Shaama M.S., Shane Yost, Joonho Lee, David Small,
  Daniel Levine, Susi Lehtola, Hugh Burton, Evgeny Epifanovsky,
  Bang C. Huynh
 -----------------------------------------------------------------------
 Hartree-Fock
 A restricted SCF calculation will be
 performed using DIIS
 SCF converges when DIIS error is below 1.0e-05
 ---------------------------------------
  Cycle       Energy         DIIS error
 ---------------------------------------
    1    -372.6495104504      1.97e-01  
    2    -371.3786642623      3.27e-02  
    3    -371.5364693245      2.71e-02  
    4    -371.6857554853      2.92e-03  
    5    -371.6915035784      1.28e-03  
    6    -371.6925059073      4.34e-04  
    7    -371.6926209812      8.81e-05  
    8    -371.6926241000      1.36e-05  
    9    -371.6926240366      1.49e-06  Convergence criterion met
 ---------------------------------------
 SCF time:   CPU 0.13s  wall 0.00s 
 SCF   energy in the final basis set =     -371.6926240366
 Total energy in the final basis set =     -371.6926240366

 Q-Chem warning in module 0, line  204:

 Quadrupole field failed to resolve orbital degeneracies.


 Q-Chem warning in module 0, line  204:

 Quadrupole field failed to resolve orbital degeneracies.

 
 Components of the MP2 correlation energy:
        aaaa  correlation energy =        -0.0711506153 au
        abab  correlation energy =        -0.4495825689 au
        bbbb  correlation energy =        -0.0711506153 au
        non-Brillouin singles    =        -0.0000000000 au

 Total  MP2   correlation energy =                    -0.59188380 au
        MP2         total energy =                  -372.28450784 au
 
 --------------------------------------------------------------
             Orbital Energies (a.u.) and Symmetries
 --------------------------------------------------------------
 
 Alpha MOs, Restricted
 -- Occupied --                  
-20.362 -20.362 -11.221 -11.221 -11.030 -11.030 -11.028 -11.028
  1 B3u   1 Ag    2 B3u   2 Ag    1 B2u   3 Ag    1 B1g   3 B3u                
 -1.394  -1.392  -1.094  -0.956  -0.900  -0.748  -0.715  -0.650
  4 Ag    4 B3u   5 Ag    2 B2u   5 B3u   6 Ag    2 B1g   3 B2u                
 -0.599  -0.592  -0.557  -0.511  -0.420  -0.380  -0.373  -0.346
  6 B3u   7 Ag    1 B1u   1 B2g   3 B1g   4 B2u   8 Ag    1 B3g                
 -0.341  -0.294
  2 B1u   5 B2u                                                                
 -- Virtual --                   
  0.081   0.129   0.254   0.294   0.353   0.507   0.573   0.657
  7 B3u   2 B2g   4 B1g   3 B1u   1 Au    3 B2g   9 Ag    6 B2u                
  0.707   0.717   0.951   1.004   1.192   1.235
  8 B3u   5 B1g  10 Ag    9 B3u  10 B3u   6 B1g                                
 
 Beta MOs, Restricted
 -- Occupied --                  
-20.362 -20.362 -11.221 -11.221 -11.030 -11.030 -11.028 -11.028
  1 B3u   1 Ag    2 B3u   2 Ag    1 B2u   3 Ag    1 B1g   3 B3u                
 -1.394  -1.392  -1.094  -0.956  -0.900  -0.748  -0.715  -0.650
  4 Ag    4 B3u   5 Ag    2 B2u   5 B3u   6 Ag    2 B1g   3 B2u                
 -0.599  -0.592  -0.557  -0.511  -0.420  -0.380  -0.373  -0.346
  6 B3u   7 Ag    1 B1u   1 B2g   3 B1g   4 B2u   8 Ag    1 B3g                
 -0.341  -0.294
  2 B1u   5 B2u                                                                
 -- Virtual --                   
  0.081   0.129   0.254   0.294   0.353   0.507   0.573   0.657
  7 B3u   2 B2g   4 B1g   3 B1u   1 Au    3 B2g   9 Ag    6 B2u                
  0.707   0.717   0.951   1.004   1.192   1.235
  8 B3u   5 B1g  10 Ag    9 B3u  10 B3u   6 B1g                                
 --------------------------------------------------------------
 
          Ground-State Mulliken Net Atomic Charges

     Atom                 Charge (a.u.)
  ----------------------------------------
      1 C                    -0.044493
      2 C                    -0.044493
      3 C                     0.256805
      4 C                    -0.044493
      5 C                    -0.044493
      6 C                     0.256805
      7 O                    -0.167820
      8 O                    -0.167820
  ----------------------------------------
  Sum of atomic charges =     0.000000

 -----------------------------------------------------------------
                    Cartesian Multipole Moments
 -----------------------------------------------------------------
    Charge (ESU x 10^10)
                 0.0000
    Dipole Moment (Debye)
         X      -0.0000      Y       0.0000      Z       0.0000
       Tot       0.0000
    Quadrupole Moments (Debye-Ang)
        XX     -47.5258     XY       0.0000     YY     -39.6580
        XZ      -0.0000     YZ       0.0000     ZZ     -37.2078
    Octopole Moments (Debye-Ang^2)
       XXX      -0.0000    XXY       0.0000    XYY      -0.0000
       YYY       0.0000    XXZ       0.0000    XYZ       0.0000
       YYZ       0.0000    XZZ      -0.0000    YZZ       0.0000
       ZZZ       0.0000
    Hexadecapole Moments (Debye-Ang^3)
      XXXX    -770.5721   XXXY       0.0000   XXYY    -136.6830
      XYYY      -0.0000   YYYY    -187.6884   XXXZ       0.0000
      XXYZ       0.0000   XYYZ       0.0000   YYYZ       0.0000
      XXZZ    -102.3374   XYZZ      -0.0000   YYZZ     -36.0138
      XZZZ       0.0000   YZZZ       0.0000   ZZZZ     -27.2104
 -----------------------------------------------------------------
 Total job time:  0.36s(wall), 0.32s(cpu) 
 Mon Apr 11 09:14:58 2022

        *************************************************************
        *                                                           *
        *  Thank you very much for using Q-Chem.  Have a nice day.  *
        *                                                           *
        *************************************************************


