Trajectory for B2g states:
State             eta               Uncorr_Re         Uncorr_Im         
1                 0.00000000        -78.30483140      -0.00000000       
2                 0.00000000        -78.27667650      -0.00000000       
3                 0.00000000        -78.24556892      -0.00000000       
4                 0.00000000        -78.21021784      -0.00000000       
5                 0.00000000        -78.13275060      -0.00000000       
1                 0.00100000        -78.29553602      -0.01127986       
2                 0.00100000        -78.27796158      -0.05361745       
3                 0.00100000        -78.24672763      -0.01101585       
4                 0.00100000        -78.21479664      -0.02257411       
5                 0.00100000        -78.13502340      -0.02039649       
1                 0.00120000        -78.29513816      -0.01198217       
2                 0.00120000        -78.27681769      -0.06759861       
3                 0.00120000        -78.24591929      -0.01146060       
4                 0.00120000        -78.21613599      -0.02721928       
5                 0.00120000        -78.13603414      -0.02439986       
1                 0.00140000        -78.29488663      -0.01288129       
2                 0.00140000        -78.27579851      -0.08153768       
3                 0.00140000        -78.24494460      -0.01156137       
4                 0.00140000        -78.21717608      -0.03209643       
5                 0.00140000        -78.13723945      -0.02836052       
1                 0.00160000        -78.29470272      -0.01389886       
2                 0.00160000        -78.27493638      -0.09543093       
3                 0.00160000        -78.24402550      -0.01141412       
4                 0.00160000        -78.21773348      -0.03720106       
5                 0.00160000        -78.13864718      -0.03226906       
1                 0.00180000        -78.29455548      -0.01499093       
2                 0.00180000        -78.27422014      -0.10927277       
3                 0.00180000        -78.24326463      -0.01115044       
4                 0.00180000        -78.21773679      -0.04246311       
5                 0.00180000        -78.14026823      -0.03611353       
1                 0.00200000        -78.29443097      -0.01613197       
2                 0.00200000        -78.27362639      -0.12306030       
3                 0.00200000        -78.24266331      -0.01087255       
4                 0.00200000        -78.21720744      -0.04782496       
5                 0.00200000        -78.14211716      -0.03987775       
1                 0.00220000        -78.29432228      -0.01730653       
2                 0.00220000        -78.27313113      -0.13679472       
3                 0.00220000        -78.24218449      -0.01063093       
4                 0.00220000        -78.21619443      -0.05327354       
5                 0.00220000        -78.14421294      -0.04353857       
1                 0.00240000        -78.29422564      -0.01850493       
2                 0.00240000        -78.27271391      -0.15048004       
3                 0.00240000        -78.24179064      -0.01044139       
4                 0.00240000        -78.21473593      -0.05883338       
5                 0.00240000        -78.14657915      -0.04706132       
1                 0.00260000        -78.29413884      -0.01972089       
2                 0.00260000        -78.27235859      -0.16412145       
3                 0.00260000        -78.24145373      -0.01030365       
4                 0.00260000        -78.21285140      -0.06455962       
5                 0.00260000        -78.14924272      -0.05039220       
1                 0.00280000        -78.29406039      -0.02095024       
2                 0.00280000        -78.27205282      -0.17772430       
3                 0.00280000        -78.24115468      -0.01021162       
4                 0.00280000        -78.21054971      -0.07054290       
5                 0.00280000        -78.15222767      -0.05344548       
1                 0.00300000        -78.29398925      -0.02219017       
2                 0.00300000        -78.27178724      -0.19129353       
3                 0.00300000        -78.24088082      -0.01015785       
4                 0.00300000        -78.20785397      -0.07692463       
5                 0.00300000        -78.15553400      -0.05608513       
1                 0.00320000        -78.29392457      -0.02343869       
2                 0.00320000        -78.27155468      -0.20483346       
3                 0.00320000        -78.24062376      -0.01013519       
4                 0.00320000        -78.20486197      -0.08390500       
5                 0.00320000        -78.15908029      -0.05811573       
1                 0.00340000        -78.29386566      -0.02469437       
2                 0.00340000        -78.27134964      -0.21834780       
3                 0.00340000        -78.24037792      -0.01013734       
4                 0.00340000        -78.20184599      -0.09167225       
5                 0.00340000        -78.16260604      -0.05935305       
1                 0.00360000        -78.29381192      -0.02595616       
2                 0.00360000        -78.27116779      -0.23183968       
3                 0.00360000        -78.24013958      -0.01015895       
4                 0.00360000        -78.19923422      -0.10017998       
5                 0.00360000        -78.16569175      -0.05984679       
1                 0.00380000        -78.29376280      -0.02722328       
2                 0.00380000        -78.27100570      -0.24531172       
3                 0.00380000        -78.23990628      -0.01019555       
4                 0.00380000        -78.19729227      -0.10906804       
5                 0.00380000        -78.16807822      -0.05995973       
1                 0.00400000        -78.29371783      -0.02849508       
2                 0.00400000        -78.27086057      -0.25876615       
3                 0.00400000        -78.23967641      -0.01024343       
4                 0.00400000        -78.19595914      -0.11797871       
5                 0.00400000        -78.16983131      -0.06005171       
1                 0.00420000        -78.29367658      -0.02977107       
2                 0.00420000        -78.27073013      -0.27220484       
3                 0.00420000        -78.23944898      -0.01029949       
4                 0.00420000        -78.19505290      -0.12674711       
5                 0.00420000        -78.17113668      -0.06028931       
1                 0.00440000        -78.29363865      -0.03105083       
2                 0.00440000        -78.27061249      -0.28562940       
3                 0.00440000        -78.23922340      -0.01036121       
4                 0.00440000        -78.19442374      -0.13533576       
5                 0.00440000        -78.17214699      -0.06071138       
1                 0.00460000        -78.29360369      -0.03233401       
2                 0.00460000        -78.27050607      -0.29904121       
3                 0.00460000        -78.23899942      -0.01042648       
4                 0.00460000        -78.19397455      -0.14375457       
5                 0.00460000        -78.17296153      -0.06130906       
1                 0.00480000        -78.29357140      -0.03362031       
2                 0.00480000        -78.27040952      -0.31244146       
3                 0.00480000        -78.23877696      -0.01049361       
4                 0.00480000        -78.19364530      -0.15202554       
5                 0.00480000        -78.17364208      -0.06206118       
1                 0.00500000        -78.29354150      -0.03490946       
2                 0.00500000        -78.27032169      -0.32583119       
3                 0.00500000        -78.23855614      -0.01056119       
4                 0.00500000        -78.19339841      -0.16017090       
5                 0.00500000        -78.17422752      -0.06294609       
1                 0.00520000        -78.29351373      -0.03620123       
2                 0.00520000        -78.27024161      -0.33921133       
3                 0.00520000        -78.23833716      -0.01062813       
4                 0.00520000        -78.19320970      -0.16821006       
5                 0.00520000        -78.17474307      -0.06394485       
1                 0.00540000        -78.29348787      -0.03749541       
2                 0.00540000        -78.27016841      -0.35258266       
3                 0.00540000        -78.23812029      -0.01069353       
4                 0.00540000        -78.19306312      -0.17615913       
5                 0.00540000        -78.17520557      -0.06504162       
1                 0.00560000        -78.29346373      -0.03879182       
2                 0.00560000        -78.27010136      -0.36594592       
3                 0.00560000        -78.23790587      -0.01075673       
4                 0.00560000        -78.19294771      -0.18403128       
5                 0.00560000        -78.17562659      -0.06622336       
1                 0.00580000        -78.29344112      -0.04009028       
2                 0.00580000        -78.27003982      -0.37930174       
3                 0.00580000        -78.23769423      -0.01081722       
4                 0.00580000        -78.19285580      -0.19183732       
5                 0.00580000        -78.17601430      -0.06747930       
1                 0.00600000        -78.29341989      -0.04139065       
2                 0.00600000        -78.26998321      -0.39265068       
3                 0.00600000        -78.23748572      -0.01087463       
4                 0.00600000        -78.19278187      -0.19958613       
5                 0.00600000        -78.17637457      -0.06880051       
1                 0.00620000        -78.29339990      -0.04269279       
2                 0.00620000        -78.26993105      -0.40599328       
3                 0.00620000        -78.23728069      -0.01092875       
4                 0.00620000        -78.19272190      -0.20728503       
5                 0.00620000        -78.17671172      -0.07017951       
1                 0.00640000        -78.29338102      -0.04399656       
2                 0.00640000        -78.26988290      -0.41932999       
3                 0.00640000        -78.23707945      -0.01097944       
4                 0.00640000        -78.19267289      -0.21494016       
5                 0.00640000        -78.17702900      -0.07160996       
1                 0.00660000        -78.29336314      -0.04530186       
2                 0.00660000        -78.26983838      -0.43266124       
3                 0.00660000        -78.23688230      -0.01102667       
4                 0.00660000        -78.19263259      -0.22255665       
5                 0.00660000        -78.17732886      -0.07308646       
1                 0.00680000        -78.29334616      -0.04660857       
2                 0.00680000        -78.26979713      -0.44598741       
3                 0.00680000        -78.23668951      -0.01107047       
4                 0.00680000        -78.19259926      -0.23013884       
5                 0.00680000        -78.17761320      -0.07460433       
1                 0.00700000        -78.29333000      -0.04791660       
2                 0.00700000        -78.26975886      -0.45930884       
3                 0.00700000        -78.23650130      -0.01111096       
4                 0.00700000        -78.19257156      -0.23769044       
5                 0.00700000        -78.17788354      -0.07615954       
1                 0.00720000        -78.29331456      -0.04922586       
2                 0.00720000        -78.26972329      -0.47262586       
3                 0.00720000        -78.23631788      -0.01114826       
4                 0.00720000        -78.19254845      -0.24521464       
5                 0.00720000        -78.17814108      -0.07774852       
1                 0.00740000        -78.29329979      -0.05053625       
2                 0.00740000        -78.26969020      -0.48593875       
3                 0.00740000        -78.23613939      -0.01118257       
4                 0.00740000        -78.19252909      -0.25271416       
5                 0.00740000        -78.17838681      -0.07936815       
1                 0.00760000        -78.29328561      -0.05184772       
2                 0.00760000        -78.26965935      -0.49924779       
3                 0.00760000        -78.23596595      -0.01121408       
4                 0.00760000        -78.19251282      -0.26019139       
5                 0.00760000        -78.17862154      -0.08101565       
1                 0.00780000        -78.29327197      -0.05316018       
2                 0.00780000        -78.26963055      -0.51255321       
3                 0.00780000        -78.23579765      -0.01124304       
4                 0.00780000        -78.19249912      -0.26764841       
5                 0.00780000        -78.17884598      -0.08268855       
1                 0.00800000        -78.29325882      -0.05447357       
2                 0.00800000        -78.26960364      -0.52585524       
3                 0.00800000        -78.23563453      -0.01126966       
4                 0.00800000        -78.19248755      -0.27508703       
5                 0.00800000        -78.17906073      -0.08438464       
1                 0.00820000        -78.29324611      -0.05578782       
2                 0.00820000        -78.26957846      -0.53915410       
3                 0.00820000        -78.23547662      -0.01129420       
4                 0.00820000        -78.19247776      -0.28250886       
5                 0.00820000        -78.17926631      -0.08610191       
1                 0.00840000        -78.29323380      -0.05710289       
2                 0.00840000        -78.26955486      -0.55244997       
3                 0.00840000        -78.23532391      -0.01131691       
4                 0.00840000        -78.19246948      -0.28991532       
5                 0.00840000        -78.17946322      -0.08783857       
1                 0.00860000        -78.29322186      -0.05841872       
2                 0.00860000        -78.26953272      -0.56574302       
3                 0.00860000        -78.23517635      -0.01133801       
4                 0.00860000        -78.19246245      -0.29730765       
5                 0.00860000        -78.17965188      -0.08959301       
1                 0.00880000        -78.29321024      -0.05973525       
2                 0.00880000        -78.26951192      -0.57903342       
3                 0.00880000        -78.23503390      -0.01135774       
4                 0.00880000        -78.19245650      -0.30468699       
5                 0.00880000        -78.17983270      -0.09136375       
1                 0.00900000        -78.29319892      -0.06105245       
2                 0.00900000        -78.26949236      -0.59232133       
3                 0.00900000        -78.23489648      -0.01137633       
4                 0.00900000        -78.19245145      -0.31205434       
5                 0.00900000        -78.18000605      -0.09314947       
1                 0.00920000        -78.29318788      -0.06237027       
2                 0.00920000        -78.26947395      -0.60560687       
3                 0.00920000        -78.23476398      -0.01139398       
4                 0.00920000        -78.19244718      -0.31941060       
5                 0.00920000        -78.18017227      -0.09494894       
1                 0.00940000        -78.29317708      -0.06368868       
2                 0.00940000        -78.26945660      -0.61889019       
3                 0.00940000        -78.23463631      -0.01141090       
4                 0.00940000        -78.19244356      -0.32675658       
5                 0.00940000        -78.18033171      -0.09676106       
1                 0.00960000        -78.29316650      -0.06500763       
2                 0.00960000        -78.26944023      -0.63217141       
3                 0.00960000        -78.23451335      -0.01142728       
4                 0.00960000        -78.19244051      -0.33409301       
5                 0.00960000        -78.18048467      -0.09858485       
1                 0.00980000        -78.29315613      -0.06632709       
2                 0.00980000        -78.26942477      -0.64545063       
3                 0.00980000        -78.23439497      -0.01144328       
4                 0.00980000        -78.19243794      -0.34142056       
5                 0.00980000        -78.18063145      -0.10041937       
1                 0.01000000        -78.29314595      -0.06764703       
2                 0.01000000        -78.26941016      -0.65872796       
3                 0.01000000        -78.23428104      -0.01145907       
4                 0.01000000        -78.19243578      -0.34873983       
5                 0.01000000        -78.18077235      -0.10226379       
1                 0.01020000        -78.29313593      -0.06896742       
2                 0.01020000        -78.26939633      -0.67200350       
3                 0.01020000        -78.23417141      -0.01147479       
4                 0.01020000        -78.19243398      -0.35605136       
5                 0.01020000        -78.18090762      -0.10411736       
1                 0.01040000        -78.29312607      -0.07028823       
2                 0.01040000        -78.26938323      -0.68527735       
3                 0.01040000        -78.23406595      -0.01149057       
4                 0.01040000        -78.19243248      -0.36335565       
5                 0.01040000        -78.18103753      -0.10597938       
1                 0.01060000        -78.29311635      -0.07160944       
2                 0.01060000        -78.26937082      -0.69854958       
3                 0.01060000        -78.23396451      -0.01150654       
4                 0.01060000        -78.19243125      -0.37065317       
5                 0.01060000        -78.18116234      -0.10784921       
1                 0.01080000        -78.29310676      -0.07293102       
2                 0.01080000        -78.26935904      -0.71182028       
3                 0.01080000        -78.23386695      -0.01152281       
4                 0.01080000        -78.19243025      -0.37794433       
5                 0.01080000        -78.18128227      -0.10972627       
