                  Welcome to Q-Chem
     A Quantum Leap Into The Future Of Chemistry


 Q-Chem 5.4 (devel), Q-Chem, Inc., Pleasanton, CA (2021)

 E. Epifanovsky,  A. T. B. Gilbert,  Xintian Feng,  Joonho Lee,  Yuezhi Mao,  
 N. Mardirossian,  P. Pokhilko,  A. White,  M. Wormit,  M. P. Coons,  
 A. L. Dempwolff,  Zhengting Gan,  D. Hait,  P. R. Horn,  L. D. Jacobson,  
 I. Kaliman,  J. Kussmann,  A. W. Lange,  Ka Un Lao,  D. S. Levine,  Jie Liu,  
 S. C. McKenzie,  A. F. Morrison,  K. Nanda,  F. Plasser,  D. R. Rehn,  
 M. L. Vidal,  Zhi-Qiang You,  Ying Zhu,  B. Alam,  B. Albrecht,  
 A. Aldossary,  E. Alguire,  J. H. Andersen,  D. Barton,  K. Begam,  A. Behn,  
 Y. A. Bernard,  E. J. Berquist,  H. Burton,  A. Carreras,  K. Carter-Fenk,  
 R. Chakraborty,  A. D. Chien,  K. D. Closser,  V. Cofer-Shabica,  
 S. Dasgupta,  Jia Deng,  M. de Wergifosse,  M. Diedenhofen,  Hainam Do,  
 S. Ehlert,  Po-Tung Fang,  S. Fatehi,  Qingguo Feng,  T. Friedhoff,  
 J. Gayvert,  Qinghui Ge,  G. Gidofalvi,  M. Goldey,  J. Gomes,  
 C. Gonzalez-Espinoza,  S. Gulania,  A. Gunina,  M. W. D. Hanson-Heine,  
 P. H. P. Harbach,  A. W. Hauser,  M. F. Herbst,  M. Hernandez Vera,  
 M. Hodecker,  Z. C. Holden,  S. Houck,  Xunkun Huang,  Kerwin Hui,  
 B. C. Huynh,  M. Ivanov,  Hyunjun Ji,  Hanjie Jiang,  B. Kaduk,  S. Kaehler,  
 K. Khistyaev,  Jaehoon Kim,  P. Klunzinger,  Z. Koczor-Benda,  
 Joong Hoon Koh,  D. Kosenkov,  L. Koulias,  T. Kowalczyk,  C. M. Krauter,  
 K. Kue,  A. Kunitsa,  T. Kus,  A. Landau,  K. V. Lawler,  D. Lefrancois,  
 S. Lehtola,  Rain Li,  Yi-Pei Li,  Jiashu Liang,  M. Liebenthal,  
 Hung-Hsuan Lin,  You-Sheng Lin,  Fenglai Liu,  Kuan-Yu Liu,  
 M. Loipersberger,  A. Luenser,  A. Manjanath,  P. Manohar,  E. Mansoor,  
 S. F. Manzer,  Shan-Ping Mao,  A. V. Marenich,  T. Markovich,  S. Mason,  
 S. A. Maurer,  P. F. McLaughlin,  M. F. S. J. Menger,  J.-M. Mewes,  
 S. A. Mewes,  P. Morgante,  J. W. Mullinax,  K. J. Oosterbaan,  G. Paran,  
 Alexander C. Paul,  Suranjan K. Paul,  F. Pavosevic,  Zheng Pei,  S. Prager,  
 E. I. Proynov,  E. Ramos,  B. Rana,  A. E. Rask,  A. Rettig,  R. M. Richard,  
 F. Rob,  E. Rossomme,  T. Scheele,  M. Scheurer,  M. Schneider,  
 N. Sergueev,  S. M. Sharada,  W. Skomorowski,  D. W. Small,  C. J. Stein,  
 Yu-Chuan Su,  E. J. Sundstrom,  Zhen Tao,  J. Thirman,  T. Tsuchimochi,  
 N. M. Tubman,  S. P. Veccham,  O. Vydrov,  J. Wenzel,  J. Witte,  A. Yamada,  
 Kun Yao,  S. Yeganeh,  S. R. Yost,  A. Zech,  Igor Ying Zhang,  Xing Zhang,  
 Yu Zhang,  D. Zuev,  A. Aspuru-Guzik,  A. T. Bell,  N. A. Besley,  
 K. B. Bravaya,  B. R. Brooks,  D. Casanova,  Jeng-Da Chai,  S. Coriani,  
 C. J. Cramer,  A. E. DePrince, III,  R. A. DiStasio Jr.,  A. Dreuw,  
 B. D. Dunietz,  T. R. Furlani,  W. A. Goddard III,  S. Grimme,  
 S. Hammes-Schiffer,  T. Head-Gordon,  W. J. Hehre,  Chao-Ping Hsu,  
 T.-C. Jagau,  Yousung Jung,  A. Klamt,  Jing Kong,  D. S. Lambrecht,  
 WanZhen Liang,  N. J. Mayhall,  C. W. McCurdy,  J. B. Neaton,  
 C. Ochsenfeld,  J. A. Parkhill,  R. Peverati,  V. A. Rassolov,  Yihan Shao,  
 L. V. Slipchenko,  T. Stauch,  R. P. Steele,  J. E. Subotnik,  
 A. J. W. Thom,  A. Tkatchenko,  D. G. Truhlar,  T. Van Voorhis,  
 T. A. Wesolowski,  K. B. Whaley,  H. L. Woodcock III,  P. M. Zimmerman,  
 S. Faraji,  P. M. W. Gill,  M. Head-Gordon,  J. M. Herbert,  A. I. Krylov

 Additional authors for Version 5.4.1: 
 S. Kotaru,  Shaozhi Li,  Xiangyuan Li,  F. Matz,  A. Molle,  Haisheng Ren,  
 Yingli Su,  Hung-Yi Tsai,  C. Utku,  Fang Wang

 Contributors to earlier versions of Q-Chem not listed above: 
 R. D. Adamson,  B. Austin,  R. Baer,  J. Baker,  G. J. O. Beran,  
 K. Brandhorst,  S. T. Brown,  E. F. C. Byrd,  A. K. Chakraborty,  
 G. K. L. Chan,  Chun-Min Chang,  Yunqing Chen,  C.-L. Cheng,  
 Siu Hung Chien,  D. M. Chipman,  D. L. Crittenden,  H. Dachsel,  
 R. J. Doerksen,  A. D. Dutoi,  R. G. Edgar,  J. Fosso-Tande,  
 L. Fusti-Molnar,  D. Ghosh,  A. Ghysels,  A. Golubeva-Zadorozhnaya,  
 J. Gonthier,  M. S. Gordon,  S. R. Gwaltney,  G. Hawkins,  J. E. Herr,  
 A. Heyden,  S. Hirata,  E. G. Hohenstein,  G. Kedziora,  F. J. Keil,  
 C. Kelley,  Jihan Kim,  R. A. King,  R. Z. Khaliullin,  P. P. Korambath,  
 W. Kurlancheek,  A. Laurent,  A. M. Lee,  M. S. Lee,  S. V. Levchenko,  
 Ching Yeh Lin,  D. Liotard,  E. Livshits,  R. C. Lochan,  I. Lotan,  
 L. A. Martinez-Martinez,  P. E. Maslen,  N. Nair,  D. P. O'Neill,  
 D. Neuhauser,  E. Neuscamman,  C. M. Oana,  R. Olivares-Amaya,  R. Olson,  
 T. M. Perrine,  B. Peters,  P. A. Pieniazek,  A. Prociuk,  Y. M. Rhee,  
 J. Ritchie,  M. A. Rohrdanz,  E. Rosta,  N. J. Russ,  H. F. Schaefer III,  
 M. W. Schmidt,  N. E. Schultz,  S. Sharma,  N. Shenvi,  C. D. Sherrill,  
 A. C. Simmonett,  A. Sodt,  T. Stein,  D. Stuck,  K. S. Thanthiriwatte,  
 V. Vanovschi,  L. Vogt,  Tao Wang,  A. Warshel,  M. A. Watson,  
 C. F. Williams,  Q. Wu,  X. Xu,  Jun Yang,  W. Zhang,  Yan Zhao

 Please cite Q-Chem as follows:
 Y. Shao et al., Mol. Phys. 113, 184-215 (2015)
 DOI: 10.1080/00268976.2014.952696

 Q-Chem 5.4.1 for Intel X86 EM64T Linux

 Parts of Q-Chem use Armadillo 9.900.5 (Nocturnal Misbehaviour).
 http://arma.sourceforge.net/

 Q-Chem begins on Mon Apr  4 15:19:56 2022  

 Host: node01
0

     Scratch files written to /src/jdavis/qchem.scratch/qchem28477//
 Processing $rem in /src/tsommerfeld/qchem/config/preferences:
 Processing $rem in /home/jdavis/.qchemrc:
 Core orbitals will be frozen

 Checking the input file for inconsistencies... 	...done.

--------------------------------------------------------------
User input:
--------------------------------------------------------------
$comment
	Ethylene CAP-EOM-CCSD
	Basis: C: aDZ+4p1d, H: DZ
$end

$molecule
0 1
C       0.6645000000    -0.0000000000    -0.0000000000
C      -0.6645000000     0.0000000000     0.0000000000
H       1.1590799571     0.9623485159     0.0000000000
H       1.1590799571    -0.9623485159    -0.0000000000
H      -1.1590799571    -0.9623485159    -0.0000000000
H      -1.1590799571     0.9623485159     0.0000000000
$end

$rem
	method eom-mp2
	basis gen
        EA_STATES [0,0,5,0,0,0,0,0]
	complex_ccman 1
	scf_convergence 8
	thresh 14
	mem_total 95000
	threads 12
$end

#	xc_grid 000250000974
$complex_ccman
	cap_type 2 #voronoi cap
	proj_cap 3
	eta_step 20
	cap_eta 100 
	cap_x 3500
	nsteps 50
$end

$basis
H     0
S   4   1.00
      1.301000D+01           1.968500D-02
      1.962000D+00           1.379770D-01
      4.446000D-01           4.781480D-01
      1.220000D-01           5.012400D-01
S   1   1.00
      1.220000D-01           1.000000D+00
P   1   1.00
      7.270000D-01           1.0000000
****
C     0
S   9   1.00
      6.665000D+03           6.920000D-04
      1.000000D+03           5.329000D-03
      2.280000D+02           2.707700D-02
      6.471000D+01           1.017180D-01
      2.106000D+01           2.747400D-01
      7.495000D+00           4.485640D-01
      2.797000D+00           2.850740D-01
      5.215000D-01           1.520400D-02
      1.596000D-01          -3.191000D-03
S   9   1.00
      6.665000D+03          -1.460000D-04
      1.000000D+03          -1.154000D-03
      2.280000D+02          -5.725000D-03
      6.471000D+01          -2.331200D-02
      2.106000D+01          -6.395500D-02
      7.495000D+00          -1.499810D-01
      2.797000D+00          -1.272620D-01
      5.215000D-01           5.445290D-01
      1.596000D-01           5.804960D-01
S   1   1.00
      1.596000D-01           1.000000D+00
S   1   1.00
      0.0469000              1.0000000
P   4   1.00
      9.439000D+00           3.810900D-02
      2.002000D+00           2.094800D-01
      5.456000D-01           5.085570D-01
      1.517000D-01           4.688420D-01
P   1   1.00
      1.517000D-01           1.000000D+00
P   1   1.00
      0.0404100              1.0000000
P    1  1.00
     0.0269400   1.0
P    1  1.00
     0.0179600   1.0
P    1  1.00
     0.0119733   1.0
P    1  1.00
     0.0079822   1.0
D   1   1.00
      5.500000D-01           1.0000000
D   1   1.00
      0.1510000              1.0000000
D    1  1.00
     0.0755000   1.0
****
$end
--------------------------------------------------------------
 ----------------------------------------------------------------
             Standard Nuclear Orientation (Angstroms)
    I     Atom           X                Y                Z
 ----------------------------------------------------------------
    1      C       0.6645000000     0.0000000000    -0.0000000000
    2      C      -0.6645000000    -0.0000000000     0.0000000000
    3      H       1.1590799571     0.9623485159    -0.0000000000
    4      H       1.1590799571    -0.9623485159    -0.0000000000
    5      H      -1.1590799571    -0.9623485159     0.0000000000
    6      H      -1.1590799571     0.9623485159     0.0000000000
 ----------------------------------------------------------------
 Molecular Point Group                 D2h   NOp =  8
 Largest Abelian Subgroup              D2h   NOp =  8
 Nuclear Repulsion Energy =          33.58921683 hartrees
 There are        8 alpha and        8 beta electrons
 Requested basis set is non-standard
 There are 40 shells and 100 basis functions
 Total memory of 95000 MB is distributed as follows: 
   MEM_STATIC is set to 192 MB
   QALLOC/CCMAN JOB total memory use is  94808 MB
 Warning: actual memory use might exceed 95000 MB

 Total QAlloc Memory Limit  95000 MB
 Mega-Array Size       188 MB
 MEM_STATIC part       192 MB

                       Distance Matrix (Angstroms)
             C (  1)   C (  2)   H (  3)   H (  4)   H (  5)
   C (  2)  1.329000
   H (  3)  1.082000  2.061931
   H (  4)  1.082000  2.061931  1.924697
   H (  5)  2.061931  1.082000  3.013026  2.318160
   H (  6)  2.061931  1.082000  2.318160  3.013026  1.924697
 
 A cutoff of  1.0D-14 yielded    820 shell pairs
 There are      5164 function pairs (      5815 Cartesian)
 Smallest overlap matrix eigenvalue = 7.59E-06

 Scale SEOQF with 1.000000e-01/1.000000e-01/1.000000e-01

 Standard Electronic Orientation quadrupole field applied
 Nucleus-field energy     =     0.0000000006 hartrees
 ================ Generating on-the-fly SAD Guess ================
Attempting to make child job directory: /src/jdavis/qchem.scratch/qchem28477//Frg1/
Attempting to make child job directory: /src/jdavis/qchem.scratch/qchem28477//Frg2/
Creating input file /src/jdavis/qchem.scratch/qchem28477/Frg1.input
using default PutDataFrgm: nothing
calling putenv with: QCSCRATCH=/src/jdavis/qchem.scratch/qchem28477/ 
Spawning Job For Fragment 0
Done Job For Fragment 0
calling putenv with: QCSCRATCH=/src/jdavis/qchem.scratch 
calling putenv with: QCTHREADS=1 
Creating input file /src/jdavis/qchem.scratch/qchem28477/Frg2.input
using default PutDataFrgm: nothing
calling putenv with: QCSCRATCH=/src/jdavis/qchem.scratch/qchem28477/ 
Spawning Job For Fragment 1
Done Job For Fragment 1
calling putenv with: QCSCRATCH=/src/jdavis/qchem.scratch 
calling putenv with: QCTHREADS=1 
 Time for running child jobs:  CPU 2.15 s  wall 0.78 s
 ============= Method Specific SAD Guess Constructed =============
 Guess from on-the-fly superposition of atomic densities
 Warning: Energy on first SCF cycle will be non-variational

 -----------------------------------------------------------------------
  General SCF calculation program by
  Eric Jon Sundstrom, Paul Horn, Yuezhi Mao, Dmitri Zuev, Alec White,
  David Stuck, Shaama M.S., Shane Yost, Joonho Lee, David Small,
  Daniel Levine, Susi Lehtola, Hugh Burton, Evgeny Epifanovsky,
  Bang C. Huynh
 -----------------------------------------------------------------------
 Hartree-Fock
 using 12 threads for integral computing
 -------------------------------------------------------
 OpenMP Integral computing Module                
 Release: version 1.0, May 2013, Q-Chem Inc. Pittsburgh 
 -------------------------------------------------------
 A restricted SCF calculation will be
 performed using DIIS
 SCF converges when DIIS error is below 1.0e-08
 ---------------------------------------
  Cycle       Energy         DIIS error
 ---------------------------------------
    1     -78.4565767611      4.94e-02  
    2     -78.0154394366      3.58e-03  
    3     -78.0368289293      9.48e-04  
    4     -78.0385292504      3.19e-04  
    5     -78.0387131776      3.87e-05  
    6     -78.0387181841      7.48e-06  
    7     -78.0387184492      1.91e-06  
    8     -78.0387184661      2.02e-07  
    9     -78.0387184662      2.50e-08  
   10     -78.0387184662      2.14e-09  Convergence criterion met
 ---------------------------------------
 SCF time:   CPU 12.82s  wall 1.00s 
 SCF   energy in the final basis set =      -78.0387184662
 Total energy in the final basis set =      -78.0387184662
 CAP matrix will be calculated and saved for subsequent use
 mp2 is not implemented in computing transition properties!


 ------------------------------------------------------------------------------

   CCMAN2: suite of methods based on coupled cluster
           and equation of motion theories.

   Components:
   * libvmm-1.3-trunk
     by Evgeny Epifanovsky, Ilya Kaliman.
   * libtensor-2.5-trunk
     by Evgeny Epifanovsky, Michael Wormit, Dmitry Zuev, Sam Manzer, 
        Ilya Kaliman.
   * libcc-2.5-trunk
     by Evgeny Epifanovsky, Arik Landau, Tomasz Kus, Kirill Khistyaev, 
        Dmitry Zuev, Prashant Manohar, Xintian Feng, Anna Krylov, 
        Matthew Goldey, Alec White, Thomas Jagau, Kaushik Nanda, 
        Anastasia Gunina, Alexander Kunitsa, Joonho Lee.

   CCMAN original authors:
   Anna I. Krylov, C. David Sherrill, Steven R. Gwaltney,
   Edward F. C. Byrd (2000)
   Sergey V. Levchenko, Lyudmila V. Slipchenko, Tao Wang,
   Ana-Maria C. Cristian (2003)
   Piotr A. Pieniazek, C. Melania Oana, Evgeny Epifanovsky (2007)
   Prashant Manohar (2009)

 ------------------------------------------------------------------------------


 Allocating and initializing 94808MB of RAM...
 Calculation will run on 12 cores.

 
 Alpha MOs, Restricted
 -- Occupied --                  
-11.236 -11.235  -1.042  -0.782  -0.660  -0.567  -0.515  -0.377
  1 Ag    1 B3u   2 Ag    2 B3u   1 B2u   3 Ag    1 B1g   1 B1u                
 -- Virtual --                   
  0.011   0.012   0.012   0.018   0.018   0.021   0.037   0.037
  3 B3u   2 B2u   2 B1u   2 B1g   1 B2g   4 Ag    4 B3u   3 B2u                
  0.040   0.047   0.047   0.047   0.076   0.081   0.084   0.089
  3 B1u   5 Ag    3 B1g   2 B2g   6 Ag    5 B3u   4 B2u   4 B1u                
  0.091   0.097   0.114   0.139   0.156   0.162   0.174   0.176
  3 B2g   4 B1g   7 Ag    4 B2g   6 B3u   5 B2u   8 Ag    5 B1u                
  0.177   0.179   0.197   0.206   0.209   0.254   0.260   0.282
  5 B1g   7 B3u   9 Ag    1 B3g   5 B2g   8 B3u   6 B2u   1 Au                 
  0.291   0.309   0.312   0.320   0.324   0.346   0.360   0.382
  6 B1u  10 Ag    6 B1g   9 B3u   7 B2u   6 B2g   7 B1u  10 B3u                
  0.386   0.419   0.454   0.456   0.489   0.510   0.541   0.567
 11 Ag    7 B1g  12 Ag    8 B2u  11 B3u   7 B2g  13 Ag    8 B1g                
  0.568   0.593   0.653   0.657   0.706   0.713   0.734   0.842
  2 B3g   9 B2u  12 B3u  14 Ag    8 B1u   2 Au   13 B3u   9 B1g                
  0.913   0.927   1.041   1.059   1.074   1.093   1.133   1.198
 14 B3u   8 B2g  10 B2u   9 B1u  15 Ag   10 B1g   9 B2g  15 B3u                
  1.233   1.278   1.515   1.539   1.583   1.647   1.654   1.797
 11 B2u  16 Ag   16 B3u  11 B1g  17 Ag   10 B1u   3 B3g   3 Au                 
  1.805   1.825   1.895   1.946   1.947   1.960   2.028   2.040
 18 Ag   12 B2u  10 B2g  11 B1u  17 B3u  12 B1g   4 B3g  19 Ag                 
  2.239   2.276   2.367   2.474   2.550   2.634   2.661   2.720
 13 B2u  18 B3u  11 B2g   4 Au   20 Ag   13 B1g  19 B3u  20 B3u                
  2.877   2.898   3.453   3.657
 14 B2u  21 Ag   14 B1g  21 B3u                                                
 
 Beta MOs, Restricted
 -- Occupied --                  
-11.236 -11.235  -1.042  -0.782  -0.660  -0.567  -0.515  -0.377
  1 Ag    1 B3u   2 Ag    2 B3u   1 B2u   3 Ag    1 B1g   1 B1u                
 -- Virtual --                   
  0.011   0.012   0.012   0.018   0.018   0.021   0.037   0.037
  3 B3u   2 B2u   2 B1u   2 B1g   1 B2g   4 Ag    4 B3u   3 B2u                
  0.040   0.047   0.047   0.047   0.076   0.081   0.084   0.089
  3 B1u   5 Ag    3 B1g   2 B2g   6 Ag    5 B3u   4 B2u   4 B1u                
  0.091   0.097   0.114   0.139   0.156   0.162   0.174   0.176
  3 B2g   4 B1g   7 Ag    4 B2g   6 B3u   5 B2u   8 Ag    5 B1u                
  0.177   0.179   0.197   0.206   0.209   0.254   0.260   0.282
  5 B1g   7 B3u   9 Ag    1 B3g   5 B2g   8 B3u   6 B2u   1 Au                 
  0.291   0.309   0.312   0.320   0.324   0.346   0.360   0.382
  6 B1u  10 Ag    6 B1g   9 B3u   7 B2u   6 B2g   7 B1u  10 B3u                
  0.386   0.419   0.454   0.456   0.489   0.510   0.541   0.567
 11 Ag    7 B1g  12 Ag    8 B2u  11 B3u   7 B2g  13 Ag    8 B1g                
  0.568   0.593   0.653   0.657   0.706   0.713   0.734   0.842
  2 B3g   9 B2u  12 B3u  14 Ag    8 B1u   2 Au   13 B3u   9 B1g                
  0.913   0.927   1.041   1.059   1.074   1.093   1.133   1.198
 14 B3u   8 B2g  10 B2u   9 B1u  15 Ag   10 B1g   9 B2g  15 B3u                
  1.233   1.278   1.515   1.539   1.583   1.647   1.654   1.797
 11 B2u  16 Ag   16 B3u  11 B1g  17 Ag   10 B1u   3 B3g   3 Au                 
  1.805   1.825   1.895   1.946   1.947   1.960   2.028   2.040
 18 Ag   12 B2u  10 B2g  11 B1u  17 B3u  12 B1g   4 B3g  19 Ag                 
  2.239   2.276   2.367   2.474   2.550   2.634   2.661   2.720
 13 B2u  18 B3u  11 B2g   4 Au   20 Ag   13 B1g  19 B3u  20 B3u                
  2.877   2.898   3.453   3.657
 14 B2u  21 Ag   14 B1g  21 B3u                                                

 Occupation and symmetry of molecular orbitals

 Point group: D2h (8 irreducible representations).

                           Ag   B1g  B2g  B3g  Au   B1u  B2u  B3u   All 
 ------------------------------------------------------------------------
 All molecular orbitals:
  - Alpha                  21   14   11   4    4    11   14   21    100 
  - Beta                   21   14   11   4    4    11   14   21    100 
 ------------------------------------------------------------------------
 Alpha orbitals:
  - Frozen occupied        1    0    0    0    0    0    0    1     2   
  - Active occupied        2    1    0    0    0    1    1    1     6   
  - Active virtual         18   13   11   4    4    10   13   19    92  
  - Frozen virtual         0    0    0    0    0    0    0    0     0   
 ------------------------------------------------------------------------
 Beta orbitals:
  - Frozen occupied        1    0    0    0    0    0    0    1     2   
  - Active occupied        2    1    0    0    0    1    1    1     6   
  - Active virtual         18   13   11   4    4    10   13   19    92  
  - Frozen virtual         0    0    0    0    0    0    0    0     0   
 ------------------------------------------------------------------------

 Import integrals:   CPU 0.00 s  wall 0.00 s

 Import integrals:   CPU 10.75 s  wall 0.96 s

 Computing CCSD intermediates for later calculations in double precision
 Finished.

 MP2 amplitudes:   CPU 10.57 s  wall 4.06 s

        Solving for EOMEA-CCSD/MP2 B2g transitions.

Running a double precision version
      EOMEA-CCSD/MP2 right amplitudes will be solved using Davidson.
        Amplitudes will be solved using standard  algorithm.
     Hard-coded thresholds: 
     LinDepThresh=1.00e-15  NormThresh=1.00e-06  ReorthogonThresh=1.00e-02

      Roots     MaxVec    MaxIter   Precond   Conv      Shift    
      5         120       60        1         1.00e-05  0.00e+00  
 ------------------------------------------------------------------------------
      Iter ConvRoots NVecs ResNorm Current eigenvalues (eV)
 ------------------------------------------------------------------------------
      0    0      5     2.49e-02   0.4910   1.2949   2.5376   4.0849   6.0296   
      1    0      10    5.85e-03   0.4883   1.2695   2.3143   3.3740   5.4103   
      2    1      15    4.08e-04   0.4874*  1.2544   2.1150   3.0808   5.1952   
      3    2      19    4.45e-05   0.4874*  1.2537*  2.1021   3.0648   5.1755   
      4    3      22    9.38e-06   0.4874*  1.2536*  2.1002*  3.0623   5.1714   
      5    5      24    2.20e-06   0.4874*  1.2536*  2.1000*  3.0620*  5.1700*  

     Davidson procedure converged

 EOMEA transition 1/B2g
 Total energy = -78.30483140 a.u.  Excitation energy = 0.4874 eV.
 R1^2 = 0.9998  R2^2 = 0.0002  Res^2 = 2.46e-07
 Conv-d = yes

 Amplitude    Transitions between orbitals
  0.9998       infty       ->    1 (B2g) B                  
  0.0103       infty       ->    2 (B2g) B                  
  0.0096       infty       ->    3 (B2g) B                  
 -0.0086       infty       ->    4 (B2g) B                  

              Summary of significant orbitals:

               Number  Type             Irrep      Energy
               13      Vir  Beta        1 (B2g)      0.0180
               20      Vir  Beta        2 (B2g)      0.0474
               25      Vir  Beta        3 (B2g)      0.0912
               28      Vir  Beta        4 (B2g)      0.1386


 EOMEA transition 2/B2g
 Total energy = -78.27667650 a.u.  Excitation energy = 1.2536 eV.
 R1^2 = 0.9969  R2^2 = 0.0031  Res^2 = 5.49e-08
 Conv-d = yes

 Amplitude    Transitions between orbitals
 -0.9918       infty       ->    2 (B2g) B                  
 -0.0855       infty       ->    3 (B2g) B                  
  0.0703       infty       ->    4 (B2g) B                  
 -0.0271       infty       ->    5 (B2g) B                  

              Summary of significant orbitals:

               Number  Type             Irrep      Energy
               20      Vir  Beta        2 (B2g)      0.0474
               25      Vir  Beta        3 (B2g)      0.0912
               28      Vir  Beta        4 (B2g)      0.1386
               37      Vir  Beta        5 (B2g)      0.2092


 EOMEA transition 3/B2g
 Total energy = -78.24556892 a.u.  Excitation energy = 2.1000 eV.
 R1^2 = 0.9686  R2^2 = 0.0314  Res^2 = 7.33e-07
 Conv-d = yes

 Amplitude    Transitions between orbitals
 -0.8802       infty       ->    3 (B2g) B                  
  0.3943       infty       ->    4 (B2g) B                  
 -0.1464       infty       ->    5 (B2g) B                  
  0.1155       infty       ->    2 (B2g) B                  

              Summary of significant orbitals:

               Number  Type             Irrep      Energy
               20      Vir  Beta        2 (B2g)      0.0474
               25      Vir  Beta        3 (B2g)      0.0912
               28      Vir  Beta        4 (B2g)      0.1386
               37      Vir  Beta        5 (B2g)      0.2092


 EOMEA transition 4/B2g
 Total energy = -78.21021784 a.u.  Excitation energy = 3.0620 eV.
 R1^2 = 0.9721  R2^2 = 0.0279  Res^2 = 1.48e-06
 Conv-d = yes

 Amplitude    Transitions between orbitals
  0.8481       infty       ->    4 (B2g) B                  
  0.4484       infty       ->    3 (B2g) B                  
 -0.2111       infty       ->    5 (B2g) B                  
  0.0674       infty       ->    6 (B2g) B                  

              Summary of significant orbitals:

               Number  Type             Irrep      Energy
               25      Vir  Beta        3 (B2g)      0.0912
               28      Vir  Beta        4 (B2g)      0.1386
               37      Vir  Beta        5 (B2g)      0.2092
               46      Vir  Beta        6 (B2g)      0.3456


 EOMEA transition 5/B2g
 Total energy = -78.13275060 a.u.  Excitation energy = 5.1700 eV.
 R1^2 = 0.9751  R2^2 = 0.0249  Res^2 = 8.48e-06
 Conv-d = yes

 Amplitude    Transitions between orbitals
  0.9343       infty       ->    5 (B2g) B                  
  0.2930       infty       ->    4 (B2g) B                  
 -0.1041       infty       ->    6 (B2g) B                  
 -0.0514       infty       ->    7 (B2g) B                  

              Summary of significant orbitals:

               Number  Type             Irrep      Energy
               28      Vir  Beta        4 (B2g)      0.1386
               37      Vir  Beta        5 (B2g)      0.2092
               46      Vir  Beta        6 (B2g)      0.3456
               54      Vir  Beta        7 (B2g)      0.5104


Running a double precision version
      EOMEA-CCSD/MP2 left amplitudes will be solved using Davidson.
        Amplitudes will be solved using MOM  algorithm.
     Hard-coded thresholds: 
     LinDepThresh=1.00e-15  NormThresh=1.00e-06  ReorthogonThresh=1.00e-02

      Roots     MaxVec    MaxIter   Precond   Conv      Shift    
      5         120       60        1         1.00e-05  0.00e+00  
 ------------------------------------------------------------------------------
      Iter ConvRoots NVecs ResNorm Current eigenvalues (eV)
 ------------------------------------------------------------------------------
      0    1      5     5.96e-04   0.4874*  1.2536   2.1000   3.0620   5.1700   
      1    1      9     1.17e-04   0.4874*  1.2536   2.1000   3.0620   5.1699   
      2    2      13    1.11e-05   0.4874*  1.2536*  2.1000   3.0620   5.1699   
      3    5      16    9.66e-07   0.4874*  1.2536*  2.1000*  3.0620*  5.1697*  

     Davidson procedure converged

 Excited state properties for  EOMEA-CCSD transition 1/B2g
 Dipole moment (a.u.): 0.000000 (X 0.000000, Y 0.000000, Z 0.000000)
 R-squared (a.u.): 469.150486 (XX 213.992510, YY 77.395659, ZZ 177.762316)
 Gauge origin (a.u.): (0.000000, 0.000000, 0.000000)
 Angular momentum (a.u.) against gauge origin: 
 (X 0.000000i, Y 0.000000i, Z 0.000000i)
 Traces of the OPDMs: Tr(AA) 8.000000, Tr(BB) 9.000000

 Excited state properties for  EOMEA-CCSD transition 2/B2g
 Dipole moment (a.u.): 0.000000 (X 0.000000, Y 0.000000, Z 0.000000)
 R-squared (a.u.): 344.677309 (XX 160.736384, YY 59.645387, ZZ 124.295538)
 Gauge origin (a.u.): (0.000000, 0.000000, 0.000000)
 Angular momentum (a.u.) against gauge origin: 
 (X 0.000000i, Y 0.000000i, Z 0.000000i)
 Traces of the OPDMs: Tr(AA) 8.000000, Tr(BB) 9.000000

 Excited state properties for  EOMEA-CCSD transition 3/B2g
 Dipole moment (a.u.): 0.000000 (X 0.000000, Y 0.000000, Z 0.000000)
 R-squared (a.u.): 204.073493 (XX 99.907427, YY 40.232310, ZZ 63.933756)
 Gauge origin (a.u.): (0.000000, 0.000000, 0.000000)
 Angular momentum (a.u.) against gauge origin: 
 (X 0.000000i, Y 0.000000i, Z 0.000000i)
 Traces of the OPDMs: Tr(AA) 8.000000, Tr(BB) 9.000000

 Excited state properties for  EOMEA-CCSD transition 4/B2g
 Dipole moment (a.u.): 0.000000 (X 0.000000, Y 0.000000, Z 0.000000)
 R-squared (a.u.): 242.467361 (XX 115.923352, YY 45.736491, ZZ 80.807517)
 Gauge origin (a.u.): (0.000000, 0.000000, 0.000000)
 Angular momentum (a.u.) against gauge origin: 
 (X 0.000000i, Y 0.000000i, Z 0.000000i)
 Traces of the OPDMs: Tr(AA) 8.000000, Tr(BB) 9.000000

 Excited state properties for  EOMEA-CCSD transition 5/B2g
 Dipole moment (a.u.): 0.000000 (X 0.000000, Y 0.000000, Z 0.000000)
 R-squared (a.u.): 222.714352 (XX 109.040295, YY 42.319337, ZZ 71.354721)
 Gauge origin (a.u.): (0.000000, 0.000000, 0.000000)
 Angular momentum (a.u.) against gauge origin: 
 (X 0.000000i, Y 0.000000i, Z 0.000000i)
 Traces of the OPDMs: Tr(AA) 8.000000, Tr(BB) 9.000000

 EOMEA-MP2 calculation:   CPU 41.83 s  wall 8.54 s


 Start computing the transition properties

 ------------------------------------------------------------------------------
 State A: eomea_mp2/b: 1/B2g
 State B: eomea_mp2/b: 2/B2g
 Energy GAP = 0.028155 a.u. = 0.766134 eV
 Transition dipole moment (a.u.):
   A->B: 0.000000 (X 0.000000, Y 0.000000, Z 0.000000)
   B->A: 0.000000 (X 0.000000, Y 0.000000, Z 0.000000)
 Oscillator strength (a.u.): 0.000000
 Transition angular momentum against gauge origin (a.u.):
   A->B:  (X 0.000000i, Y 0.000000i, Z 0.000000i)
   B->A:  (X 0.000000i, Y 0.000000i, Z 0.000000i)

 Electronic circular dichroism (ECD):
 Transition dipole moment/angular momentum:
   A->B->A:  (X 0.000000, Y 0.000000, Z 0.000000)
   Rotatory strength, length gauge (a.u.): 0.000000
   Rotatory strength, length gauge (1.0e-40 cgs): 0.000000
 Transition linear momentum/angular momentum:
   A->B->A:  (X 0.000000, Y 0.000000, Z 0.000000)
   Rotatory strength, velocity gauge (a.u.): 0.000000
   Rotatory strength, velocity gauge (1.0e-40 cgs): 0.000000

 Norm of one-particle transition density matrix:
   A->B: 0.998357;   B->A: 0.998115
   ||gamma^AB||*||gamma^BA||: 0.996475

 ------------------------------------------------------------------------------
 State A: eomea_mp2/b: 1/B2g
 State B: eomea_mp2/b: 3/B2g
 Energy GAP = 0.059262 a.u. = 1.612615 eV
 Transition dipole moment (a.u.):
   A->B: 0.000000 (X 0.000000, Y 0.000000, Z 0.000000)
   B->A: 0.000000 (X 0.000000, Y 0.000000, Z 0.000000)
 Oscillator strength (a.u.): 0.000000
 Transition angular momentum against gauge origin (a.u.):
   A->B:  (X 0.000000i, Y 0.000000i, Z 0.000000i)
   B->A:  (X 0.000000i, Y 0.000000i, Z 0.000000i)

 Electronic circular dichroism (ECD):
 Transition dipole moment/angular momentum:
   A->B->A:  (X 0.000000, Y 0.000000, Z 0.000000)
   Rotatory strength, length gauge (a.u.): 0.000000
   Rotatory strength, length gauge (1.0e-40 cgs): 0.000000
 Transition linear momentum/angular momentum:
   A->B->A:  (X 0.000000, Y 0.000000, Z 0.000000)
   Rotatory strength, velocity gauge (a.u.): 0.000000
   Rotatory strength, velocity gauge (1.0e-40 cgs): 0.000000

 Norm of one-particle transition density matrix:
   A->B: 0.984110;   B->A: 0.981255
   ||gamma^AB||*||gamma^BA||: 0.965663

 ------------------------------------------------------------------------------
 State A: eomea_mp2/b: 1/B2g
 State B: eomea_mp2/b: 4/B2g
 Energy GAP = 0.094614 a.u. = 2.574567 eV
 Transition dipole moment (a.u.):
   A->B: 0.000000 (X 0.000000, Y 0.000000, Z 0.000000)
   B->A: 0.000000 (X 0.000000, Y 0.000000, Z 0.000000)
 Oscillator strength (a.u.): 0.000000
 Transition angular momentum against gauge origin (a.u.):
   A->B:  (X 0.000000i, Y 0.000000i, Z 0.000000i)
   B->A:  (X 0.000000i, Y 0.000000i, Z 0.000000i)

 Electronic circular dichroism (ECD):
 Transition dipole moment/angular momentum:
   A->B->A:  (X 0.000000, Y 0.000000, Z 0.000000)
   Rotatory strength, length gauge (a.u.): 0.000000
   Rotatory strength, length gauge (1.0e-40 cgs): 0.000000
 Transition linear momentum/angular momentum:
   A->B->A:  (X 0.000000, Y 0.000000, Z 0.000000)
   Rotatory strength, velocity gauge (a.u.): 0.000000
   Rotatory strength, velocity gauge (1.0e-40 cgs): 0.000000

 Norm of one-particle transition density matrix:
   A->B: 0.985890;   B->A: 0.983391
   ||gamma^AB||*||gamma^BA||: 0.969515

 ------------------------------------------------------------------------------
 State A: eomea_mp2/b: 1/B2g
 State B: eomea_mp2/b: 5/B2g
 Energy GAP = 0.172081 a.u. = 4.682560 eV
 Transition dipole moment (a.u.):
   A->B: 0.000000 (X 0.000000, Y 0.000000, Z 0.000000)
   B->A: 0.000000 (X 0.000000, Y 0.000000, Z 0.000000)
 Oscillator strength (a.u.): 0.000000
 Transition angular momentum against gauge origin (a.u.):
   A->B:  (X 0.000000i, Y 0.000000i, Z 0.000000i)
   B->A:  (X 0.000000i, Y 0.000000i, Z 0.000000i)

 Electronic circular dichroism (ECD):
 Transition dipole moment/angular momentum:
   A->B->A:  (X 0.000000, Y 0.000000, Z 0.000000)
   Rotatory strength, length gauge (a.u.): -0.000000
   Rotatory strength, length gauge (1.0e-40 cgs): -0.000000
 Transition linear momentum/angular momentum:
   A->B->A:  (X 0.000000, Y 0.000000, Z 0.000000)
   Rotatory strength, velocity gauge (a.u.): -0.000000
   Rotatory strength, velocity gauge (1.0e-40 cgs): -0.000000

 Norm of one-particle transition density matrix:
   A->B: 0.987351;   B->A: 0.985104
   ||gamma^AB||*||gamma^BA||: 0.972643

 ------------------------------------------------------------------------------
 State A: eomea_mp2/b: 2/B2g
 State B: eomea_mp2/b: 3/B2g
 Energy GAP = 0.031108 a.u. = 0.846481 eV
 Transition dipole moment (a.u.):
   A->B: 0.000000 (X 0.000000, Y 0.000000, Z 0.000000)
   B->A: 0.000000 (X 0.000000, Y 0.000000, Z 0.000000)
 Oscillator strength (a.u.): 0.000000
 Transition angular momentum against gauge origin (a.u.):
   A->B:  (X 0.000000i, Y 0.000000i, Z 0.000000i)
   B->A:  (X 0.000000i, Y 0.000000i, Z 0.000000i)

 Electronic circular dichroism (ECD):
 Transition dipole moment/angular momentum:
   A->B->A:  (X 0.000000, Y 0.000000, Z 0.000000)
   Rotatory strength, length gauge (a.u.): -0.000000
   Rotatory strength, length gauge (1.0e-40 cgs): -0.000000
 Transition linear momentum/angular momentum:
   A->B->A:  (X 0.000000, Y 0.000000, Z 0.000000)
   Rotatory strength, velocity gauge (a.u.): -0.000000
   Rotatory strength, velocity gauge (1.0e-40 cgs): -0.000000

 Norm of one-particle transition density matrix:
   A->B: 0.984020;   B->A: 0.981426
   ||gamma^AB||*||gamma^BA||: 0.965742

 ------------------------------------------------------------------------------
 State A: eomea_mp2/b: 2/B2g
 State B: eomea_mp2/b: 4/B2g
 Energy GAP = 0.066459 a.u. = 1.808433 eV
 Transition dipole moment (a.u.):
   A->B: 0.000000 (X 0.000000, Y 0.000000, Z 0.000000)
   B->A: 0.000000 (X 0.000000, Y 0.000000, Z 0.000000)
 Oscillator strength (a.u.): 0.000000
 Transition angular momentum against gauge origin (a.u.):
   A->B:  (X 0.000000i, Y 0.000000i, Z 0.000000i)
   B->A:  (X 0.000000i, Y 0.000000i, Z 0.000000i)

 Electronic circular dichroism (ECD):
 Transition dipole moment/angular momentum:
   A->B->A:  (X 0.000000, Y 0.000000, Z 0.000000)
   Rotatory strength, length gauge (a.u.): 0.000000
   Rotatory strength, length gauge (1.0e-40 cgs): 0.000000
 Transition linear momentum/angular momentum:
   A->B->A:  (X 0.000000, Y 0.000000, Z 0.000000)
   Rotatory strength, velocity gauge (a.u.): 0.000000
   Rotatory strength, velocity gauge (1.0e-40 cgs): 0.000000

 Norm of one-particle transition density matrix:
   A->B: 0.985341;   B->A: 0.983102
   ||gamma^AB||*||gamma^BA||: 0.968691

 ------------------------------------------------------------------------------
 State A: eomea_mp2/b: 2/B2g
 State B: eomea_mp2/b: 5/B2g
 Energy GAP = 0.143926 a.u. = 3.916425 eV
 Transition dipole moment (a.u.):
   A->B: 0.000000 (X 0.000000, Y 0.000000, Z 0.000000)
   B->A: 0.000000 (X 0.000000, Y 0.000000, Z 0.000000)
 Oscillator strength (a.u.): 0.000000
 Transition angular momentum against gauge origin (a.u.):
   A->B:  (X 0.000000i, Y 0.000000i, Z 0.000000i)
   B->A:  (X 0.000000i, Y 0.000000i, Z 0.000000i)

 Electronic circular dichroism (ECD):
 Transition dipole moment/angular momentum:
   A->B->A:  (X 0.000000, Y 0.000000, Z 0.000000)
   Rotatory strength, length gauge (a.u.): 0.000000
   Rotatory strength, length gauge (1.0e-40 cgs): 0.000000
 Transition linear momentum/angular momentum:
   A->B->A:  (X 0.000000, Y 0.000000, Z 0.000000)
   Rotatory strength, velocity gauge (a.u.): 0.000000
   Rotatory strength, velocity gauge (1.0e-40 cgs): 0.000000

 Norm of one-particle transition density matrix:
   A->B: 0.986299;   B->A: 0.984327
   ||gamma^AB||*||gamma^BA||: 0.970841

 ------------------------------------------------------------------------------
 State A: eomea_mp2/b: 3/B2g
 State B: eomea_mp2/b: 4/B2g
 Energy GAP = 0.035351 a.u. = 0.961952 eV
 Transition dipole moment (a.u.):
   A->B: 0.000000 (X 0.000000, Y 0.000000, Z 0.000000)
   B->A: 0.000000 (X 0.000000, Y 0.000000, Z 0.000000)
 Oscillator strength (a.u.): 0.000000
 Transition angular momentum against gauge origin (a.u.):
   A->B:  (X 0.000000i, Y 0.000000i, Z 0.000000i)
   B->A:  (X 0.000000i, Y 0.000000i, Z 0.000000i)

 Electronic circular dichroism (ECD):
 Transition dipole moment/angular momentum:
   A->B->A:  (X 0.000000, Y 0.000000, Z 0.000000)
   Rotatory strength, length gauge (a.u.): 0.000000
   Rotatory strength, length gauge (1.0e-40 cgs): 0.000000
 Transition linear momentum/angular momentum:
   A->B->A:  (X 0.000000, Y 0.000000, Z 0.000000)
   Rotatory strength, velocity gauge (a.u.): 0.000000
   Rotatory strength, velocity gauge (1.0e-40 cgs): 0.000000

 Norm of one-particle transition density matrix:
   A->B: 0.982105;   B->A: 0.982517
   ||gamma^AB||*||gamma^BA||: 0.964934

 ------------------------------------------------------------------------------
 State A: eomea_mp2/b: 3/B2g
 State B: eomea_mp2/b: 5/B2g
 Energy GAP = 0.112818 a.u. = 3.069944 eV
 Transition dipole moment (a.u.):
   A->B: 0.000000 (X 0.000000, Y 0.000000, Z 0.000000)
   B->A: 0.000000 (X 0.000000, Y 0.000000, Z 0.000000)
 Oscillator strength (a.u.): 0.000000
 Transition angular momentum against gauge origin (a.u.):
   A->B:  (X 0.000000i, Y 0.000000i, Z 0.000000i)
   B->A:  (X 0.000000i, Y 0.000000i, Z 0.000000i)

 Electronic circular dichroism (ECD):
 Transition dipole moment/angular momentum:
   A->B->A:  (X 0.000000, Y 0.000000, Z 0.000000)
   Rotatory strength, length gauge (a.u.): -0.000000
   Rotatory strength, length gauge (1.0e-40 cgs): -0.000000
 Transition linear momentum/angular momentum:
   A->B->A:  (X 0.000000, Y 0.000000, Z 0.000000)
   Rotatory strength, velocity gauge (a.u.): -0.000000
   Rotatory strength, velocity gauge (1.0e-40 cgs): -0.000000

 Norm of one-particle transition density matrix:
   A->B: 0.977091;   B->A: 0.978043
   ||gamma^AB||*||gamma^BA||: 0.955637

 ------------------------------------------------------------------------------
 State A: eomea_mp2/b: 4/B2g
 State B: eomea_mp2/b: 5/B2g
 Energy GAP = 0.077467 a.u. = 2.107992 eV
 Transition dipole moment (a.u.):
   A->B: 0.000000 (X 0.000000, Y 0.000000, Z 0.000000)
   B->A: 0.000000 (X 0.000000, Y 0.000000, Z 0.000000)
 Oscillator strength (a.u.): 0.000000
 Transition angular momentum against gauge origin (a.u.):
   A->B:  (X 0.000000i, Y 0.000000i, Z 0.000000i)
   B->A:  (X 0.000000i, Y 0.000000i, Z 0.000000i)

 Electronic circular dichroism (ECD):
 Transition dipole moment/angular momentum:
   A->B->A:  (X 0.000000, Y 0.000000, Z 0.000000)
   Rotatory strength, length gauge (a.u.): -0.000000
   Rotatory strength, length gauge (1.0e-40 cgs): -0.000000
 Transition linear momentum/angular momentum:
   A->B->A:  (X 0.000000, Y 0.000000, Z 0.000000)
   Rotatory strength, velocity gauge (a.u.): -0.000000
   Rotatory strength, velocity gauge (1.0e-40 cgs): -0.000000

 Norm of one-particle transition density matrix:
   A->B: 0.978142;   B->A: 0.978671
   ||gamma^AB||*||gamma^BA||: 0.957278


 All requested transition properties have been computed

 Transition Properties:   CPU 15.08 s  wall 3.33 s

Starting Projected CAP calculation.
Generating CAP matrix for 5 roots.
Performing Projected CAP-EOM calculation for B2g states.
Number of states: 5
Zeroth order Hamiltonian:
-7.83048314039234725e+01 0.00000000000000000e+00 0.00000000000000000e+00 0.00000000000000000e+00 0.00000000000000000e+00
0.00000000000000000e+00 -7.82766765014830810e+01 0.00000000000000000e+00 0.00000000000000000e+00 0.00000000000000000e+00
0.00000000000000000e+00 0.00000000000000000e+00 -7.82455689175404956e+01 0.00000000000000000e+00 0.00000000000000000e+00
0.00000000000000000e+00 0.00000000000000000e+00 0.00000000000000000e+00 -7.82102178443340108e+01 0.00000000000000000e+00
0.00000000000000000e+00 0.00000000000000000e+00 0.00000000000000000e+00 0.00000000000000000e+00 -7.81327505991638844e+01
CAP matrix:
-2.43104726292760915e+01 2.07557276595899296e+01 -1.44425070534711129e+01 7.34515103074920628e+00 -5.59094830593759085e+00
2.07651690539126932e+01 -3.37637335859054701e+01 1.54309874982514597e+01 -1.44284343711395113e+00 1.15371027713857828e+01
-1.45522989947597345e+01 1.55415603239544460e+01 -1.73580505856445093e+01 1.46007145608520030e+01 -2.92367125729213795e+00
7.38406254090566172e+00 -1.44605606734972558e+00 1.45714749670821302e+01 -2.29118696445450709e+01 -9.15858429808664098e+00
-5.58499888485842888e+00 1.15333176853729391e+01 -2.88468620556342925e+00 -9.12476477352632642e+00 -2.05396417860903142e+01
Trajectory will be saved to B2g_traj.out
Done with B2g states.
 Trajectory ran in:   CPU 0.55 s  wall 0.05 s
Total Projected CAP Hamiltonian:
Number of states: 5
Zeroth order Hamiltonian:
-7.83048314039234725e+01 0.00000000000000000e+00 0.00000000000000000e+00 0.00000000000000000e+00 0.00000000000000000e+00
0.00000000000000000e+00 -7.82766765014830810e+01 0.00000000000000000e+00 0.00000000000000000e+00 0.00000000000000000e+00
0.00000000000000000e+00 0.00000000000000000e+00 -7.82455689175404956e+01 0.00000000000000000e+00 0.00000000000000000e+00
0.00000000000000000e+00 0.00000000000000000e+00 0.00000000000000000e+00 -7.82102178443340108e+01 0.00000000000000000e+00
0.00000000000000000e+00 0.00000000000000000e+00 0.00000000000000000e+00 0.00000000000000000e+00 -7.81327505991638844e+01
CAP matrix:
-2.43104726292760915e+01 2.07557276595899296e+01 -1.44425070534711129e+01 7.34515103074920628e+00 -5.59094830593759085e+00
2.07651690539126932e+01 -3.37637335859054701e+01 1.54309874982514597e+01 -1.44284343711395113e+00 1.15371027713857828e+01
-1.45522989947597345e+01 1.55415603239544460e+01 -1.73580505856445093e+01 1.46007145608520030e+01 -2.92367125729213795e+00
7.38406254090566172e+00 -1.44605606734972558e+00 1.45714749670821302e+01 -2.29118696445450709e+01 -9.15858429808664098e+00
-5.58499888485842888e+00 1.15333176853729391e+01 -2.88468620556342925e+00 -9.12476477352632642e+00 -2.05396417860903142e+01
 Total ccman2 time:   CPU 90.46 s  wall 18.48 s

 
 --------------------------------------------------------------
             Orbital Energies (a.u.) and Symmetries
 --------------------------------------------------------------
 
 Alpha MOs, Restricted
 -- Occupied --                  
-11.236 -11.235  -1.042  -0.782  -0.660  -0.567  -0.515  -0.377
  1 Ag    1 B3u   2 Ag    2 B3u   1 B2u   3 Ag    1 B1g   1 B1u                
 -- Virtual --                   
  0.011   0.012   0.012   0.018   0.018   0.021   0.037   0.037
  3 B3u   2 B2u   2 B1u   2 B1g   1 B2g   4 Ag    4 B3u   3 B2u                
  0.040   0.047   0.047   0.047   0.076   0.081   0.084   0.089
  3 B1u   5 Ag    3 B1g   2 B2g   6 Ag    5 B3u   4 B2u   4 B1u                
  0.091   0.097   0.114   0.139   0.156   0.162   0.174   0.176
  3 B2g   4 B1g   7 Ag    4 B2g   6 B3u   5 B2u   8 Ag    5 B1u                
  0.177   0.179   0.197   0.206   0.209   0.254   0.260   0.282
  5 B1g   7 B3u   9 Ag    1 B3g   5 B2g   8 B3u   6 B2u   1 Au                 
  0.291   0.309   0.312   0.320   0.324   0.346   0.360   0.382
  6 B1u  10 Ag    6 B1g   9 B3u   7 B2u   6 B2g   7 B1u  10 B3u                
  0.386   0.419   0.454   0.456   0.489   0.510   0.541   0.567
 11 Ag    7 B1g  12 Ag    8 B2u  11 B3u   7 B2g  13 Ag    8 B1g                
  0.568   0.593   0.653   0.657   0.706   0.713   0.734   0.842
  2 B3g   9 B2u  12 B3u  14 Ag    8 B1u   2 Au   13 B3u   9 B1g                
  0.913   0.927   1.041   1.059   1.074   1.093   1.133   1.198
 14 B3u   8 B2g  10 B2u   9 B1u  15 Ag   10 B1g   9 B2g  15 B3u                
  1.233   1.278   1.515   1.539   1.583   1.647   1.654   1.797
 11 B2u  16 Ag   16 B3u  11 B1g  17 Ag   10 B1u   3 B3g   3 Au                 
  1.805   1.825   1.895   1.946   1.947   1.960   2.028   2.040
 18 Ag   12 B2u  10 B2g  11 B1u  17 B3u  12 B1g   4 B3g  19 Ag                 
  2.239   2.276   2.367   2.474   2.550   2.634   2.661   2.720
 13 B2u  18 B3u  11 B2g   4 Au   20 Ag   13 B1g  19 B3u  20 B3u                
  2.877   2.898   3.453   3.657
 14 B2u  21 Ag   14 B1g  21 B3u                                                
 
 Beta MOs, Restricted
 -- Occupied --                  
-11.236 -11.235  -1.042  -0.782  -0.660  -0.567  -0.515  -0.377
  1 Ag    1 B3u   2 Ag    2 B3u   1 B2u   3 Ag    1 B1g   1 B1u                
 -- Virtual --                   
  0.011   0.012   0.012   0.018   0.018   0.021   0.037   0.037
  3 B3u   2 B2u   2 B1u   2 B1g   1 B2g   4 Ag    4 B3u   3 B2u                
  0.040   0.047   0.047   0.047   0.076   0.081   0.084   0.089
  3 B1u   5 Ag    3 B1g   2 B2g   6 Ag    5 B3u   4 B2u   4 B1u                
  0.091   0.097   0.114   0.139   0.156   0.162   0.174   0.176
  3 B2g   4 B1g   7 Ag    4 B2g   6 B3u   5 B2u   8 Ag    5 B1u                
  0.177   0.179   0.197   0.206   0.209   0.254   0.260   0.282
  5 B1g   7 B3u   9 Ag    1 B3g   5 B2g   8 B3u   6 B2u   1 Au                 
  0.291   0.309   0.312   0.320   0.324   0.346   0.360   0.382
  6 B1u  10 Ag    6 B1g   9 B3u   7 B2u   6 B2g   7 B1u  10 B3u                
  0.386   0.419   0.454   0.456   0.489   0.510   0.541   0.567
 11 Ag    7 B1g  12 Ag    8 B2u  11 B3u   7 B2g  13 Ag    8 B1g                
  0.568   0.593   0.653   0.657   0.706   0.713   0.734   0.842
  2 B3g   9 B2u  12 B3u  14 Ag    8 B1u   2 Au   13 B3u   9 B1g                
  0.913   0.927   1.041   1.059   1.074   1.093   1.133   1.198
 14 B3u   8 B2g  10 B2u   9 B1u  15 Ag   10 B1g   9 B2g  15 B3u                
  1.233   1.278   1.515   1.539   1.583   1.647   1.654   1.797
 11 B2u  16 Ag   16 B3u  11 B1g  17 Ag   10 B1u   3 B3g   3 Au                 
  1.805   1.825   1.895   1.946   1.947   1.960   2.028   2.040
 18 Ag   12 B2u  10 B2g  11 B1u  17 B3u  12 B1g   4 B3g  19 Ag                 
  2.239   2.276   2.367   2.474   2.550   2.634   2.661   2.720
 13 B2u  18 B3u  11 B2g   4 Au   20 Ag   13 B1g  19 B3u  20 B3u                
  2.877   2.898   3.453   3.657
 14 B2u  21 Ag   14 B1g  21 B3u                                                
 --------------------------------------------------------------
 
          Ground-State Mulliken Net Atomic Charges

     Atom                 Charge (a.u.)
  ----------------------------------------
      1 C                    -0.077393
      2 C                    -0.077393
      3 H                     0.038697
      4 H                     0.038697
      5 H                     0.038697
      6 H                     0.038697
  ----------------------------------------
  Sum of atomic charges =     0.000000

 -----------------------------------------------------------------
                    Cartesian Multipole Moments
 -----------------------------------------------------------------
    Charge (ESU x 10^10)
                 0.0000
    Dipole Moment (Debye)
         X      -0.0000      Y       0.0000      Z      -0.0000
       Tot       0.0000
    Quadrupole Moments (Debye-Ang)
        XX     -12.9004     XY      -0.0000     YY     -11.9748
        XZ      -0.0000     YZ       0.0000     ZZ     -16.1438
    Octopole Moments (Debye-Ang^2)
       XXX      -0.0000    XXY      -0.0000    XYY      -0.0000
       YYY       0.0000    XXZ       0.0000    XYZ       0.0000
       YYZ      -0.0000    XZZ      -0.0000    YZZ      -0.0000
       ZZZ      -0.0000
    Hexadecapole Moments (Debye-Ang^3)
      XXXX     -68.9338   XXXY      -0.0000   XXYY     -13.4823
      XYYY      -0.0000   YYYY     -27.1242   XXXZ      -0.0000
      XXYZ      -0.0000   XYYZ      -0.0000   YYYZ      -0.0000
      XXZZ     -15.5124   XYZZ       0.0000   YYZZ      -9.0111
      XZZZ      -0.0000   YZZZ      -0.0000   ZZZZ     -21.8512
 -----------------------------------------------------------------
 Total job time:  48.01s(wall), 141.68s(cpu) 
 Mon Apr  4 15:20:44 2022

        *************************************************************
        *                                                           *
        *  Thank you very much for using Q-Chem.  Have a nice day.  *
        *                                                           *
        *************************************************************


