Trajectory for B2g states:
State             eta               Uncorr_Re         Uncorr_Im         
1                 0.00000000        -78.40558847      -0.00000000       
2                 0.00000000        -78.38026085      -0.00000000       
3                 0.00000000        -78.34868960      -0.00000000       
4                 0.00000000        -78.31850250      -0.00000000       
5                 0.00000000        -78.25239112      -0.00000000       
6                 0.00000000        -78.17781860      -0.00000000       
7                 0.00000000        -78.17765958      -0.00000000       
8                 0.00000000        -78.17040175      -0.00000000       
9                 0.00000000        -78.15491667      -0.00000000       
10                0.00000000        -78.15341744      -0.00000000       
1                 0.00050000        -78.39339849      -0.01240409       
2                 0.00050000        -78.38462151      -0.03612163       
3                 0.00050000        -78.34877389      -0.01367774       
4                 0.00050000        -78.32419645      -0.01613475       
5                 0.00050000        -78.25414494      -0.01562076       
6                 0.00050000        -78.17670886      -0.03383802       
7                 0.00050000        -78.17589172      -0.03422220       
8                 0.00050000        -78.17072747      -0.00844175       
9                 0.00050000        -78.15602640      -0.01802201       
10                0.00050000        -78.15515686      -0.01907786       
1                 0.00100000        -78.39183522      -0.01504162       
2                 0.00100000        -78.37566901      -0.09396568       
3                 0.00100000        -78.34239604      -0.01407468       
4                 0.00100000        -78.33508721      -0.03467697       
5                 0.00100000        -78.25934906      -0.03038513       
6                 0.00100000        -78.17575124      -0.06929010       
7                 0.00100000        -78.17436639      -0.07108999       
8                 0.00100000        -78.17149132      -0.01660159       
9                 0.00100000        -78.15698402      -0.03442995       
10                0.00100000        -78.15671709      -0.03556593       
1                 0.00150000        -78.39070526      -0.01944036       
2                 0.00150000        -78.37209276      -0.15151220       
3                 0.00150000        -78.34164846      -0.01119612       
4                 0.00150000        -78.33044117      -0.05717420       
5                 0.00150000        -78.26834068      -0.04332334       
6                 0.00150000        -78.17543782      -0.10483858       
7                 0.00150000        -78.17393085      -0.10805550       
8                 0.00150000        -78.17256761      -0.02443908       
9                 0.00150000        -78.15729743      -0.05074148       
10                0.00150000        -78.15718454      -0.05196156       
1                 0.00200000        -78.38985456      -0.02399163       
2                 0.00200000        -78.37029472      -0.20795433       
3                 0.00200000        -78.34100967      -0.01055954       
4                 0.00200000        -78.31953921      -0.08451000       
5                 0.00200000        -78.28127199      -0.05041692       
6                 0.00200000        -78.17531553      -0.14027767       
7                 0.00200000        -78.17377830      -0.14482211       
8                 0.00200000        -78.17379596      -0.03199333       
9                 0.00200000        -78.15741972      -0.06716241       
10                0.00200000        -78.15736693      -0.06855533       
1                 0.00250000        -78.38919858      -0.02863436       
2                 0.00250000        -78.36921575      -0.26382154       
3                 0.00250000        -78.34021181      -0.01051688       
4                 0.00250000        -78.31337351      -0.11907721       
5                 0.00250000        -78.28864724      -0.05037295       
6                 0.00250000        -78.17525682      -0.17564889       
7                 0.00250000        -78.17508966      -0.03934485       
8                 0.00250000        -78.17371339      -0.18147942       
9                 0.00250000        -78.15747843      -0.08365120       
10                0.00250000        -78.15746139      -0.08525677       
1                 0.00300000        -78.38864089      -0.03335102       
2                 0.00300000        -78.36852061      -0.31933674       
3                 0.00300000        -78.33932392      -0.01063390       
4                 0.00300000        -78.31167334      -0.15189877       
5                 0.00300000        -78.29112792      -0.05232043       
6                 0.00300000        -78.17642021      -0.04657037       
7                 0.00300000        -78.17522439      -0.21098077       
8                 0.00300000        -78.17368360      -0.21807652       
9                 0.00300000        -78.15752085      -0.10201703       
10                0.00300000        -78.15751086      -0.10017935       
1                 0.00350000        -78.38812251      -0.03811535       
2                 0.00350000        -78.36805121      -0.37461171       
3                 0.00350000        -78.33841556      -0.01075109       
4                 0.00350000        -78.31093676      -0.18317140       
5                 0.00350000        -78.29236028      -0.05607842       
6                 0.00350000        -78.17779097      -0.05372774       
7                 0.00350000        -78.17520466      -0.24628853       
8                 0.00350000        -78.17367045      -0.25463780       
9                 0.00350000        -78.15756359      -0.11881206       
10                0.00350000        -78.15753059      -0.11673160       
1                 0.00400000        -78.38761244      -0.04290294       
2                 0.00400000        -78.36772185      -0.42971451       
3                 0.00400000        -78.33754290      -0.01081540       
4                 0.00400000        -78.31050280      -0.21361656       
5                 0.00400000        -78.29304881      -0.06089596       
6                 0.00400000        -78.17921934      -0.06085551       
7                 0.00400000        -78.17519179      -0.28158064       
8                 0.00400000        -78.17366609      -0.29117635       
9                 0.00400000        -78.15759712      -0.13562915       
10                0.00400000        -78.15754346      -0.13329951       
1                 0.00450000        -78.38709554      -0.04769434       
2                 0.00450000        -78.36748308      -0.48469024       
3                 0.00450000        -78.33674200      -0.01082283       
4                 0.00450000        -78.31020416      -0.24356918       
5                 0.00450000        -78.29336776      -0.06639232       
6                 0.00450000        -78.18072719      -0.06797751       
7                 0.00450000        -78.17518293      -0.31686204       
8                 0.00450000        -78.17366669      -0.32769973       
9                 0.00450000        -78.15762491      -0.15246102       
10                0.00450000        -78.15755232      -0.14987812       
1                 0.00500000        -78.38656549      -0.05247480       
2                 0.00500000        -78.36730507      -0.53957002       
3                 0.00500000        -78.33602858      -0.01078886       
4                 0.00500000        -78.30998135      -0.27319989       
5                 0.00500000        -78.29337508      -0.07235089       
6                 0.00500000        -78.18233683      -0.07510762       
7                 0.00500000        -78.17517658      -0.35213584       
8                 0.00500000        -78.17367021      -0.36421258       
9                 0.00500000        -78.15764873      -0.16930330       
10                0.00500000        -78.15755868      -0.16646434       
1                 0.00550000        -78.38602095      -0.05723336       
2                 0.00550000        -78.36716914      -0.59437591       
3                 0.00550000        -78.33540322      -0.01073234       
4                 0.00550000        -78.30980733      -0.30260557       
5                 0.00550000        -78.29309581      -0.07863695       
6                 0.00550000        -78.18406989      -0.08225356       
7                 0.00550000        -78.17517187      -0.38740404       
8                 0.00550000        -78.17367544      -0.40071791       
9                 0.00550000        -78.15766955      -0.18615317       
10                0.00550000        -78.15756339      -0.18305616       
1                 0.00600000        -78.38546359      -0.06196202       
2                 0.00600000        -78.36706316      -0.64912387       
3                 0.00600000        -78.33485810      -0.01066855       
4                 0.00600000        -78.30966741      -0.33184612       
5                 0.00600000        -78.29254168      -0.08516309       
6                 0.00600000        -78.18594774      -0.08941944       
7                 0.00600000        -78.17516828      -0.42266801       
8                 0.00600000        -78.17368167      -0.43721770       
9                 0.00600000        -78.15768799      -0.20300879       
10                0.00600000        -78.15756697      -0.19965221       
1                 0.00650000        -78.38489686      -0.06665520       
2                 0.00650000        -78.36697904      -0.70382571       
3                 0.00650000        -78.33438224      -0.01060766       
4                 0.00650000        -78.30955259      -0.36096105       
5                 0.00650000        -78.29171522      -0.09187117       
6                 0.00650000        -78.18799254      -0.09660736       
7                 0.00650000        -78.17516549      -0.45792870       
8                 0.00650000        -78.17368840      -0.47371334       
9                 0.00650000        -78.15770444      -0.21986886       
10                0.00650000        -78.15756977      -0.21625153       
1                 0.00700000        -78.38432523      -0.07130942       
2                 0.00700000        -78.36691120      -0.75849029       
3                 0.00700000        -78.33396454      -0.01055555       
4                 0.00700000        -78.30945690      -0.38997776       
5                 0.00700000        -78.29061022      -0.09872141       
6                 0.00700000        -78.19022871      -0.10381847       
7                 0.00700000        -78.17516327      -0.49318681       
8                 0.00700000        -78.17369535      -0.51020579       
9                 0.00700000        -78.15771918      -0.23673248       
10                0.00700000        -78.15757199      -0.23285344       
1                 0.00750000        -78.38375367      -0.07592290       
2                 0.00750000        -78.36685574      -0.81312439       
3                 0.00750000        -78.33359512      -0.01051505       
4                 0.00750000        -78.30937615      -0.41891596       
5                 0.00750000        -78.28921108      -0.10568525       
6                 0.00750000        -78.19268482      -0.11105368       
7                 0.00750000        -78.17516148      -0.52844284       
8                 0.00750000        -78.17370231      -0.54669574       
9                 0.00750000        -78.15773244      -0.25359898       
10                0.00750000        -78.15757378      -0.24945743       
1                 0.00800000        -78.38318725      -0.08049544       
2                 0.00800000        -78.36680985      -0.86773327       
3                 0.00800000        -78.33326572      -0.01048713       
4                 0.00800000        -78.30930729      -0.44779030       
5                 0.00800000        -78.28749142      -0.11274077       
6                 0.00800000        -78.19539627      -0.11831430       
7                 0.00800000        -78.17516001      -0.56369718       
8                 0.00800000        -78.17370914      -0.58318371       
9                 0.00800000        -78.15774441      -0.27046785       
10                0.00800000        -78.15757524      -0.26606310       
1                 0.00850000        -78.38263077      -0.08502807       
2                 0.00850000        -78.36677145      -0.92232105       
3                 0.00850000        -78.33296966      -0.01047164       
4                 0.00850000        -78.30924804      -0.47661193       
5                 0.00850000        -78.28541115      -0.11986929       
6                 0.00850000        -78.19840929      -0.12560280       
7                 0.00850000        -78.17515880      -0.59895012       
8                 0.00850000        -78.17371575      -0.61967006       
9                 0.00850000        -78.15775522      -0.28733870       
10                0.00850000        -78.15757646      -0.28267018       
1                 0.00900000        -78.38208856      -0.08952289       
2                 0.00900000        -78.36673901      -0.97689103       
3                 0.00900000        -78.33270164      -0.01046794       
4                 0.00900000        -78.30919667      -0.50538952       
5                 0.00900000        -78.28291073      -0.12705253       
6                 0.00900000        -78.20178760      -0.13292413       
7                 0.00900000        -78.17515778      -0.63420190       
8                 0.00900000        -78.17372210      -0.65615508       
9                 0.00900000        -78.15776501      -0.30421124       
10                0.00900000        -78.15757748      -0.29927842       
1                 0.00950000        -78.38156432      -0.09398278       
2                 0.00950000        -78.36671137      -1.03144584       
3                 0.00950000        -78.33245743      -0.01047508       
4                 0.00950000        -78.30915182      -0.53412989       
5                 0.00950000        -78.27989964      -0.13426897       
6                 0.00950000        -78.20562471      -0.14028839       
7                 0.00950000        -78.17515691      -0.66945269       
8                 0.00950000        -78.17372815      -0.69263899       
9                 0.00950000        -78.15777390      -0.32108521       
10                0.00950000        -78.15757834      -0.31588765       
1                 0.01000000        -78.38106096      -0.09841117       
2                 0.01000000        -78.36668762      -1.08598765       
3                 0.01000000        -78.33223367      -0.01049211       
4                 0.01000000        -78.30911241      -0.56283855       
5                 0.01000000        -78.27623150      -0.14148637       
6                 0.01000000        -78.21006931      -0.14771776       
7                 0.01000000        -78.17515618      -0.70470264       
8                 0.01000000        -78.17373388      -0.72912194       
9                 0.01000000        -78.15778198      -0.33796041       
10                0.01000000        -78.15757908      -0.33249771       
1                 0.01050000        -78.38058064      -0.10281177       
2                 0.01050000        -78.36666708      -1.14051821       
3                 0.01050000        -78.33202770      -0.01051808       
4                 0.01050000        -78.30907761      -0.59151993       
5                 0.01050000        -78.27164296      -0.14863959       
6                 0.01050000        -78.21538672      -0.15526840       
7                 0.01050000        -78.17515554      -0.73995188       
8                 0.01050000        -78.17373930      -0.76560407       
9                 0.01050000        -78.15778933      -0.35483670       
10                0.01050000        -78.15757972      -0.34910849       
1                 0.01100000        -78.38012474      -0.10718841       
2                 0.01100000        -78.36664919      -1.19503900       
3                 0.01100000        -78.33183735      -0.01055211       
4                 0.01100000        -78.30904670      -0.62017770       
5                 0.01100000        -78.26556558      -0.15553152       
6                 0.01100000        -78.22214732      -0.16312939       
7                 0.01100000        -78.17515499      -0.77520049       
8                 0.01100000        -78.17374439      -0.80208548       
9                 0.01100000        -78.15779604      -0.37171392       
10                0.01100000        -78.15758027      -0.36571989       
1                 0.01150000        -78.37969399      -0.11154483       
2                 0.01150000        -78.36663353      -1.24955124       
3                 0.01150000        -78.33166085      -0.01059346       
4                 0.01150000        -78.30901914      -0.64881489       
5                 0.01150000        -78.25636657      -0.16090345       
6                 0.01150000        -78.23198591      -0.17255224       
7                 0.01150000        -78.17515451      -0.81044857       
8                 0.01150000        -78.17374918      -0.83856626       
9                 0.01150000        -78.15780217      -0.38859197       
10                0.01150000        -78.15758075      -0.38233184       
1                 0.01200000        -78.37928850      -0.11588459       
2                 0.01200000        -78.36661973      -1.30405595       
3                 0.01200000        -78.33149674      -0.01064145       
4                 0.01200000        -78.30899446      -0.67743402       
5                 0.01200000        -78.24813646      -0.15803046       
6                 0.01200000        -78.24081398      -0.19025544       
7                 0.01200000        -78.17515409      -0.84569617       
8                 0.01200000        -78.17375367      -0.87504648       
9                 0.01200000        -78.15780778      -0.40547075       
10                0.01200000        -78.15758117      -0.39894425       
1                 0.01250000        -78.37890790      -0.12021094       
2                 0.01250000        -78.36660751      -1.35855400       
3                 0.01250000        -78.33134381      -0.01069551       
4                 0.01250000        -78.30897227      -0.70603724       
5                 0.01250000        -78.24661211      -0.15649038       
6                 0.01250000        -78.24289691      -0.20665550       
7                 0.01250000        -78.17515372      -0.88094335       
8                 0.01250000        -78.17375788      -0.91152619       
9                 0.01250000        -78.15781292      -0.42235018       
10                0.01250000        -78.15758154      -0.41555709       
1                 0.01300000        -78.36659664      -1.41304615       
2                 0.01300000        -78.37855148      -0.12452681       
3                 0.01300000        -78.33120102      -0.01075514       
4                 0.01300000        -78.30895225      -0.73462636       
5                 0.01300000        -78.24607529      -0.15700385       
6                 0.01300000        -78.24395517      -0.22102681       
7                 0.01300000        -78.17515339      -0.91619017       
8                 0.01300000        -78.17376182      -0.94800544       
9                 0.01300000        -78.15781765      -0.43923018       
10                0.01300000        -78.15758187      -0.43217029       
1                 0.01350000        -78.36658694      -1.46753302       
2                 0.01350000        -78.37821821      -0.12883478       
3                 0.01350000        -78.33106747      -0.01081993       
4                 0.01350000        -78.30893413      -0.76320292       
5                 0.01350000        -78.24581511      -0.15851860       
6                 0.01350000        -78.24470197      -0.23441730       
7                 0.01350000        -78.17515310      -0.95143665       
8                 0.01350000        -78.17376551      -0.98448428       
9                 0.01350000        -78.15782200      -0.45611070       
10                0.01350000        -78.15758216      -0.44878382       
1                 0.01400000        -78.36657823      -1.52201516       
2                 0.01400000        -78.37790692      -0.13313707       
3                 0.01400000        -78.33094238      -0.01088950       
4                 0.01400000        -78.30891767      -0.79176825       
5                 0.01400000        -78.24567600      -0.16063612       
6                 0.01400000        -78.24529516      -0.24722181       
7                 0.01400000        -78.17515284      -0.98668284       
8                 0.01400000        -78.17376896      -1.02096273       
9                 0.01400000        -78.15782600      -0.47299168       
10                0.01400000        -78.15758243      -0.46539765       
1                 0.01450000        -78.36657040      -1.57649306       
2                 0.01450000        -78.37761630      -0.13743556       
3                 0.01450000        -78.33082508      -0.01096354       
4                 0.01450000        -78.30890268      -0.82032351       
5                 0.01450000        -78.24579341      -0.25963212       
6                 0.01450000        -78.24560157      -0.16316142       
7                 0.01450000        -78.17515260      -1.02192877       
8                 0.01450000        -78.17377219      -1.05744084       
9                 0.01450000        -78.15782970      -0.48987309       
10                0.01450000        -78.15758266      -0.48201173       
1                 0.01500000        -78.36656332      -1.63096712       
2                 0.01500000        -78.37734501      -0.14173183       
3                 0.01500000        -78.33071496      -0.01104178       
4                 0.01500000        -78.30888900      -0.84886969       
5                 0.01500000        -78.24622496      -0.27175696       
6                 0.01500000        -78.24556576      -0.16598307       
7                 0.01500000        -78.17515239      -1.05717447       
8                 0.01500000        -78.17377522      -1.09391861       
9                 0.01500000        -78.15783311      -0.50675487       
10                0.01500000        -78.15758287      -0.49862606       
1                 0.01550000        -78.36655690      -1.68543770       
2                 0.01550000        -78.37709169      -0.14602719       
3                 0.01550000        -78.33061147      -0.01112398       
4                 0.01550000        -78.30887647      -0.87740767       
5                 0.01550000        -78.24660582      -0.28366439       
6                 0.01550000        -78.24555465      -0.16903071       
7                 0.01550000        -78.17515219      -1.09241994       
8                 0.01550000        -78.17377805      -1.13039609       
9                 0.01550000        -78.15783628      -0.52363699       
10                0.01550000        -78.15758307      -0.51524060       
1                 0.01600000        -78.36655107      -1.73990513       
2                 0.01600000        -78.37685500      -0.15032270       
3                 0.01600000        -78.33051413      -0.01120992       
4                 0.01600000        -78.30886497      -0.90593820       
5                 0.01600000        -78.24694615      -0.29540006       
6                 0.01600000        -78.24556009      -0.17225679       
7                 0.01600000        -78.17515202      -1.12766523       
8                 0.01600000        -78.17378070      -1.16687329       
9                 0.01600000        -78.15783921      -0.54051942       
10                0.01600000        -78.15758324      -0.53185533       
1                 0.01650000        -78.36654575      -1.79436969       
2                 0.01650000        -78.37663367      -0.15461921       
3                 0.01650000        -78.33042249      -0.01129942       
4                 0.01650000        -78.30885439      -0.93446197       
5                 0.01650000        -78.24725293      -0.30699619       
6                 0.01650000        -78.24557697      -0.17562747       
7                 0.01650000        -78.17515186      -1.16291034       
8                 0.01650000        -78.17378319      -1.20335023       
9                 0.01650000        -78.15784193      -0.55740213       
10                0.01650000        -78.15758340      -0.54847024       
1                 0.01700000        -78.36654088      -1.84883162       
2                 0.01700000        -78.37642648      -0.15891742       
3                 0.01700000        -78.33033615      -0.01139231       
4                 0.01700000        -78.30884465      -0.96297956       
5                 0.01700000        -78.24753126      -0.31847642       
6                 0.01700000        -78.24560191      -0.17911775       
7                 0.01700000        -78.17515171      -1.19815529       
8                 0.01700000        -78.17378553      -1.23982693       
9                 0.01700000        -78.15784447      -0.57428510       
10                0.01700000        -78.15758355      -0.56508531       
1                 0.01750000        -78.36653643      -1.90329115       
2                 0.01750000        -78.37623228      -0.16321784       
3                 0.01750000        -78.33025474      -0.01148842       
4                 0.01750000        -78.30883564      -0.99149150       
5                 0.01750000        -78.24778506      -0.32985868       
6                 0.01750000        -78.24563263      -0.18270860       
7                 0.01750000        -78.17515158      -1.23340009       
8                 0.01750000        -78.17378772      -1.27630341       
9                 0.01750000        -78.15784682      -0.59116831       
10                0.01750000        -78.15758368      -0.58170053       
1                 0.01800000        -78.36653233      -1.95774847       
2                 0.01800000        -78.37605001      -0.16752089       
3                 0.01800000        -78.33017792      -0.01158761       
4                 0.01800000        -78.30882731      -1.01999827       
5                 0.01800000        -78.24801746      -0.34115691       
6                 0.01800000        -78.24566750      -0.18638516       
7                 0.01800000        -78.17515146      -1.26864475       
8                 0.01800000        -78.17378978      -1.31277967       
9                 0.01800000        -78.15784902      -0.60805173       
10                0.01800000        -78.15758380      -0.59831588       
1                 0.01850000        -78.36652856      -2.01220376       
2                 0.01850000        -78.37587866      -0.17182687       
3                 0.01850000        -78.33010538      -0.01168976       
4                 0.01850000        -78.30881958      -1.04850027       
5                 0.01850000        -78.24823097      -0.35238218       
6                 0.01850000        -78.24570538      -0.19013558       
7                 0.01850000        -78.17515135      -1.30388929       
8                 0.01850000        -78.17379171      -1.34925573       
9                 0.01850000        -78.15785108      -0.62493536       
10                0.01850000        -78.15758392      -0.61493135       
1                 0.01900000        -78.36652507      -2.06665717       
2                 0.01900000        -78.37571733      -0.17613601       
3                 0.01900000        -78.33003684      -0.01179474       
4                 0.01900000        -78.30881241      -1.07699789       
5                 0.01900000        -78.24842773      -0.36354345       
6                 0.01900000        -78.24574541      -0.19395028       
7                 0.01900000        -78.17515124      -1.33913372       
8                 0.01900000        -78.17379353      -1.38573160       
9                 0.01900000        -78.15785300      -0.64181916       
10                0.01900000        -78.15758402      -0.63154694       
1                 0.01950000        -78.36652185      -2.12110885       
2                 0.01950000        -78.37556517      -0.18044844       
3                 0.01950000        -78.32997203      -0.01190243       
4                 0.01950000        -78.30880573      -1.10549145       
5                 0.01950000        -78.24860950      -0.37464811       
6                 0.01950000        -78.24578699      -0.19782138       
7                 0.01950000        -78.17515115      -1.37437804       
8                 0.01950000        -78.17379524      -1.42220730       
9                 0.01950000        -78.15785479      -0.65870314       
10                0.01950000        -78.15758412      -0.64816264       
1                 0.02000000        -78.36651887      -2.17555893       
2                 0.02000000        -78.37542141      -0.18476427       
3                 0.02000000        -78.32991071      -0.01201272       
4                 0.02000000        -78.30879951      -1.13398127       
5                 0.02000000        -78.24877784      -0.38570229       
6                 0.02000000        -78.24582965      -0.20174232       
7                 0.02000000        -78.17515106      -1.40962227       
8                 0.02000000        -78.17379686      -1.45868283       
9                 0.02000000        -78.15785648      -0.67558727       
10                0.02000000        -78.15758420      -0.66477843       
1                 0.02050000        -78.36651610      -2.23000752       
2                 0.02050000        -78.37528534      -0.18908354       
3                 0.02050000        -78.32985264      -0.01212552       
4                 0.02050000        -78.30879371      -1.16246762       
5                 0.02050000        -78.24893405      -0.39671116       
6                 0.02050000        -78.24587305      -0.20570758       
7                 0.02050000        -78.17515098      -1.44486640       
8                 0.02050000        -78.17379838      -1.49515821       
9                 0.02050000        -78.15785806      -0.69247154       
10                0.02050000        -78.15758429      -0.68139432       
1                 0.02100000        -78.36651352      -2.28445473       
2                 0.02100000        -78.37515632      -0.19340628       
3                 0.02100000        -78.32979763      -0.01224071       
4                 0.02100000        -78.30878828      -1.19095074       
5                 0.02100000        -78.24907930      -0.40767916       
6                 0.02100000        -78.24591692      -0.20971248       
7                 0.02100000        -78.17515090      -1.48011045       
8                 0.02100000        -78.17379981      -1.53163344       
9                 0.02100000        -78.15785954      -0.70935595       
10                0.02100000        -78.15758436      -0.69801028       
1                 0.02150000        -78.36651112      -2.33890065       
2                 0.02150000        -78.37503375      -0.19773246       
3                 0.02150000        -78.32974547      -0.01235822       
4                 0.02150000        -78.30878320      -1.21943087       
5                 0.02150000        -78.24921460      -0.41861008       
6                 0.02150000        -78.24596107      -0.21375301       
7                 0.02150000        -78.17515083      -1.51535442       
8                 0.02150000        -78.17380117      -1.56810852       
9                 0.02150000        -78.15786093      -0.72624049       
10                0.02150000        -78.15758443      -0.71462633       
1                 0.02200000        -78.36650888      -2.39334537       
2                 0.02200000        -78.37491710      -0.20206204       
3                 0.02200000        -78.32969599      -0.01247795       
4                 0.02200000        -78.30877844      -1.24790819       
5                 0.02200000        -78.24934084      -0.42950720       
6                 0.02200000        -78.24600537      -0.21782571       
7                 0.02200000        -78.17515076      -1.55059832       
8                 0.02200000        -78.17380245      -1.60458348       
9                 0.02200000        -78.15786225      -0.74312514       
10                0.02200000        -78.15758450      -0.73124245       
1                 0.02250000        -78.36650679      -2.44778896       
2                 0.02250000        -78.37480587      -0.20639498       
3                 0.02250000        -78.32964902      -0.01259982       
4                 0.02250000        -78.30877398      -1.27638291       
5                 0.02250000        -78.24945883      -0.44037342       
6                 0.02250000        -78.24604970      -0.22192758       
7                 0.02250000        -78.17515070      -1.58584215       
8                 0.02250000        -78.17380366      -1.64105831       
9                 0.02250000        -78.15786349      -0.76000990       
10                0.02250000        -78.15758456      -0.74785864       
1                 0.02300000        -78.36650483      -2.50223151       
2                 0.02300000        -78.37469961      -0.21073121       
3                 0.02300000        -78.32960440      -0.01272375       
4                 0.02300000        -78.30876978      -1.30485519       
5                 0.02300000        -78.24956926      -0.45121125       
6                 0.02300000        -78.24609399      -0.22605599       
7                 0.02300000        -78.17515064      -1.62108592       
8                 0.02300000        -78.17380481      -1.67753302       
9                 0.02300000        -78.15786465      -0.77689476       
10                0.02300000        -78.15758462      -0.76447489       
1                 0.02350000        -78.36650299      -2.55667307       
2                 0.02350000        -78.37459792      -0.21507065       
3                 0.02350000        -78.32956199      -0.01284965       
4                 0.02350000        -78.30876583      -1.33332518       
5                 0.02350000        -78.24967276      -0.46202293       
6                 0.02350000        -78.24613818      -0.23020865       
7                 0.02350000        -78.17515059      -1.65632963       
8                 0.02350000        -78.17380590      -1.71400762       
9                 0.02350000        -78.15786576      -0.79377971       
10                0.02350000        -78.15758468      -0.78109119       
1                 0.02400000        -78.36650126      -2.61111371       
2                 0.02400000        -78.37450041      -0.21941321       
3                 0.02400000        -78.32952166      -0.01297746       
4                 0.02400000        -78.30876211      -1.36179304       
5                 0.02400000        -78.24976991      -0.47281046       
6                 0.02400000        -78.24618224      -0.23438352       
7                 0.02400000        -78.17515054      -1.69157328       
8                 0.02400000        -78.17380692      -1.75048212       
9                 0.02400000        -78.15786680      -0.81066476       
10                0.02400000        -78.15758473      -0.79770756       
1                 0.02450000        -78.36649964      -2.66555349       
2                 0.02450000        -78.37440675      -0.22375881       
3                 0.02450000        -78.32948327      -0.01310710       
4                 0.02450000        -78.30875860      -1.39025888       
5                 0.02450000        -78.24986122      -0.48357560       
6                 0.02450000        -78.24622615      -0.23857880       
7                 0.02450000        -78.17380790      -1.78695651       
8                 0.02450000        -78.17515049      -1.72681688       
9                 0.02450000        -78.15786778      -0.82754988       
10                0.02450000        -78.15758477      -0.81432398       
1                 0.02500000        -78.36649812      -2.71999245       
2                 0.02500000        -78.37431662      -0.22810735       
3                 0.02500000        -78.32944672      -0.01323851       
4                 0.02500000        -78.30875529      -1.41872283       
5                 0.02500000        -78.24994713      -0.49431996       
6                 0.02500000        -78.24626988      -0.24279287       
7                 0.02500000        -78.17380883      -1.82343081       
8                 0.02500000        -78.17515044      -1.76206043       
9                 0.02500000        -78.15786872      -0.84443509       
10                0.02500000        -78.15758482      -0.83094044       
1                 0.02550000        -78.36649668      -2.77443064       
2                 0.02550000        -78.37422974      -0.23245874       
3                 0.02550000        -78.32941190      -0.01337163       
4                 0.02550000        -78.30875217      -1.44718501       
5                 0.02550000        -78.25002807      -0.50504497       
6                 0.02550000        -78.24631345      -0.24702431       
7                 0.02550000        -78.17380971      -1.85990501       
8                 0.02550000        -78.17515040      -1.79730393       
9                 0.02550000        -78.15786960      -0.86132036       
10                0.02550000        -78.15758486      -0.84755696       
1                 0.02600000        -78.36649533      -2.82886810       
2                 0.02600000        -78.37414584      -0.23681289       
3                 0.02600000        -78.32937870      -0.01350638       
4                 0.02600000        -78.30874921      -1.47564551       
5                 0.02600000        -78.25010442      -0.51575192       
6                 0.02600000        -78.24635684      -0.25127183       
7                 0.02600000        -78.17381055      -1.89637913       
8                 0.02600000        -78.17515036      -1.83254740       
9                 0.02600000        -78.15787044      -0.87820571       
10                0.02600000        -78.15758490      -0.86417351       
1                 0.02650000        -78.36649405      -2.88330489       
2                 0.02650000        -78.37406468      -0.24116969       
3                 0.02650000        -78.32934704      -0.01364271       
4                 0.02650000        -78.30874641      -1.50410444       
5                 0.02650000        -78.25017650      -0.52644200       
6                 0.02650000        -78.24640007      -0.25553427       
7                 0.02650000        -78.17381134      -1.93285316       
8                 0.02650000        -78.17515032      -1.86779081       
9                 0.02650000        -78.15787124      -0.89509112       
10                0.02650000        -78.15758494      -0.88079011       
1                 0.02700000        -78.36649284      -2.93774103       
2                 0.02700000        -78.37398605      -0.24552905       
3                 0.02700000        -78.32931681      -0.01378056       
4                 0.02700000        -78.30874375      -1.53256187       
5                 0.02700000        -78.25024464      -0.53711627       
6                 0.02700000        -78.24644314      -0.25981058       
7                 0.02700000        -78.17381210      -1.96932711       
8                 0.02700000        -78.17515029      -1.90303420       
9                 0.02700000        -78.15787199      -0.91197659       
10                0.02700000        -78.15758498      -0.89740675       
1                 0.02750000        -78.36649169      -2.99217656       
2                 0.02750000        -78.37390972      -0.24989089       
3                 0.02750000        -78.32928795      -0.01391988       
4                 0.02750000        -78.30874123      -1.56101789       
5                 0.02750000        -78.25030911      -0.54777572       
6                 0.02750000        -78.24648607      -0.26409982       
7                 0.02750000        -78.17381283      -2.00580099       
8                 0.02750000        -78.17515025      -1.93827754       
9                 0.02750000        -78.15787271      -0.92886212       
10                0.02750000        -78.15758501      -0.91402342       
1                 0.02800000        -78.36649061      -3.04661151       
2                 0.02800000        -78.37383553      -0.25425511       
3                 0.02800000        -78.32926037      -0.01406061       
4                 0.02800000        -78.30873884      -1.58947257       
5                 0.02800000        -78.25037018      -0.55842123       
6                 0.02800000        -78.24652888      -0.26840113       
7                 0.02800000        -78.17381351      -2.04227480       
8                 0.02800000        -78.17515022      -1.97352085       
9                 0.02800000        -78.15787340      -0.94574770       
10                0.02800000        -78.15758504      -0.93064013       
1                 0.02850000        -78.36648958      -3.10104591       
2                 0.02850000        -78.37376330      -0.25862162       
3                 0.02850000        -78.32923400      -0.01420271       
4                 0.02850000        -78.30873657      -1.61792599       
5                 0.02850000        -78.25042807      -0.56905363       
6                 0.02850000        -78.24657158      -0.27271373       
7                 0.02850000        -78.17381417      -2.07874853       
8                 0.02850000        -78.17515019      -2.00876412       
9                 0.02850000        -78.15787405      -0.96263333       
10                0.02850000        -78.15758507      -0.94725687       
1                 0.02900000        -78.36648860      -3.15547979       
2                 0.02900000        -78.37369287      -0.26299034       
3                 0.02900000        -78.32920879      -0.01434612       
4                 0.02900000        -78.30873441      -1.64637821       
5                 0.02900000        -78.25048300      -0.57967368       
6                 0.02900000        -78.24661418      -0.27703689       
7                 0.02900000        -78.17381480      -2.11522221       
8                 0.02900000        -78.17515016      -2.04400737       
9                 0.02900000        -78.15787467      -0.97951902       
10                0.02900000        -78.15758510      -0.96387365       
1                 0.02950000        -78.36648768      -3.20991318       
2                 0.02950000        -78.37362409      -0.26736118       
3                 0.02950000        -78.32918465      -0.01449080       
4                 0.02950000        -78.30873235      -1.67482929       
5                 0.02950000        -78.25053517      -0.59028207       
6                 0.02950000        -78.24665672      -0.28136997       
7                 0.02950000        -78.17381540      -2.15169581       
8                 0.02950000        -78.17515014      -2.07925058       
9                 0.02950000        -78.15787526      -0.99640475       
10                0.02950000        -78.15758513      -0.98049045       
1                 0.03000000        -78.36648680      -3.26434610       
2                 0.03000000        -78.37355684      -0.27173406       
3                 0.03000000        -78.32916154      -0.01463670       
4                 0.03000000        -78.30873039      -1.70327929       
5                 0.03000000        -78.25058476      -0.60087943       
6                 0.03000000        -78.24669919      -0.28571237       
7                 0.03000000        -78.17381597      -2.18816936       
8                 0.03000000        -78.17515011      -2.11449377       
9                 0.03000000        -78.15787582      -1.01329052       
10                0.03000000        -78.15758515      -0.99710728       
1                 0.03050000        -78.36648596      -3.31877858       
2                 0.03050000        -78.37349097      -0.27610891       
3                 0.03050000        -78.32913940      -0.01478378       
4                 0.03050000        -78.30872853      -1.73172827       
5                 0.03050000        -78.25063195      -0.61146638       
6                 0.03050000        -78.24674164      -0.29006355       
7                 0.03050000        -78.17381652      -2.22464285       
8                 0.03050000        -78.17515009      -2.14973693       
9                 0.03050000        -78.15787636      -1.03017633       
10                0.03050000        -78.15758518      -1.01372414       
1                 0.03100000        -78.36648516      -3.37321063       
2                 0.03100000        -78.37342639      -0.28048565       
3                 0.03100000        -78.32911818      -0.01493200       
4                 0.03100000        -78.30872675      -1.76017626       
5                 0.03100000        -78.25067687      -0.62204345       
6                 0.03100000        -78.24678406      -0.29442298       
7                 0.03100000        -78.17381704      -2.26111628       
8                 0.03100000        -78.17515006      -2.18498007       
9                 0.03100000        -78.15787688      -1.04706219       
10                0.03100000        -78.15758520      -1.03034102       
1                 0.03150000        -78.36648440      -3.42764227       
2                 0.03150000        -78.37336298      -0.28486420       
3                 0.03150000        -78.30872505      -1.78862332       
4                 0.03150000        -78.32909782      -0.01508132       
5                 0.03150000        -78.25071967      -0.63261116       
6                 0.03150000        -78.24682648      -0.29879022       
7                 0.03150000        -78.17381754      -2.29758967       
8                 0.03150000        -78.17515004      -2.22022318       
9                 0.03150000        -78.15787737      -1.06394808       
10                0.03150000        -78.15758522      -1.04695793       
1                 0.03200000        -78.36648367      -3.48207353       
2                 0.03200000        -78.37330064      -0.28924449       
3                 0.03200000        -78.30872342      -1.81706950       
4                 0.03200000        -78.32907830      -0.01523171       
5                 0.03200000        -78.25076049      -0.64316998       
6                 0.03200000        -78.24686893      -0.30316482       
7                 0.03200000        -78.17381802      -2.33406300       
8                 0.03200000        -78.17515002      -2.25546626       
9                 0.03200000        -78.15787784      -1.08083401       
10                0.03200000        -78.15758525      -1.06357486       
1                 0.03250000        -78.36648298      -3.53650443       
2                 0.03250000        -78.37323928      -0.29362647       
3                 0.03250000        -78.30872187      -1.84551483       
4                 0.03250000        -78.32905956      -0.01538311       
5                 0.03250000        -78.25079944      -0.65372036       
6                 0.03250000        -78.24691141      -0.30754639       
7                 0.03250000        -78.17381848      -2.37053628       
8                 0.03250000        -78.17515000      -2.29070933       
9                 0.03250000        -78.15787830      -1.09771997       
10                0.03250000        -78.15758527      -1.08019181       
1                 0.03300000        -78.36648232      -3.59093497       
2                 0.03300000        -78.37317882      -0.29801006       
3                 0.03300000        -78.30872039      -1.87395935       
4                 0.03300000        -78.32904156      -0.01553551       
5                 0.03300000        -78.25083664      -0.66426271       
6                 0.03300000        -78.24695394      -0.31193457       
7                 0.03300000        -78.17381892      -2.40700951       
8                 0.03300000        -78.17514998      -2.32595237       
9                 0.03300000        -78.15787873      -1.11460596       
10                0.03300000        -78.15758529      -1.09680878       
1                 0.03350000        -78.36648169      -3.64536517       
2                 0.03350000        -78.37311918      -0.30239519       
3                 0.03350000        -78.30871897      -1.90240310       
4                 0.03350000        -78.32902426      -0.01568887       
5                 0.03350000        -78.25087219      -0.67479741       
6                 0.03350000        -78.24699655      -0.31632900       
7                 0.03350000        -78.17381935      -2.44348270       
8                 0.03350000        -78.17514996      -2.36119539       
9                 0.03350000        -78.15787914      -1.13149199       
10                0.03350000        -78.15758530      -1.11342578       
1                 0.03400000        -78.36648109      -3.69979506       
2                 0.03400000        -78.37306028      -0.30678182       
3                 0.03400000        -78.30871761      -1.93084611       
4                 0.03400000        -78.32900764      -0.01584315       
5                 0.03400000        -78.25090618      -0.68532483       
6                 0.03400000        -78.24703924      -0.32072937       
7                 0.03400000        -78.17381975      -2.47995585       
8                 0.03400000        -78.17514994      -2.39643840       
9                 0.03400000        -78.15787954      -1.14837804       
10                0.03400000        -78.15758532      -1.13004279       
1                 0.03450000        -78.36648051      -3.75422463       
2                 0.03450000        -78.37300205      -0.31116988       
3                 0.03450000        -78.30871630      -1.95928842       
4                 0.03450000        -78.32899165      -0.01599832       
5                 0.03450000        -78.25093870      -0.69584531       
6                 0.03450000        -78.24708204      -0.32513539       
7                 0.03450000        -78.17382014      -2.51642895       
8                 0.03450000        -78.17514992      -2.43168138       
9                 0.03450000        -78.15787992      -1.16526412       
10                0.03450000        -78.15758534      -1.14665982       
1                 0.03500000        -78.36647995      -3.80865392       
2                 0.03500000        -78.37294444      -0.31555932       
3                 0.03500000        -78.30871505      -1.98773005       
4                 0.03500000        -78.32897627      -0.01615436       
5                 0.03500000        -78.25096985      -0.70635915       
6                 0.03500000        -78.24712495      -0.32954678       
7                 0.03500000        -78.17382052      -2.55290201       
8                 0.03500000        -78.17514991      -2.46692435       
9                 0.03500000        -78.15788029      -1.18215023       
10                0.03500000        -78.15758536      -1.16327687       
1                 0.03550000        -78.36647942      -3.86308292       
2                 0.03550000        -78.37288737      -0.31995008       
3                 0.03550000        -78.30871386      -2.01617103       
4                 0.03550000        -78.32896147      -0.01631124       
5                 0.03550000        -78.25099968      -0.71686666       
6                 0.03550000        -78.24716800      -0.33396328       
7                 0.03550000        -78.17382088      -2.58937504       
8                 0.03550000        -78.17514989      -2.50216730       
9                 0.03550000        -78.15788064      -1.19903637       
10                0.03550000        -78.15758537      -1.17989394       
1                 0.03600000        -78.36647891      -3.91751165       
2                 0.03600000        -78.37283080      -0.32434212       
3                 0.03600000        -78.30871270      -2.04461139       
4                 0.03600000        -78.32894722      -0.01646892       
5                 0.03600000        -78.25102829      -0.72736812       
6                 0.03600000        -78.24721119      -0.33838465       
7                 0.03600000        -78.17382122      -2.62584803       
8                 0.03600000        -78.17514988      -2.53741024       
9                 0.03600000        -78.15788098      -1.21592253       
10                0.03600000        -78.15758539      -1.19651102       
1                 0.03650000        -78.36647843      -3.97194013       
2                 0.03650000        -78.37277468      -0.32873538       
3                 0.03650000        -78.30871160      -2.07305116       
4                 0.03650000        -78.32893348      -0.01662739       
5                 0.03650000        -78.25105573      -0.73786379       
6                 0.03650000        -78.24725455      -0.34281067       
7                 0.03650000        -78.17382156      -2.66232098       
8                 0.03650000        -78.17514986      -2.57265316       
9                 0.03650000        -78.15788130      -1.23280871       
10                0.03650000        -78.15758540      -1.21312812       
1                 0.03700000        -78.36647796      -4.02636835       
2                 0.03700000        -78.37271894      -0.33312981       
3                 0.03700000        -78.30871054      -2.10149036       
4                 0.03700000        -78.32892025      -0.01678661       
5                 0.03700000        -78.25108206      -0.74835392       
6                 0.03700000        -78.24729808      -0.34724113       
7                 0.03700000        -78.17382188      -2.69879390       
8                 0.03700000        -78.17514985      -2.60789606       
9                 0.03700000        -78.15788161      -1.24969492       
10                0.03700000        -78.15758541      -1.22974523       
1                 0.03750000        -78.36647751      -4.08079634       
2                 0.03750000        -78.37266356      -0.33752538       
3                 0.03750000        -78.30870952      -2.12992901       
4                 0.03750000        -78.32890750      -0.01694657       
5                 0.03750000        -78.25110735      -0.75883875       
6                 0.03750000        -78.24734180      -0.35167583       
7                 0.03750000        -78.17382219      -2.73526679       
8                 0.03750000        -78.17514984      -2.64313895       
9                 0.03750000        -78.15788191      -1.26658115       
10                0.03750000        -78.15758543      -1.24636236       
1                 0.03800000        -78.36647708      -4.13522409       
2                 0.03800000        -78.37260848      -0.34192204       
3                 0.03800000        -78.30870853      -2.15836714       
4                 0.03800000        -78.32889519      -0.01710723       
5                 0.03800000        -78.25113164      -0.76931848       
6                 0.03800000        -78.24738571      -0.35611458       
7                 0.03800000        -78.17382249      -2.77173964       
8                 0.03800000        -78.17514982      -2.67838183       
9                 0.03800000        -78.15788220      -1.28346740       
10                0.03800000        -78.15758544      -1.26297950       
1                 0.03850000        -78.36647666      -4.18965163       
2                 0.03850000        -78.37255366      -0.34631974       
3                 0.03850000        -78.30870759      -2.18680476       
4                 0.03850000        -78.32888332      -0.01726859       
5                 0.03850000        -78.25115500      -0.77979334       
6                 0.03850000        -78.24742983      -0.36055722       
7                 0.03850000        -78.17382277      -2.80821246       
8                 0.03850000        -78.17514981      -2.71362469       
9                 0.03850000        -78.15788248      -1.30035367       
10                0.03850000        -78.15758545      -1.27959665       
1                 0.03900000        -78.36647626      -4.24407896       
2                 0.03900000        -78.37249908      -0.35071845       
3                 0.03900000        -78.30870668      -2.21524190       
4                 0.03900000        -78.32887186      -0.01743061       
5                 0.03900000        -78.25117746      -0.79026351       
6                 0.03900000        -78.24747418      -0.36500357       
7                 0.03900000        -78.17382305      -2.84468526       
8                 0.03900000        -78.17514980      -2.74886755       
9                 0.03900000        -78.15788275      -1.31723995       
10                0.03900000        -78.15758546      -1.29621382       
1                 0.03950000        -78.36647587      -4.29850608       
2                 0.03950000        -78.37244468      -0.35511813       
3                 0.03950000        -78.30870580      -2.24367856       
4                 0.03950000        -78.32886080      -0.01759328       
5                 0.03950000        -78.25119908      -0.80072918       
6                 0.03950000        -78.24751876      -0.36945349       
7                 0.03950000        -78.17382332      -2.88115802       
8                 0.03950000        -78.17514979      -2.78411038       
9                 0.03950000        -78.15788301      -1.33412626       
10                0.03950000        -78.15758548      -1.31283100       
1                 0.04000000        -78.36647550      -4.35293300       
2                 0.04000000        -78.37239044      -0.35951874       
3                 0.04000000        -78.30870496      -2.27211478       
4                 0.04000000        -78.32885012      -0.01775657       
5                 0.04000000        -78.25121989      -0.81119054       
6                 0.04000000        -78.24756358      -0.37390682       
7                 0.04000000        -78.17382357      -2.91763076       
8                 0.04000000        -78.17514978      -2.81935321       
9                 0.04000000        -78.15788326      -1.35101259       
10                0.04000000        -78.15758549      -1.32944819       
1                 0.04050000        -78.36647515      -4.40735974       
2                 0.04050000        -78.37233633      -0.36392024       
3                 0.04050000        -78.30870414      -2.30055057       
4                 0.04050000        -78.32883979      -0.01792046       
5                 0.04050000        -78.25123993      -0.82164774       
6                 0.04050000        -78.24760865      -0.37836345       
7                 0.04050000        -78.17382382      -2.95410347       
8                 0.04050000        -78.17514977      -2.85459603       
9                 0.04050000        -78.15788350      -1.36789893       
10                0.04050000        -78.15758550      -1.34606539       
1                 0.04100000        -78.36647480      -4.46178629       
2                 0.04100000        -78.37228232      -0.36832260       
3                 0.04100000        -78.30870336      -2.32898594       
4                 0.04100000        -78.32882981      -0.01808495       
5                 0.04100000        -78.25125925      -0.83210095       
6                 0.04100000        -78.24765398      -0.38282322       
7                 0.04100000        -78.17382406      -2.99057615       
8                 0.04100000        -78.17514976      -2.88983883       
9                 0.04100000        -78.15788373      -1.38478529       
10                0.04100000        -78.15758551      -1.36268260       
1                 0.04150000        -78.36647447      -4.51621267       
2                 0.04150000        -78.37222838      -0.37272580       
3                 0.04150000        -78.30870260      -2.35742090       
4                 0.04150000        -78.32882016      -0.01825001       
5                 0.04150000        -78.25127787      -0.84255031       
6                 0.04150000        -78.24769959      -0.38728603       
7                 0.04150000        -78.17382429      -3.02704881       
8                 0.04150000        -78.17514975      -2.92508163       
9                 0.04150000        -78.15788396      -1.40167166       
10                0.04150000        -78.15758552      -1.37929983       
1                 0.04200000        -78.36647415      -4.57063888       
2                 0.04200000        -78.37217448      -0.37712978       
3                 0.04200000        -78.30870187      -2.38585548       
4                 0.04200000        -78.32881083      -0.01841562       
5                 0.04200000        -78.25129583      -0.85299597       
6                 0.04200000        -78.24774547      -0.39175176       
7                 0.04200000        -78.17382452      -3.06352145       
8                 0.04200000        -78.17514974      -2.96032441       
9                 0.04200000        -78.15788417      -1.41855805       
10                0.04200000        -78.15758553      -1.39591706       
1                 0.04250000        -78.36647384      -4.62506493       
2                 0.04250000        -78.37212060      -0.38153454       
3                 0.04250000        -78.30870116      -2.41428969       
4                 0.04250000        -78.32880180      -0.01858176       
5                 0.04250000        -78.25131316      -0.86343806       
6                 0.04250000        -78.24779164      -0.39622030       
7                 0.04250000        -78.17382474      -3.09999406       
8                 0.04250000        -78.17514973      -2.99556718       
9                 0.04250000        -78.15788438      -1.43544445       
10                0.04250000        -78.15758554      -1.41253430       
1                 0.04300000        -78.36647355      -4.67949082       
2                 0.04300000        -78.37206672      -0.38594003       
3                 0.04300000        -78.30870048      -2.44272353       
4                 0.04300000        -78.32879306      -0.01874843       
5                 0.04300000        -78.25132989      -0.87387672       
6                 0.04300000        -78.24783810      -0.40069154       
7                 0.04300000        -78.17382495      -3.13646665       
8                 0.04300000        -78.17514972      -3.03080995       
9                 0.04300000        -78.15788458      -1.45233087       
10                0.04300000        -78.15758554      -1.42915156       
1                 0.04350000        -78.36647326      -4.73391655       
2                 0.04350000        -78.37201280      -0.39034622       
3                 0.04350000        -78.30869982      -2.47115703       
4                 0.04350000        -78.32878460      -0.01891560       
5                 0.04350000        -78.25134604      -0.88431206       
6                 0.04350000        -78.24788487      -0.40516540       
7                 0.04350000        -78.17382515      -3.17293921       
8                 0.04350000        -78.17514971      -3.06605270       
9                 0.04350000        -78.15788478      -1.46921730       
10                0.04350000        -78.15758555      -1.44576882       
1                 0.04400000        -78.36647298      -4.78834214       
2                 0.04400000        -78.37195885      -0.39475310       
3                 0.04400000        -78.30869918      -2.49959019       
4                 0.04400000        -78.32877640      -0.01908327       
5                 0.04400000        -78.25136165      -0.89474420       
6                 0.04400000        -78.24793195      -0.40964177       
7                 0.04400000        -78.17382534      -3.20941176       
8                 0.04400000        -78.17514970      -3.10129545       
9                 0.04400000        -78.15788497      -1.48610375       
10                0.04400000        -78.15758556      -1.46238609       
1                 0.04450000        -78.36647271      -4.84276759       
2                 0.04450000        -78.37190482      -0.39916063       
3                 0.04450000        -78.30869857      -2.52802302       
4                 0.04450000        -78.32876846      -0.01925141       
5                 0.04450000        -78.25137673      -0.90517326       
6                 0.04450000        -78.24797935      -0.41412057       
7                 0.04450000        -78.17382553      -3.24588428       
8                 0.04450000        -78.17514970      -3.13653819       
9                 0.04450000        -78.15788515      -1.50299021       
10                0.04450000        -78.15758557      -1.47900337       
1                 0.04500000        -78.36647245      -4.89719290       
2                 0.04500000        -78.37185071      -0.40356879       
3                 0.04500000        -78.30869797      -2.55645554       
4                 0.04500000        -78.32876076      -0.01942002       
5                 0.04500000        -78.25139131      -0.91559934       
6                 0.04500000        -78.24802706      -0.41860172       
7                 0.04500000        -78.17382572      -3.28235679       
8                 0.04500000        -78.17514969      -3.17178092       
9                 0.04500000        -78.15788533      -1.51987668       
10                0.04500000        -78.15758558      -1.49562066       
1                 0.04550000        -78.36647220      -4.95161808       
2                 0.04550000        -78.37179649      -0.40797755       
3                 0.04550000        -78.30869739      -2.58488776       
4                 0.04550000        -78.32875330      -0.01958907       
5                 0.04550000        -78.25140542      -0.92602254       
6                 0.04550000        -78.24807511      -0.42308514       
7                 0.04550000        -78.17382590      -3.31882928       
8                 0.04550000        -78.17514968      -3.20702364       
9                 0.04550000        -78.15788550      -1.53676316       
10                0.04550000        -78.15758558      -1.51223795       
1                 0.04600000        -78.36647196      -5.00604313       
2                 0.04600000        -78.37174215      -0.41238690       
3                 0.04600000        -78.30869683      -2.61331968       
4                 0.04600000        -78.32874607      -0.01975856       
5                 0.04600000        -78.25141906      -0.93644296       
6                 0.04600000        -78.24812350      -0.42757075       
7                 0.04600000        -78.17382607      -3.35530174       
8                 0.04600000        -78.17514967      -3.24226636       
9                 0.04600000        -78.15788567      -1.55364965       
10                0.04600000        -78.15758559      -1.52885525       
1                 0.04650000        -78.36647172      -5.06046805       
2                 0.04650000        -78.37168768      -0.41679680       
3                 0.04650000        -78.30869629      -2.64175131       
4                 0.04650000        -78.32873906      -0.01992848       
5                 0.04650000        -78.25143227      -0.94686069       
6                 0.04650000        -78.24817223      -0.43205848       
7                 0.04650000        -78.17382624      -3.39177419       
8                 0.04650000        -78.17514967      -3.27750906       
9                 0.04650000        -78.15788583      -1.57053616       
10                0.04650000        -78.15758560      -1.54547257       
1                 0.04700000        -78.36647149      -5.11489285       
2                 0.04700000        -78.37163306      -0.42120723       
3                 0.04700000        -78.30869577      -2.67018268       
4                 0.04700000        -78.32873225      -0.02009882       
5                 0.04700000        -78.25144506      -0.95727582       
6                 0.04700000        -78.24822131      -0.43654827       
7                 0.04700000        -78.17382640      -3.42824662       
8                 0.04700000        -78.17514966      -3.31275176       
9                 0.04700000        -78.15788599      -1.58742267       
10                0.04700000        -78.15758560      -1.56208988       
1                 0.04750000        -78.36647127      -5.16931754       
2                 0.04750000        -78.37157826      -0.42561818       
3                 0.04750000        -78.30869526      -2.69861377       
4                 0.04750000        -78.32872564      -0.02026955       
5                 0.04750000        -78.25145745      -0.96768843       
6                 0.04750000        -78.17382656      -3.46471904       
7                 0.04750000        -78.24827074      -0.44104004       
8                 0.04750000        -78.17514965      -3.34799445       
9                 0.04750000        -78.15788614      -1.60430920       
10                0.04750000        -78.15758561      -1.57870721       
1                 0.04800000        -78.36647106      -5.22374212       
2                 0.04800000        -78.37152329      -0.43002963       
3                 0.04800000        -78.30869477      -2.72704461       
4                 0.04800000        -78.32871923      -0.02044068       
5                 0.04800000        -78.25146945      -0.97809861       
6                 0.04800000        -78.17382671      -3.50119144       
7                 0.04800000        -78.24832053      -0.44553375       
8                 0.04800000        -78.17514965      -3.38323714       
9                 0.04800000        -78.15788629      -1.62119574       
10                0.04800000        -78.15758562      -1.59532454       
1                 0.04850000        -78.36647085      -5.27816658       
2                 0.04850000        -78.37146813      -0.43444154       
3                 0.04850000        -78.30869429      -2.75547519       
4                 0.04850000        -78.32871300      -0.02061218       
5                 0.04850000        -78.25148109      -0.98850643       
6                 0.04850000        -78.17382686      -3.53766382       
7                 0.04850000        -78.17514964      -3.41847982       
8                 0.04850000        -78.24837068      -0.45002932       
9                 0.04850000        -78.15788643      -1.63808228       
10                0.04850000        -78.15758562      -1.61194188       
1                 0.04900000        -78.36647065      -5.33259094       
2                 0.04900000        -78.37141276      -0.43885391       
3                 0.04900000        -78.30869383      -2.78390554       
4                 0.04900000        -78.32870695      -0.02078406       
5                 0.04900000        -78.25149236      -0.99891197       
6                 0.04900000        -78.17382700      -3.57413618       
7                 0.04900000        -78.17514964      -3.45372249       
8                 0.04900000        -78.24842120      -0.45452671       
9                 0.04900000        -78.15788657      -1.65496884       
10                0.04900000        -78.15758563      -1.62855922       
1                 0.04950000        -78.36647045      -5.38701519       
2                 0.04950000        -78.37135717      -0.44326672       
3                 0.04950000        -78.30869338      -2.81233565       
4                 0.04950000        -78.32870107      -0.02095630       
5                 0.04950000        -78.25150330      -1.00931529       
6                 0.04950000        -78.17382714      -3.61060853       
7                 0.04950000        -78.17514963      -3.48896516       
8                 0.04950000        -78.24847210      -0.45902586       
9                 0.04950000        -78.15788670      -1.67185540       
10                0.04950000        -78.15758563      -1.64517657       
1                 0.05000000        -78.36647027      -5.44143935       
2                 0.05000000        -78.37130136      -0.44767994       
3                 0.05000000        -78.30869294      -2.84076553       
4                 0.05000000        -78.32869536      -0.02112889       
5                 0.05000000        -78.17382728      -3.64708087       
6                 0.05000000        -78.25151391      -1.01971648       
7                 0.05000000        -78.17514962      -3.52420782       
8                 0.05000000        -78.24852338      -0.46352672       
9                 0.05000000        -78.15788683      -1.68874197       
10                0.05000000        -78.15758564      -1.66179393       
