Trajectory for A states:
State             eta               Uncorr_Re         Uncorr_Im         
1                 0.00000000        -109.35363778     -0.00000000       
2                 0.00000000        -109.35039973     -0.00000000       
3                 0.00000000        -109.35039696     -0.00000000       
4                 0.00000000        -109.35029409     -0.00000000       
5                 0.00000000        -109.32230641     -0.00000000       
1                 0.00050000        -109.35363778     -0.04512504       
2                 0.00050000        -109.35039696     -0.08034637       
3                 0.00050000        -109.35029409     -0.07126279       
4                 0.00050000        -109.34140559     -0.10653696       
5                 0.00050000        -109.33130055     -0.02473852       
1                 0.00100000        -109.35363778     -0.09025008       
2                 0.00100000        -109.35039696     -0.16069274       
3                 0.00100000        -109.35029409     -0.14252558       
4                 0.00100000        -109.34122219     -0.21615485       
5                 0.00100000        -109.33148394     -0.04639612       
1                 0.00150000        -109.35363778     -0.13537512       
2                 0.00150000        -109.35039696     -0.24103911       
3                 0.00150000        -109.35029409     -0.21378837       
4                 0.00150000        -109.34118997     -0.32508041       
5                 0.00150000        -109.33151617     -0.06874604       
1                 0.00200000        -109.35363778     -0.18050016       
2                 0.00200000        -109.35039696     -0.32138547       
3                 0.00200000        -109.35029409     -0.28505116       
4                 0.00200000        -109.34117882     -0.43383554       
5                 0.00200000        -109.33152732     -0.09126639       
1                 0.00250000        -109.35363778     -0.22562520       
2                 0.00250000        -109.35039696     -0.40173184       
3                 0.00250000        -109.35029409     -0.35631395       
4                 0.00250000        -109.34117368     -0.54252278       
5                 0.00250000        -109.33153246     -0.11385463       
1                 0.00300000        -109.35363778     -0.27075024       
2                 0.00300000        -109.35039696     -0.48207821       
3                 0.00300000        -109.35029409     -0.42757675       
4                 0.00300000        -109.34117089     -0.65117614       
5                 0.00300000        -109.33153525     -0.13647676       
1                 0.00350000        -109.35363778     -0.31587528       
2                 0.00350000        -109.35039696     -0.56242458       
3                 0.00350000        -109.35029409     -0.49883954       
4                 0.00350000        -109.34116921     -0.75981014       
5                 0.00350000        -109.33153693     -0.15911823       
1                 0.00400000        -109.35363778     -0.36100032       
2                 0.00400000        -109.35039696     -0.64277095       
3                 0.00400000        -109.35029409     -0.57010233       
4                 0.00400000        -109.34116812     -0.86843207       
5                 0.00400000        -109.33153802     -0.18177179       
1                 0.00450000        -109.35363778     -0.40612536       
2                 0.00450000        -109.35039696     -0.72311732       
3                 0.00450000        -109.35029409     -0.64136512       
4                 0.00450000        -109.34116738     -0.97704593       
5                 0.00450000        -109.33153876     -0.20443341       
1                 0.00500000        -109.35363778     -0.45125040       
2                 0.00500000        -109.35039696     -0.80346369       
3                 0.00500000        -109.35029409     -0.71262791       
4                 0.00500000        -109.34116684     -1.08565416       
5                 0.00500000        -109.33153930     -0.22710066       
1                 0.00550000        -109.35363778     -0.49637544       
2                 0.00550000        -109.35039696     -0.88381006       
3                 0.00550000        -109.35029409     -0.78389070       
4                 0.00550000        -109.34116645     -1.19425830       
5                 0.00550000        -109.33153969     -0.24977201       
1                 0.00600000        -109.35363778     -0.54150048       
2                 0.00600000        -109.35039696     -0.96415642       
3                 0.00600000        -109.35029409     -0.85515349       
4                 0.00600000        -109.34116615     -1.30285935       
5                 0.00600000        -109.33153999     -0.27244643       
1                 0.00650000        -109.35039696     -1.04450279       
2                 0.00650000        -109.35363778     -0.58662552       
3                 0.00650000        -109.35029409     -0.92641628       
4                 0.00650000        -109.34116592     -1.41145805       
5                 0.00650000        -109.33154022     -0.29512322       
1                 0.00700000        -109.35039696     -1.12484916       
2                 0.00700000        -109.35363778     -0.63175056       
3                 0.00700000        -109.35029409     -0.99767907       
4                 0.00700000        -109.34116573     -1.52005489       
5                 0.00700000        -109.33154041     -0.31780187       
1                 0.00750000        -109.35039696     -1.20519553       
2                 0.00750000        -109.35363778     -0.67687560       
3                 0.00750000        -109.35029409     -1.06894186       
4                 0.00750000        -109.34116558     -1.62865024       
5                 0.00750000        -109.33154056     -0.34048200       
1                 0.00800000        -109.35039696     -1.28554190       
2                 0.00800000        -109.35029409     -1.14020465       
3                 0.00800000        -109.35363778     -0.72200064       
4                 0.00800000        -109.34116546     -1.73724438       
5                 0.00800000        -109.33154068     -0.36316334       
1                 0.00850000        -109.35039696     -1.36588827       
2                 0.00850000        -109.35029409     -1.21146745       
3                 0.00850000        -109.34116536     -1.84583753       
4                 0.00850000        -109.35363778     -0.76712568       
5                 0.00850000        -109.33154078     -0.38584567       
1                 0.00900000        -109.35039696     -1.44623464       
2                 0.00900000        -109.34116527     -1.95442985       
3                 0.00900000        -109.35029409     -1.28273024       
4                 0.00900000        -109.35363778     -0.81225072       
5                 0.00900000        -109.33154087     -0.40852883       
1                 0.00950000        -109.35039696     -1.52658101       
2                 0.00950000        -109.34116520     -2.06302147       
3                 0.00950000        -109.35029409     -1.35399303       
4                 0.00950000        -109.35363778     -0.85737576       
5                 0.00950000        -109.33154094     -0.43121269       
1                 0.01000000        -109.34116514     -2.17161250       
2                 0.01000000        -109.35039696     -1.60692737       
3                 0.01000000        -109.35029409     -1.42525582       
4                 0.01000000        -109.35363778     -0.90250080       
5                 0.01000000        -109.33154100     -0.45389714       
1                 0.01050000        -109.34116509     -2.28020303       
2                 0.01050000        -109.35039696     -1.68727374       
3                 0.01050000        -109.35029409     -1.49651861       
4                 0.01050000        -109.35363778     -0.94762584       
5                 0.01050000        -109.33154105     -0.47658210       
1                 0.01100000        -109.34116504     -2.38879311       
2                 0.01100000        -109.35039696     -1.76762011       
3                 0.01100000        -109.35029409     -1.56778140       
4                 0.01100000        -109.35363778     -0.99275088       
5                 0.01100000        -109.33154110     -0.49926750       
1                 0.01150000        -109.34116500     -2.49738281       
2                 0.01150000        -109.35039696     -1.84796648       
3                 0.01150000        -109.35029409     -1.63904419       
4                 0.01150000        -109.35363778     -1.03787592       
5                 0.01150000        -109.33154114     -0.52195328       
1                 0.01200000        -109.34116497     -2.60597218       
2                 0.01200000        -109.35039696     -1.92831285       
3                 0.01200000        -109.35029409     -1.71030698       
4                 0.01200000        -109.35363778     -1.08300097       
5                 0.01200000        -109.33154117     -0.54463940       
1                 0.01250000        -109.34116493     -2.71456125       
2                 0.01250000        -109.35039696     -2.00865922       
3                 0.01250000        -109.35029409     -1.78156977       
4                 0.01250000        -109.35363778     -1.12812601       
5                 0.01250000        -109.33154120     -0.56732580       
1                 0.01300000        -109.34116491     -2.82315006       
2                 0.01300000        -109.35039696     -2.08900559       
3                 0.01300000        -109.35029409     -1.85283256       
4                 0.01300000        -109.35363778     -1.17325105       
5                 0.01300000        -109.33154123     -0.59001247       
1                 0.01350000        -109.34116488     -2.93173865       
2                 0.01350000        -109.35039696     -2.16935195       
3                 0.01350000        -109.35029409     -1.92409535       
4                 0.01350000        -109.35363778     -1.21837609       
5                 0.01350000        -109.33154126     -0.61269937       
1                 0.01400000        -109.34116486     -3.04032702       
2                 0.01400000        -109.35039696     -2.24969832       
3                 0.01400000        -109.35029409     -1.99535814       
4                 0.01400000        -109.35363778     -1.26350113       
5                 0.01400000        -109.33154128     -0.63538648       
1                 0.01450000        -109.34116484     -3.14891521       
2                 0.01450000        -109.35039696     -2.33004469       
3                 0.01450000        -109.35029409     -2.06662094       
4                 0.01450000        -109.35363778     -1.30862617       
5                 0.01450000        -109.33154130     -0.65807377       
1                 0.01500000        -109.34116482     -3.25750324       
2                 0.01500000        -109.35039696     -2.41039106       
3                 0.01500000        -109.35029409     -2.13788373       
4                 0.01500000        -109.35363778     -1.35375121       
5                 0.01500000        -109.33154132     -0.68076123       
1                 0.01550000        -109.34116481     -3.36609111       
2                 0.01550000        -109.35039696     -2.49073743       
3                 0.01550000        -109.35029409     -2.20914652       
4                 0.01550000        -109.35363778     -1.39887625       
5                 0.01550000        -109.33154133     -0.70344883       
1                 0.01600000        -109.34116479     -3.47467885       
2                 0.01600000        -109.35039696     -2.57108380       
3                 0.01600000        -109.35029409     -2.28040931       
4                 0.01600000        -109.35363778     -1.44400129       
5                 0.01600000        -109.33154135     -0.72613658       
1                 0.01650000        -109.34116478     -3.58326647       
2                 0.01650000        -109.35039696     -2.65143017       
3                 0.01650000        -109.35029409     -2.35167210       
4                 0.01650000        -109.35363778     -1.48912633       
5                 0.01650000        -109.33154136     -0.74882445       
1                 0.01700000        -109.34116477     -3.69185397       
2                 0.01700000        -109.35039696     -2.73177654       
3                 0.01700000        -109.35029409     -2.42293489       
4                 0.01700000        -109.35363778     -1.53425137       
5                 0.01700000        -109.33154137     -0.77151243       
1                 0.01750000        -109.34116476     -3.80044137       
2                 0.01750000        -109.35039696     -2.81212290       
3                 0.01750000        -109.35029409     -2.49419768       
4                 0.01750000        -109.35363778     -1.57937641       
5                 0.01750000        -109.33154138     -0.79420051       
1                 0.01800000        -109.34116475     -3.90902867       
2                 0.01800000        -109.35039696     -2.89246927       
3                 0.01800000        -109.35029409     -2.56546047       
4                 0.01800000        -109.35363778     -1.62450145       
5                 0.01800000        -109.33154139     -0.81688869       
1                 0.01850000        -109.34116474     -4.01761589       
2                 0.01850000        -109.35039696     -2.97281564       
3                 0.01850000        -109.35029409     -2.63672326       
4                 0.01850000        -109.35363778     -1.66962649       
5                 0.01850000        -109.33154140     -0.83957696       
1                 0.01900000        -109.34116473     -4.12620302       
2                 0.01900000        -109.35039696     -3.05316201       
3                 0.01900000        -109.35029409     -2.70798605       
4                 0.01900000        -109.35363778     -1.71475153       
5                 0.01900000        -109.33154141     -0.86226530       
1                 0.01950000        -109.34116472     -4.23479008       
2                 0.01950000        -109.35039696     -3.13350838       
3                 0.01950000        -109.35029409     -2.77924884       
4                 0.01950000        -109.35363778     -1.75987657       
5                 0.01950000        -109.33154142     -0.88495372       
1                 0.02000000        -109.34116471     -4.34337708       
2                 0.02000000        -109.35039696     -3.21385475       
3                 0.02000000        -109.35029409     -2.85051164       
4                 0.02000000        -109.35363778     -1.80500161       
5                 0.02000000        -109.33154143     -0.90764221       
1                 0.02050000        -109.34116471     -4.45196401       
2                 0.02050000        -109.35039696     -3.29420112       
3                 0.02050000        -109.35029409     -2.92177443       
4                 0.02050000        -109.35363778     -1.85012665       
5                 0.02050000        -109.33154143     -0.93033076       
1                 0.02100000        -109.34116470     -4.56055088       
2                 0.02100000        -109.35039696     -3.37454748       
3                 0.02100000        -109.35029409     -2.99303722       
4                 0.02100000        -109.35363778     -1.89525169       
5                 0.02100000        -109.33154144     -0.95301937       
1                 0.02150000        -109.34116469     -4.66913770       
2                 0.02150000        -109.35039696     -3.45489385       
3                 0.02150000        -109.35029409     -3.06430001       
4                 0.02150000        -109.35363778     -1.94037673       
5                 0.02150000        -109.33154145     -0.97570804       
1                 0.02200000        -109.34116469     -4.77772446       
2                 0.02200000        -109.35039696     -3.53524022       
3                 0.02200000        -109.35029409     -3.13556280       
4                 0.02200000        -109.35363778     -1.98550177       
5                 0.02200000        -109.33154145     -0.99839675       
1                 0.02250000        -109.34116468     -4.88631118       
2                 0.02250000        -109.35039696     -3.61558659       
3                 0.02250000        -109.35029409     -3.20682559       
4                 0.02250000        -109.35363778     -2.03062681       
5                 0.02250000        -109.33154146     -1.02108552       
1                 0.02300000        -109.34116468     -4.99489785       
2                 0.02300000        -109.35039696     -3.69593296       
3                 0.02300000        -109.35029409     -3.27808838       
4                 0.02300000        -109.35363778     -2.07575185       
5                 0.02300000        -109.33154146     -1.04377433       
1                 0.02350000        -109.34116467     -5.10348449       
2                 0.02350000        -109.35039696     -3.77627933       
3                 0.02350000        -109.35029409     -3.34935117       
4                 0.02350000        -109.35363778     -2.12087689       
5                 0.02350000        -109.33154147     -1.06646318       
1                 0.02400000        -109.34116467     -5.21207108       
2                 0.02400000        -109.35039696     -3.85662570       
3                 0.02400000        -109.35029409     -3.42061396       
4                 0.02400000        -109.35363778     -2.16600193       
5                 0.02400000        -109.33154147     -1.08915207       
1                 0.02450000        -109.34116467     -5.32065764       
2                 0.02450000        -109.35039696     -3.93697207       
3                 0.02450000        -109.35029409     -3.49187675       
4                 0.02450000        -109.35363778     -2.21112697       
5                 0.02450000        -109.33154147     -1.11184099       
1                 0.02500000        -109.34116466     -5.42924416       
2                 0.02500000        -109.35039696     -4.01731843       
3                 0.02500000        -109.35029409     -3.56313954       
4                 0.02500000        -109.35363778     -2.25625201       
5                 0.02500000        -109.33154148     -1.13452995       
1                 0.02550000        -109.34116466     -5.53783065       
2                 0.02550000        -109.35039696     -4.09766480       
3                 0.02550000        -109.35029409     -3.63440234       
4                 0.02550000        -109.35363778     -2.30137705       
5                 0.02550000        -109.33154148     -1.15721894       
1                 0.02600000        -109.34116465     -5.64641711       
2                 0.02600000        -109.35039696     -4.17801117       
3                 0.02600000        -109.35029409     -3.70566513       
4                 0.02600000        -109.35363778     -2.34650209       
5                 0.02600000        -109.33154148     -1.17990797       
1                 0.02650000        -109.34116465     -5.75500354       
2                 0.02650000        -109.35039696     -4.25835754       
3                 0.02650000        -109.35029409     -3.77692792       
4                 0.02650000        -109.35363778     -2.39162713       
5                 0.02650000        -109.33154149     -1.20259702       
1                 0.02700000        -109.34116465     -5.86358994       
2                 0.02700000        -109.35039696     -4.33870391       
3                 0.02700000        -109.35029409     -3.84819071       
4                 0.02700000        -109.35363778     -2.43675217       
5                 0.02700000        -109.33154149     -1.22528610       
1                 0.02750000        -109.34116465     -5.97217631       
2                 0.02750000        -109.35039696     -4.41905028       
3                 0.02750000        -109.35029409     -3.91945350       
4                 0.02750000        -109.35363778     -2.48187721       
5                 0.02750000        -109.33154149     -1.24797521       
1                 0.02800000        -109.34116464     -6.08076267       
2                 0.02800000        -109.35039696     -4.49939665       
3                 0.02800000        -109.35029409     -3.99071629       
4                 0.02800000        -109.35363778     -2.52700225       
5                 0.02800000        -109.33154150     -1.27066434       
1                 0.02850000        -109.34116464     -6.18934900       
2                 0.02850000        -109.35039696     -4.57974302       
3                 0.02850000        -109.35029409     -4.06197908       
4                 0.02850000        -109.35363778     -2.57212729       
5                 0.02850000        -109.33154150     -1.29335349       
1                 0.02900000        -109.34116464     -6.29793530       
2                 0.02900000        -109.35039696     -4.66008938       
3                 0.02900000        -109.35029409     -4.13324187       
4                 0.02900000        -109.35363778     -2.61725233       
5                 0.02900000        -109.33154150     -1.31604266       
1                 0.02950000        -109.34116464     -6.40652159       
2                 0.02950000        -109.35039696     -4.74043575       
3                 0.02950000        -109.35029409     -4.20450466       
4                 0.02950000        -109.35363778     -2.66237737       
5                 0.02950000        -109.33154150     -1.33873186       
1                 0.03000000        -109.34116463     -6.51510786       
2                 0.03000000        -109.35039696     -4.82078212       
3                 0.03000000        -109.35029409     -4.27576745       
4                 0.03000000        -109.35363778     -2.70750241       
5                 0.03000000        -109.33154151     -1.36142107       
1                 0.03050000        -109.34116463     -6.62369411       
2                 0.03050000        -109.35039696     -4.90112849       
3                 0.03050000        -109.35029409     -4.34703024       
4                 0.03050000        -109.35363778     -2.75262745       
5                 0.03050000        -109.33154151     -1.38411031       
1                 0.03100000        -109.34116463     -6.73228034       
2                 0.03100000        -109.35039696     -4.98147486       
3                 0.03100000        -109.35029409     -4.41829303       
4                 0.03100000        -109.35363778     -2.79775249       
5                 0.03100000        -109.33154151     -1.40679956       
1                 0.03150000        -109.34116463     -6.84086655       
2                 0.03150000        -109.35039696     -5.06182123       
3                 0.03150000        -109.35029409     -4.48955583       
4                 0.03150000        -109.35363778     -2.84287753       
5                 0.03150000        -109.33154151     -1.42948883       
1                 0.03200000        -109.34116463     -6.94945275       
2                 0.03200000        -109.35039696     -5.14216760       
3                 0.03200000        -109.35029409     -4.56081862       
4                 0.03200000        -109.35363778     -2.88800257       
5                 0.03200000        -109.33154151     -1.45217811       
1                 0.03250000        -109.34116462     -7.05803893       
2                 0.03250000        -109.35039696     -5.22251396       
3                 0.03250000        -109.35029409     -4.63208141       
4                 0.03250000        -109.35363778     -2.93312761       
5                 0.03250000        -109.33154151     -1.47486741       
1                 0.03300000        -109.34116462     -7.16662509       
2                 0.03300000        -109.35039696     -5.30286033       
3                 0.03300000        -109.35029409     -4.70334420       
4                 0.03300000        -109.35363778     -2.97825265       
5                 0.03300000        -109.33154152     -1.49755673       
1                 0.03350000        -109.34116462     -7.27521125       
2                 0.03350000        -109.35039696     -5.38320670       
3                 0.03350000        -109.35029409     -4.77460699       
4                 0.03350000        -109.35363778     -3.02337769       
5                 0.03350000        -109.33154152     -1.52024606       
1                 0.03400000        -109.34116462     -7.38379739       
2                 0.03400000        -109.35039696     -5.46355307       
3                 0.03400000        -109.35029409     -4.84586978       
4                 0.03400000        -109.35363778     -3.06850273       
5                 0.03400000        -109.33154152     -1.54293540       
1                 0.03450000        -109.34116462     -7.49238351       
2                 0.03450000        -109.35039696     -5.54389944       
3                 0.03450000        -109.35029409     -4.91713257       
4                 0.03450000        -109.35363778     -3.11362777       
5                 0.03450000        -109.33154152     -1.56562476       
1                 0.03500000        -109.34116462     -7.60096963       
2                 0.03500000        -109.35039696     -5.62424581       
3                 0.03500000        -109.35029409     -4.98839536       
4                 0.03500000        -109.35363778     -3.15875281       
5                 0.03500000        -109.33154152     -1.58831413       
1                 0.03550000        -109.34116462     -7.70955573       
2                 0.03550000        -109.35039696     -5.70459218       
3                 0.03550000        -109.35029409     -5.05965815       
4                 0.03550000        -109.35363778     -3.20387786       
5                 0.03550000        -109.33154152     -1.61100351       
1                 0.03600000        -109.34116461     -7.81814182       
2                 0.03600000        -109.35039696     -5.78493855       
3                 0.03600000        -109.35029409     -5.13092094       
4                 0.03600000        -109.35363778     -3.24900290       
5                 0.03600000        -109.33154152     -1.63369290       
1                 0.03650000        -109.34116461     -7.92672790       
2                 0.03650000        -109.35039696     -5.86528491       
3                 0.03650000        -109.35029409     -5.20218373       
4                 0.03650000        -109.35363778     -3.29412794       
5                 0.03650000        -109.33154153     -1.65638230       
1                 0.03700000        -109.34116461     -8.03531397       
2                 0.03700000        -109.35039696     -5.94563128       
3                 0.03700000        -109.35029409     -5.27344653       
4                 0.03700000        -109.35363778     -3.33925298       
5                 0.03700000        -109.33154153     -1.67907171       
1                 0.03750000        -109.34116461     -8.14390003       
2                 0.03750000        -109.35039696     -6.02597765       
3                 0.03750000        -109.35029409     -5.34470932       
4                 0.03750000        -109.35363778     -3.38437802       
5                 0.03750000        -109.33154153     -1.70176114       
1                 0.03800000        -109.34116461     -8.25248608       
2                 0.03800000        -109.35039696     -6.10632402       
3                 0.03800000        -109.35029409     -5.41597211       
4                 0.03800000        -109.35363778     -3.42950306       
5                 0.03800000        -109.33154153     -1.72445057       
1                 0.03850000        -109.34116461     -8.36107212       
2                 0.03850000        -109.35039696     -6.18667039       
3                 0.03850000        -109.35029409     -5.48723490       
4                 0.03850000        -109.35363778     -3.47462810       
5                 0.03850000        -109.33154153     -1.74714001       
1                 0.03900000        -109.34116461     -8.46965815       
2                 0.03900000        -109.35039696     -6.26701676       
3                 0.03900000        -109.35029409     -5.55849769       
4                 0.03900000        -109.35363778     -3.51975314       
5                 0.03900000        -109.33154153     -1.76982946       
1                 0.03950000        -109.34116461     -8.57824417       
2                 0.03950000        -109.35039696     -6.34736313       
3                 0.03950000        -109.35029409     -5.62976048       
4                 0.03950000        -109.35363778     -3.56487818       
5                 0.03950000        -109.33154153     -1.79251892       
1                 0.04000000        -109.34116461     -8.68683019       
2                 0.04000000        -109.35039696     -6.42770949       
3                 0.04000000        -109.35029409     -5.70102327       
4                 0.04000000        -109.35363778     -3.61000322       
5                 0.04000000        -109.33154153     -1.81520839       
1                 0.04050000        -109.34116461     -8.79541620       
2                 0.04050000        -109.35039696     -6.50805586       
3                 0.04050000        -109.35029409     -5.77228606       
4                 0.04050000        -109.35363778     -3.65512826       
5                 0.04050000        -109.33154153     -1.83789786       
1                 0.04100000        -109.34116460     -8.90400220       
2                 0.04100000        -109.35039696     -6.58840223       
3                 0.04100000        -109.35029409     -5.84354885       
4                 0.04100000        -109.35363778     -3.70025330       
5                 0.04100000        -109.33154153     -1.86058734       
1                 0.04150000        -109.34116460     -9.01258819       
2                 0.04150000        -109.35039696     -6.66874860       
3                 0.04150000        -109.35029409     -5.91481164       
4                 0.04150000        -109.35363778     -3.74537834       
5                 0.04150000        -109.33154154     -1.88327683       
1                 0.04200000        -109.34116460     -9.12117417       
2                 0.04200000        -109.35039696     -6.74909497       
3                 0.04200000        -109.35029409     -5.98607443       
4                 0.04200000        -109.35363778     -3.79050338       
5                 0.04200000        -109.33154154     -1.90596633       
1                 0.04250000        -109.34116460     -9.22976015       
2                 0.04250000        -109.35039696     -6.82944134       
3                 0.04250000        -109.35029409     -6.05733723       
4                 0.04250000        -109.35363778     -3.83562842       
5                 0.04250000        -109.33154154     -1.92865583       
1                 0.04300000        -109.34116460     -9.33834612       
2                 0.04300000        -109.35039696     -6.90978771       
3                 0.04300000        -109.35029409     -6.12860002       
4                 0.04300000        -109.35363778     -3.88075346       
5                 0.04300000        -109.33154154     -1.95134535       
1                 0.04350000        -109.34116460     -9.44693209       
2                 0.04350000        -109.35039696     -6.99013408       
3                 0.04350000        -109.35029409     -6.19986281       
4                 0.04350000        -109.35363778     -3.92587850       
5                 0.04350000        -109.33154154     -1.97403486       
1                 0.04400000        -109.34116460     -9.55551805       
2                 0.04400000        -109.35039696     -7.07048044       
3                 0.04400000        -109.35029409     -6.27112560       
4                 0.04400000        -109.35363778     -3.97100354       
5                 0.04400000        -109.33154154     -1.99672439       
1                 0.04450000        -109.34116460     -9.66410400       
2                 0.04450000        -109.35039696     -7.15082681       
3                 0.04450000        -109.35029409     -6.34238839       
4                 0.04450000        -109.35363778     -4.01612858       
5                 0.04450000        -109.33154154     -2.01941391       
1                 0.04500000        -109.34116460     -9.77268995       
2                 0.04500000        -109.35039696     -7.23117318       
3                 0.04500000        -109.35029409     -6.41365118       
4                 0.04500000        -109.35363778     -4.06125362       
5                 0.04500000        -109.33154154     -2.04210345       
1                 0.04550000        -109.34116460     -9.88127589       
2                 0.04550000        -109.35039696     -7.31151955       
3                 0.04550000        -109.35029409     -6.48491397       
4                 0.04550000        -109.35363778     -4.10637866       
5                 0.04550000        -109.33154154     -2.06479299       
1                 0.04600000        -109.34116460     -9.98986182       
2                 0.04600000        -109.35039696     -7.39186592       
3                 0.04600000        -109.35029409     -6.55617676       
4                 0.04600000        -109.35363778     -4.15150370       
5                 0.04600000        -109.33154154     -2.08748254       
1                 0.04650000        -109.34116460     -10.09844776      
2                 0.04650000        -109.35039696     -7.47221229       
3                 0.04650000        -109.35029409     -6.62743955       
4                 0.04650000        -109.35363778     -4.19662874       
5                 0.04650000        -109.33154154     -2.11017209       
1                 0.04700000        -109.34116460     -10.20703368      
2                 0.04700000        -109.35039696     -7.55255866       
3                 0.04700000        -109.35029409     -6.69870234       
4                 0.04700000        -109.35363778     -4.24175378       
5                 0.04700000        -109.33154154     -2.13286164       
1                 0.04750000        -109.34116460     -10.31561960      
2                 0.04750000        -109.35039696     -7.63290503       
3                 0.04750000        -109.35029409     -6.76996513       
4                 0.04750000        -109.35363778     -4.28687882       
5                 0.04750000        -109.33154154     -2.15555120       
1                 0.04800000        -109.34116460     -10.42420552      
2                 0.04800000        -109.35039696     -7.71325139       
3                 0.04800000        -109.35029409     -6.84122793       
4                 0.04800000        -109.35363778     -4.33200386       
5                 0.04800000        -109.33154154     -2.17824077       
1                 0.04850000        -109.34116459     -10.53279143      
2                 0.04850000        -109.35039696     -7.79359776       
3                 0.04850000        -109.35029409     -6.91249072       
4                 0.04850000        -109.35363778     -4.37712890       
5                 0.04850000        -109.33154154     -2.20093034       
1                 0.04900000        -109.34116459     -10.64137734      
2                 0.04900000        -109.35039696     -7.87394413       
3                 0.04900000        -109.35029409     -6.98375351       
4                 0.04900000        -109.35363778     -4.42225394       
5                 0.04900000        -109.33154154     -2.22361991       
1                 0.04950000        -109.34116459     -10.74996324      
2                 0.04950000        -109.35039696     -7.95429050       
3                 0.04950000        -109.35029409     -7.05501630       
4                 0.04950000        -109.35363778     -4.46737898       
5                 0.04950000        -109.33154154     -2.24630949       
1                 0.05000000        -109.34116459     -10.85854914      
2                 0.05000000        -109.35039696     -8.03463687       
3                 0.05000000        -109.35029409     -7.12627909       
4                 0.05000000        -109.35363778     -4.51250402       
5                 0.05000000        -109.33154155     -2.26899908       
