/src/tsommerfeld/qchem/exe/qcprog.exe .naive_ee.inp.31863.qcin.1 /src/jdavis/qchem.scratch/qchem31863/

                  Welcome to Q-Chem
     A Quantum Leap Into The Future Of Chemistry


 Q-Chem 5.4 (devel), Q-Chem, Inc., Pleasanton, CA (2021)

 E. Epifanovsky,  A. T. B. Gilbert,  Xintian Feng,  Joonho Lee,  Yuezhi Mao,  
 N. Mardirossian,  P. Pokhilko,  A. White,  M. Wormit,  M. P. Coons,  
 A. L. Dempwolff,  Zhengting Gan,  D. Hait,  P. R. Horn,  L. D. Jacobson,  
 I. Kaliman,  J. Kussmann,  A. W. Lange,  Ka Un Lao,  D. S. Levine,  Jie Liu,  
 S. C. McKenzie,  A. F. Morrison,  K. Nanda,  F. Plasser,  D. R. Rehn,  
 M. L. Vidal,  Zhi-Qiang You,  Ying Zhu,  B. Alam,  B. Albrecht,  
 A. Aldossary,  E. Alguire,  J. H. Andersen,  D. Barton,  K. Begam,  A. Behn,  
 Y. A. Bernard,  E. J. Berquist,  H. Burton,  A. Carreras,  K. Carter-Fenk,  
 R. Chakraborty,  A. D. Chien,  K. D. Closser,  V. Cofer-Shabica,  
 S. Dasgupta,  Jia Deng,  M. de Wergifosse,  M. Diedenhofen,  Hainam Do,  
 S. Ehlert,  Po-Tung Fang,  S. Fatehi,  Qingguo Feng,  T. Friedhoff,  
 J. Gayvert,  Qinghui Ge,  G. Gidofalvi,  M. Goldey,  J. Gomes,  
 C. Gonzalez-Espinoza,  S. Gulania,  A. Gunina,  M. W. D. Hanson-Heine,  
 P. H. P. Harbach,  A. W. Hauser,  M. F. Herbst,  M. Hernandez Vera,  
 M. Hodecker,  Z. C. Holden,  S. Houck,  Xunkun Huang,  Kerwin Hui,  
 B. C. Huynh,  M. Ivanov,  Hyunjun Ji,  Hanjie Jiang,  B. Kaduk,  S. Kaehler,  
 K. Khistyaev,  Jaehoon Kim,  P. Klunzinger,  Z. Koczor-Benda,  
 Joong Hoon Koh,  D. Kosenkov,  L. Koulias,  T. Kowalczyk,  C. M. Krauter,  
 K. Kue,  A. Kunitsa,  T. Kus,  A. Landau,  K. V. Lawler,  D. Lefrancois,  
 S. Lehtola,  Rain Li,  Yi-Pei Li,  Jiashu Liang,  M. Liebenthal,  
 Hung-Hsuan Lin,  You-Sheng Lin,  Fenglai Liu,  Kuan-Yu Liu,  
 M. Loipersberger,  A. Luenser,  A. Manjanath,  P. Manohar,  E. Mansoor,  
 S. F. Manzer,  Shan-Ping Mao,  A. V. Marenich,  T. Markovich,  S. Mason,  
 S. A. Maurer,  P. F. McLaughlin,  M. F. S. J. Menger,  J.-M. Mewes,  
 S. A. Mewes,  P. Morgante,  J. W. Mullinax,  K. J. Oosterbaan,  G. Paran,  
 Alexander C. Paul,  Suranjan K. Paul,  F. Pavosevic,  Zheng Pei,  S. Prager,  
 E. I. Proynov,  E. Ramos,  B. Rana,  A. E. Rask,  A. Rettig,  R. M. Richard,  
 F. Rob,  E. Rossomme,  T. Scheele,  M. Scheurer,  M. Schneider,  
 N. Sergueev,  S. M. Sharada,  W. Skomorowski,  D. W. Small,  C. J. Stein,  
 Yu-Chuan Su,  E. J. Sundstrom,  Zhen Tao,  J. Thirman,  T. Tsuchimochi,  
 N. M. Tubman,  S. P. Veccham,  O. Vydrov,  J. Wenzel,  J. Witte,  A. Yamada,  
 Kun Yao,  S. Yeganeh,  S. R. Yost,  A. Zech,  Igor Ying Zhang,  Xing Zhang,  
 Yu Zhang,  D. Zuev,  A. Aspuru-Guzik,  A. T. Bell,  N. A. Besley,  
 K. B. Bravaya,  B. R. Brooks,  D. Casanova,  Jeng-Da Chai,  S. Coriani,  
 C. J. Cramer,  A. E. DePrince, III,  R. A. DiStasio Jr.,  A. Dreuw,  
 B. D. Dunietz,  T. R. Furlani,  W. A. Goddard III,  S. Grimme,  
 S. Hammes-Schiffer,  T. Head-Gordon,  W. J. Hehre,  Chao-Ping Hsu,  
 T.-C. Jagau,  Yousung Jung,  A. Klamt,  Jing Kong,  D. S. Lambrecht,  
 WanZhen Liang,  N. J. Mayhall,  C. W. McCurdy,  J. B. Neaton,  
 C. Ochsenfeld,  J. A. Parkhill,  R. Peverati,  V. A. Rassolov,  Yihan Shao,  
 L. V. Slipchenko,  T. Stauch,  R. P. Steele,  J. E. Subotnik,  
 A. J. W. Thom,  A. Tkatchenko,  D. G. Truhlar,  T. Van Voorhis,  
 T. A. Wesolowski,  K. B. Whaley,  H. L. Woodcock III,  P. M. Zimmerman,  
 S. Faraji,  P. M. W. Gill,  M. Head-Gordon,  J. M. Herbert,  A. I. Krylov

 Additional authors for Version 5.4.1: 
 S. Kotaru,  Shaozhi Li,  Xiangyuan Li,  F. Matz,  A. Molle,  Haisheng Ren,  
 Yingli Su,  Hung-Yi Tsai,  C. Utku,  Fang Wang

 Contributors to earlier versions of Q-Chem not listed above: 
 R. D. Adamson,  B. Austin,  R. Baer,  J. Baker,  G. J. O. Beran,  
 K. Brandhorst,  S. T. Brown,  E. F. C. Byrd,  A. K. Chakraborty,  
 G. K. L. Chan,  Chun-Min Chang,  Yunqing Chen,  C.-L. Cheng,  
 Siu Hung Chien,  D. M. Chipman,  D. L. Crittenden,  H. Dachsel,  
 R. J. Doerksen,  A. D. Dutoi,  R. G. Edgar,  J. Fosso-Tande,  
 L. Fusti-Molnar,  D. Ghosh,  A. Ghysels,  A. Golubeva-Zadorozhnaya,  
 J. Gonthier,  M. S. Gordon,  S. R. Gwaltney,  G. Hawkins,  J. E. Herr,  
 A. Heyden,  S. Hirata,  E. G. Hohenstein,  G. Kedziora,  F. J. Keil,  
 C. Kelley,  Jihan Kim,  R. A. King,  R. Z. Khaliullin,  P. P. Korambath,  
 W. Kurlancheek,  A. Laurent,  A. M. Lee,  M. S. Lee,  S. V. Levchenko,  
 Ching Yeh Lin,  D. Liotard,  E. Livshits,  R. C. Lochan,  I. Lotan,  
 L. A. Martinez-Martinez,  P. E. Maslen,  N. Nair,  D. P. O'Neill,  
 D. Neuhauser,  E. Neuscamman,  C. M. Oana,  R. Olivares-Amaya,  R. Olson,  
 T. M. Perrine,  B. Peters,  P. A. Pieniazek,  A. Prociuk,  Y. M. Rhee,  
 J. Ritchie,  M. A. Rohrdanz,  E. Rosta,  N. J. Russ,  H. F. Schaefer III,  
 M. W. Schmidt,  N. E. Schultz,  S. Sharma,  N. Shenvi,  C. D. Sherrill,  
 A. C. Simmonett,  A. Sodt,  T. Stein,  D. Stuck,  K. S. Thanthiriwatte,  
 V. Vanovschi,  L. Vogt,  Tao Wang,  A. Warshel,  M. A. Watson,  
 C. F. Williams,  Q. Wu,  X. Xu,  Jun Yang,  W. Zhang,  Yan Zhao

 Please cite Q-Chem as follows:
 Y. Shao et al., Mol. Phys. 113, 184-215 (2015)
 DOI: 10.1080/00268976.2014.952696

 Q-Chem 5.4.1 for Intel X86 EM64T Linux

 Parts of Q-Chem use Armadillo 9.900.5 (Nocturnal Misbehaviour).
 http://arma.sourceforge.net/

 Q-Chem begins on Tue Mar 22 17:58:43 2022  

 Host: node01
0

     Scratch files written to /src/jdavis/qchem.scratch/qchem31863//
 Processing $rem in /src/tsommerfeld/qchem/config/preferences:
 Processing $rem in /home/jdavis/.qchemrc:

 Checking the input file for inconsistencies... 	...done.

--------------------------------------------------------------
User input:
--------------------------------------------------------------
$molecule
-1 1
C        -0.6645000000    0.0000000000    1.1619088658
C         0.6645000000    0.0000000000    1.1619088658
H        -1.1590800000    0.0000000000    0.1995598658
H         1.1590800000    0.0000000000    0.1995598658
H        -1.1590800000    0.0000000000    2.1242568658
H         1.1590800000    0.0000000000    2.1242568658
O         0.0000000000    0.0000000000   -1.5841414040
H         0.0000000000    0.0000000000   -2.5471307683
$end
$rem
   METHOD adc(2)
   BASIS gen
   PURECART 11
   EE_STATES [0,0,0,10]
   scf_convergence 8
   ADC_DAVIDSON_MAXITER 120
   ADC_DAVIDSON_MAXSUBSPACE 200
   adc_nguess_singles 100
   THRESH 14
   S2THRESH 14
   adc_davidson_conv 5
   adc_davidson_thresh 14
   THREADS 10
   MEM_TOTAL 95000
   STATE_ANALYSIS TRUE
$end


$basis
C 1
S   9   1.00
      6.665000D+03           6.920000D-04
      1.000000D+03           5.329000D-03
      2.280000D+02           2.707700D-02
      6.471000D+01           1.017180D-01
      2.106000D+01           2.747400D-01
      7.495000D+00           4.485640D-01
      2.797000D+00           2.850740D-01
      5.215000D-01           1.520400D-02
      1.596000D-01          -3.191000D-03
S   9   1.00
      6.665000D+03          -1.460000D-04
      1.000000D+03          -1.154000D-03
      2.280000D+02          -5.725000D-03
      6.471000D+01          -2.331200D-02
      2.106000D+01          -6.395500D-02
      7.495000D+00          -1.499810D-01
      2.797000D+00          -1.272620D-01
      5.215000D-01           5.445290D-01
      1.596000D-01           5.804960D-01
S   1   1.00
      1.596000D-01           1.000000D+00
S   1   1.00
      0.0469000              1.0000000
P   4   1.00
      9.439000D+00           3.810900D-02
      2.002000D+00           2.094800D-01
      5.456000D-01           5.085570D-01
      1.517000D-01           4.688420D-01
P   1   1.00
      1.517000D-01           1.000000D+00
D   1   1.00
      5.500000D-01           1.0000000
****
C 2
S   9   1.00
      6.665000D+03           6.920000D-04
      1.000000D+03           5.329000D-03
      2.280000D+02           2.707700D-02
      6.471000D+01           1.017180D-01
      2.106000D+01           2.747400D-01
      7.495000D+00           4.485640D-01
      2.797000D+00           2.850740D-01
      5.215000D-01           1.520400D-02
      1.596000D-01          -3.191000D-03
S   9   1.00
      6.665000D+03          -1.460000D-04
      1.000000D+03          -1.154000D-03
      2.280000D+02          -5.725000D-03
      6.471000D+01          -2.331200D-02
      2.106000D+01          -6.395500D-02
      7.495000D+00          -1.499810D-01
      2.797000D+00          -1.272620D-01
      5.215000D-01           5.445290D-01
      1.596000D-01           5.804960D-01
S   1   1.00
      1.596000D-01           1.000000D+00
S   1   1.00
      0.0469000              1.0000000
P   4   1.00
      9.439000D+00           3.810900D-02
      2.002000D+00           2.094800D-01
      5.456000D-01           5.085570D-01
      1.517000D-01           4.688420D-01
P   1   1.00
      1.517000D-01           1.000000D+00
D   1   1.00
      5.500000D-01           1.0000000
****
H 3
cc-pVDZ
****
H 4
cc-pVDZ
****
H 5
cc-pVDZ
****
H 6
cc-pVDZ
****
O 7
aug-cc-pVDZ
****
H 8
cc-pVDZ
****
$end
--------------------------------------------------------------
 ----------------------------------------------------------------
             Standard Nuclear Orientation (Angstroms)
    I     Atom           X                Y                Z
 ----------------------------------------------------------------
    1      C      -0.6645000000    -0.0000000000     1.0270977517
    2      C       0.6645000000     0.0000000000     1.0270977517
    3      H      -1.1590800000    -0.0000000000     0.0647487517
    4      H       1.1590800000     0.0000000000     0.0647487517
    5      H      -1.1590800000    -0.0000000000     1.9894457517
    6      H       1.1590800000     0.0000000000     1.9894457517
    7      O       0.0000000000    -0.0000000000    -1.7189525181
    8      H       0.0000000000    -0.0000000000    -2.6819418824
 ----------------------------------------------------------------
 Molecular Point Group                 C2v   NOp =  4
 Largest Abelian Subgroup              C2v   NOp =  4
 Nuclear Repulsion Energy =          64.38561153 hartrees
 There are       13 alpha and       13 beta electrons
 Requested basis set is non-standard
 There are 38 shells and 78 basis functions
 Total memory of 95000 MB is distributed as follows: 
   MEM_STATIC is set to 192 MB
   QALLOC/CCMAN JOB total memory use is  94808 MB
 Warning: actual memory use might exceed 95000 MB

 Total QAlloc Memory Limit  95000 MB
 Mega-Array Size       188 MB
 MEM_STATIC part       192 MB

                       Distance Matrix (Angstroms)
             C (  1)   C (  2)   H (  3)   H (  4)   H (  5)   H (  6)
   C (  2)  1.329000
   H (  3)  1.082000  2.061931
   H (  4)  2.061931  1.082000  2.318160
   H (  5)  1.082000  2.061931  1.924697  3.013026
   H (  6)  2.061931  1.082000  3.013026  1.924697  2.318160
   O (  7)  2.825306  2.825306  2.127218  2.127218  3.885316  3.885316
   H (  8)  3.768094  3.768094  2.981237  2.981237  4.813037  4.813037
             O (  7)
   H (  8)  0.962989
 
 A cutoff of  1.0D-14 yielded    741 shell pairs
 There are      3157 function pairs (      3499 Cartesian)
 Smallest overlap matrix eigenvalue = 3.28E-03

 Scale SEOQF with 1.000000e-01/1.000000e-01/1.000000e-01

 Standard Electronic Orientation quadrupole field applied
 Nucleus-field energy     =    -0.0000000051 hartrees
 ================ Generating on-the-fly SAD Guess ================
Attempting to make child job directory: /src/jdavis/qchem.scratch/qchem31863//Frg1/
Attempting to make child job directory: /src/jdavis/qchem.scratch/qchem31863//Frg2/
Attempting to make child job directory: /src/jdavis/qchem.scratch/qchem31863//Frg3/
Creating input file /src/jdavis/qchem.scratch/qchem31863/Frg1.input
using default PutDataFrgm: nothing
calling putenv with: QCSCRATCH=/src/jdavis/qchem.scratch/qchem31863/ 
Spawning Job For Fragment 0
Done Job For Fragment 0
calling putenv with: QCSCRATCH=/src/jdavis/qchem.scratch 
calling putenv with: QCTHREADS=1 
Creating input file /src/jdavis/qchem.scratch/qchem31863/Frg2.input
using default PutDataFrgm: nothing
calling putenv with: QCSCRATCH=/src/jdavis/qchem.scratch/qchem31863/ 
Spawning Job For Fragment 1
Done Job For Fragment 1
calling putenv with: QCSCRATCH=/src/jdavis/qchem.scratch 
calling putenv with: QCTHREADS=1 
Creating input file /src/jdavis/qchem.scratch/qchem31863/Frg3.input
using default PutDataFrgm: nothing
calling putenv with: QCSCRATCH=/src/jdavis/qchem.scratch/qchem31863/ 
Spawning Job For Fragment 2
Done Job For Fragment 2
calling putenv with: QCSCRATCH=/src/jdavis/qchem.scratch 
calling putenv with: QCTHREADS=1 
 Time for running child jobs:  CPU 1.77 s  wall 81.15 s
 ============= Method Specific SAD Guess Constructed =============
 Guess from on-the-fly superposition of atomic densities
 Warning: Energy on first SCF cycle will be non-variational
 A restricted Hartree-Fock SCF calculation will be
 performed using Pulay DIIS extrapolation
 SCF converges when DIIS error is below 1.0E-08
 using 10 threads for integral computing
 -------------------------------------------------------
 OpenMP Integral computing Module                
 Release: version 1.0, May 2013, Q-Chem Inc. Pittsburgh 
 -------------------------------------------------------
 ---------------------------------------
  Cycle       Energy         DIIS Error
 ---------------------------------------
    1    -153.5707986763      6.89E-02
    2    -153.2870196984      1.41E-02
    3    -153.3541117912      1.17E-02
    4    -153.4366551703      8.47E-04
    5    -153.4374920913      2.34E-04
    6    -153.4375477953      3.88E-05
    7    -153.4375500838      9.56E-06
    8    -153.4375502462      2.54E-06
    9    -153.4375502616      7.48E-07
   10    -153.4375502631      1.88E-07
   11    -153.4375502632      4.31E-08
   12    -153.4375502632      1.10E-08
   13    -153.4375502632      3.17E-09 Convergence criterion met
 ---------------------------------------
 SCF time:  CPU 13.94 s  wall 1.40 s
 SCF   energy in the final basis set = -153.43755026
 Total energy in the final basis set = -153.43755026
================================================================================
|                                                                              |
|                                 A D C  M A N                                 |
|                                                                              |
 ------------------------------------------------------------------------------ 
|                                                                              |
| Components:                                                                  |
|                                                                              |
| - libvmm - 1.3-trunk                                                         |
|   Authors:                                                                   |
|   Evgeny Epifanovsky, Ilya Kaliman                                           |
|                                                                              |
| - libtensor - 2.5-trunk                                                      |
|   Authors:                                                                   |
|   Evgeny Epifanovsky, Michael Wormit, Dmitry Zuev, Sam Manzer,               |
|   Ilya Kaliman                                                               |
|                                                                              |
| - libwfa - 1.1-trunk                                                         |
|   Authors:                                                                   |
|   Felix Plasser, Stefanie Mewes (Baeppler), Benjamin Thomitzni,              |
|   Michael Wormit, Feng Chen, Anna I. Krylov, Pavel Pokhilko                  |
|                                                                              |
| - libadc - 1.1-trunk                                                         |
|   Authors:                                                                   |
|   Michael Wormit, Adrian L. Dempwolff, Philipp H. P. Harbach,                |
|   Caroline Krauter, Dirk Rehn, Matthias Schneider, Jan Wenzel                |
|                                                                              |
| - adcman - 2.6-trunk                                                         |
|   Authors:                                                                   |
|   Michael Wormit, Adrian L. Dempwolff, Philipp H. P. Harbach,                |
|   Caroline Krauter, Daniel Lefrancois, Jan-Michael Mewes, Dirk Rehn,         |
|   Matthias Schneider, Jan Wenzel, Andreas Dreuw                              |
|                                                                              |
| Authors of earlier versions of ADCMAN:                                       |
| Andreas Dreuw, Jan Hendrik Starcke, Dirk Rehn, Michael Wormit                |
|                                                                              |
================================================================================

 
 Alpha MOs, Restricted
 -- Occupied --                  
-20.211 -11.041 -11.039  -0.928  -0.847  -0.592  -0.467  -0.377
  1 A1    2 A1    1 B1    3 A1    4 A1    2 B1    5 A1    6 A1                 
 -0.322  -0.269  -0.190  -0.127  -0.126
  3 B1    7 A1    1 B2    4 B1    2 B2                                         
 -- Virtual --                   
  0.256   0.260   0.337   0.351   0.397   0.433   0.436   0.479
  5 B1    8 A1    9 A1    1 A2   10 A1    6 B1    3 B2    7 B1                 
  0.518   0.565   0.576   0.610   0.669   0.767   0.883   0.940
 11 A1   12 A1    8 B1   13 A1    9 B1   14 A1    4 B2   15 A1                 
  0.987   1.021   1.066   1.080   1.125   1.192   1.203   1.204
  2 A2   16 A1   10 B1   17 A1   11 B1   12 B1   18 A1    5 B2                 
  1.233   1.292   1.327   1.329   1.374   1.442   1.473   1.488
 19 A1    3 A2   13 B1   20 A1    6 B2   14 B1    7 B2    4 A2                 
  1.555   1.645   1.682   1.708   1.846   1.925   1.952   2.020
 15 B1   21 A1   16 B1    8 B2   22 A1   17 B1   23 A1    5 A2                 
  2.087   2.117   2.123   2.154   2.216   2.272   2.359   2.395
 24 A1   18 B1    9 B2   25 A1   10 B2   26 A1    6 A2   11 B2                 
  2.421   2.476   2.549   2.610   2.694   2.739   2.846   3.010
 19 B1   20 B1   27 A1    7 A2   21 B1   28 A1   22 B1   29 A1                 
  3.026   3.081   3.443   3.567   3.923   3.946   3.972   4.086
 30 A1   31 A1   23 B1   24 B1   12 B2    8 A2   32 A1   25 B1                 
  4.530
 33 A1                                                                         
 
 Beta MOs, Restricted
 -- Occupied --                  
-20.211 -11.041 -11.039  -0.928  -0.847  -0.592  -0.467  -0.377
  1 A1    2 A1    1 B1    3 A1    4 A1    2 B1    5 A1    6 A1                 
 -0.322  -0.269  -0.190  -0.127  -0.126
  3 B1    7 A1    1 B2    4 B1    2 B2                                         
 -- Virtual --                   
  0.256   0.260   0.337   0.351   0.397   0.433   0.436   0.479
  5 B1    8 A1    9 A1    1 A2   10 A1    6 B1    3 B2    7 B1                 
  0.518   0.565   0.576   0.610   0.669   0.767   0.883   0.940
 11 A1   12 A1    8 B1   13 A1    9 B1   14 A1    4 B2   15 A1                 
  0.987   1.021   1.066   1.080   1.125   1.192   1.203   1.204
  2 A2   16 A1   10 B1   17 A1   11 B1   12 B1   18 A1    5 B2                 
  1.233   1.292   1.327   1.329   1.374   1.442   1.473   1.488
 19 A1    3 A2   13 B1   20 A1    6 B2   14 B1    7 B2    4 A2                 
  1.555   1.645   1.682   1.708   1.846   1.925   1.952   2.020
 15 B1   21 A1   16 B1    8 B2   22 A1   17 B1   23 A1    5 A2                 
  2.087   2.117   2.123   2.154   2.216   2.272   2.359   2.395
 24 A1   18 B1    9 B2   25 A1   10 B2   26 A1    6 A2   11 B2                 
  2.421   2.476   2.549   2.610   2.694   2.739   2.846   3.010
 19 B1   20 B1   27 A1    7 A2   21 B1   28 A1   22 B1   29 A1                 
  3.026   3.081   3.443   3.567   3.923   3.946   3.972   4.086
 30 A1   31 A1   23 B1   24 B1   12 B2    8 A2   32 A1   25 B1                 
  4.530
 33 A1                                                                         

--------------------------------------------------------------------------------
                                   HF Summary                                   
--------------------------------------------------------------------------------
  Energy:                                                 -153.4375502632 a.u.
  Dip. moment [a.u.]:                  [  -0.000000,    0.000000,    2.101663]
  Total dipole [Debye]:                                               5.341895
  <r^2> [a.u.]:                        [  55.530577,   19.097625,  207.736626]
  Total <r^2> [a.u.]:                                               282.364829
--------------------------------------------------------------------------------

--------------------------------------------------------------------------------
                                 MP(2) Summary                                  
--------------------------------------------------------------------------------
  MP energy contribution:                                   -0.5263733633 a.u.
  Total energy:                                           -153.9639236265 a.u.
  Dip. moment [a.u.]:                  [   0.000000,    0.000000,    2.165626]
  Total dipole [Debye]:                                               5.504474
  <r^2> [a.u.]:                        [  56.436059,   19.759552,  208.865875]
  Total <r^2> [a.u.]:                                               285.061485

  Density matrix analysis:
  ------------------------
  NOs
    Occupation of frontier NOs:
       0.0453   1.9371
    Number of electrons: 26.000000
    Number of unpaired electrons: n_u =  0.70948, n_u,nl =  0.08438
    NO participation ratio (PR_NO): 22.913768
  
  
  Mulliken Population Analysis
  Atom      Charge (e)              h+              e-           Del q
  --------------------------------------------------------------------
   1 C       -0.143521        0.092047       -0.099127       -0.007081
   2 C       -0.143521        0.092047       -0.099127       -0.007081
   3 H        0.163466        0.015559       -0.007900        0.007659
   4 H        0.163466        0.015559       -0.007900        0.007659
   5 H       -0.018203        0.017555       -0.013111        0.004445
   6 H       -0.018203        0.017555       -0.013111        0.004445
   7 O       -1.053123        0.276561       -0.270519        0.006042
   8 H        0.049638        0.015662       -0.031749       -0.016087
  --------------------------------------------------------------------
  Sum:       -1.000000        0.542544       -0.542544       -0.000000
  
  Multipole moment analysis of the density matrix
    Molecular charge:                      -1.000000
    Number of electrons:                   26.000000
      Center of electronic charge [Ang]: [ -0.000000,  -0.000000,  -0.044077]
    Total nuclear charge:                  25.000000
      Center of nuclear charge [Ang]:    [  0.000000,   0.000000,  -0.000000]
    Dipole moment [D]:                     5.504473
      Cartesian components [D]:          [  0.000000,   0.000000,   5.504473]
    RMS size of the density [Ang]:         1.751646
      Cartesian components [Ang]:        [  0.779638,   0.461321,   1.499203]
  
  Exciton analysis of the difference density matrix
    <r_h> [Ang]:                  [  0.000000,  -0.000000,  -0.482613]
    <r_e> [Ang]:                  [ -0.000000,  -0.000000,  -0.545001]
    |<r_e - r_h>| [Ang]:            0.062388
    Hole size [Ang]:                1.900554
      Cartesian components [Ang]: [  0.821091,   0.709263,   1.560404]
    Electron size [Ang]:            2.222577
      Cartesian components [Ang]: [  1.068431,   0.919076,   1.718605]
--------------------------------------------------------------------------------
  Starting Davidson for singlet states of irrep B2 ... 
--------------------------------------------------------------------------------
   It NVec Conv  Avg. Norm  Max. Norm  Conv. states           Remark
--------------------------------------------------------------------------------
       100    0  1.603e-01  6.005e-01  0.2825 n n n n n n n n Guess.
    1  110    0  1.436e-02  6.881e-02  0.1287 n n n n n n n n 
    2  120    0  5.558e-03  4.441e-02  0.1279 n n n n n n n n 
    3  130    0  1.396e-03  1.182e-02  0.1279 n n n n n n n n 
    4  140    0  1.917e-04  1.655e-03  0.1279 n n n n n n n n 
    5  150    5  2.445e-05  2.133e-04  0.1279 y y y y y n n n 
    6  160    9  2.121e-06  1.866e-05  0.1279 y y y y y y y y 
    7  170   10  1.670e-07  1.460e-06  0.1279 y y y y y y y y Converged.
--------------------------------------------------------------------------------
  Davidson Summary: 
 ------------------------------------------------------------
  State  0: excitation energy =   0.1279 a.u.   (converged)
  State  1: excitation energy =   0.1704 a.u.   (converged)
  State  2: excitation energy =   0.1790 a.u.   (converged)
  State  3: excitation energy =   0.2534 a.u.   (converged)
  State  4: excitation energy =   0.2569 a.u.   (converged)
  State  5: excitation energy =   0.3262 a.u.   (converged)
  State  6: excitation energy =   0.3338 a.u.   (converged)
  State  7: excitation energy =   0.3473 a.u.   (converged)
  State  8: excitation energy =   0.3589 a.u.   (converged)
  State  9: excitation energy =   0.3811 a.u.   (converged)
 ------------------------------------------------------------


--------------------------------------------------------------------------------
                   State-averaged natural transition orbitals
--------------------------------------------------------------------------------
--------------------------------------------------------------------------------

--------------------------------------------------------------------------------
                             Excited State Summary
--------------------------------------------------------------------------------
--------------------------------------------------------------------------------

  Excited state 1 (singlet, B2)                                    [converged]
  ----------------------------------------------------------------------------
  Term symbol:  1 (1) B2                                    R^2 =  1.08915e-08

  Total energy:                                           -153.8360269426 a.u.
  Excitation energy:                                               3.480246 eV

  Osc. strength:                                                      0.046962
  Trans. dip. moment [a.u.]:           [   0.000000,    0.742143,    0.000000]
  <i|r^2|0> [a.u.]:                    [   0.000000,    0.000000,    0.000000]

  Dip. moment [a.u.]:                  [   0.000000,   -0.000000,    0.860784]
  Total dipole [Debye]:                                               2.187896
  <r^2> [a.u.]:                        [  63.137212,   25.446606,  220.144340]
  Total <r^2> [a.u.]:                                               308.728158

  V1^2 = 0.8893, V2^2 = 0.1107

  Important amplitudes:
      occ i      occ j       vir a       vir b          v   
    ---------------------------------------------------------
     2 (B2) A               8 (A1) A                 -0.5691
     2 (B2) A               9 (A1) A                  0.3298
    ---------------------------------------------------------

  Density matrix analysis:
  ------------------------
  NOs
    Occupation of frontier NOs:
       0.9653   0.9941
    Number of electrons: 26.000000
    Number of unpaired electrons: n_u =  2.71932, n_u,nl =  2.10496
    NO participation ratio (PR_NO):  3.795469
  
  
  Mulliken Population Analysis
  Atom      Charge (e)              h+              e-           Del q
  --------------------------------------------------------------------
   1 C       -0.517027        0.041788       -0.415294       -0.373506
   2 C       -0.517027        0.041788       -0.415294       -0.373506
   3 H        0.102119       -0.003696       -0.057651       -0.061347
   4 H        0.102119       -0.003696       -0.057651       -0.061347
   5 H        0.045788        0.019525        0.044465        0.063991
   6 H        0.045788        0.019525        0.044465        0.063991
   7 O       -0.945939        1.278346       -1.171162        0.107184
   8 H        0.684178        0.168847        0.465693        0.634540
  --------------------------------------------------------------------
  Sum:       -1.000000        1.562429       -1.562429       -0.000000
  
  Multipole moment analysis of the density matrix
    Molecular charge:                      -1.000000
    Number of electrons:                   26.000000
      Center of electronic charge [Ang]: [ -0.000000,   0.000000,  -0.017520]
    Total nuclear charge:                  25.000000
      Center of nuclear charge [Ang]:    [  0.000000,   0.000000,  -0.000000]
    Dipole moment [D]:                     2.187895
      Cartesian components [D]:          [  0.000000,  -0.000000,   2.187895]
    RMS size of the density [Ang]:         1.823402
      Cartesian components [Ang]:        [  0.824626,   0.523515,   1.539714]
  
  Exciton analysis of the difference density matrix
    <r_h> [Ang]:                  [ -0.000000,  -0.000000,  -1.556500]
    <r_e> [Ang]:                  [ -0.000000,   0.000000,  -1.114565]
    |<r_e - r_h>| [Ang]:            0.441935
    Hole size [Ang]:                1.638313
      Cartesian components [Ang]: [  0.783921,   0.864119,   1.150145]
    Electron size [Ang]:            2.847139
      Cartesian components [Ang]: [  1.347425,   1.328899,   2.127127]

  Transition density matrix analysis:
  -----------------------------------
  
  CT numbers (Mulliken)
    omega =     0.8716
    <Phe> =    -0.0093
  
  Exciton analysis of the transition density matrix
    Trans. dipole moment [D]:             0.943170
      Cartesian components [D]:         [  0.000000,   0.943170,   0.000000]
    <r_h> [Ang]:                        [  0.000000,  -0.000000,  -1.733897]
    <r_e> [Ang]:                        [ -0.000000,  -0.000000,  -1.044895]
    |<r_e - r_h>| [Ang]:                  0.689001
    Hole size [Ang]:                      1.096484
      Cartesian components [Ang]:       [  0.475394,   0.819071,   0.552630]
    Electron size [Ang]:                  3.346557
      Cartesian components [Ang]:       [  1.564148,   1.575296,   2.504262]
    RMS electron-hole separation [Ang]:   3.576524
      Cartesian components [Ang]:       [  1.634254,   1.771454,   2.642477]
    Covariance(r_h, r_e) [Ang^2]:         0.042461
    Correlation coefficient:              0.011572
    Center-of-mass size [Ang]:            1.766822
      Cartesian components [Ang]:       [  0.817670,   0.889778,   1.288942]

  Decomposition into state-averaged NTOs
    H- 0 -> L+ 0:  0.5583 ( 62.3%)
    H- 0 -> L+ 2:  0.3313 ( 21.9%)
    H- 0 -> L+ 5: -0.0957 (  1.8%)
                   omega =  87.2%
  ----------------------------------------------------------------------------


  Excited state 2 (singlet, B2)                                    [converged]
  ----------------------------------------------------------------------------
  Term symbol:  2 (1) B2                                    R^2 =  9.31974e-09

  Total energy:                                           -153.7935537661 a.u.
  Excitation energy:                                               4.636000 eV

  Osc. strength:                                                      0.008213
  Trans. dip. moment [a.u.]:           [  -0.000000,   -0.268913,   -0.000000]
  <i|r^2|0> [a.u.]:                    [   0.000000,    0.000000,   -0.000000]

  Dip. moment [a.u.]:                  [   0.000000,   -0.000000,   -0.125853]
  Total dipole [Debye]:                                               0.319886
  <r^2> [a.u.]:                        [  61.492432,   26.385965,  217.633481]
  Total <r^2> [a.u.]:                                               305.511878

  V1^2 = 0.8898, V2^2 = 0.1102

  Important amplitudes:
      occ i      occ j       vir a       vir b          v   
    ---------------------------------------------------------
     2 (B2) A               9 (A1) A                 -0.5705
     2 (B2) A               8 (A1) A                 -0.3282
    ---------------------------------------------------------

  Density matrix analysis:
  ------------------------
  NOs
    Occupation of frontier NOs:
       0.9668   0.9942
    Number of electrons: 26.000000
    Number of unpaired electrons: n_u =  2.71952, n_u,nl =  2.10425
    NO participation ratio (PR_NO):  3.790369
  
  
  Mulliken Population Analysis
  Atom      Charge (e)              h+              e-           Del q
  --------------------------------------------------------------------
   1 C       -0.419219        0.053782       -0.329480       -0.275698
   2 C       -0.419219        0.053782       -0.329480       -0.275698
   3 H        0.182402       -0.002147        0.021083        0.018936
   4 H        0.182402       -0.002147        0.021083        0.018936
   5 H        0.023384        0.017815        0.023772        0.041587
   6 H        0.023384        0.017815        0.023772        0.041587
   7 O       -1.066840        1.278148       -1.291865       -0.013717
   8 H        0.493705        0.156789        0.287279        0.444067
  --------------------------------------------------------------------
  Sum:       -1.000000        1.573837       -1.573837       -0.000000
  
  Multipole moment analysis of the density matrix
    Molecular charge:                      -1.000000
    Number of electrons:                   26.000000
      Center of electronic charge [Ang]: [ -0.000000,   0.000000,   0.002561]
    Total nuclear charge:                  25.000000
      Center of nuclear charge [Ang]:    [  0.000000,   0.000000,  -0.000000]
    Dipole moment [D]:                     0.319886
      Cartesian components [D]:          [  0.000000,  -0.000000,  -0.319886]
    RMS size of the density [Ang]:         1.813962
      Cartesian components [Ang]:        [  0.813814,   0.533091,   1.531005]
  
  Exciton analysis of the difference density matrix
    <r_h> [Ang]:                  [ -0.000000,  -0.000000,  -1.513291]
    <r_e> [Ang]:                  [ -0.000000,   0.000000,  -0.742818]
    |<r_e - r_h>| [Ang]:            0.770473
    Hole size [Ang]:                1.655762
      Cartesian components [Ang]: [  0.784025,   0.860783,   1.177246]
    Electron size [Ang]:            2.849299
      Cartesian components [Ang]: [  1.230594,   1.385628,   2.164295]

  Transition density matrix analysis:
  -----------------------------------
  
  CT numbers (Mulliken)
    omega =     0.8714
    <Phe> =    -0.0051
  
  Exciton analysis of the transition density matrix
    Trans. dipole moment [D]:             0.341754
      Cartesian components [D]:         [ -0.000000,  -0.341754,  -0.000000]
    <r_h> [Ang]:                        [  0.000000,  -0.000000,  -1.728588]
    <r_e> [Ang]:                        [ -0.000000,  -0.000000,  -0.500813]
    |<r_e - r_h>| [Ang]:                  1.227775
    Hole size [Ang]:                      1.102861
      Cartesian components [Ang]:       [  0.475586,   0.818264,   0.566184]
    Electron size [Ang]:                  3.335059
      Cartesian components [Ang]:       [  1.401594,   1.655042,   2.533573]
    RMS electron-hole separation [Ang]:   3.707024
      Cartesian components [Ang]:       [  1.479525,   1.844803,   2.854774]
    Covariance(r_h, r_e) [Ang^2]:         0.052165
    Correlation coefficient:              0.014183
    Center-of-mass size [Ang]:            1.763750
      Cartesian components [Ang]:       [  0.740321,   0.923870,   1.307365]

  Decomposition into state-averaged NTOs
    H- 0 -> L+ 1: -0.5460 ( 59.6%)
    H- 0 -> L+ 2: -0.2736 ( 15.0%)
    H- 0 -> L+ 0:  0.2112 (  8.9%)
    H- 0 -> L+ 5:  0.0954 (  1.8%)
    H- 0 -> L+ 4: -0.0869 (  1.5%)
                   omega =  87.1%
  ----------------------------------------------------------------------------


  Excited state 3 (singlet, B2)                                    [converged]
  ----------------------------------------------------------------------------
  Term symbol:  3 (1) B2                                    R^2 =  5.67652e-09

  Total energy:                                           -153.7848888698 a.u.
  Excitation energy:                                               4.871783 eV

  Osc. strength:                                                      0.000022
  Trans. dip. moment [a.u.]:           [  -0.000000,   -0.013648,   -0.000000]
  <i|r^2|0> [a.u.]:                    [  -0.000000,    0.000000,   -0.000000]

  Dip. moment [a.u.]:                  [   0.000000,   -0.000000,   -2.717774]
  Total dipole [Debye]:                                               6.907893
  <r^2> [a.u.]:                        [  58.344499,   21.074869,  200.650368]
  Total <r^2> [a.u.]:                                               280.069736

  V1^2 = 0.8676, V2^2 = 0.1324

  Important amplitudes:
      occ i      occ j       vir a       vir b          v   
    ---------------------------------------------------------
     4 (B1) A               1 (A2) A                 -0.6565
     4 (B1) A   2 (B2) B    1 (A2) A    3 (B2) B     -0.0459
    ---------------------------------------------------------

  Density matrix analysis:
  ------------------------
  NOs
    Occupation of frontier NOs:
       0.9670   1.0005
    Number of electrons: 26.000000
    Number of unpaired electrons: n_u =  2.69276, n_u,nl =  2.09252
    NO participation ratio (PR_NO):  3.701360
  
  
  Mulliken Population Analysis
  Atom      Charge (e)              h+              e-           Del q
  --------------------------------------------------------------------
   1 C       -0.492032        0.165602       -0.514114       -0.348512
   2 C       -0.492032        0.165602       -0.514114       -0.348512
   3 H        0.062641       -0.004365       -0.096460       -0.100825
   4 H        0.062641       -0.004365       -0.096460       -0.100825
   5 H       -0.055515        0.013749       -0.051062       -0.037313
   6 H       -0.055515        0.013749       -0.051062       -0.037313
   7 O       -0.167076        1.309884       -0.423837        0.886047
   8 H        0.136889        0.106790       -0.019538        0.087252
  --------------------------------------------------------------------
  Sum:       -1.000000        1.766645       -1.766645        0.000000
  
  Multipole moment analysis of the density matrix
    Molecular charge:                      -1.000000
    Number of electrons:                   26.000000
      Center of electronic charge [Ang]: [ -0.000000,   0.000000,   0.055315]
    Total nuclear charge:                  25.000000
      Center of nuclear charge [Ang]:    [  0.000000,   0.000000,  -0.000000]
    Dipole moment [D]:                     6.907891
      Cartesian components [D]:          [  0.000000,  -0.000000,  -6.907891]
    RMS size of the density [Ang]:         1.735910
      Cartesian components [Ang]:        [  0.792710,   0.476428,   1.469017]
  
  Exciton analysis of the difference density matrix
    <r_h> [Ang]:                  [  0.000000,  -0.000000,  -1.203023]
    <r_e> [Ang]:                  [ -0.000000,  -0.000000,   0.259741]
    |<r_e - r_h>| [Ang]:            1.462764
    Hole size [Ang]:                1.768293
      Cartesian components [Ang]: [  0.885443,   0.697811,   1.362319]
    Electron size [Ang]:            1.927544
      Cartesian components [Ang]: [  1.042359,   0.833924,   1.390497]

  Transition density matrix analysis:
  -----------------------------------
  
  CT numbers (Mulliken)
    omega =     0.8352
    <Phe> =    -0.0013
  
  Exciton analysis of the transition density matrix
    Trans. dipole moment [D]:             0.017344
      Cartesian components [D]:         [ -0.000000,  -0.017344,  -0.000000]
    <r_h> [Ang]:                        [ -0.000000,   0.000000,  -1.663916]
    <r_e> [Ang]:                        [ -0.000000,   0.000000,   1.025238]
    |<r_e - r_h>| [Ang]:                  2.689154
    Hole size [Ang]:                      1.203994
      Cartesian components [Ang]:       [  0.819030,   0.466713,   0.748980]
    Electron size [Ang]:                  1.484617
      Cartesian components [Ang]:       [  1.061255,   0.889518,   0.535335]
    RMS electron-hole separation [Ang]:   3.296421
      Cartesian components [Ang]:       [  1.334879,   1.003959,   2.841928]
    Covariance(r_h, r_e) [Ang^2]:         0.009425
    Correlation coefficient:              0.005273
    Center-of-mass size [Ang]:            0.958194
      Cartesian components [Ang]:       [  0.673098,   0.502542,   0.461005]

  Decomposition into state-averaged NTOs
    H- 3 -> L+ 3: -0.6352 ( 80.7%)
    H- 2 -> L+ 3:  0.1165 (  2.7%)
                   omega =  83.5%
  ----------------------------------------------------------------------------


  Excited state 4 (singlet, B2)                                    [converged]
  ----------------------------------------------------------------------------
  Term symbol:  4 (1) B2                                    R^2 =  2.23095e-08

  Total energy:                                           -153.7104926989 a.u.
  Excitation energy:                                               6.896206 eV

  Osc. strength:                                                      0.066803
  Trans. dip. moment [a.u.]:           [  -0.000000,   -0.628801,    0.000000]
  <i|r^2|0> [a.u.]:                    [   0.000000,    0.000000,    0.000000]

  Dip. moment [a.u.]:                  [   0.000000,   -0.000000,   -2.465172]
  Total dipole [Debye]:                                               6.265843
  <r^2> [a.u.]:                        [  62.345873,   21.591075,  213.428976]
  Total <r^2> [a.u.]:                                               297.365924

  V1^2 = 0.8895, V2^2 = 0.1105

  Important amplitudes:
      occ i      occ j       vir a       vir b          v   
    ---------------------------------------------------------
     2 (B2) A              10 (A1) A                 -0.5962
     1 (B2) A               8 (A1) A                  0.2589
    ---------------------------------------------------------

  Density matrix analysis:
  ------------------------
  NOs
    Occupation of frontier NOs:
       0.8454   1.1093
    Number of electrons: 26.000000
    Number of unpaired electrons: n_u =  2.79886, n_u,nl =  2.24196
    NO participation ratio (PR_NO):  4.896925
  
  
  Mulliken Population Analysis
  Atom      Charge (e)              h+              e-           Del q
  --------------------------------------------------------------------
   1 C       -0.122890        0.140819       -0.120188        0.020631
   2 C       -0.122890        0.140819       -0.120188        0.020631
   3 H        0.111142       -0.005120       -0.047203       -0.052324
   4 H        0.111142       -0.005120       -0.047203       -0.052324
   5 H       -0.340941        0.026116       -0.348855       -0.322738
   6 H       -0.340941        0.026116       -0.348855       -0.322738
   7 O       -0.410158        1.097704       -0.454739        0.642965
   8 H        0.115536        0.097286       -0.031388        0.065898
  --------------------------------------------------------------------
  Sum:       -1.000000        1.518620       -1.518620       -0.000000
  
  Multipole moment analysis of the density matrix
    Molecular charge:                      -1.000000
    Number of electrons:                   26.000000
      Center of electronic charge [Ang]: [ -0.000000,   0.000000,   0.050174]
    Total nuclear charge:                  25.000000
      Center of nuclear charge [Ang]:    [  0.000000,   0.000000,  -0.000000]
    Dipole moment [D]:                     6.265841
      Cartesian components [D]:          [  0.000000,  -0.000000,  -6.265841]
    RMS size of the density [Ang]:         1.788913
      Cartesian components [Ang]:        [  0.819442,   0.482227,   1.515316]
  
  Exciton analysis of the difference density matrix
    <r_h> [Ang]:                  [  0.000000,  -0.000000,  -1.132883]
    <r_e> [Ang]:                  [ -0.000000,   0.000000,   0.480762]
    |<r_e - r_h>| [Ang]:            1.613645
    Hole size [Ang]:                1.868961
      Cartesian components [Ang]: [  0.792984,   0.835643,   1.471697]
    Electron size [Ang]:            2.610403
      Cartesian components [Ang]: [  1.310944,   1.017854,   2.014846]

  Transition density matrix analysis:
  -----------------------------------
  
  CT numbers (Mulliken)
    omega =     0.8680
    <Phe> =    -0.0057
  
  Exciton analysis of the transition density matrix
    Trans. dipole moment [D]:             0.799126
      Cartesian components [D]:         [ -0.000000,  -0.799126,   0.000000]
    <r_h> [Ang]:                        [  0.000000,  -0.000000,  -1.204536]
    <r_e> [Ang]:                        [ -0.000000,   0.000000,   1.324493]
    |<r_e - r_h>| [Ang]:                  2.529029
    Hole size [Ang]:                      1.564643
      Cartesian components [Ang]:       [  0.534989,   0.817172,   1.222344]
    Electron size [Ang]:                  2.620293
      Cartesian components [Ang]:       [  1.494040,   1.172359,   1.805368]
    RMS electron-hole separation [Ang]:   3.866103
      Cartesian components [Ang]:       [  1.584664,   1.427278,   3.224666]
    Covariance(r_h, r_e) [Ang^2]:         0.381637
    Correlation coefficient:              0.093086
    Center-of-mass size [Ang]:            1.587239
      Cartesian components [Ang]:       [  0.794603,   0.715414,   1.173080]

  Decomposition into state-averaged NTOs
    H- 0 -> L+ 2:  0.4094 ( 33.5%)
    H- 0 -> L+ 1: -0.3171 ( 20.1%)
    H- 0 -> L+ 0: -0.2504 ( 12.5%)
    H- 1 -> L+ 0: -0.1870 (  7.0%)
    H- 1 -> L+ 1:  0.1785 (  6.4%)
    H- 0 -> L+ 4:  0.1492 (  4.5%)
    H- 1 -> L+ 2: -0.0965 (  1.9%)
                   omega =  86.8%
  ----------------------------------------------------------------------------


  Excited state 5 (singlet, B2)                                    [converged]
  ----------------------------------------------------------------------------
  Term symbol:  5 (1) B2                                    R^2 =  1.49039e-08

  Total energy:                                           -153.7070175640 a.u.
  Excitation energy:                                               6.990769 eV

  Osc. strength:                                                      0.057881
  Trans. dip. moment [a.u.]:           [   0.000000,   -0.581335,   -0.000000]
  <i|r^2|0> [a.u.]:                    [  -0.000000,   -0.000000,   -0.000000]

  Dip. moment [a.u.]:                  [   0.000000,   -0.000000,    0.271980]
  Total dipole [Debye]:                                               0.691305
  <r^2> [a.u.]:                        [  62.104473,   25.999931,  218.230500]
  Total <r^2> [a.u.]:                                               306.334904

  V1^2 = 0.9412, V2^2 = 0.0588

  Important amplitudes:
      occ i      occ j       vir a       vir b          v   
    ---------------------------------------------------------
     1 (B2) A               8 (A1) A                  0.6118
     2 (B2) A              10 (A1) A                  0.2426
    ---------------------------------------------------------

  Density matrix analysis:
  ------------------------
  NOs
    Occupation of frontier NOs:
       0.8455   1.1276
    Number of electrons: 26.000000
    Number of unpaired electrons: n_u =  2.68599, n_u,nl =  2.20151
    NO participation ratio (PR_NO):  4.629451
  
  
  Mulliken Population Analysis
  Atom      Charge (e)              h+              e-           Del q
  --------------------------------------------------------------------
   1 C       -0.330041        0.441217       -0.627737       -0.186520
   2 C       -0.330041        0.441217       -0.627737       -0.186520
   3 H        0.230640        0.036958        0.030216        0.067174
   4 H        0.230640        0.036958        0.030216        0.067174
   5 H       -0.018321        0.062176       -0.062294       -0.000118
   6 H       -0.018321        0.062176       -0.062294       -0.000118
   7 O       -0.862482        0.249917       -0.059275        0.190642
   8 H        0.097924        0.035335        0.012952        0.048287
  --------------------------------------------------------------------
  Sum:       -1.000000        1.365953       -1.365953        0.000000
  
  Multipole moment analysis of the density matrix
    Molecular charge:                      -1.000000
    Number of electrons:                   26.000000
      Center of electronic charge [Ang]: [ -0.000000,   0.000000,  -0.005536]
    Total nuclear charge:                  25.000000
      Center of nuclear charge [Ang]:    [  0.000000,   0.000000,  -0.000000]
    Dipole moment [D]:                     0.691305
      Cartesian components [D]:          [  0.000000,  -0.000000,   0.691305]
    RMS size of the density [Ang]:         1.816397
      Cartesian components [Ang]:        [  0.817854,   0.529177,   1.533096]
  
  Exciton analysis of the difference density matrix
    <r_h> [Ang]:                  [ -0.000000,  -0.000000,   0.471862]
    <r_e> [Ang]:                  [ -0.000000,   0.000000,   1.205470]
    |<r_e - r_h>| [Ang]:            0.733608
    Hole size [Ang]:                1.902496
      Cartesian components [Ang]: [  0.937250,   0.835326,   1.429435]
    Electron size [Ang]:            2.598108
      Cartesian components [Ang]: [  1.428459,   1.406088,   1.653053]

  Transition density matrix analysis:
  -----------------------------------
  
  CT numbers (Mulliken)
    omega =     0.9124
    <Phe> =    -0.0105
  
  Exciton analysis of the transition density matrix
    Trans. dipole moment [D]:             0.738803
      Cartesian components [D]:         [  0.000000,  -0.738803,  -0.000000]
    <r_h> [Ang]:                        [  0.000000,  -0.000000,   0.556861]
    <r_e> [Ang]:                        [ -0.000000,  -0.000000,   1.572929]
    |<r_e - r_h>| [Ang]:                  1.016068
    Hole size [Ang]:                      1.591253
      Cartesian components [Ang]:       [  0.708788,   0.839326,   1.151189]
    Electron size [Ang]:                  2.778564
      Cartesian components [Ang]:       [  1.594667,   1.624165,   1.593595]
    RMS electron-hole separation [Ang]:   3.341288
      Cartesian components [Ang]:       [  1.738318,   1.825305,   2.193334]
    Covariance(r_h, r_e) [Ang^2]:         0.060346
    Correlation coefficient:              0.013649
    Center-of-mass size [Ang]:            1.610372
      Cartesian components [Ang]:       [  0.875919,   0.915562,   0.993887]

  Decomposition into state-averaged NTOs
    H- 1 -> L+ 0: -0.4808 ( 46.2%)
    H- 1 -> L+ 1:  0.3571 ( 25.5%)
    H- 0 -> L+ 2: -0.1696 (  5.8%)
    H- 1 -> L+ 2: -0.1639 (  5.4%)
    H- 0 -> L+ 1:  0.1602 (  5.1%)
    H- 0 -> L+ 0:  0.0878 (  1.5%)
    H- 0 -> L+ 4: -0.0779 (  1.2%)
                   omega =  91.2%
  ----------------------------------------------------------------------------


  Excited state 6 (singlet, B2)                                    [converged]
  ----------------------------------------------------------------------------
  Term symbol:  6 (1) B2                                    R^2 =  5.07394e-07

  Total energy:                                           -153.6377010865 a.u.
  Excitation energy:                                               8.876967 eV

  Osc. strength:                                                      0.018555
  Trans. dip. moment [a.u.]:           [  -0.000000,   -0.292093,    0.000000]
  <i|r^2|0> [a.u.]:                    [   0.000000,   -0.000000,    0.000000]

  Dip. moment [a.u.]:                  [  -0.000000,   -0.000000,   -0.808951]
  Total dipole [Debye]:                                               2.056149
  <r^2> [a.u.]:                        [  60.798241,   20.693331,  206.665337]
  Total <r^2> [a.u.]:                                               288.156908

  V1^2 = 0.9017, V2^2 = 0.0983

  Important amplitudes:
      occ i      occ j       vir a       vir b          v   
    ---------------------------------------------------------
     2 (B2) A              11 (A1) A                  0.6360
     2 (B2) A              10 (A1) A                  0.1190
    ---------------------------------------------------------

  Density matrix analysis:
  ------------------------
  NOs
    Occupation of frontier NOs:
       0.9605   0.9988
    Number of electrons: 26.000000
    Number of unpaired electrons: n_u =  2.76321, n_u,nl =  2.12053
    NO participation ratio (PR_NO):  3.910194
  
  
  Mulliken Population Analysis
  Atom      Charge (e)              h+              e-           Del q
  --------------------------------------------------------------------
   1 C       -0.060633        0.057371        0.025517        0.082888
   2 C       -0.060633        0.057371        0.025517        0.082888
   3 H       -0.126319       -0.005940       -0.283845       -0.289785
   4 H       -0.126319       -0.005940       -0.283845       -0.289785
   5 H       -0.094583        0.010399       -0.086780       -0.076381
   6 H       -0.094583        0.010399       -0.086780       -0.076381
   7 O       -0.556804        1.239383       -0.743063        0.496320
   8 H        0.119873        0.096862       -0.026627        0.070236
  --------------------------------------------------------------------
  Sum:       -1.000000        1.459906       -1.459906       -0.000000
  
  Multipole moment analysis of the density matrix
    Molecular charge:                      -1.000000
    Number of electrons:                   26.000000
      Center of electronic charge [Ang]: [  0.000000,   0.000000,   0.016465]
    Total nuclear charge:                  25.000000
      Center of nuclear charge [Ang]:    [  0.000000,   0.000000,  -0.000000]
    Dipole moment [D]:                     2.056148
      Cartesian components [D]:          [ -0.000000,  -0.000000,  -2.056148]
    RMS size of the density [Ang]:         1.761611
      Cartesian components [Ang]:        [  0.809208,   0.472095,   1.491839]
  
  Exciton analysis of the difference density matrix
    <r_h> [Ang]:                  [  0.000000,  -0.000000,  -1.517331]
    <r_e> [Ang]:                  [  0.000000,  -0.000000,  -0.439126]
    |<r_e - r_h>| [Ang]:            1.078205
    Hole size [Ang]:                1.577239
      Cartesian components [Ang]: [  0.754413,   0.845510,   1.097112]
    Electron size [Ang]:            2.278351
      Cartesian components [Ang]: [  1.185690,   0.945515,   1.700302]

  Transition density matrix analysis:
  -----------------------------------
  
  CT numbers (Mulliken)
    omega =     0.8792
    <Phe> =    -0.0067
  
  Exciton analysis of the transition density matrix
    Trans. dipole moment [D]:             0.371213
      Cartesian components [D]:         [ -0.000000,  -0.371213,   0.000000]
    <r_h> [Ang]:                        [ -0.000000,  -0.000000,  -1.647633]
    <r_e> [Ang]:                        [  0.000000,  -0.000000,  -0.074301]
    |<r_e - r_h>| [Ang]:                  1.573333
    Hole size [Ang]:                      1.197507
      Cartesian components [Ang]:       [  0.504964,   0.803908,   0.729909]
    Electron size [Ang]:                  2.414566
      Cartesian components [Ang]:       [  1.304390,   1.034844,   1.748655]
    RMS electron-hole separation [Ang]:   3.085504
      Cartesian components [Ang]:       [  1.396623,   1.309807,   2.419542]
    Covariance(r_h, r_e) [Ang^2]:         0.109597
    Correlation coefficient:              0.037904
    Center-of-mass size [Ang]:            1.367785
      Cartesian components [Ang]:       [  0.700408,   0.655505,   0.974976]

  Decomposition into state-averaged NTOs
    H- 0 -> L+ 5: -0.4531 ( 41.1%)
    H- 0 -> L+ 4:  0.4130 ( 34.1%)
    H- 0 -> L+ 2: -0.2191 (  9.6%)
    H- 2 -> L+ 3:  0.1128 (  2.5%)
                   omega =  87.9%
  ----------------------------------------------------------------------------


  Excited state 7 (singlet, B2)                                    [converged]
  ----------------------------------------------------------------------------
  Term symbol:  7 (1) B2                                    R^2 =  1.39509e-07

  Total energy:                                           -153.6300873532 a.u.
  Excitation energy:                                               9.084147 eV

  Osc. strength:                                                      0.011048
  Trans. dip. moment [a.u.]:           [   0.000000,    0.222805,   -0.000000]
  <i|r^2|0> [a.u.]:                    [   0.000000,    0.000000,   -0.000000]

  Dip. moment [a.u.]:                  [   0.000000,    0.000000,    1.966688]
  Total dipole [Debye]:                                               4.998824
  <r^2> [a.u.]:                        [  56.672840,   21.637449,  207.734923]
  Total <r^2> [a.u.]:                                               286.045212

  V1^2 = 0.9490, V2^2 = 0.0510

  Important amplitudes:
      occ i      occ j       vir a       vir b          v   
    ---------------------------------------------------------
     3 (B1) A               1 (A2) A                  0.6427
     1 (B2) A              10 (A1) A                  0.1789
    ---------------------------------------------------------

  Density matrix analysis:
  ------------------------
  NOs
    Occupation of frontier NOs:
       0.8897   1.1234
    Number of electrons: 26.000000
    Number of unpaired electrons: n_u =  2.67699, n_u,nl =  2.13431
    NO participation ratio (PR_NO):  4.446323
  
  
  Mulliken Population Analysis
  Atom      Charge (e)              h+              e-           Del q
  --------------------------------------------------------------------
   1 C       -0.339959        0.250690       -0.447128       -0.196438
   2 C       -0.339959        0.250690       -0.447128       -0.196438
   3 H        0.253017        0.116041       -0.026490        0.089551
   4 H        0.253017        0.116041       -0.026490        0.089551
   5 H        0.067428        0.121932       -0.036302        0.085630
   6 H        0.067428        0.121932       -0.036302        0.085630
   7 O       -1.025186        0.071460       -0.043523        0.027937
   8 H        0.064214        0.007884        0.006693        0.014576
  --------------------------------------------------------------------
  Sum:       -1.000000        1.056671       -1.056671        0.000000
  
  Multipole moment analysis of the density matrix
    Molecular charge:                      -1.000000
    Number of electrons:                   26.000000
      Center of electronic charge [Ang]: [ -0.000000,  -0.000000,  -0.040028]
    Total nuclear charge:                  25.000000
      Center of nuclear charge [Ang]:    [  0.000000,   0.000000,  -0.000000]
    Dipole moment [D]:                     4.998823
      Cartesian components [D]:          [  0.000000,   0.000000,   4.998823]
    RMS size of the density [Ang]:         1.754764
      Cartesian components [Ang]:        [  0.781271,   0.482745,   1.495249]
  
  Exciton analysis of the difference density matrix
    <r_h> [Ang]:                  [ -0.000000,  -0.000000,   0.801208]
    <r_e> [Ang]:                  [ -0.000000,   0.000000,   0.900835]
    |<r_e - r_h>| [Ang]:            0.099627
    Hole size [Ang]:                1.666514
      Cartesian components [Ang]: [  1.069848,   0.529075,   1.163087]
    Electron size [Ang]:            1.693634
      Cartesian components [Ang]: [  1.098783,   0.881806,   0.939940]

  Transition density matrix analysis:
  -----------------------------------
  
  CT numbers (Mulliken)
    omega =     0.9171
    <Phe> =    -0.0126
  
  Exciton analysis of the transition density matrix
    Trans. dipole moment [D]:             0.283157
      Cartesian components [D]:         [  0.000000,   0.283157,  -0.000000]
    <r_h> [Ang]:                        [ -0.000000,  -0.000000,   0.880152]
    <r_e> [Ang]:                        [ -0.000000,   0.000000,   0.979905]
    |<r_e - r_h>| [Ang]:                  0.099753
    Hole size [Ang]:                      1.584497
      Cartesian components [Ang]:       [  1.080509,   0.483861,   1.053096]
    Electron size [Ang]:                  1.646596
      Cartesian components [Ang]:       [  1.108528,   0.895237,   0.825224]
    RMS electron-hole separation [Ang]:   2.220876
      Cartesian components [Ang]:       [  1.527808,   1.016933,   1.250575]
    Covariance(r_h, r_e) [Ang^2]:         0.149785
    Correlation coefficient:              0.057410
    Center-of-mass size [Ang]:            1.174891
      Cartesian components [Ang]:       [  0.783975,   0.509163,   0.711692]

  Decomposition into state-averaged NTOs
    H- 2 -> L+ 3:  0.6266 ( 78.5%)
    H- 1 -> L+ 0:  0.1432 (  4.1%)
    H- 1 -> L+ 1:  0.1254 (  3.1%)
    H- 3 -> L+ 3:  0.1044 (  2.2%)
    H- 0 -> L+ 4: -0.0797 (  1.3%)
    H- 1 -> L+ 2: -0.0725 (  1.1%)
                   omega =  91.7%
  ----------------------------------------------------------------------------


  Excited state 8 (singlet, B2)                                    [converged]
  ----------------------------------------------------------------------------
  Term symbol:  8 (1) B2                                    R^2 =  1.19654e-07

  Total energy:                                           -153.6166679436 a.u.
  Excitation energy:                                               9.449308 eV

  Osc. strength:                                                      0.045551
  Trans. dip. moment [a.u.]:           [   0.000000,   -0.443575,   -0.000000]
  <i|r^2|0> [a.u.]:                    [   0.000000,    0.000000,    0.000000]

  Dip. moment [a.u.]:                  [   0.000000,   -0.000000,    1.861851]
  Total dipole [Debye]:                                               4.732353
  <r^2> [a.u.]:                        [  61.053694,   21.962665,  216.899101]
  Total <r^2> [a.u.]:                                               299.915461

  V1^2 = 0.9558, V2^2 = 0.0442

  Important amplitudes:
      occ i      occ j       vir a       vir b          v   
    ---------------------------------------------------------
     1 (B2) A              10 (A1) A                 -0.6031
     3 (B1) A               1 (A2) A                  0.2004
    ---------------------------------------------------------

  Density matrix analysis:
  ------------------------
  NOs
    Occupation of frontier NOs:
       0.8912   1.0775
    Number of electrons: 26.000000
    Number of unpaired electrons: n_u =  2.64211, n_u,nl =  2.12038
    NO participation ratio (PR_NO):  4.136283
  
  
  Mulliken Population Analysis
  Atom      Charge (e)              h+              e-           Del q
  --------------------------------------------------------------------
   1 C        0.057846        0.480871       -0.279504        0.201367
   2 C        0.057846        0.480871       -0.279504        0.201367
   3 H        0.172936        0.054361       -0.044891        0.009470
   4 H        0.172936        0.054361       -0.044891        0.009470
   5 H       -0.254687        0.048293       -0.284778       -0.236485
   6 H       -0.254687        0.048293       -0.284778       -0.236485
   7 O       -1.083966        0.061213       -0.092056       -0.030843
   8 H        0.131777        0.009770        0.072369        0.082139
  --------------------------------------------------------------------
  Sum:       -1.000000        1.238033       -1.238033       -0.000000
  
  Multipole moment analysis of the density matrix
    Molecular charge:                      -1.000000
    Number of electrons:                   26.000000
      Center of electronic charge [Ang]: [ -0.000000,   0.000000,  -0.037894]
    Total nuclear charge:                  25.000000
      Center of nuclear charge [Ang]:    [  0.000000,   0.000000,  -0.000000]
    Dipole moment [D]:                     4.732352
      Cartesian components [D]:          [  0.000000,  -0.000000,   4.732352]
    RMS size of the density [Ang]:         1.796873
      Cartesian components [Ang]:        [  0.810906,   0.486359,   1.527952]
  
  Exciton analysis of the difference density matrix
    <r_h> [Ang]:                  [ -0.000000,  -0.000000,   0.872258]
    <r_e> [Ang]:                  [ -0.000000,   0.000000,   1.002102]
    |<r_e - r_h>| [Ang]:            0.129844
    Hole size [Ang]:                1.619956
      Cartesian components [Ang]: [  0.956416,   0.813960,   1.023227]
    Electron size [Ang]:            2.395971
      Cartesian components [Ang]: [  1.399710,   1.077427,   1.618839]

  Transition density matrix analysis:
  -----------------------------------
  
  CT numbers (Mulliken)
    omega =     0.9232
    <Phe> =    -0.0134
  
  Exciton analysis of the transition density matrix
    Trans. dipole moment [D]:             0.563728
      Cartesian components [D]:         [  0.000000,  -0.563728,  -0.000000]
    <r_h> [Ang]:                        [  0.000000,  -0.000000,   0.948741]
    <r_e> [Ang]:                        [ -0.000000,   0.000000,   1.119648]
    |<r_e - r_h>| [Ang]:                  0.170908
    Hole size [Ang]:                      1.311843
      Cartesian components [Ang]:       [  0.781361,   0.809204,   0.674978]
    Electron size [Ang]:                  2.545814
      Cartesian components [Ang]:       [  1.497410,   1.167349,   1.695945]
    RMS electron-hole separation [Ang]:   2.849115
      Cartesian components [Ang]:       [  1.676534,   1.418121,   1.815384]
    Covariance(r_h, r_e) [Ang^2]:         0.056927
    Correlation coefficient:              0.017046
    Center-of-mass size [Ang]:            1.441870
      Cartesian components [Ang]:       [  0.850699,   0.711330,   0.921580]

  Decomposition into state-averaged NTOs
    H- 1 -> L+ 0: -0.4098 ( 33.6%)
    H- 1 -> L+ 1: -0.3993 ( 31.9%)
    H- 1 -> L+ 2:  0.2958 ( 17.5%)
    H- 2 -> L+ 3:  0.1957 (  7.7%)
                   omega =  92.3%
  ----------------------------------------------------------------------------


  Excited state 9 (singlet, B2)                                    [converged]
  ----------------------------------------------------------------------------
  Term symbol:  9 (1) B2                                    R^2 =  1.46024e-06

  Total energy:                                           -153.6049881230 a.u.
  Excitation energy:                                               9.767132 eV

  Osc. strength:                                                      0.051828
  Trans. dip. moment [a.u.]:           [   0.000000,    0.465392,   -0.000000]
  <i|r^2|0> [a.u.]:                    [  -0.000000,   -0.000000,   -0.000000]

  Dip. moment [a.u.]:                  [  -0.000000,   -0.000000,    2.717510]
  Total dipole [Debye]:                                               6.907223
  <r^2> [a.u.]:                        [  60.088573,   21.447448,  219.137572]
  Total <r^2> [a.u.]:                                               300.673593

  V1^2 = 0.9088, V2^2 = 0.0912

  Important amplitudes:
      occ i      occ j       vir a       vir b          v   
    ---------------------------------------------------------
     2 (B2) A              12 (A1) A                 -0.5447
     2 (B2) A              13 (A1) A                  0.3564
    ---------------------------------------------------------

  Density matrix analysis:
  ------------------------
  NOs
    Occupation of frontier NOs:
       0.9742   0.9851
    Number of electrons: 26.000000
    Number of unpaired electrons: n_u =  2.70705, n_u,nl =  2.09959
    NO participation ratio (PR_NO):  3.765392
  
  
  Mulliken Population Analysis
  Atom      Charge (e)              h+              e-           Del q
  --------------------------------------------------------------------
   1 C       -0.109428        0.017410        0.016683        0.034093
   2 C       -0.109428        0.017410        0.016683        0.034093
   3 H        0.021025        0.003007       -0.145448       -0.142441
   4 H        0.021025        0.003007       -0.145448       -0.142441
   5 H       -0.015591        0.005600       -0.002989        0.002612
   6 H       -0.015591        0.005600       -0.002989        0.002612
   7 O       -0.092352        1.365517       -0.404746        0.960771
   8 H       -0.699660        0.011931       -0.761228       -0.749298
  --------------------------------------------------------------------
  Sum:       -1.000000        1.429482       -1.429482       -0.000000
  
  Multipole moment analysis of the density matrix
    Molecular charge:                      -1.000000
    Number of electrons:                   26.000000
      Center of electronic charge [Ang]: [  0.000000,   0.000000,  -0.055309]
    Total nuclear charge:                  25.000000
      Center of nuclear charge [Ang]:    [  0.000000,   0.000000,  -0.000000]
    Dipole moment [D]:                     6.907221
      Cartesian components [D]:          [ -0.000000,  -0.000000,   6.907221]
    RMS size of the density [Ang]:         1.798692
      Cartesian components [Ang]:        [  0.804471,   0.480620,   1.535293]
  
  Exciton analysis of the difference density matrix
    <r_h> [Ang]:                  [ -0.000000,  -0.000000,  -1.692854]
    <r_e> [Ang]:                  [  0.000000,   0.000000,  -1.897154]
    |<r_e - r_h>| [Ang]:            0.204301
    Hole size [Ang]:                1.470776
      Cartesian components [Ang]: [  0.743495,   0.862090,   0.931235]
    Electron size [Ang]:            2.118508
      Cartesian components [Ang]: [  1.126186,   1.036267,   1.464900]

  Transition density matrix analysis:
  -----------------------------------
  
  CT numbers (Mulliken)
    omega =     0.8878
    <Phe> =    -0.0084
  
  Exciton analysis of the transition density matrix
    Trans. dipole moment [D]:             0.591454
      Cartesian components [D]:         [  0.000000,   0.591454,  -0.000000]
    <r_h> [Ang]:                        [  0.000000,  -0.000000,  -1.731932]
    <r_e> [Ang]:                        [  0.000000,   0.000000,  -2.098855]
    |<r_e - r_h>| [Ang]:                  0.366924
    Hole size [Ang]:                      1.089748
      Cartesian components [Ang]:       [  0.473147,   0.814502,   0.547967]
    Electron size [Ang]:                  2.322659
      Cartesian components [Ang]:       [  1.226237,   1.141499,   1.608747]
    RMS electron-hole separation [Ang]:   2.566592
      Cartesian components [Ang]:       [  1.313986,   1.395823,   1.706609]
    Covariance(r_h, r_e) [Ang^2]:         0.064765
    Correlation coefficient:              0.025588
    Center-of-mass size [Ang]:            1.295359
      Cartesian components [Ang]:       [  0.657360,   0.704369,   0.865851]

  Decomposition into state-averaged NTOs
    H- 0 -> L+ 4: -0.4846 ( 47.0%)
    H- 0 -> L+ 5: -0.4454 ( 39.7%)
                   omega =  88.8%
  ----------------------------------------------------------------------------


  Excited state 10 (singlet, B2)                                    [converged]
  ----------------------------------------------------------------------------
  Term symbol:  10 (1) B2                                   R^2 =  6.03858e-07

  Total energy:                                           -153.5827787181 a.u.
  Excitation energy:                                              10.371480 eV

  Osc. strength:                                                      0.020509
  Trans. dip. moment [a.u.]:           [   0.000000,    0.284099,    0.000000]
  <i|r^2|0> [a.u.]:                    [  -0.000000,   -0.000000,   -0.000000]

  Dip. moment [a.u.]:                  [  -0.000000,   -0.000000,    7.277006]
  Total dipole [Debye]:                                              18.496308
  <r^2> [a.u.]:                        [  59.357404,   23.891932,  229.381437]
  Total <r^2> [a.u.]:                                               312.630772

  V1^2 = 0.9428, V2^2 = 0.0572

  Important amplitudes:
      occ i      occ j       vir a       vir b          v   
    ---------------------------------------------------------
     1 (B2) A               9 (A1) A                 -0.6056
     1 (B2) A              10 (A1) A                  0.2197
    ---------------------------------------------------------

  Density matrix analysis:
  ------------------------
  NOs
    Occupation of frontier NOs:
       0.9610   1.0136
    Number of electrons: 26.000000
    Number of unpaired electrons: n_u =  2.63387, n_u,nl =  2.07904
    NO participation ratio (PR_NO):  3.617088
  
  
  Mulliken Population Analysis
  Atom      Charge (e)              h+              e-           Del q
  --------------------------------------------------------------------
   1 C        0.115648        0.504918       -0.245750        0.259169
   2 C        0.115648        0.504918       -0.245750        0.259169
   3 H        0.170798        0.088440       -0.081107        0.007333
   4 H        0.170798        0.088440       -0.081107        0.007333
   5 H        0.048509        0.086127       -0.019415        0.066712
   6 H        0.048509        0.086127       -0.019415        0.066712
   7 O       -2.475620        0.111308       -1.533805       -1.422497
   8 H        0.805709        0.051622        0.704450        0.756071
  --------------------------------------------------------------------
  Sum:       -1.000000        1.521900       -1.521900       -0.000000
  
  Multipole moment analysis of the density matrix
    Molecular charge:                      -1.000000
    Number of electrons:                   26.000000
      Center of electronic charge [Ang]: [  0.000000,   0.000000,  -0.148109]
    Total nuclear charge:                  25.000000
      Center of nuclear charge [Ang]:    [  0.000000,   0.000000,  -0.000000]
    Dipole moment [D]:                     18.496302
      Cartesian components [D]:          [ -0.000000,  -0.000000,  18.496302]
    RMS size of the density [Ang]:         1.828989
      Cartesian components [Ang]:        [  0.799562,   0.507271,   1.564793]
  
  Exciton analysis of the difference density matrix
    <r_h> [Ang]:                  [ -0.000000,  -0.000000,   0.691967]
    <r_e> [Ang]:                  [  0.000000,   0.000000,  -1.085302]
    |<r_e - r_h>| [Ang]:            1.777269
    Hole size [Ang]:                1.762078
      Cartesian components [Ang]: [  0.979918,   0.790013,   1.233109]
    Electron size [Ang]:            2.734700
      Cartesian components [Ang]: [  1.223832,   1.176638,   2.143909]

  Transition density matrix analysis:
  -----------------------------------
  
  CT numbers (Mulliken)
    omega =     0.9113
    <Phe> =    -0.0042
  
  Exciton analysis of the transition density matrix
    Trans. dipole moment [D]:             0.361054
      Cartesian components [D]:         [  0.000000,   0.361054,   0.000000]
    <r_h> [Ang]:                        [  0.000000,  -0.000000,   0.953733]
    <r_e> [Ang]:                        [  0.000000,  -0.000000,  -1.916328]
    |<r_e - r_h>| [Ang]:                  2.870061
    Hole size [Ang]:                      1.307525
      Cartesian components [Ang]:       [  0.740751,   0.834315,   0.681784]
    Electron size [Ang]:                  2.837263
      Cartesian components [Ang]:       [  1.361415,   1.403107,   2.056185]
    RMS electron-hole separation [Ang]:   4.252747
      Cartesian components [Ang]:       [  1.545142,   1.631186,   3.610766]
    Covariance(r_h, r_e) [Ang^2]:        -0.044465
    Correlation coefficient:             -0.011986
    Center-of-mass size [Ang]:            1.554892
      Cartesian components [Ang]:       [  0.777313,   0.816825,   1.070639]

  Decomposition into state-averaged NTOs
    H- 1 -> L+ 2: -0.5627 ( 63.3%)
    H- 1 -> L+ 1: -0.3462 ( 24.0%)
    H- 0 -> L+ 6: -0.1066 (  2.3%)
                   omega =  91.1%
  ----------------------------------------------------------------------------


--------------------------------------------------------------------------------
  Time of ADC calculation:  CPU 184.70 s  wall 49.39 s
================================================================================
 
 --------------------------------------------------------------
             Orbital Energies (a.u.) and Symmetries
 --------------------------------------------------------------
 
 Alpha MOs, Restricted
 -- Occupied --                  
-20.211 -11.041 -11.039  -0.928  -0.847  -0.592  -0.467  -0.377
  1 A1    2 A1    1 B1    3 A1    4 A1    2 B1    5 A1    6 A1                 
 -0.322  -0.269  -0.190  -0.127  -0.126
  3 B1    7 A1    1 B2    4 B1    2 B2                                         
 -- Virtual --                   
  0.256   0.260   0.337   0.351   0.397   0.433   0.436   0.479
  5 B1    8 A1    9 A1    1 A2   10 A1    6 B1    3 B2    7 B1                 
  0.518   0.565   0.576   0.610   0.669   0.767   0.883   0.940
 11 A1   12 A1    8 B1   13 A1    9 B1   14 A1    4 B2   15 A1                 
  0.987   1.021   1.066   1.080   1.125   1.192   1.203   1.204
  2 A2   16 A1   10 B1   17 A1   11 B1   12 B1   18 A1    5 B2                 
  1.233   1.292   1.327   1.329   1.374   1.442   1.473   1.488
 19 A1    3 A2   13 B1   20 A1    6 B2   14 B1    7 B2    4 A2                 
  1.555   1.645   1.682   1.708   1.846   1.925   1.952   2.020
 15 B1   21 A1   16 B1    8 B2   22 A1   17 B1   23 A1    5 A2                 
  2.087   2.117   2.123   2.154   2.216   2.272   2.359   2.395
 24 A1   18 B1    9 B2   25 A1   10 B2   26 A1    6 A2   11 B2                 
  2.421   2.476   2.549   2.610   2.694   2.739   2.846   3.010
 19 B1   20 B1   27 A1    7 A2   21 B1   28 A1   22 B1   29 A1                 
  3.026   3.081   3.443   3.567   3.923   3.946   3.972   4.086
 30 A1   31 A1   23 B1   24 B1   12 B2    8 A2   32 A1   25 B1                 
  4.530
 33 A1                                                                         
 
 Beta MOs, Restricted
 -- Occupied --                  
-20.211 -11.041 -11.039  -0.928  -0.847  -0.592  -0.467  -0.377
  1 A1    2 A1    1 B1    3 A1    4 A1    2 B1    5 A1    6 A1                 
 -0.322  -0.269  -0.190  -0.127  -0.126
  3 B1    7 A1    1 B2    4 B1    2 B2                                         
 -- Virtual --                   
  0.256   0.260   0.337   0.351   0.397   0.433   0.436   0.479
  5 B1    8 A1    9 A1    1 A2   10 A1    6 B1    3 B2    7 B1                 
  0.518   0.565   0.576   0.610   0.669   0.767   0.883   0.940
 11 A1   12 A1    8 B1   13 A1    9 B1   14 A1    4 B2   15 A1                 
  0.987   1.021   1.066   1.080   1.125   1.192   1.203   1.204
  2 A2   16 A1   10 B1   17 A1   11 B1   12 B1   18 A1    5 B2                 
  1.233   1.292   1.327   1.329   1.374   1.442   1.473   1.488
 19 A1    3 A2   13 B1   20 A1    6 B2   14 B1    7 B2    4 A2                 
  1.555   1.645   1.682   1.708   1.846   1.925   1.952   2.020
 15 B1   21 A1   16 B1    8 B2   22 A1   17 B1   23 A1    5 A2                 
  2.087   2.117   2.123   2.154   2.216   2.272   2.359   2.395
 24 A1   18 B1    9 B2   25 A1   10 B2   26 A1    6 A2   11 B2                 
  2.421   2.476   2.549   2.610   2.694   2.739   2.846   3.010
 19 B1   20 B1   27 A1    7 A2   21 B1   28 A1   22 B1   29 A1                 
  3.026   3.081   3.443   3.567   3.923   3.946   3.972   4.086
 30 A1   31 A1   23 B1   24 B1   12 B2    8 A2   32 A1   25 B1                 
  4.530
 33 A1                                                                         
 --------------------------------------------------------------
 
          Ground-State Mulliken Net Atomic Charges

     Atom                 Charge (a.u.)
  ----------------------------------------
      1 C                    -0.136440
      2 C                    -0.136440
      3 H                     0.155807
      4 H                     0.155807
      5 H                    -0.022647
      6 H                    -0.022647
      7 O                    -1.059165
      8 H                     0.065725
  ----------------------------------------
  Sum of atomic charges =    -1.000000

 -----------------------------------------------------------------
                    Cartesian Multipole Moments
 -----------------------------------------------------------------
    Charge (ESU x 10^10)
                -4.8032
    Dipole Moment (Debye)
         X      -0.0000      Y       0.0000      Z       5.3419
       Tot       5.3419
    Quadrupole Moments (Debye-Ang)
        XX     -23.4279     XY       0.0000     YY     -25.6870
        XZ      -0.0000     YZ      -0.0000     ZZ     -32.4584
    Octopole Moments (Debye-Ang^2)
       XXX      -0.0000    XXY       0.0000    XYY       0.0000
       YYY       0.0000    XXZ       1.3433    XYZ      -0.0000
       YYZ       0.9877    XZZ      -0.0000    YZZ       0.0000
       ZZZ       6.8890
    Hexadecapole Moments (Debye-Ang^3)
      XXXX     -85.6082   XXXY       0.0000   XXYY     -20.1371
      XYYY       0.0000   YYYY     -33.5665   XXXZ       0.0000
      XXYZ      -0.0000   XYYZ       0.0000   YYYZ      -0.0000
      XXZZ     -69.3781   XYZZ       0.0000   YYZZ     -62.5522
      XZZZ       0.0000   YZZZ      -0.0000   ZZZZ    -286.8531
 -----------------------------------------------------------------
 Total job time:  159.01s(wall), 232.65s(cpu) 
 Tue Mar 22 18:01:22 2022

        *************************************************************
        *                                                           *
        *  Thank you very much for using Q-Chem.  Have a nice day.  *
        *                                                           *
        *************************************************************


